Start testing: Aug 15 02:54 PDT
----------------------------------------------------------
1/6 Testing: franka_description_urdf_tests
1/6 Test: franka_description_urdf_tests
Command: "/usr/bin/python3" "-u" "/opt/ros/humble/share/ament_cmake_test/cmake/run_test.py" "/home/zac/franka_ws/build/franka_description/test_results/franka_description/franka_description_urdf_tests.xunit.xml" "--package-name" "franka_description" "--output-file" "/home/zac/franka_ws/build/franka_description/ament_cmake_pytest/franka_description_urdf_tests.txt" "--command" "/usr/bin/python3" "-u" "-m" "pytest" "/home/zac/franka_ws/src/franka_description/test/urdf_tests.py" "-o" "cache_dir=/home/zac/franka_ws/build/franka_description/ament_cmake_pytest/franka_description_urdf_tests/.cache" "--junit-xml=/home/zac/franka_ws/build/franka_description/test_results/franka_description/franka_description_urdf_tests.xunit.xml" "--junit-prefix=franka_description"
Directory: /home/zac/franka_ws/build/franka_description
"franka_description_urdf_tests" start time: Aug 15 02:54 PDT
Output:
----------------------------------------------------------
-- run_test.py: invoking following command in '/home/zac/franka_ws/build/franka_description':
 - /usr/bin/python3 -u -m pytest /home/zac/franka_ws/src/franka_description/test/urdf_tests.py -o cache_dir=/home/zac/franka_ws/build/franka_description/ament_cmake_pytest/franka_description_urdf_tests/.cache --junit-xml=/home/zac/franka_ws/build/franka_description/test_results/franka_description/franka_description_urdf_tests.xunit.xml --junit-prefix=franka_description
============================= test session starts ==============================
platform linux -- Python 3.10.12, pytest-6.2.5, py-1.10.0, pluggy-0.13.0
cachedir: build/franka_description/ament_cmake_pytest/franka_description_urdf_tests/.cache
rootdir: /home/zac/franka_ws
plugins: launch-testing-ros-0.19.7, ament-flake8-0.12.11, ament-pep257-0.12.11, ament-lint-0.12.11, launch-testing-1.0.6, ament-copyright-0.12.11, ament-xmllint-0.12.11, cov-3.0.0, colcon-core-0.17.0
collected 5 items

../../src/franka_description/test/urdf_tests.py FFFFF                    [100%]

=================================== FAILURES ===================================
__________________________________ test_load ___________________________________

    def test_load():
        """Test of hand parameter equal to none."""
>       urdf = xacro.process_file(
            xacro_file_name,
            mappings={
                "arm_id": "fer",
                "ee_id": "none",
            },
        ).toxml()

../../src/franka_description/test/urdf_tests.py:32: 
_ _ _ _ _ _ _ _ _ _ _ _ _ _ _ _ _ _ _ _ _ _ _ _ _ _ _ _ _ _ _ _ _ _ _ _ _ _ _ _ 
/opt/ros/humble/local/lib/python3.10/dist-packages/xacro/__init__.py:1096: in process_file
    doc = parse(None, input_file_name)
/opt/ros/humble/local/lib/python3.10/dist-packages/xacro/__init__.py:1022: in parse
    return xml.dom.minidom.parse(inp)
/usr/lib/python3.10/xml/dom/minidom.py:1990: in parse
    return expatbuilder.parse(file)
/usr/lib/python3.10/xml/dom/expatbuilder.py:913: in parse
    result = builder.parseFile(file)
_ _ _ _ _ _ _ _ _ _ _ _ _ _ _ _ _ _ _ _ _ _ _ _ _ _ _ _ _ _ _ _ _ _ _ _ _ _ _ _ 

self = <xml.dom.expatbuilder.ExpatBuilderNS object at 0x7fe15360ccd0>
file = <_io.TextIOWrapper name='/home/zac/franka_ws/install/franka_description/share/franka_description/robots/fer/fer.urdf.xacro' mode='r' encoding='UTF-8'>

    def parseFile(self, file):
        """Parse a document from a file object, returning the document
        node."""
        parser = self.getParser()
        first_buffer = True
        try:
            while 1:
                buffer = file.read(16*1024)
                if not buffer:
                    break
>               parser.Parse(buffer, False)
E               xml.parsers.expat.ExpatError: mismatched tag: line 52, column 2

/usr/lib/python3.10/xml/dom/expatbuilder.py:207: ExpatError
____________________________ test_load_with_gripper ____________________________

    def test_load_with_gripper():
        """Test of hand parameter equal to a value."""
>       urdf = xacro.process_file(
            xacro_file_name, mappings={"arm_id": "fer", "ee_id": "franka_hand"}
        ).toxml()

../../src/franka_description/test/urdf_tests.py:44: 
_ _ _ _ _ _ _ _ _ _ _ _ _ _ _ _ _ _ _ _ _ _ _ _ _ _ _ _ _ _ _ _ _ _ _ _ _ _ _ _ 
/opt/ros/humble/local/lib/python3.10/dist-packages/xacro/__init__.py:1096: in process_file
    doc = parse(None, input_file_name)
/opt/ros/humble/local/lib/python3.10/dist-packages/xacro/__init__.py:1022: in parse
    return xml.dom.minidom.parse(inp)
/usr/lib/python3.10/xml/dom/minidom.py:1990: in parse
    return expatbuilder.parse(file)
/usr/lib/python3.10/xml/dom/expatbuilder.py:913: in parse
    result = builder.parseFile(file)
_ _ _ _ _ _ _ _ _ _ _ _ _ _ _ _ _ _ _ _ _ _ _ _ _ _ _ _ _ _ _ _ _ _ _ _ _ _ _ _ 

self = <xml.dom.expatbuilder.ExpatBuilderNS object at 0x7fe1532ff7c0>
file = <_io.TextIOWrapper name='/home/zac/franka_ws/install/franka_description/share/franka_description/robots/fer/fer.urdf.xacro' mode='r' encoding='UTF-8'>

    def parseFile(self, file):
        """Parse a document from a file object, returning the document
        node."""
        parser = self.getParser()
        first_buffer = True
        try:
            while 1:
                buffer = file.read(16*1024)
                if not buffer:
                    break
>               parser.Parse(buffer, False)
E               xml.parsers.expat.ExpatError: mismatched tag: line 52, column 2

/usr/lib/python3.10/xml/dom/expatbuilder.py:207: ExpatError
____________________________ test_check_interfaces _____________________________

    def test_check_interfaces():
        """Test of the parameters for ros2_control hardware interface."""
>       urdf = xacro.process_file(
            xacro_file_name, mappings={"ros2_control": "true"}
        ).toxml()

../../src/franka_description/test/urdf_tests.py:52: 
_ _ _ _ _ _ _ _ _ _ _ _ _ _ _ _ _ _ _ _ _ _ _ _ _ _ _ _ _ _ _ _ _ _ _ _ _ _ _ _ 
/opt/ros/humble/local/lib/python3.10/dist-packages/xacro/__init__.py:1096: in process_file
    doc = parse(None, input_file_name)
/opt/ros/humble/local/lib/python3.10/dist-packages/xacro/__init__.py:1022: in parse
    return xml.dom.minidom.parse(inp)
/usr/lib/python3.10/xml/dom/minidom.py:1990: in parse
    return expatbuilder.parse(file)
/usr/lib/python3.10/xml/dom/expatbuilder.py:913: in parse
    result = builder.parseFile(file)
_ _ _ _ _ _ _ _ _ _ _ _ _ _ _ _ _ _ _ _ _ _ _ _ _ _ _ _ _ _ _ _ _ _ _ _ _ _ _ _ 

self = <xml.dom.expatbuilder.ExpatBuilderNS object at 0x7fe153263b50>
file = <_io.TextIOWrapper name='/home/zac/franka_ws/install/franka_description/share/franka_description/robots/fer/fer.urdf.xacro' mode='r' encoding='UTF-8'>

    def parseFile(self, file):
        """Parse a document from a file object, returning the document
        node."""
        parser = self.getParser()
        first_buffer = True
        try:
            while 1:
                buffer = file.read(16*1024)
                if not buffer:
                    break
>               parser.Parse(buffer, False)
E               xml.parsers.expat.ExpatError: mismatched tag: line 52, column 2

/usr/lib/python3.10/xml/dom/expatbuilder.py:207: ExpatError
_________________________ test_load_with_fake_hardware _________________________

    def test_load_with_fake_hardware():
        """Test of use_fake_hardware parameter for ros2_control hardware interface."""
>       urdf = xacro.process_file(
            xacro_file_name, mappings={"ros2_control": "true", "use_fake_hardware": "true"}
        ).toxml()

../../src/franka_description/test/urdf_tests.py:64: 
_ _ _ _ _ _ _ _ _ _ _ _ _ _ _ _ _ _ _ _ _ _ _ _ _ _ _ _ _ _ _ _ _ _ _ _ _ _ _ _ 
/opt/ros/humble/local/lib/python3.10/dist-packages/xacro/__init__.py:1096: in process_file
    doc = parse(None, input_file_name)
/opt/ros/humble/local/lib/python3.10/dist-packages/xacro/__init__.py:1022: in parse
    return xml.dom.minidom.parse(inp)
/usr/lib/python3.10/xml/dom/minidom.py:1990: in parse
    return expatbuilder.parse(file)
/usr/lib/python3.10/xml/dom/expatbuilder.py:913: in parse
    result = builder.parseFile(file)
_ _ _ _ _ _ _ _ _ _ _ _ _ _ _ _ _ _ _ _ _ _ _ _ _ _ _ _ _ _ _ _ _ _ _ _ _ _ _ _ 

self = <xml.dom.expatbuilder.ExpatBuilderNS object at 0x7fe1532ffb50>
file = <_io.TextIOWrapper name='/home/zac/franka_ws/install/franka_description/share/franka_description/robots/fer/fer.urdf.xacro' mode='r' encoding='UTF-8'>

    def parseFile(self, file):
        """Parse a document from a file object, returning the document
        node."""
        parser = self.getParser()
        first_buffer = True
        try:
            while 1:
                buffer = file.read(16*1024)
                if not buffer:
                    break
>               parser.Parse(buffer, False)
E               xml.parsers.expat.ExpatError: mismatched tag: line 52, column 2

/usr/lib/python3.10/xml/dom/expatbuilder.py:207: ExpatError
___________________________ test_load_with_robot_ip ____________________________

    def test_load_with_robot_ip():
        """Test of robot_ip parameter for ros2_control hardware interface."""
>       urdf = xacro.process_file(
            xacro_file_name,
            mappings={"ros2_control": "true", "robot_ip": "franka_ip_address"},
        ).toxml()

../../src/franka_description/test/urdf_tests.py:72: 
_ _ _ _ _ _ _ _ _ _ _ _ _ _ _ _ _ _ _ _ _ _ _ _ _ _ _ _ _ _ _ _ _ _ _ _ _ _ _ _ 
/opt/ros/humble/local/lib/python3.10/dist-packages/xacro/__init__.py:1096: in process_file
    doc = parse(None, input_file_name)
/opt/ros/humble/local/lib/python3.10/dist-packages/xacro/__init__.py:1022: in parse
    return xml.dom.minidom.parse(inp)
/usr/lib/python3.10/xml/dom/minidom.py:1990: in parse
    return expatbuilder.parse(file)
/usr/lib/python3.10/xml/dom/expatbuilder.py:913: in parse
    result = builder.parseFile(file)
_ _ _ _ _ _ _ _ _ _ _ _ _ _ _ _ _ _ _ _ _ _ _ _ _ _ _ _ _ _ _ _ _ _ _ _ _ _ _ _ 

self = <xml.dom.expatbuilder.ExpatBuilderNS object at 0x7fe1532636a0>
file = <_io.TextIOWrapper name='/home/zac/franka_ws/install/franka_description/share/franka_description/robots/fer/fer.urdf.xacro' mode='r' encoding='UTF-8'>

    def parseFile(self, file):
        """Parse a document from a file object, returning the document
        node."""
        parser = self.getParser()
        first_buffer = True
        try:
            while 1:
                buffer = file.read(16*1024)
                if not buffer:
                    break
>               parser.Parse(buffer, False)
E               xml.parsers.expat.ExpatError: mismatched tag: line 52, column 2

/usr/lib/python3.10/xml/dom/expatbuilder.py:207: ExpatError
=============================== warnings summary ===============================
../../../../../opt/ros/humble/local/lib/python3.10/dist-packages/xacro/__init__.py:558
  Warning: invalid escape sequence '\$'

../../../../../opt/ros/humble/local/lib/python3.10/dist-packages/xacro/__init__.py:559
  Warning: invalid escape sequence '\s'

-- Docs: https://docs.pytest.org/en/stable/warnings.html
- generated xml file: /home/zac/franka_ws/build/franka_description/test_results/franka_description/franka_description_urdf_tests.xunit.xml -
=========================== short test summary info ============================
FAILED ../../src/franka_description/test/urdf_tests.py::test_load - xml.parse...
FAILED ../../src/franka_description/test/urdf_tests.py::test_load_with_gripper
FAILED ../../src/franka_description/test/urdf_tests.py::test_check_interfaces
FAILED ../../src/franka_description/test/urdf_tests.py::test_load_with_fake_hardware
FAILED ../../src/franka_description/test/urdf_tests.py::test_load_with_robot_ip
======================== 5 failed, 2 warnings in 0.77s =========================
-- run_test.py: return code 1
-- run_test.py: verify result file '/home/zac/franka_ws/build/franka_description/test_results/franka_description/franka_description_urdf_tests.xunit.xml'
<end of output>
Test time =   1.34 sec
----------------------------------------------------------
Test Failed.
"franka_description_urdf_tests" end time: Aug 15 02:54 PDT
"franka_description_urdf_tests" time elapsed: 00:00:01
----------------------------------------------------------

2/6 Testing: copyright
2/6 Test: copyright
Command: "/usr/bin/python3" "-u" "/opt/ros/humble/share/ament_cmake_test/cmake/run_test.py" "/home/zac/franka_ws/build/franka_description/test_results/franka_description/copyright.xunit.xml" "--package-name" "franka_description" "--output-file" "/home/zac/franka_ws/build/franka_description/ament_copyright/copyright.txt" "--command" "/opt/ros/humble/bin/ament_copyright" "--xunit-file" "/home/zac/franka_ws/build/franka_description/test_results/franka_description/copyright.xunit.xml"
Directory: /home/zac/franka_ws/src/franka_description
"copyright" start time: Aug 15 02:54 PDT
Output:
----------------------------------------------------------
-- run_test.py: invoking following command in '/home/zac/franka_ws/src/franka_description':
 - /opt/ros/humble/bin/ament_copyright --xunit-file /home/zac/franka_ws/build/franka_description/test_results/franka_description/copyright.xunit.xml
No problems found, checked 5 files
-- run_test.py: return code 0
-- run_test.py: verify result file '/home/zac/franka_ws/build/franka_description/test_results/franka_description/copyright.xunit.xml'
<end of output>
Test time =   0.54 sec
----------------------------------------------------------
Test Passed.
"copyright" end time: Aug 15 02:54 PDT
"copyright" time elapsed: 00:00:00
----------------------------------------------------------

3/6 Testing: flake8
3/6 Test: flake8
Command: "/usr/bin/python3" "-u" "/opt/ros/humble/share/ament_cmake_test/cmake/run_test.py" "/home/zac/franka_ws/build/franka_description/test_results/franka_description/flake8.xunit.xml" "--package-name" "franka_description" "--output-file" "/home/zac/franka_ws/build/franka_description/ament_flake8/flake8.txt" "--command" "/opt/ros/humble/bin/ament_flake8" "--xunit-file" "/home/zac/franka_ws/build/franka_description/test_results/franka_description/flake8.xunit.xml"
Directory: /home/zac/franka_ws/src/franka_description
"flake8" start time: Aug 15 02:54 PDT
Output:
----------------------------------------------------------
-- run_test.py: invoking following command in '/home/zac/franka_ws/src/franka_description':
 - /opt/ros/humble/bin/ament_flake8 --xunit-file /home/zac/franka_ws/build/franka_description/test_results/franka_description/flake8.xunit.xml
                if HAND != False and EE != "none":
                        ^
1     E712 comparison to False should be 'if cond is not False:' or 'if cond:'

./scripts/create_urdf.py:155:25: E712 comparison to False should be 'if cond is not False:' or 'if cond:'


3 files checked
1 errors

'E'-type errors: 1

Checked files:

* ./launch/visualize_franka.launch.py
* ./test/urdf_tests.py
* ./scripts/create_urdf.py
-- run_test.py: return code 1
-- run_test.py: verify result file '/home/zac/franka_ws/build/franka_description/test_results/franka_description/flake8.xunit.xml'
<end of output>
Test time =   0.37 sec
----------------------------------------------------------
Test Failed.
"flake8" end time: Aug 15 02:54 PDT
"flake8" time elapsed: 00:00:00
----------------------------------------------------------

4/6 Testing: lint_cmake
4/6 Test: lint_cmake
Command: "/usr/bin/python3" "-u" "/opt/ros/humble/share/ament_cmake_test/cmake/run_test.py" "/home/zac/franka_ws/build/franka_description/test_results/franka_description/lint_cmake.xunit.xml" "--package-name" "franka_description" "--output-file" "/home/zac/franka_ws/build/franka_description/ament_lint_cmake/lint_cmake.txt" "--command" "/opt/ros/humble/bin/ament_lint_cmake" "--xunit-file" "/home/zac/franka_ws/build/franka_description/test_results/franka_description/lint_cmake.xunit.xml"
Directory: /home/zac/franka_ws/src/franka_description
"lint_cmake" start time: Aug 15 02:54 PDT
Output:
----------------------------------------------------------
-- run_test.py: invoking following command in '/home/zac/franka_ws/src/franka_description':
 - /opt/ros/humble/bin/ament_lint_cmake --xunit-file /home/zac/franka_ws/build/franka_description/test_results/franka_description/lint_cmake.xunit.xml

No problems found
-- run_test.py: return code 0
-- run_test.py: verify result file '/home/zac/franka_ws/build/franka_description/test_results/franka_description/lint_cmake.xunit.xml'
<end of output>
Test time =   0.20 sec
----------------------------------------------------------
Test Passed.
"lint_cmake" end time: Aug 15 02:54 PDT
"lint_cmake" time elapsed: 00:00:00
----------------------------------------------------------

5/6 Testing: pep257
5/6 Test: pep257
Command: "/usr/bin/python3" "-u" "/opt/ros/humble/share/ament_cmake_test/cmake/run_test.py" "/home/zac/franka_ws/build/franka_description/test_results/franka_description/pep257.xunit.xml" "--package-name" "franka_description" "--output-file" "/home/zac/franka_ws/build/franka_description/ament_pep257/pep257.txt" "--command" "/opt/ros/humble/bin/ament_pep257" "--xunit-file" "/home/zac/franka_ws/build/franka_description/test_results/franka_description/pep257.xunit.xml"
Directory: /home/zac/franka_ws/src/franka_description
"pep257" start time: Aug 15 02:54 PDT
Output:
----------------------------------------------------------
-- run_test.py: invoking following command in '/home/zac/franka_ws/src/franka_description':
 - /opt/ros/humble/bin/ament_pep257 --xunit-file /home/zac/franka_ws/build/franka_description/test_results/franka_description/pep257.xunit.xml
checking ./launch/visualize_franka.launch.py
checking ./scripts/create_urdf.py
checking ./test/urdf_tests.py
No problems found
-- run_test.py: return code 0
-- run_test.py: verify result file '/home/zac/franka_ws/build/franka_description/test_results/franka_description/pep257.xunit.xml'
<end of output>
Test time =   0.31 sec
----------------------------------------------------------
Test Passed.
"pep257" end time: Aug 15 02:54 PDT
"pep257" time elapsed: 00:00:00
----------------------------------------------------------

6/6 Testing: xmllint
6/6 Test: xmllint
Command: "/usr/bin/python3" "-u" "/opt/ros/humble/share/ament_cmake_test/cmake/run_test.py" "/home/zac/franka_ws/build/franka_description/test_results/franka_description/xmllint.xunit.xml" "--package-name" "franka_description" "--output-file" "/home/zac/franka_ws/build/franka_description/ament_xmllint/xmllint.txt" "--command" "/opt/ros/humble/bin/ament_xmllint" "--xunit-file" "/home/zac/franka_ws/build/franka_description/test_results/franka_description/xmllint.xunit.xml"
Directory: /home/zac/franka_ws/src/franka_description
"xmllint" start time: Aug 15 02:54 PDT
Output:
----------------------------------------------------------
-- run_test.py: invoking following command in '/home/zac/franka_ws/src/franka_description':
 - /opt/ros/humble/bin/ament_xmllint --xunit-file /home/zac/franka_ws/build/franka_description/test_results/franka_description/xmllint.xunit.xml
File 'package.xml' is valid

No problems found
-- run_test.py: return code 0
-- run_test.py: verify result file '/home/zac/franka_ws/build/franka_description/test_results/franka_description/xmllint.xunit.xml'
<end of output>
Test time =   0.35 sec
----------------------------------------------------------
Test Passed.
"xmllint" end time: Aug 15 02:54 PDT
"xmllint" time elapsed: 00:00:00
----------------------------------------------------------

End testing: Aug 15 02:54 PDT

copyright =   0.54 sec*proc

flake8 =   0.37 sec*proc

lint_cmake =   0.20 sec*proc

linter =   1.77 sec*proc

pep257 =   0.31 sec*proc

pytest =   1.34 sec*proc

xmllint =   0.35 sec*proc

