Start testing: Aug 15 02:54 PDT
----------------------------------------------------------
1/7 Testing: clang_format
1/7 Test: clang_format
Command: "/usr/bin/python3" "-u" "/opt/ros/humble/share/ament_cmake_test/cmake/run_test.py" "/home/zac/franka_ws/build/franka_gripper/test_results/franka_gripper/clang_format.xunit.xml" "--package-name" "franka_gripper" "--output-file" "/home/zac/franka_ws/build/franka_gripper/ament_clang_format/clang_format.txt" "--command" "/opt/ros/humble/bin/ament_clang_format" "--xunit-file" "/home/zac/franka_ws/build/franka_gripper/test_results/franka_gripper/clang_format.xunit.xml" "src" "include" "--config" "../.clang-format"
Directory: /home/zac/franka_ws/src/franka_ros2/franka_gripper
"clang_format" start time: Aug 15 02:54 PDT
Output:
----------------------------------------------------------
-- run_test.py: invoking following command in '/home/zac/franka_ws/src/franka_ros2/franka_gripper':
 - /opt/ros/humble/bin/ament_clang_format --xunit-file /home/zac/franka_ws/build/franka_gripper/test_results/franka_gripper/clang_format.xunit.xml src include --config ../.clang-format
No code style divergence in file 'src/gripper_action_server.cpp'

No code style divergence in file 'include/franka_gripper/gripper_action_server.hpp'

No problems found
-- run_test.py: return code 0
-- run_test.py: verify result file '/home/zac/franka_ws/build/franka_gripper/test_results/franka_gripper/clang_format.xunit.xml'
<end of output>
Test time =   0.27 sec
----------------------------------------------------------
Test Passed.
"clang_format" end time: Aug 15 02:54 PDT
"clang_format" time elapsed: 00:00:00
----------------------------------------------------------

2/7 Testing: copyright
2/7 Test: copyright
Command: "/usr/bin/python3" "-u" "/opt/ros/humble/share/ament_cmake_test/cmake/run_test.py" "/home/zac/franka_ws/build/franka_gripper/test_results/franka_gripper/copyright.xunit.xml" "--package-name" "franka_gripper" "--output-file" "/home/zac/franka_ws/build/franka_gripper/ament_copyright/copyright.txt" "--command" "/opt/ros/humble/bin/ament_copyright" "--xunit-file" "/home/zac/franka_ws/build/franka_gripper/test_results/franka_gripper/copyright.xunit.xml" "launch" "src" "include" "package.xml"
Directory: /home/zac/franka_ws/src/franka_ros2/franka_gripper
"copyright" start time: Aug 15 02:54 PDT
Output:
----------------------------------------------------------
-- run_test.py: invoking following command in '/home/zac/franka_ws/src/franka_ros2/franka_gripper':
 - /opt/ros/humble/bin/ament_copyright --xunit-file /home/zac/franka_ws/build/franka_gripper/test_results/franka_gripper/copyright.xunit.xml launch src include package.xml
No problems found, checked 3 files
-- run_test.py: return code 0
-- run_test.py: verify result file '/home/zac/franka_ws/build/franka_gripper/test_results/franka_gripper/copyright.xunit.xml'
<end of output>
Test time =   0.39 sec
----------------------------------------------------------
Test Passed.
"copyright" end time: Aug 15 02:54 PDT
"copyright" time elapsed: 00:00:00
----------------------------------------------------------

3/7 Testing: cppcheck
3/7 Test: cppcheck
Command: "/usr/bin/python3" "-u" "/opt/ros/humble/share/ament_cmake_test/cmake/run_test.py" "/home/zac/franka_ws/build/franka_gripper/test_results/franka_gripper/cppcheck.xunit.xml" "--package-name" "franka_gripper" "--output-file" "/home/zac/franka_ws/build/franka_gripper/ament_cppcheck/cppcheck.txt" "--command" "/opt/ros/humble/bin/ament_cppcheck" "--xunit-file" "/home/zac/franka_ws/build/franka_gripper/test_results/franka_gripper/cppcheck.xunit.xml" "src" "include"
Directory: /home/zac/franka_ws/src/franka_ros2/franka_gripper
"cppcheck" start time: Aug 15 02:54 PDT
Output:
----------------------------------------------------------
-- run_test.py: invoking following command in '/home/zac/franka_ws/src/franka_ros2/franka_gripper':
 - /opt/ros/humble/bin/ament_cppcheck --xunit-file /home/zac/franka_ws/build/franka_gripper/test_results/franka_gripper/cppcheck.xunit.xml src include
cppcheck 2.7 has known performance issues and therefore will not be used, set the AMENT_CPPCHECK_ALLOW_SLOW_VERSIONS environment variable to override this.
-- run_test.py: return code 0
-- run_test.py: verify result file '/home/zac/franka_ws/build/franka_gripper/test_results/franka_gripper/cppcheck.xunit.xml'
<end of output>
Test time =   0.21 sec
----------------------------------------------------------
Test Passed.
"cppcheck" end time: Aug 15 02:54 PDT
"cppcheck" time elapsed: 00:00:00
----------------------------------------------------------

4/7 Testing: lint_cmake
4/7 Test: lint_cmake
Command: "/usr/bin/python3" "-u" "/opt/ros/humble/share/ament_cmake_test/cmake/run_test.py" "/home/zac/franka_ws/build/franka_gripper/test_results/franka_gripper/lint_cmake.xunit.xml" "--package-name" "franka_gripper" "--output-file" "/home/zac/franka_ws/build/franka_gripper/ament_lint_cmake/lint_cmake.txt" "--command" "/opt/ros/humble/bin/ament_lint_cmake" "--xunit-file" "/home/zac/franka_ws/build/franka_gripper/test_results/franka_gripper/lint_cmake.xunit.xml" "CMakeLists.txt"
Directory: /home/zac/franka_ws/src/franka_ros2/franka_gripper
"lint_cmake" start time: Aug 15 02:54 PDT
Output:
----------------------------------------------------------
-- run_test.py: invoking following command in '/home/zac/franka_ws/src/franka_ros2/franka_gripper':
 - /opt/ros/humble/bin/ament_lint_cmake --xunit-file /home/zac/franka_ws/build/franka_gripper/test_results/franka_gripper/lint_cmake.xunit.xml CMakeLists.txt

No problems found
-- run_test.py: return code 0
-- run_test.py: verify result file '/home/zac/franka_ws/build/franka_gripper/test_results/franka_gripper/lint_cmake.xunit.xml'
<end of output>
Test time =   0.17 sec
----------------------------------------------------------
Test Passed.
"lint_cmake" end time: Aug 15 02:54 PDT
"lint_cmake" time elapsed: 00:00:00
----------------------------------------------------------

5/7 Testing: flake8
5/7 Test: flake8
Command: "/usr/bin/python3" "-u" "/opt/ros/humble/share/ament_cmake_test/cmake/run_test.py" "/home/zac/franka_ws/build/franka_gripper/test_results/franka_gripper/flake8.xunit.xml" "--package-name" "franka_gripper" "--output-file" "/home/zac/franka_ws/build/franka_gripper/ament_flake8/flake8.txt" "--command" "/opt/ros/humble/bin/ament_flake8" "--xunit-file" "/home/zac/franka_ws/build/franka_gripper/test_results/franka_gripper/flake8.xunit.xml"
Directory: /home/zac/franka_ws/src/franka_ros2/franka_gripper
"flake8" start time: Aug 15 02:54 PDT
Output:
----------------------------------------------------------
-- run_test.py: invoking following command in '/home/zac/franka_ws/src/franka_ros2/franka_gripper':
 - /opt/ros/humble/bin/ament_flake8 --xunit-file /home/zac/franka_ws/build/franka_gripper/test_results/franka_gripper/flake8.xunit.xml

3 files checked
No problems found

Checked files:

* ./launch/gripper.launch.py
* ./franka_gripper/__init__.py
* ./scripts/fake_gripper_state_publisher.py
-- run_test.py: return code 0
-- run_test.py: verify result file '/home/zac/franka_ws/build/franka_gripper/test_results/franka_gripper/flake8.xunit.xml'
<end of output>
Test time =   0.36 sec
----------------------------------------------------------
Test Passed.
"flake8" end time: Aug 15 02:54 PDT
"flake8" time elapsed: 00:00:00
----------------------------------------------------------

6/7 Testing: pep257
6/7 Test: pep257
Command: "/usr/bin/python3" "-u" "/opt/ros/humble/share/ament_cmake_test/cmake/run_test.py" "/home/zac/franka_ws/build/franka_gripper/test_results/franka_gripper/pep257.xunit.xml" "--package-name" "franka_gripper" "--output-file" "/home/zac/franka_ws/build/franka_gripper/ament_pep257/pep257.txt" "--command" "/opt/ros/humble/bin/ament_pep257" "--xunit-file" "/home/zac/franka_ws/build/franka_gripper/test_results/franka_gripper/pep257.xunit.xml"
Directory: /home/zac/franka_ws/src/franka_ros2/franka_gripper
"pep257" start time: Aug 15 02:54 PDT
Output:
----------------------------------------------------------
-- run_test.py: invoking following command in '/home/zac/franka_ws/src/franka_ros2/franka_gripper':
 - /opt/ros/humble/bin/ament_pep257 --xunit-file /home/zac/franka_ws/build/franka_gripper/test_results/franka_gripper/pep257.xunit.xml
checking ./franka_gripper/__init__.py
checking ./launch/gripper.launch.py
checking ./scripts/fake_gripper_state_publisher.py
No problems found
-- run_test.py: return code 0
-- run_test.py: verify result file '/home/zac/franka_ws/build/franka_gripper/test_results/franka_gripper/pep257.xunit.xml'
<end of output>
Test time =   0.26 sec
----------------------------------------------------------
Test Passed.
"pep257" end time: Aug 15 02:54 PDT
"pep257" time elapsed: 00:00:00
----------------------------------------------------------

7/7 Testing: xmllint
7/7 Test: xmllint
Command: "/usr/bin/python3" "-u" "/opt/ros/humble/share/ament_cmake_test/cmake/run_test.py" "/home/zac/franka_ws/build/franka_gripper/test_results/franka_gripper/xmllint.xunit.xml" "--package-name" "franka_gripper" "--output-file" "/home/zac/franka_ws/build/franka_gripper/ament_xmllint/xmllint.txt" "--command" "/opt/ros/humble/bin/ament_xmllint" "--xunit-file" "/home/zac/franka_ws/build/franka_gripper/test_results/franka_gripper/xmllint.xunit.xml"
Directory: /home/zac/franka_ws/src/franka_ros2/franka_gripper
"xmllint" start time: Aug 15 02:54 PDT
Output:
----------------------------------------------------------
-- run_test.py: invoking following command in '/home/zac/franka_ws/src/franka_ros2/franka_gripper':
 - /opt/ros/humble/bin/ament_xmllint --xunit-file /home/zac/franka_ws/build/franka_gripper/test_results/franka_gripper/xmllint.xunit.xml
File 'package.xml' is valid

No problems found
-- run_test.py: return code 0
-- run_test.py: verify result file '/home/zac/franka_ws/build/franka_gripper/test_results/franka_gripper/xmllint.xunit.xml'
<end of output>
Test time =   0.38 sec
----------------------------------------------------------
Test Passed.
"xmllint" end time: Aug 15 02:54 PDT
"xmllint" time elapsed: 00:00:00
----------------------------------------------------------

End testing: Aug 15 02:54 PDT

clang_format =   0.27 sec*proc

copyright =   0.39 sec*proc

cppcheck =   0.21 sec*proc

flake8 =   0.36 sec*proc

lint_cmake =   0.17 sec*proc

linter =   2.03 sec*proc

pep257 =   0.26 sec*proc

xmllint =   0.38 sec*proc

