<?xml version="1.0" encoding="UTF-8"?>
<Site BuildName="(empty)"
	BuildStamp="20240815-0954-Experimental"
	Name="CHARISMA-Predator-571"
	Generator="ctest-3.22.1"
	CompilerName="/usr/bin/c++"
	CompilerVersion="11.4.0"
	OSName="Linux"
	Hostname="CHARISMA-Predator-571"
	OSRelease="5.15.0-1068-realtime"
	OSVersion="#76-Ubuntu SMP PREEMPT_RT Thu Jul 25 11:57:39 UTC 2024"
	OSPlatform="x86_64"
	Is64Bits="1"
	VendorString="GenuineIntel"
	VendorID="Intel Corporation"
	FamilyID="6"
	ModelID="158"
	ProcessorCacheSize="6144"
	NumberOfLogicalCPU="8"
	NumberOfPhysicalCPU="4"
	TotalVirtualMemory="2047"
	TotalPhysicalMemory="15869"
	LogicalProcessorsPerPhysical="2"
	ProcessorClockFrequency="3563.44"
	>
	<Testing>
		<StartDateTime>Aug 15 02:54 PDT</StartDateTime>
		<StartTestTime>1723715665</StartTestTime>
		<TestList>
			<Test>./clang_format</Test>
			<Test>./copyright</Test>
			<Test>./cppcheck</Test>
			<Test>./lint_cmake</Test>
			<Test>./flake8</Test>
			<Test>./pep257</Test>
			<Test>./xmllint</Test>
			<Test>./franka_robot_state_broadcaster_test</Test>
			<Test>./test_load_franka_robot_state_broadcaster</Test>
		</TestList>
		<Test Status="passed">
			<Name>clang_format</Name>
			<Path>.</Path>
			<FullName>./clang_format</FullName>
			<FullCommandLine>/usr/bin/python3 "-u" "/opt/ros/humble/share/ament_cmake_test/cmake/run_test.py" "/home/zac/franka_ws/build/franka_robot_state_broadcaster/test_results/franka_robot_state_broadcaster/clang_format.xunit.xml" "--package-name" "franka_robot_state_broadcaster" "--output-file" "/home/zac/franka_ws/build/franka_robot_state_broadcaster/ament_clang_format/clang_format.txt" "--command" "/opt/ros/humble/bin/ament_clang_format" "--xunit-file" "/home/zac/franka_ws/build/franka_robot_state_broadcaster/test_results/franka_robot_state_broadcaster/clang_format.xunit.xml" "src" "include" "--config" "../.clang-format"</FullCommandLine>
			<Results>
				<NamedMeasurement type="numeric/double" name="Execution Time">
					<Value>0.203075</Value>
				</NamedMeasurement>
				<NamedMeasurement type="numeric/double" name="Processors">
					<Value>1</Value>
				</NamedMeasurement>
				<NamedMeasurement type="text/string" name="Completion Status">
					<Value>Completed</Value>
				</NamedMeasurement>
				<NamedMeasurement type="text/string" name="Command Line">
					<Value>/usr/bin/python3 "-u" "/opt/ros/humble/share/ament_cmake_test/cmake/run_test.py" "/home/zac/franka_ws/build/franka_robot_state_broadcaster/test_results/franka_robot_state_broadcaster/clang_format.xunit.xml" "--package-name" "franka_robot_state_broadcaster" "--output-file" "/home/zac/franka_ws/build/franka_robot_state_broadcaster/ament_clang_format/clang_format.txt" "--command" "/opt/ros/humble/bin/ament_clang_format" "--xunit-file" "/home/zac/franka_ws/build/franka_robot_state_broadcaster/test_results/franka_robot_state_broadcaster/clang_format.xunit.xml" "src" "include" "--config" "../.clang-format"</Value>
				</NamedMeasurement>
				<NamedMeasurement type="text/string" name="Environment">
					<Value>#CTEST_RESOURCE_GROUP_COUNT=</Value>
				</NamedMeasurement>
				<Measurement>
					<Value>-- run_test.py: invoking following command in '/home/zac/franka_ws/src/franka_ros2/franka_robot_state_broadcaster':
 - /opt/ros/humble/bin/ament_clang_format --xunit-file /home/zac/franka_ws/build/franka_robot_state_broadcaster/test_results/franka_robot_state_broadcaster/clang_format.xunit.xml src include --config ../.clang-format
No code style divergence in file 'src/franka_robot_state_broadcaster.cpp'

No code style divergence in file 'include/franka_robot_state_broadcaster/franka_robot_state_broadcaster.hpp'

No problems found
-- run_test.py: return code 0
-- run_test.py: verify result file '/home/zac/franka_ws/build/franka_robot_state_broadcaster/test_results/franka_robot_state_broadcaster/clang_format.xunit.xml'
</Value>
				</Measurement>
			</Results>
			<Labels>
				<Label>clang_format</Label>
				<Label>linter</Label>
			</Labels>
		</Test>
		<Test Status="passed">
			<Name>copyright</Name>
			<Path>.</Path>
			<FullName>./copyright</FullName>
			<FullCommandLine>/usr/bin/python3 "-u" "/opt/ros/humble/share/ament_cmake_test/cmake/run_test.py" "/home/zac/franka_ws/build/franka_robot_state_broadcaster/test_results/franka_robot_state_broadcaster/copyright.xunit.xml" "--package-name" "franka_robot_state_broadcaster" "--output-file" "/home/zac/franka_ws/build/franka_robot_state_broadcaster/ament_copyright/copyright.txt" "--command" "/opt/ros/humble/bin/ament_copyright" "--xunit-file" "/home/zac/franka_ws/build/franka_robot_state_broadcaster/test_results/franka_robot_state_broadcaster/copyright.xunit.xml" "src" "include" "package.xml"</FullCommandLine>
			<Results>
				<NamedMeasurement type="numeric/double" name="Execution Time">
					<Value>0.261624</Value>
				</NamedMeasurement>
				<NamedMeasurement type="numeric/double" name="Processors">
					<Value>1</Value>
				</NamedMeasurement>
				<NamedMeasurement type="text/string" name="Completion Status">
					<Value>Completed</Value>
				</NamedMeasurement>
				<NamedMeasurement type="text/string" name="Command Line">
					<Value>/usr/bin/python3 "-u" "/opt/ros/humble/share/ament_cmake_test/cmake/run_test.py" "/home/zac/franka_ws/build/franka_robot_state_broadcaster/test_results/franka_robot_state_broadcaster/copyright.xunit.xml" "--package-name" "franka_robot_state_broadcaster" "--output-file" "/home/zac/franka_ws/build/franka_robot_state_broadcaster/ament_copyright/copyright.txt" "--command" "/opt/ros/humble/bin/ament_copyright" "--xunit-file" "/home/zac/franka_ws/build/franka_robot_state_broadcaster/test_results/franka_robot_state_broadcaster/copyright.xunit.xml" "src" "include" "package.xml"</Value>
				</NamedMeasurement>
				<NamedMeasurement type="text/string" name="Environment">
					<Value>#CTEST_RESOURCE_GROUP_COUNT=</Value>
				</NamedMeasurement>
				<Measurement>
					<Value>-- run_test.py: invoking following command in '/home/zac/franka_ws/src/franka_ros2/franka_robot_state_broadcaster':
 - /opt/ros/humble/bin/ament_copyright --xunit-file /home/zac/franka_ws/build/franka_robot_state_broadcaster/test_results/franka_robot_state_broadcaster/copyright.xunit.xml src include package.xml
No problems found, checked 2 files
-- run_test.py: return code 0
-- run_test.py: verify result file '/home/zac/franka_ws/build/franka_robot_state_broadcaster/test_results/franka_robot_state_broadcaster/copyright.xunit.xml'
</Value>
				</Measurement>
			</Results>
			<Labels>
				<Label>copyright</Label>
				<Label>linter</Label>
			</Labels>
		</Test>
		<Test Status="passed">
			<Name>cppcheck</Name>
			<Path>.</Path>
			<FullName>./cppcheck</FullName>
			<FullCommandLine>/usr/bin/python3 "-u" "/opt/ros/humble/share/ament_cmake_test/cmake/run_test.py" "/home/zac/franka_ws/build/franka_robot_state_broadcaster/test_results/franka_robot_state_broadcaster/cppcheck.xunit.xml" "--package-name" "franka_robot_state_broadcaster" "--output-file" "/home/zac/franka_ws/build/franka_robot_state_broadcaster/ament_cppcheck/cppcheck.txt" "--command" "/opt/ros/humble/bin/ament_cppcheck" "--xunit-file" "/home/zac/franka_ws/build/franka_robot_state_broadcaster/test_results/franka_robot_state_broadcaster/cppcheck.xunit.xml" "src" "include"</FullCommandLine>
			<Results>
				<NamedMeasurement type="numeric/double" name="Execution Time">
					<Value>0.162336</Value>
				</NamedMeasurement>
				<NamedMeasurement type="numeric/double" name="Processors">
					<Value>1</Value>
				</NamedMeasurement>
				<NamedMeasurement type="text/string" name="Completion Status">
					<Value>Completed</Value>
				</NamedMeasurement>
				<NamedMeasurement type="text/string" name="Command Line">
					<Value>/usr/bin/python3 "-u" "/opt/ros/humble/share/ament_cmake_test/cmake/run_test.py" "/home/zac/franka_ws/build/franka_robot_state_broadcaster/test_results/franka_robot_state_broadcaster/cppcheck.xunit.xml" "--package-name" "franka_robot_state_broadcaster" "--output-file" "/home/zac/franka_ws/build/franka_robot_state_broadcaster/ament_cppcheck/cppcheck.txt" "--command" "/opt/ros/humble/bin/ament_cppcheck" "--xunit-file" "/home/zac/franka_ws/build/franka_robot_state_broadcaster/test_results/franka_robot_state_broadcaster/cppcheck.xunit.xml" "src" "include"</Value>
				</NamedMeasurement>
				<NamedMeasurement type="text/string" name="Environment">
					<Value>#CTEST_RESOURCE_GROUP_COUNT=</Value>
				</NamedMeasurement>
				<Measurement>
					<Value>-- run_test.py: invoking following command in '/home/zac/franka_ws/src/franka_ros2/franka_robot_state_broadcaster':
 - /opt/ros/humble/bin/ament_cppcheck --xunit-file /home/zac/franka_ws/build/franka_robot_state_broadcaster/test_results/franka_robot_state_broadcaster/cppcheck.xunit.xml src include
cppcheck 2.7 has known performance issues and therefore will not be used, set the AMENT_CPPCHECK_ALLOW_SLOW_VERSIONS environment variable to override this.
-- run_test.py: return code 0
-- run_test.py: verify result file '/home/zac/franka_ws/build/franka_robot_state_broadcaster/test_results/franka_robot_state_broadcaster/cppcheck.xunit.xml'
</Value>
				</Measurement>
			</Results>
			<Labels>
				<Label>cppcheck</Label>
				<Label>linter</Label>
			</Labels>
		</Test>
		<Test Status="passed">
			<Name>lint_cmake</Name>
			<Path>.</Path>
			<FullName>./lint_cmake</FullName>
			<FullCommandLine>/usr/bin/python3 "-u" "/opt/ros/humble/share/ament_cmake_test/cmake/run_test.py" "/home/zac/franka_ws/build/franka_robot_state_broadcaster/test_results/franka_robot_state_broadcaster/lint_cmake.xunit.xml" "--package-name" "franka_robot_state_broadcaster" "--output-file" "/home/zac/franka_ws/build/franka_robot_state_broadcaster/ament_lint_cmake/lint_cmake.txt" "--command" "/opt/ros/humble/bin/ament_lint_cmake" "--xunit-file" "/home/zac/franka_ws/build/franka_robot_state_broadcaster/test_results/franka_robot_state_broadcaster/lint_cmake.xunit.xml" "CMakeLists.txt"</FullCommandLine>
			<Results>
				<NamedMeasurement type="numeric/double" name="Execution Time">
					<Value>0.151665</Value>
				</NamedMeasurement>
				<NamedMeasurement type="numeric/double" name="Processors">
					<Value>1</Value>
				</NamedMeasurement>
				<NamedMeasurement type="text/string" name="Completion Status">
					<Value>Completed</Value>
				</NamedMeasurement>
				<NamedMeasurement type="text/string" name="Command Line">
					<Value>/usr/bin/python3 "-u" "/opt/ros/humble/share/ament_cmake_test/cmake/run_test.py" "/home/zac/franka_ws/build/franka_robot_state_broadcaster/test_results/franka_robot_state_broadcaster/lint_cmake.xunit.xml" "--package-name" "franka_robot_state_broadcaster" "--output-file" "/home/zac/franka_ws/build/franka_robot_state_broadcaster/ament_lint_cmake/lint_cmake.txt" "--command" "/opt/ros/humble/bin/ament_lint_cmake" "--xunit-file" "/home/zac/franka_ws/build/franka_robot_state_broadcaster/test_results/franka_robot_state_broadcaster/lint_cmake.xunit.xml" "CMakeLists.txt"</Value>
				</NamedMeasurement>
				<NamedMeasurement type="text/string" name="Environment">
					<Value>#CTEST_RESOURCE_GROUP_COUNT=</Value>
				</NamedMeasurement>
				<Measurement>
					<Value>-- run_test.py: invoking following command in '/home/zac/franka_ws/src/franka_ros2/franka_robot_state_broadcaster':
 - /opt/ros/humble/bin/ament_lint_cmake --xunit-file /home/zac/franka_ws/build/franka_robot_state_broadcaster/test_results/franka_robot_state_broadcaster/lint_cmake.xunit.xml CMakeLists.txt

No problems found
-- run_test.py: return code 0
-- run_test.py: verify result file '/home/zac/franka_ws/build/franka_robot_state_broadcaster/test_results/franka_robot_state_broadcaster/lint_cmake.xunit.xml'
</Value>
				</Measurement>
			</Results>
			<Labels>
				<Label>lint_cmake</Label>
				<Label>linter</Label>
			</Labels>
		</Test>
		<Test Status="passed">
			<Name>flake8</Name>
			<Path>.</Path>
			<FullName>./flake8</FullName>
			<FullCommandLine>/usr/bin/python3 "-u" "/opt/ros/humble/share/ament_cmake_test/cmake/run_test.py" "/home/zac/franka_ws/build/franka_robot_state_broadcaster/test_results/franka_robot_state_broadcaster/flake8.xunit.xml" "--package-name" "franka_robot_state_broadcaster" "--output-file" "/home/zac/franka_ws/build/franka_robot_state_broadcaster/ament_flake8/flake8.txt" "--command" "/opt/ros/humble/bin/ament_flake8" "--xunit-file" "/home/zac/franka_ws/build/franka_robot_state_broadcaster/test_results/franka_robot_state_broadcaster/flake8.xunit.xml"</FullCommandLine>
			<Results>
				<NamedMeasurement type="numeric/double" name="Execution Time">
					<Value>0.245955</Value>
				</NamedMeasurement>
				<NamedMeasurement type="numeric/double" name="Processors">
					<Value>1</Value>
				</NamedMeasurement>
				<NamedMeasurement type="text/string" name="Completion Status">
					<Value>Completed</Value>
				</NamedMeasurement>
				<NamedMeasurement type="text/string" name="Command Line">
					<Value>/usr/bin/python3 "-u" "/opt/ros/humble/share/ament_cmake_test/cmake/run_test.py" "/home/zac/franka_ws/build/franka_robot_state_broadcaster/test_results/franka_robot_state_broadcaster/flake8.xunit.xml" "--package-name" "franka_robot_state_broadcaster" "--output-file" "/home/zac/franka_ws/build/franka_robot_state_broadcaster/ament_flake8/flake8.txt" "--command" "/opt/ros/humble/bin/ament_flake8" "--xunit-file" "/home/zac/franka_ws/build/franka_robot_state_broadcaster/test_results/franka_robot_state_broadcaster/flake8.xunit.xml"</Value>
				</NamedMeasurement>
				<NamedMeasurement type="text/string" name="Environment">
					<Value>#CTEST_RESOURCE_GROUP_COUNT=</Value>
				</NamedMeasurement>
				<Measurement>
					<Value>-- run_test.py: invoking following command in '/home/zac/franka_ws/src/franka_ros2/franka_robot_state_broadcaster':
 - /opt/ros/humble/bin/ament_flake8 --xunit-file /home/zac/franka_ws/build/franka_robot_state_broadcaster/test_results/franka_robot_state_broadcaster/flake8.xunit.xml

0 files checked
No problems found

Checked files:

-- run_test.py: return code 0
-- run_test.py: verify result file '/home/zac/franka_ws/build/franka_robot_state_broadcaster/test_results/franka_robot_state_broadcaster/flake8.xunit.xml'
</Value>
				</Measurement>
			</Results>
			<Labels>
				<Label>flake8</Label>
				<Label>linter</Label>
			</Labels>
		</Test>
		<Test Status="passed">
			<Name>pep257</Name>
			<Path>.</Path>
			<FullName>./pep257</FullName>
			<FullCommandLine>/usr/bin/python3 "-u" "/opt/ros/humble/share/ament_cmake_test/cmake/run_test.py" "/home/zac/franka_ws/build/franka_robot_state_broadcaster/test_results/franka_robot_state_broadcaster/pep257.xunit.xml" "--package-name" "franka_robot_state_broadcaster" "--output-file" "/home/zac/franka_ws/build/franka_robot_state_broadcaster/ament_pep257/pep257.txt" "--command" "/opt/ros/humble/bin/ament_pep257" "--xunit-file" "/home/zac/franka_ws/build/franka_robot_state_broadcaster/test_results/franka_robot_state_broadcaster/pep257.xunit.xml"</FullCommandLine>
			<Results>
				<NamedMeasurement type="numeric/double" name="Execution Time">
					<Value>0.206716</Value>
				</NamedMeasurement>
				<NamedMeasurement type="numeric/double" name="Processors">
					<Value>1</Value>
				</NamedMeasurement>
				<NamedMeasurement type="text/string" name="Completion Status">
					<Value>Completed</Value>
				</NamedMeasurement>
				<NamedMeasurement type="text/string" name="Command Line">
					<Value>/usr/bin/python3 "-u" "/opt/ros/humble/share/ament_cmake_test/cmake/run_test.py" "/home/zac/franka_ws/build/franka_robot_state_broadcaster/test_results/franka_robot_state_broadcaster/pep257.xunit.xml" "--package-name" "franka_robot_state_broadcaster" "--output-file" "/home/zac/franka_ws/build/franka_robot_state_broadcaster/ament_pep257/pep257.txt" "--command" "/opt/ros/humble/bin/ament_pep257" "--xunit-file" "/home/zac/franka_ws/build/franka_robot_state_broadcaster/test_results/franka_robot_state_broadcaster/pep257.xunit.xml"</Value>
				</NamedMeasurement>
				<NamedMeasurement type="text/string" name="Environment">
					<Value>#CTEST_RESOURCE_GROUP_COUNT=</Value>
				</NamedMeasurement>
				<Measurement>
					<Value>-- run_test.py: invoking following command in '/home/zac/franka_ws/src/franka_ros2/franka_robot_state_broadcaster':
 - /opt/ros/humble/bin/ament_pep257 --xunit-file /home/zac/franka_ws/build/franka_robot_state_broadcaster/test_results/franka_robot_state_broadcaster/pep257.xunit.xml
No problems found
-- run_test.py: return code 0
-- run_test.py: verify result file '/home/zac/franka_ws/build/franka_robot_state_broadcaster/test_results/franka_robot_state_broadcaster/pep257.xunit.xml'
</Value>
				</Measurement>
			</Results>
			<Labels>
				<Label>linter</Label>
				<Label>pep257</Label>
			</Labels>
		</Test>
		<Test Status="passed">
			<Name>xmllint</Name>
			<Path>.</Path>
			<FullName>./xmllint</FullName>
			<FullCommandLine>/usr/bin/python3 "-u" "/opt/ros/humble/share/ament_cmake_test/cmake/run_test.py" "/home/zac/franka_ws/build/franka_robot_state_broadcaster/test_results/franka_robot_state_broadcaster/xmllint.xunit.xml" "--package-name" "franka_robot_state_broadcaster" "--output-file" "/home/zac/franka_ws/build/franka_robot_state_broadcaster/ament_xmllint/xmllint.txt" "--command" "/opt/ros/humble/bin/ament_xmllint" "--xunit-file" "/home/zac/franka_ws/build/franka_robot_state_broadcaster/test_results/franka_robot_state_broadcaster/xmllint.xunit.xml"</FullCommandLine>
			<Results>
				<NamedMeasurement type="numeric/double" name="Execution Time">
					<Value>0.181105</Value>
				</NamedMeasurement>
				<NamedMeasurement type="numeric/double" name="Processors">
					<Value>1</Value>
				</NamedMeasurement>
				<NamedMeasurement type="text/string" name="Completion Status">
					<Value>Completed</Value>
				</NamedMeasurement>
				<NamedMeasurement type="text/string" name="Command Line">
					<Value>/usr/bin/python3 "-u" "/opt/ros/humble/share/ament_cmake_test/cmake/run_test.py" "/home/zac/franka_ws/build/franka_robot_state_broadcaster/test_results/franka_robot_state_broadcaster/xmllint.xunit.xml" "--package-name" "franka_robot_state_broadcaster" "--output-file" "/home/zac/franka_ws/build/franka_robot_state_broadcaster/ament_xmllint/xmllint.txt" "--command" "/opt/ros/humble/bin/ament_xmllint" "--xunit-file" "/home/zac/franka_ws/build/franka_robot_state_broadcaster/test_results/franka_robot_state_broadcaster/xmllint.xunit.xml"</Value>
				</NamedMeasurement>
				<NamedMeasurement type="text/string" name="Environment">
					<Value>#CTEST_RESOURCE_GROUP_COUNT=</Value>
				</NamedMeasurement>
				<Measurement>
					<Value>-- run_test.py: invoking following command in '/home/zac/franka_ws/src/franka_ros2/franka_robot_state_broadcaster':
 - /opt/ros/humble/bin/ament_xmllint --xunit-file /home/zac/franka_ws/build/franka_robot_state_broadcaster/test_results/franka_robot_state_broadcaster/xmllint.xunit.xml
File 'franka_robot_state_broadcaster.xml' is valid

File 'package.xml' is valid

No problems found
-- run_test.py: return code 0
-- run_test.py: verify result file '/home/zac/franka_ws/build/franka_robot_state_broadcaster/test_results/franka_robot_state_broadcaster/xmllint.xunit.xml'
</Value>
				</Measurement>
			</Results>
			<Labels>
				<Label>linter</Label>
				<Label>xmllint</Label>
			</Labels>
		</Test>
		<Test Status="passed">
			<Name>franka_robot_state_broadcaster_test</Name>
			<Path>.</Path>
			<FullName>./franka_robot_state_broadcaster_test</FullName>
			<FullCommandLine>/usr/bin/python3 "-u" "/opt/ros/humble/share/ament_cmake_test/cmake/run_test.py" "/home/zac/franka_ws/build/franka_robot_state_broadcaster/test_results/franka_robot_state_broadcaster/franka_robot_state_broadcaster_test.gtest.xml" "--package-name" "franka_robot_state_broadcaster" "--output-file" "/home/zac/franka_ws/build/franka_robot_state_broadcaster/test_results/franka_robot_state_broadcaster/franka_robot_state_broadcaster_test.txt" "--command" "/home/zac/franka_ws/build/franka_robot_state_broadcaster/franka_robot_state_broadcaster_test" "--ros-args" "--params-file" "/home/zac/franka_ws/src/franka_ros2/franka_robot_state_broadcaster/test/franka_robot_state_broadcaster_parameters.yaml" "--" "--gtest_output=xml:/home/zac/franka_ws/build/franka_robot_state_broadcaster/test_results/franka_robot_state_broadcaster/franka_robot_state_broadcaster_test.gtest.xml"</FullCommandLine>
			<Results>
				<NamedMeasurement type="numeric/double" name="Execution Time">
					<Value>0.30698</Value>
				</NamedMeasurement>
				<NamedMeasurement type="numeric/double" name="Processors">
					<Value>1</Value>
				</NamedMeasurement>
				<NamedMeasurement type="text/string" name="Completion Status">
					<Value>Completed</Value>
				</NamedMeasurement>
				<NamedMeasurement type="text/string" name="Command Line">
					<Value>/usr/bin/python3 "-u" "/opt/ros/humble/share/ament_cmake_test/cmake/run_test.py" "/home/zac/franka_ws/build/franka_robot_state_broadcaster/test_results/franka_robot_state_broadcaster/franka_robot_state_broadcaster_test.gtest.xml" "--package-name" "franka_robot_state_broadcaster" "--output-file" "/home/zac/franka_ws/build/franka_robot_state_broadcaster/test_results/franka_robot_state_broadcaster/franka_robot_state_broadcaster_test.txt" "--command" "/home/zac/franka_ws/build/franka_robot_state_broadcaster/franka_robot_state_broadcaster_test" "--ros-args" "--params-file" "/home/zac/franka_ws/src/franka_ros2/franka_robot_state_broadcaster/test/franka_robot_state_broadcaster_parameters.yaml" "--" "--gtest_output=xml:/home/zac/franka_ws/build/franka_robot_state_broadcaster/test_results/franka_robot_state_broadcaster/franka_robot_state_broadcaster_test.gtest.xml"</Value>
				</NamedMeasurement>
				<NamedMeasurement type="text/string" name="Environment">
					<Value>#CTEST_RESOURCE_GROUP_COUNT=</Value>
				</NamedMeasurement>
				<Measurement>
					<Value>-- run_test.py: invoking following command in '/home/zac/franka_ws/build/franka_robot_state_broadcaster':
 - /home/zac/franka_ws/build/franka_robot_state_broadcaster/franka_robot_state_broadcaster_test --ros-args --params-file /home/zac/franka_ws/src/franka_ros2/franka_robot_state_broadcaster/test/franka_robot_state_broadcaster_parameters.yaml -- --gtest_output=xml:/home/zac/franka_ws/build/franka_robot_state_broadcaster/test_results/franka_robot_state_broadcaster/franka_robot_state_broadcaster_test.gtest.xml
[==========] Running 6 tests from 1 test suite.
[----------] Global test environment set-up.
[----------] 6 tests from TestFrankaRobotStateBroadcaster
[ RUN      ] TestFrankaRobotStateBroadcaster.test_init_return_success
[       OK ] TestFrankaRobotStateBroadcaster.test_init_return_success (48 ms)
[ RUN      ] TestFrankaRobotStateBroadcaster.test_configure_return_success

GMOCK WARNING:
Uninteresting mock function call - returning directly.
    Function call: initialize_robot_state_msg(@0x563e99d82fa0 2360-byte object &lt;00-00 00-00 00-00 00-00 B8-2F D8-99 3E-56 00-00 00-00 00-00 00-00 00-00 00-2F D8-99 3E-56 00-00 00-00 00-00 00-00 00-00 00-00 00-00 00-00 00-00 00-00 00-00 00-00 00-00 00-00 00-00 00-00 00-00 ... 00-00 00-00 00-00 00-00 00-00 00-00 00-00 00-00 00-00 00-00 00-00 00-00 00-00 00-00 00-00 00-00 00-00 00-00 00-00 00-00 00-00 00-00 00-00 00-00 00-00 00-00 00-00 00-00 00-00 00-00 00-00 00-00&gt;)
NOTE: You can safely ignore the above warning unless this call should not happen.  Do not suppress it by blindly adding an EXPECT_CALL() if you don't mean to enforce the call.  See https://github.com/google/googletest/blob/master/googlemock/docs/cook_book.md#knowing-when-to-expect for details.
[       OK ] TestFrankaRobotStateBroadcaster.test_configure_return_success (14 ms)
[ RUN      ] TestFrankaRobotStateBroadcaster.test_activate_return_success

GMOCK WARNING:
Uninteresting mock function call - returning directly.
    Function call: initialize_robot_state_msg(@0x563e99bc5de0 2360-byte object &lt;00-00 00-00 00-00 00-00 F8-5D BC-99 3E-56 00-00 00-00 00-00 00-00 00-00 00-00 00-00 00-00 00-00 00-00 00-00 00-00 00-00 00-00 00-00 00-00 00-00 00-00 00-00 00-00 00-00 00-00 00-00 00-00 00-00 ... 00-00 00-00 00-00 00-00 00-00 00-00 00-00 00-00 00-00 00-00 00-00 00-00 00-00 00-00 00-00 00-00 00-00 00-00 00-00 00-00 00-00 00-00 00-00 00-00 00-00 00-00 00-00 00-00 00-3F 00-00 00-00 00-00&gt;)
NOTE: You can safely ignore the above warning unless this call should not happen.  Do not suppress it by blindly adding an EXPECT_CALL() if you don't mean to enforce the call.  See https://github.com/google/googletest/blob/master/googlemock/docs/cook_book.md#knowing-when-to-expect for details.
[       OK ] TestFrankaRobotStateBroadcaster.test_activate_return_success (12 ms)
[ RUN      ] TestFrankaRobotStateBroadcaster.test_deactivate_return_success

GMOCK WARNING:
Uninteresting mock function call - returning directly.
    Function call: initialize_robot_state_msg(@0x563e99ba6960 2360-byte object &lt;00-00 00-00 00-00 00-00 78-69 BA-99 3E-56 00-00 00-00 00-00 00-00 00-00 00-00 00-00 00-00 00-00 00-00 00-00 00-00 00-00 00-00 00-00 00-00 00-00 00-00 00-00 00-00 00-00 00-00 00-00 00-00 00-00 ... 00-00 00-00 00-00 00-00 00-00 00-00 00-00 00-00 00-00 00-00 00-00 00-00 00-00 00-00 00-00 00-00 00-00 00-00 00-00 00-00 00-00 00-00 00-00 00-00 00-00 00-00 00-00 00-00 00-00 00-00 00-00 00-00&gt;)
NOTE: You can safely ignore the above warning unless this call should not happen.  Do not suppress it by blindly adding an EXPECT_CALL() if you don't mean to enforce the call.  See https://github.com/google/googletest/blob/master/googlemock/docs/cook_book.md#knowing-when-to-expect for details.
[       OK ] TestFrankaRobotStateBroadcaster.test_deactivate_return_success (11 ms)
[ RUN      ] TestFrankaRobotStateBroadcaster.test_update_without_franka_state_interface_returns_error

GMOCK WARNING:
Uninteresting mock function call - returning directly.
    Function call: initialize_robot_state_msg(@0x563e99dcfdc0 2360-byte object &lt;00-00 00-00 00-00 00-00 D8-FD DC-99 3E-56 00-00 00-00 00-00 00-00 00-00 00-00 00-00 00-00 00-00 00-00 00-00 00-00 00-00 00-00 00-00 00-00 00-00 00-00 00-00 00-00 00-00 00-00 00-00 00-00 00-00 ... 00-00 00-00 00-00 00-00 00-00 00-00 00-00 00-00 00-00 00-00 00-00 00-00 00-00 00-00 00-00 00-00 00-00 00-00 00-00 00-00 00-00 00-00 00-00 00-00 00-00 00-00 00-00 00-00 00-00 00-00 00-00 00-00&gt;)
NOTE: You can safely ignore the above warning unless this call should not happen.  Do not suppress it by blindly adding an EXPECT_CALL() if you don't mean to enforce the call.  See https://github.com/google/googletest/blob/master/googlemock/docs/cook_book.md#knowing-when-to-expect for details.
[ERROR] [1723715667.330351070] [franka_state_semantic_component]: Franka state interface does not exist! Did you assign the loaned state in the controller?
[ERROR] [1723715667.330401475] [test_broadcaster]: Failed to get franka state via franka state interface.
[       OK ] TestFrankaRobotStateBroadcaster.test_update_without_franka_state_interface_returns_error (13 ms)
[ RUN      ] TestFrankaRobotStateBroadcaster.test_update_with_franka_state_returns_success
[  SKIPPED ] TestFrankaRobotStateBroadcaster.test_update_with_franka_state_returns_success (10 ms)
[----------] 6 tests from TestFrankaRobotStateBroadcaster (109 ms total)

[----------] Global test environment tear-down
[==========] 6 tests from 1 test suite ran. (109 ms total)
[  PASSED  ] 5 tests.
[  SKIPPED ] 1 test, listed below:
[  SKIPPED ] TestFrankaRobotStateBroadcaster.test_update_with_franka_state_returns_success
-- run_test.py: return code 0
-- run_test.py: inject classname prefix into gtest result file '/home/zac/franka_ws/build/franka_robot_state_broadcaster/test_results/franka_robot_state_broadcaster/franka_robot_state_broadcaster_test.gtest.xml'
-- run_test.py: verify result file '/home/zac/franka_ws/build/franka_robot_state_broadcaster/test_results/franka_robot_state_broadcaster/franka_robot_state_broadcaster_test.gtest.xml'
</Value>
				</Measurement>
			</Results>
		</Test>
		<Test Status="failed">
			<Name>test_load_franka_robot_state_broadcaster</Name>
			<Path>.</Path>
			<FullName>./test_load_franka_robot_state_broadcaster</FullName>
			<FullCommandLine>/usr/bin/python3 "-u" "/opt/ros/humble/share/ament_cmake_test/cmake/run_test.py" "/home/zac/franka_ws/build/franka_robot_state_broadcaster/test_results/franka_robot_state_broadcaster/test_load_franka_robot_state_broadcaster.gtest.xml" "--package-name" "franka_robot_state_broadcaster" "--output-file" "/home/zac/franka_ws/build/franka_robot_state_broadcaster/ament_cmake_gmock/test_load_franka_robot_state_broadcaster.txt" "--command" "/home/zac/franka_ws/build/franka_robot_state_broadcaster/test_load_franka_robot_state_broadcaster" "--gtest_output=xml:/home/zac/franka_ws/build/franka_robot_state_broadcaster/test_results/franka_robot_state_broadcaster/test_load_franka_robot_state_broadcaster.gtest.xml"</FullCommandLine>
			<Results>
				<NamedMeasurement type="text/string" name="Exit Code">
					<Value>Failed</Value>
				</NamedMeasurement>
				<NamedMeasurement type="text/string" name="Exit Value">
					<Value>1</Value>
				</NamedMeasurement>
				<NamedMeasurement type="numeric/double" name="Execution Time">
					<Value>0.113047</Value>
				</NamedMeasurement>
				<NamedMeasurement type="numeric/double" name="Processors">
					<Value>1</Value>
				</NamedMeasurement>
				<NamedMeasurement type="text/string" name="Completion Status">
					<Value>Completed</Value>
				</NamedMeasurement>
				<NamedMeasurement type="text/string" name="Command Line">
					<Value>/usr/bin/python3 "-u" "/opt/ros/humble/share/ament_cmake_test/cmake/run_test.py" "/home/zac/franka_ws/build/franka_robot_state_broadcaster/test_results/franka_robot_state_broadcaster/test_load_franka_robot_state_broadcaster.gtest.xml" "--package-name" "franka_robot_state_broadcaster" "--output-file" "/home/zac/franka_ws/build/franka_robot_state_broadcaster/ament_cmake_gmock/test_load_franka_robot_state_broadcaster.txt" "--command" "/home/zac/franka_ws/build/franka_robot_state_broadcaster/test_load_franka_robot_state_broadcaster" "--gtest_output=xml:/home/zac/franka_ws/build/franka_robot_state_broadcaster/test_results/franka_robot_state_broadcaster/test_load_franka_robot_state_broadcaster.gtest.xml"</Value>
				</NamedMeasurement>
				<NamedMeasurement type="text/string" name="Environment">
					<Value>#CTEST_RESOURCE_GROUP_COUNT=</Value>
				</NamedMeasurement>
				<Measurement>
					<Value>-- run_test.py: invoking following command in '/home/zac/franka_ws/build/franka_robot_state_broadcaster':
 - /home/zac/franka_ws/build/franka_robot_state_broadcaster/test_load_franka_robot_state_broadcaster --gtest_output=xml:/home/zac/franka_ws/build/franka_robot_state_broadcaster/test_results/franka_robot_state_broadcaster/test_load_franka_robot_state_broadcaster.gtest.xml
Running main() from gmock_main.cc
[==========] Running 1 test from 1 test suite.
[----------] Global test environment set-up.
[----------] 1 test from TestLoadFrankaRobotStateBroadcaster
[ RUN      ] TestLoadFrankaRobotStateBroadcaster.load_controller
[INFO] [1723715667.542676793] [resource_manager]: Loading hardware 'TestActuatorHardware' 
unknown file: Failure
C++ exception with description "According to the loaded plugin descriptions the class test_actuator with base class type hardware_interface::ActuatorInterface does not exist. Declared types are  test_hardware_components/TestSingleJointActuator" thrown in the test body.
[  FAILED  ] TestLoadFrankaRobotStateBroadcaster.load_controller (8 ms)
[----------] 1 test from TestLoadFrankaRobotStateBroadcaster (8 ms total)

[----------] Global test environment tear-down
[==========] 1 test from 1 test suite ran. (8 ms total)
[  PASSED  ] 0 tests.
[  FAILED  ] 1 test, listed below:
[  FAILED  ] TestLoadFrankaRobotStateBroadcaster.load_controller

 1 FAILED TEST
-- run_test.py: return code 1
-- run_test.py: inject classname prefix into gtest result file '/home/zac/franka_ws/build/franka_robot_state_broadcaster/test_results/franka_robot_state_broadcaster/test_load_franka_robot_state_broadcaster.gtest.xml'
-- run_test.py: verify result file '/home/zac/franka_ws/build/franka_robot_state_broadcaster/test_results/franka_robot_state_broadcaster/test_load_franka_robot_state_broadcaster.gtest.xml'
</Value>
				</Measurement>
			</Results>
			<Labels>
				<Label>gmock</Label>
			</Labels>
		</Test>
		<EndDateTime>Aug 15 02:54 PDT</EndDateTime>
		<EndTestTime>1723715667</EndTestTime>
		<ElapsedMinutes>0</ElapsedMinutes>
	</Testing>
</Site>
