<?xml version="1.0" encoding="UTF-8"?>
<Site BuildName="(empty)"
	BuildStamp="20240815-0954-Experimental"
	Name="CHARISMA-Predator-571"
	Generator="ctest-3.22.1"
	CompilerName="/usr/bin/c++"
	CompilerVersion="11.4.0"
	OSName="Linux"
	Hostname="CHARISMA-Predator-571"
	OSRelease="5.15.0-1068-realtime"
	OSVersion="#76-Ubuntu SMP PREEMPT_RT Thu Jul 25 11:57:39 UTC 2024"
	OSPlatform="x86_64"
	Is64Bits="1"
	VendorString="GenuineIntel"
	VendorID="Intel Corporation"
	FamilyID="6"
	ModelID="158"
	ProcessorCacheSize="6144"
	NumberOfLogicalCPU="8"
	NumberOfPhysicalCPU="4"
	TotalVirtualMemory="2047"
	TotalPhysicalMemory="15869"
	LogicalProcessorsPerPhysical="2"
	ProcessorClockFrequency="3407.69"
	>
	<Testing>
		<StartDateTime>Aug 15 02:54 PDT</StartDateTime>
		<StartTestTime>1723715663</StartTestTime>
		<TestList>
			<Test>./franka_fr3_moveit_config_srdf_tests</Test>
			<Test>./copyright</Test>
			<Test>./flake8</Test>
			<Test>./lint_cmake</Test>
			<Test>./pep257</Test>
			<Test>./xmllint</Test>
		</TestList>
		<Test Status="passed">
			<Name>franka_fr3_moveit_config_srdf_tests</Name>
			<Path>.</Path>
			<FullName>./franka_fr3_moveit_config_srdf_tests</FullName>
			<FullCommandLine>/usr/bin/python3 "-u" "/opt/ros/humble/share/ament_cmake_test/cmake/run_test.py" "/home/zac/franka_ws/build/franka_fr3_moveit_config/test_results/franka_fr3_moveit_config/franka_fr3_moveit_config_srdf_tests.xunit.xml" "--package-name" "franka_fr3_moveit_config" "--output-file" "/home/zac/franka_ws/build/franka_fr3_moveit_config/ament_cmake_pytest/franka_fr3_moveit_config_srdf_tests.txt" "--command" "/usr/bin/python3" "-u" "-m" "pytest" "/home/zac/franka_ws/src/franka_ros2/franka_fr3_moveit_config/test/srdf_tests.py" "-o" "cache_dir=/home/zac/franka_ws/build/franka_fr3_moveit_config/ament_cmake_pytest/franka_fr3_moveit_config_srdf_tests/.cache" "--junit-xml=/home/zac/franka_ws/build/franka_fr3_moveit_config/test_results/franka_fr3_moveit_config/franka_fr3_moveit_config_srdf_tests.xunit.xml" "--junit-prefix=franka_fr3_moveit_config"</FullCommandLine>
			<Results>
				<NamedMeasurement type="numeric/double" name="Execution Time">
					<Value>0.664258</Value>
				</NamedMeasurement>
				<NamedMeasurement type="numeric/double" name="Processors">
					<Value>1</Value>
				</NamedMeasurement>
				<NamedMeasurement type="text/string" name="Completion Status">
					<Value>Completed</Value>
				</NamedMeasurement>
				<NamedMeasurement type="text/string" name="Command Line">
					<Value>/usr/bin/python3 "-u" "/opt/ros/humble/share/ament_cmake_test/cmake/run_test.py" "/home/zac/franka_ws/build/franka_fr3_moveit_config/test_results/franka_fr3_moveit_config/franka_fr3_moveit_config_srdf_tests.xunit.xml" "--package-name" "franka_fr3_moveit_config" "--output-file" "/home/zac/franka_ws/build/franka_fr3_moveit_config/ament_cmake_pytest/franka_fr3_moveit_config_srdf_tests.txt" "--command" "/usr/bin/python3" "-u" "-m" "pytest" "/home/zac/franka_ws/src/franka_ros2/franka_fr3_moveit_config/test/srdf_tests.py" "-o" "cache_dir=/home/zac/franka_ws/build/franka_fr3_moveit_config/ament_cmake_pytest/franka_fr3_moveit_config_srdf_tests/.cache" "--junit-xml=/home/zac/franka_ws/build/franka_fr3_moveit_config/test_results/franka_fr3_moveit_config/franka_fr3_moveit_config_srdf_tests.xunit.xml" "--junit-prefix=franka_fr3_moveit_config"</Value>
				</NamedMeasurement>
				<NamedMeasurement type="text/string" name="Environment">
					<Value>#CTEST_RESOURCE_GROUP_COUNT=</Value>
				</NamedMeasurement>
				<Measurement>
					<Value>-- run_test.py: invoking following command in '/home/zac/franka_ws/build/franka_fr3_moveit_config':
 - /usr/bin/python3 -u -m pytest /home/zac/franka_ws/src/franka_ros2/franka_fr3_moveit_config/test/srdf_tests.py -o cache_dir=/home/zac/franka_ws/build/franka_fr3_moveit_config/ament_cmake_pytest/franka_fr3_moveit_config_srdf_tests/.cache --junit-xml=/home/zac/franka_ws/build/franka_fr3_moveit_config/test_results/franka_fr3_moveit_config/franka_fr3_moveit_config_srdf_tests.xunit.xml --junit-prefix=franka_fr3_moveit_config
============================= test session starts ==============================
platform linux -- Python 3.10.12, pytest-6.2.5, py-1.10.0, pluggy-0.13.0
cachedir: build/franka_fr3_moveit_config/ament_cmake_pytest/franka_fr3_moveit_config_srdf_tests/.cache
rootdir: /home/zac/franka_ws
plugins: launch-testing-ros-0.19.7, ament-flake8-0.12.11, ament-pep257-0.12.11, ament-lint-0.12.11, launch-testing-1.0.6, ament-copyright-0.12.11, ament-xmllint-0.12.11, cov-3.0.0, colcon-core-0.17.0
collected 3 items

../../src/franka_ros2/franka_fr3_moveit_config/test/srdf_tests.py ...    [100%]

=============================== warnings summary ===============================
../../../../../opt/ros/humble/local/lib/python3.10/dist-packages/xacro/__init__.py:558
  Warning: invalid escape sequence '\$'

../../../../../opt/ros/humble/local/lib/python3.10/dist-packages/xacro/__init__.py:559
  Warning: invalid escape sequence '\s'

-- Docs: https://docs.pytest.org/en/stable/warnings.html
- generated xml file: /home/zac/franka_ws/build/franka_fr3_moveit_config/test_results/franka_fr3_moveit_config/franka_fr3_moveit_config_srdf_tests.xunit.xml -
======================== 3 passed, 2 warnings in 0.11s =========================
-- run_test.py: return code 0
-- run_test.py: verify result file '/home/zac/franka_ws/build/franka_fr3_moveit_config/test_results/franka_fr3_moveit_config/franka_fr3_moveit_config_srdf_tests.xunit.xml'
</Value>
				</Measurement>
			</Results>
			<Labels>
				<Label>pytest</Label>
			</Labels>
		</Test>
		<Test Status="passed">
			<Name>copyright</Name>
			<Path>.</Path>
			<FullName>./copyright</FullName>
			<FullCommandLine>/usr/bin/python3 "-u" "/opt/ros/humble/share/ament_cmake_test/cmake/run_test.py" "/home/zac/franka_ws/build/franka_fr3_moveit_config/test_results/franka_fr3_moveit_config/copyright.xunit.xml" "--package-name" "franka_fr3_moveit_config" "--output-file" "/home/zac/franka_ws/build/franka_fr3_moveit_config/ament_copyright/copyright.txt" "--command" "/opt/ros/humble/bin/ament_copyright" "--xunit-file" "/home/zac/franka_ws/build/franka_fr3_moveit_config/test_results/franka_fr3_moveit_config/copyright.xunit.xml"</FullCommandLine>
			<Results>
				<NamedMeasurement type="numeric/double" name="Execution Time">
					<Value>0.299069</Value>
				</NamedMeasurement>
				<NamedMeasurement type="numeric/double" name="Processors">
					<Value>1</Value>
				</NamedMeasurement>
				<NamedMeasurement type="text/string" name="Completion Status">
					<Value>Completed</Value>
				</NamedMeasurement>
				<NamedMeasurement type="text/string" name="Command Line">
					<Value>/usr/bin/python3 "-u" "/opt/ros/humble/share/ament_cmake_test/cmake/run_test.py" "/home/zac/franka_ws/build/franka_fr3_moveit_config/test_results/franka_fr3_moveit_config/copyright.xunit.xml" "--package-name" "franka_fr3_moveit_config" "--output-file" "/home/zac/franka_ws/build/franka_fr3_moveit_config/ament_copyright/copyright.txt" "--command" "/opt/ros/humble/bin/ament_copyright" "--xunit-file" "/home/zac/franka_ws/build/franka_fr3_moveit_config/test_results/franka_fr3_moveit_config/copyright.xunit.xml"</Value>
				</NamedMeasurement>
				<NamedMeasurement type="text/string" name="Environment">
					<Value>#CTEST_RESOURCE_GROUP_COUNT=</Value>
				</NamedMeasurement>
				<Measurement>
					<Value>-- run_test.py: invoking following command in '/home/zac/franka_ws/src/franka_ros2/franka_fr3_moveit_config':
 - /opt/ros/humble/bin/ament_copyright --xunit-file /home/zac/franka_ws/build/franka_fr3_moveit_config/test_results/franka_fr3_moveit_config/copyright.xunit.xml
No problems found, checked 3 files
-- run_test.py: return code 0
-- run_test.py: verify result file '/home/zac/franka_ws/build/franka_fr3_moveit_config/test_results/franka_fr3_moveit_config/copyright.xunit.xml'
</Value>
				</Measurement>
			</Results>
			<Labels>
				<Label>copyright</Label>
				<Label>linter</Label>
			</Labels>
		</Test>
		<Test Status="passed">
			<Name>flake8</Name>
			<Path>.</Path>
			<FullName>./flake8</FullName>
			<FullCommandLine>/usr/bin/python3 "-u" "/opt/ros/humble/share/ament_cmake_test/cmake/run_test.py" "/home/zac/franka_ws/build/franka_fr3_moveit_config/test_results/franka_fr3_moveit_config/flake8.xunit.xml" "--package-name" "franka_fr3_moveit_config" "--output-file" "/home/zac/franka_ws/build/franka_fr3_moveit_config/ament_flake8/flake8.txt" "--command" "/opt/ros/humble/bin/ament_flake8" "--xunit-file" "/home/zac/franka_ws/build/franka_fr3_moveit_config/test_results/franka_fr3_moveit_config/flake8.xunit.xml"</FullCommandLine>
			<Results>
				<NamedMeasurement type="numeric/double" name="Execution Time">
					<Value>0.330687</Value>
				</NamedMeasurement>
				<NamedMeasurement type="numeric/double" name="Processors">
					<Value>1</Value>
				</NamedMeasurement>
				<NamedMeasurement type="text/string" name="Completion Status">
					<Value>Completed</Value>
				</NamedMeasurement>
				<NamedMeasurement type="text/string" name="Command Line">
					<Value>/usr/bin/python3 "-u" "/opt/ros/humble/share/ament_cmake_test/cmake/run_test.py" "/home/zac/franka_ws/build/franka_fr3_moveit_config/test_results/franka_fr3_moveit_config/flake8.xunit.xml" "--package-name" "franka_fr3_moveit_config" "--output-file" "/home/zac/franka_ws/build/franka_fr3_moveit_config/ament_flake8/flake8.txt" "--command" "/opt/ros/humble/bin/ament_flake8" "--xunit-file" "/home/zac/franka_ws/build/franka_fr3_moveit_config/test_results/franka_fr3_moveit_config/flake8.xunit.xml"</Value>
				</NamedMeasurement>
				<NamedMeasurement type="text/string" name="Environment">
					<Value>#CTEST_RESOURCE_GROUP_COUNT=</Value>
				</NamedMeasurement>
				<Measurement>
					<Value>-- run_test.py: invoking following command in '/home/zac/franka_ws/src/franka_ros2/franka_fr3_moveit_config':
 - /opt/ros/humble/bin/ament_flake8 --xunit-file /home/zac/franka_ws/build/franka_fr3_moveit_config/test_results/franka_fr3_moveit_config/flake8.xunit.xml

3 files checked
No problems found

Checked files:

* ./launch/moveit.launch.py
* ./launch/move_group.launch.py
* ./test/srdf_tests.py
-- run_test.py: return code 0
-- run_test.py: verify result file '/home/zac/franka_ws/build/franka_fr3_moveit_config/test_results/franka_fr3_moveit_config/flake8.xunit.xml'
</Value>
				</Measurement>
			</Results>
			<Labels>
				<Label>flake8</Label>
				<Label>linter</Label>
			</Labels>
		</Test>
		<Test Status="passed">
			<Name>lint_cmake</Name>
			<Path>.</Path>
			<FullName>./lint_cmake</FullName>
			<FullCommandLine>/usr/bin/python3 "-u" "/opt/ros/humble/share/ament_cmake_test/cmake/run_test.py" "/home/zac/franka_ws/build/franka_fr3_moveit_config/test_results/franka_fr3_moveit_config/lint_cmake.xunit.xml" "--package-name" "franka_fr3_moveit_config" "--output-file" "/home/zac/franka_ws/build/franka_fr3_moveit_config/ament_lint_cmake/lint_cmake.txt" "--command" "/opt/ros/humble/bin/ament_lint_cmake" "--xunit-file" "/home/zac/franka_ws/build/franka_fr3_moveit_config/test_results/franka_fr3_moveit_config/lint_cmake.xunit.xml"</FullCommandLine>
			<Results>
				<NamedMeasurement type="numeric/double" name="Execution Time">
					<Value>0.159965</Value>
				</NamedMeasurement>
				<NamedMeasurement type="numeric/double" name="Processors">
					<Value>1</Value>
				</NamedMeasurement>
				<NamedMeasurement type="text/string" name="Completion Status">
					<Value>Completed</Value>
				</NamedMeasurement>
				<NamedMeasurement type="text/string" name="Command Line">
					<Value>/usr/bin/python3 "-u" "/opt/ros/humble/share/ament_cmake_test/cmake/run_test.py" "/home/zac/franka_ws/build/franka_fr3_moveit_config/test_results/franka_fr3_moveit_config/lint_cmake.xunit.xml" "--package-name" "franka_fr3_moveit_config" "--output-file" "/home/zac/franka_ws/build/franka_fr3_moveit_config/ament_lint_cmake/lint_cmake.txt" "--command" "/opt/ros/humble/bin/ament_lint_cmake" "--xunit-file" "/home/zac/franka_ws/build/franka_fr3_moveit_config/test_results/franka_fr3_moveit_config/lint_cmake.xunit.xml"</Value>
				</NamedMeasurement>
				<NamedMeasurement type="text/string" name="Environment">
					<Value>#CTEST_RESOURCE_GROUP_COUNT=</Value>
				</NamedMeasurement>
				<Measurement>
					<Value>-- run_test.py: invoking following command in '/home/zac/franka_ws/src/franka_ros2/franka_fr3_moveit_config':
 - /opt/ros/humble/bin/ament_lint_cmake --xunit-file /home/zac/franka_ws/build/franka_fr3_moveit_config/test_results/franka_fr3_moveit_config/lint_cmake.xunit.xml

No problems found
-- run_test.py: return code 0
-- run_test.py: verify result file '/home/zac/franka_ws/build/franka_fr3_moveit_config/test_results/franka_fr3_moveit_config/lint_cmake.xunit.xml'
</Value>
				</Measurement>
			</Results>
			<Labels>
				<Label>lint_cmake</Label>
				<Label>linter</Label>
			</Labels>
		</Test>
		<Test Status="passed">
			<Name>pep257</Name>
			<Path>.</Path>
			<FullName>./pep257</FullName>
			<FullCommandLine>/usr/bin/python3 "-u" "/opt/ros/humble/share/ament_cmake_test/cmake/run_test.py" "/home/zac/franka_ws/build/franka_fr3_moveit_config/test_results/franka_fr3_moveit_config/pep257.xunit.xml" "--package-name" "franka_fr3_moveit_config" "--output-file" "/home/zac/franka_ws/build/franka_fr3_moveit_config/ament_pep257/pep257.txt" "--command" "/opt/ros/humble/bin/ament_pep257" "--xunit-file" "/home/zac/franka_ws/build/franka_fr3_moveit_config/test_results/franka_fr3_moveit_config/pep257.xunit.xml"</FullCommandLine>
			<Results>
				<NamedMeasurement type="numeric/double" name="Execution Time">
					<Value>0.237416</Value>
				</NamedMeasurement>
				<NamedMeasurement type="numeric/double" name="Processors">
					<Value>1</Value>
				</NamedMeasurement>
				<NamedMeasurement type="text/string" name="Completion Status">
					<Value>Completed</Value>
				</NamedMeasurement>
				<NamedMeasurement type="text/string" name="Command Line">
					<Value>/usr/bin/python3 "-u" "/opt/ros/humble/share/ament_cmake_test/cmake/run_test.py" "/home/zac/franka_ws/build/franka_fr3_moveit_config/test_results/franka_fr3_moveit_config/pep257.xunit.xml" "--package-name" "franka_fr3_moveit_config" "--output-file" "/home/zac/franka_ws/build/franka_fr3_moveit_config/ament_pep257/pep257.txt" "--command" "/opt/ros/humble/bin/ament_pep257" "--xunit-file" "/home/zac/franka_ws/build/franka_fr3_moveit_config/test_results/franka_fr3_moveit_config/pep257.xunit.xml"</Value>
				</NamedMeasurement>
				<NamedMeasurement type="text/string" name="Environment">
					<Value>#CTEST_RESOURCE_GROUP_COUNT=</Value>
				</NamedMeasurement>
				<Measurement>
					<Value>-- run_test.py: invoking following command in '/home/zac/franka_ws/src/franka_ros2/franka_fr3_moveit_config':
 - /opt/ros/humble/bin/ament_pep257 --xunit-file /home/zac/franka_ws/build/franka_fr3_moveit_config/test_results/franka_fr3_moveit_config/pep257.xunit.xml
checking ./launch/move_group.launch.py
checking ./launch/moveit.launch.py
checking ./test/srdf_tests.py
No problems found
-- run_test.py: return code 0
-- run_test.py: verify result file '/home/zac/franka_ws/build/franka_fr3_moveit_config/test_results/franka_fr3_moveit_config/pep257.xunit.xml'
</Value>
				</Measurement>
			</Results>
			<Labels>
				<Label>linter</Label>
				<Label>pep257</Label>
			</Labels>
		</Test>
		<Test Status="passed">
			<Name>xmllint</Name>
			<Path>.</Path>
			<FullName>./xmllint</FullName>
			<FullCommandLine>/usr/bin/python3 "-u" "/opt/ros/humble/share/ament_cmake_test/cmake/run_test.py" "/home/zac/franka_ws/build/franka_fr3_moveit_config/test_results/franka_fr3_moveit_config/xmllint.xunit.xml" "--package-name" "franka_fr3_moveit_config" "--output-file" "/home/zac/franka_ws/build/franka_fr3_moveit_config/ament_xmllint/xmllint.txt" "--command" "/opt/ros/humble/bin/ament_xmllint" "--xunit-file" "/home/zac/franka_ws/build/franka_fr3_moveit_config/test_results/franka_fr3_moveit_config/xmllint.xunit.xml"</FullCommandLine>
			<Results>
				<NamedMeasurement type="numeric/double" name="Execution Time">
					<Value>0.310828</Value>
				</NamedMeasurement>
				<NamedMeasurement type="numeric/double" name="Processors">
					<Value>1</Value>
				</NamedMeasurement>
				<NamedMeasurement type="text/string" name="Completion Status">
					<Value>Completed</Value>
				</NamedMeasurement>
				<NamedMeasurement type="text/string" name="Command Line">
					<Value>/usr/bin/python3 "-u" "/opt/ros/humble/share/ament_cmake_test/cmake/run_test.py" "/home/zac/franka_ws/build/franka_fr3_moveit_config/test_results/franka_fr3_moveit_config/xmllint.xunit.xml" "--package-name" "franka_fr3_moveit_config" "--output-file" "/home/zac/franka_ws/build/franka_fr3_moveit_config/ament_xmllint/xmllint.txt" "--command" "/opt/ros/humble/bin/ament_xmllint" "--xunit-file" "/home/zac/franka_ws/build/franka_fr3_moveit_config/test_results/franka_fr3_moveit_config/xmllint.xunit.xml"</Value>
				</NamedMeasurement>
				<NamedMeasurement type="text/string" name="Environment">
					<Value>#CTEST_RESOURCE_GROUP_COUNT=</Value>
				</NamedMeasurement>
				<Measurement>
					<Value>-- run_test.py: invoking following command in '/home/zac/franka_ws/src/franka_ros2/franka_fr3_moveit_config':
 - /opt/ros/humble/bin/ament_xmllint --xunit-file /home/zac/franka_ws/build/franka_fr3_moveit_config/test_results/franka_fr3_moveit_config/xmllint.xunit.xml
File 'package.xml' is valid

No problems found
-- run_test.py: return code 0
-- run_test.py: verify result file '/home/zac/franka_ws/build/franka_fr3_moveit_config/test_results/franka_fr3_moveit_config/xmllint.xunit.xml'
</Value>
				</Measurement>
			</Results>
			<Labels>
				<Label>linter</Label>
				<Label>xmllint</Label>
			</Labels>
		</Test>
		<EndDateTime>Aug 15 02:54 PDT</EndDateTime>
		<EndTestTime>1723715665</EndTestTime>
		<ElapsedMinutes>0</ElapsedMinutes>
	</Testing>
</Site>
