Start testing: Aug 15 02:54 PDT
----------------------------------------------------------
1/6 Testing: copyright
1/6 Test: copyright
Command: "/usr/bin/python3" "-u" "/opt/ros/humble/share/ament_cmake_test/cmake/run_test.py" "/home/zac/franka_ws/build/franka_ign_ros2_control/test_results/franka_ign_ros2_control/copyright.xunit.xml" "--package-name" "franka_ign_ros2_control" "--output-file" "/home/zac/franka_ws/build/franka_ign_ros2_control/ament_copyright/copyright.txt" "--command" "/opt/ros/humble/bin/ament_copyright" "--xunit-file" "/home/zac/franka_ws/build/franka_ign_ros2_control/test_results/franka_ign_ros2_control/copyright.xunit.xml"
Directory: /home/zac/franka_ws/src/franka_ros2/franka_gazebo/franka_ign_ros2_control
"copyright" start time: Aug 15 02:54 PDT
Output:
----------------------------------------------------------
-- run_test.py: invoking following command in '/home/zac/franka_ws/src/franka_ros2/franka_gazebo/franka_ign_ros2_control':
 - /opt/ros/humble/bin/ament_copyright --xunit-file /home/zac/franka_ws/build/franka_ign_ros2_control/test_results/franka_ign_ros2_control/copyright.xunit.xml
No problems found, checked 7 files
-- run_test.py: return code 0
-- run_test.py: verify result file '/home/zac/franka_ws/build/franka_ign_ros2_control/test_results/franka_ign_ros2_control/copyright.xunit.xml'
<end of output>
Test time =   0.57 sec
----------------------------------------------------------
Test Passed.
"copyright" end time: Aug 15 02:54 PDT
"copyright" time elapsed: 00:00:00
----------------------------------------------------------

2/6 Testing: cppcheck
2/6 Test: cppcheck
Command: "/usr/bin/python3" "-u" "/opt/ros/humble/share/ament_cmake_test/cmake/run_test.py" "/home/zac/franka_ws/build/franka_ign_ros2_control/test_results/franka_ign_ros2_control/cppcheck.xunit.xml" "--package-name" "franka_ign_ros2_control" "--output-file" "/home/zac/franka_ws/build/franka_ign_ros2_control/ament_cppcheck/cppcheck.txt" "--command" "/opt/ros/humble/bin/ament_cppcheck" "--xunit-file" "/home/zac/franka_ws/build/franka_ign_ros2_control/test_results/franka_ign_ros2_control/cppcheck.xunit.xml" "--include_dirs" "/home/zac/franka_ws/src/franka_ros2/franka_gazebo/franka_ign_ros2_control/include"
Directory: /home/zac/franka_ws/src/franka_ros2/franka_gazebo/franka_ign_ros2_control
"cppcheck" start time: Aug 15 02:54 PDT
Output:
----------------------------------------------------------
-- run_test.py: invoking following command in '/home/zac/franka_ws/src/franka_ros2/franka_gazebo/franka_ign_ros2_control':
 - /opt/ros/humble/bin/ament_cppcheck --xunit-file /home/zac/franka_ws/build/franka_ign_ros2_control/test_results/franka_ign_ros2_control/cppcheck.xunit.xml --include_dirs /home/zac/franka_ws/src/franka_ros2/franka_gazebo/franka_ign_ros2_control/include
cppcheck 2.7 has known performance issues and therefore will not be used, set the AMENT_CPPCHECK_ALLOW_SLOW_VERSIONS environment variable to override this.
-- run_test.py: return code 0
-- run_test.py: verify result file '/home/zac/franka_ws/build/franka_ign_ros2_control/test_results/franka_ign_ros2_control/cppcheck.xunit.xml'
<end of output>
Test time =   0.18 sec
----------------------------------------------------------
Test Passed.
"cppcheck" end time: Aug 15 02:54 PDT
"cppcheck" time elapsed: 00:00:00
----------------------------------------------------------

3/6 Testing: cpplint
3/6 Test: cpplint
Command: "/usr/bin/python3" "-u" "/opt/ros/humble/share/ament_cmake_test/cmake/run_test.py" "/home/zac/franka_ws/build/franka_ign_ros2_control/test_results/franka_ign_ros2_control/cpplint.xunit.xml" "--package-name" "franka_ign_ros2_control" "--output-file" "/home/zac/franka_ws/build/franka_ign_ros2_control/ament_cpplint/cpplint.txt" "--command" "/opt/ros/humble/bin/ament_cpplint" "--xunit-file" "/home/zac/franka_ws/build/franka_ign_ros2_control/test_results/franka_ign_ros2_control/cpplint.xunit.xml"
Directory: /home/zac/franka_ws/src/franka_ros2/franka_gazebo/franka_ign_ros2_control
"cpplint" start time: Aug 15 02:54 PDT
Output:
----------------------------------------------------------
-- run_test.py: invoking following command in '/home/zac/franka_ws/src/franka_ros2/franka_gazebo/franka_ign_ros2_control':
 - /opt/ros/humble/bin/ament_cpplint --xunit-file /home/zac/franka_ws/build/franka_ign_ros2_control/test_results/franka_ign_ros2_control/cpplint.xunit.xml
Using '--root=/home/zac/franka_ws/src/franka_ros2/franka_gazebo/franka_ign_ros2_control/include' argument

Done processing /home/zac/franka_ws/src/franka_ros2/franka_gazebo/franka_ign_ros2_control/include/ign_ros2_control/ign_ros2_control_plugin.hpp

Done processing /home/zac/franka_ws/src/franka_ros2/franka_gazebo/franka_ign_ros2_control/include/ign_ros2_control/ign_system.hpp

Done processing /home/zac/franka_ws/src/franka_ros2/franka_gazebo/franka_ign_ros2_control/include/ign_ros2_control/ign_system_interface.hpp

Done processing /home/zac/franka_ws/src/franka_ros2/franka_gazebo/franka_ign_ros2_control/include/ign_ros2_control/model_kdl.h

Using '--root=/home/zac/franka_ws/src/franka_ros2/franka_gazebo/franka_ign_ros2_control/src' argument

Done processing /home/zac/franka_ws/src/franka_ros2/franka_gazebo/franka_ign_ros2_control/src/ign_ros2_control_plugin.cpp

Done processing /home/zac/franka_ws/src/franka_ros2/franka_gazebo/franka_ign_ros2_control/src/ign_system.cpp

Done processing /home/zac/franka_ws/src/franka_ros2/franka_gazebo/franka_ign_ros2_control/src/model_kdl.cpp

No problems found
-- run_test.py: return code 0
-- run_test.py: verify result file '/home/zac/franka_ws/build/franka_ign_ros2_control/test_results/franka_ign_ros2_control/cpplint.xunit.xml'
<end of output>
Test time =   0.66 sec
----------------------------------------------------------
Test Passed.
"cpplint" end time: Aug 15 02:54 PDT
"cpplint" time elapsed: 00:00:00
----------------------------------------------------------

4/6 Testing: lint_cmake
4/6 Test: lint_cmake
Command: "/usr/bin/python3" "-u" "/opt/ros/humble/share/ament_cmake_test/cmake/run_test.py" "/home/zac/franka_ws/build/franka_ign_ros2_control/test_results/franka_ign_ros2_control/lint_cmake.xunit.xml" "--package-name" "franka_ign_ros2_control" "--output-file" "/home/zac/franka_ws/build/franka_ign_ros2_control/ament_lint_cmake/lint_cmake.txt" "--command" "/opt/ros/humble/bin/ament_lint_cmake" "--xunit-file" "/home/zac/franka_ws/build/franka_ign_ros2_control/test_results/franka_ign_ros2_control/lint_cmake.xunit.xml"
Directory: /home/zac/franka_ws/src/franka_ros2/franka_gazebo/franka_ign_ros2_control
"lint_cmake" start time: Aug 15 02:54 PDT
Output:
----------------------------------------------------------
-- run_test.py: invoking following command in '/home/zac/franka_ws/src/franka_ros2/franka_gazebo/franka_ign_ros2_control':
 - /opt/ros/humble/bin/ament_lint_cmake --xunit-file /home/zac/franka_ws/build/franka_ign_ros2_control/test_results/franka_ign_ros2_control/lint_cmake.xunit.xml

No problems found
-- run_test.py: return code 0
-- run_test.py: verify result file '/home/zac/franka_ws/build/franka_ign_ros2_control/test_results/franka_ign_ros2_control/lint_cmake.xunit.xml'
<end of output>
Test time =   0.16 sec
----------------------------------------------------------
Test Passed.
"lint_cmake" end time: Aug 15 02:54 PDT
"lint_cmake" time elapsed: 00:00:00
----------------------------------------------------------

5/6 Testing: uncrustify
5/6 Test: uncrustify
Command: "/usr/bin/python3" "-u" "/opt/ros/humble/share/ament_cmake_test/cmake/run_test.py" "/home/zac/franka_ws/build/franka_ign_ros2_control/test_results/franka_ign_ros2_control/uncrustify.xunit.xml" "--package-name" "franka_ign_ros2_control" "--output-file" "/home/zac/franka_ws/build/franka_ign_ros2_control/ament_uncrustify/uncrustify.txt" "--command" "/opt/ros/humble/bin/ament_uncrustify" "--xunit-file" "/home/zac/franka_ws/build/franka_ign_ros2_control/test_results/franka_ign_ros2_control/uncrustify.xunit.xml"
Directory: /home/zac/franka_ws/src/franka_ros2/franka_gazebo/franka_ign_ros2_control
"uncrustify" start time: Aug 15 02:54 PDT
Output:
----------------------------------------------------------
-- run_test.py: invoking following command in '/home/zac/franka_ws/src/franka_ros2/franka_gazebo/franka_ign_ros2_control':
 - /opt/ros/humble/bin/ament_uncrustify --xunit-file /home/zac/franka_ws/build/franka_ign_ros2_control/test_results/franka_ign_ros2_control/uncrustify.xunit.xml
No code style divergence in file 'include/ign_ros2_control/ign_ros2_control_plugin.hpp'

No code style divergence in file 'include/ign_ros2_control/ign_system.hpp'

No code style divergence in file 'include/ign_ros2_control/ign_system_interface.hpp'

No code style divergence in file 'include/ign_ros2_control/model_kdl.h'

No code style divergence in file 'src/ign_ros2_control_plugin.cpp'

No code style divergence in file 'src/ign_system.cpp'

No code style divergence in file 'src/model_kdl.cpp'

No problems found
-- run_test.py: return code 0
-- run_test.py: verify result file '/home/zac/franka_ws/build/franka_ign_ros2_control/test_results/franka_ign_ros2_control/uncrustify.xunit.xml'
<end of output>
Test time =   0.24 sec
----------------------------------------------------------
Test Passed.
"uncrustify" end time: Aug 15 02:54 PDT
"uncrustify" time elapsed: 00:00:00
----------------------------------------------------------

6/6 Testing: xmllint
6/6 Test: xmllint
Command: "/usr/bin/python3" "-u" "/opt/ros/humble/share/ament_cmake_test/cmake/run_test.py" "/home/zac/franka_ws/build/franka_ign_ros2_control/test_results/franka_ign_ros2_control/xmllint.xunit.xml" "--package-name" "franka_ign_ros2_control" "--output-file" "/home/zac/franka_ws/build/franka_ign_ros2_control/ament_xmllint/xmllint.txt" "--command" "/opt/ros/humble/bin/ament_xmllint" "--xunit-file" "/home/zac/franka_ws/build/franka_ign_ros2_control/test_results/franka_ign_ros2_control/xmllint.xunit.xml"
Directory: /home/zac/franka_ws/src/franka_ros2/franka_gazebo/franka_ign_ros2_control
"xmllint" start time: Aug 15 02:54 PDT
Output:
----------------------------------------------------------
-- run_test.py: invoking following command in '/home/zac/franka_ws/src/franka_ros2/franka_gazebo/franka_ign_ros2_control':
 - /opt/ros/humble/bin/ament_xmllint --xunit-file /home/zac/franka_ws/build/franka_ign_ros2_control/test_results/franka_ign_ros2_control/xmllint.xunit.xml
File 'ign_hardware_plugins.xml' is valid

File 'package.xml' is valid

No problems found
-- run_test.py: return code 0
-- run_test.py: verify result file '/home/zac/franka_ws/build/franka_ign_ros2_control/test_results/franka_ign_ros2_control/xmllint.xunit.xml'
<end of output>
Test time =   0.16 sec
----------------------------------------------------------
Test Passed.
"xmllint" end time: Aug 15 02:54 PDT
"xmllint" time elapsed: 00:00:00
----------------------------------------------------------

End testing: Aug 15 02:54 PDT

copyright =   0.57 sec*proc

cppcheck =   0.18 sec*proc

cpplint =   0.66 sec*proc

lint_cmake =   0.16 sec*proc

linter =   1.97 sec*proc

uncrustify =   0.24 sec*proc

xmllint =   0.16 sec*proc

