UpdateCTestConfiguration  from :/home/zac/franka_ws/build/franka_robot_state_broadcaster/CTestConfiguration.ini
Parse Config file:/home/zac/franka_ws/build/franka_robot_state_broadcaster/CTestConfiguration.ini
   Site: CHARISMA-Predator-571
   Build name: (empty)
 Add coverage exclude regular expressions.
Create new tag: 20240815-0954 - Experimental
UpdateCTestConfiguration  from :/home/zac/franka_ws/build/franka_robot_state_broadcaster/CTestConfiguration.ini
Parse Config file:/home/zac/franka_ws/build/franka_robot_state_broadcaster/CTestConfiguration.ini
Test project /home/zac/franka_ws/build/franka_robot_state_broadcaster
Constructing a list of tests
Done constructing a list of tests
Updating test list for fixtures
Added 0 tests to meet fixture requirements
Checking test dependency graph...
Checking test dependency graph end
test 1
    Start 1: clang_format

1: Test command: /usr/bin/python3 "-u" "/opt/ros/humble/share/ament_cmake_test/cmake/run_test.py" "/home/zac/franka_ws/build/franka_robot_state_broadcaster/test_results/franka_robot_state_broadcaster/clang_format.xunit.xml" "--package-name" "franka_robot_state_broadcaster" "--output-file" "/home/zac/franka_ws/build/franka_robot_state_broadcaster/ament_clang_format/clang_format.txt" "--command" "/opt/ros/humble/bin/ament_clang_format" "--xunit-file" "/home/zac/franka_ws/build/franka_robot_state_broadcaster/test_results/franka_robot_state_broadcaster/clang_format.xunit.xml" "src" "include" "--config" "../.clang-format"
1: Test timeout computed to be: 60
1: -- run_test.py: invoking following command in '/home/zac/franka_ws/src/franka_ros2/franka_robot_state_broadcaster':
1:  - /opt/ros/humble/bin/ament_clang_format --xunit-file /home/zac/franka_ws/build/franka_robot_state_broadcaster/test_results/franka_robot_state_broadcaster/clang_format.xunit.xml src include --config ../.clang-format
1: No code style divergence in file 'src/franka_robot_state_broadcaster.cpp'
1: 
1: No code style divergence in file 'include/franka_robot_state_broadcaster/franka_robot_state_broadcaster.hpp'
1: 
1: No problems found
1: -- run_test.py: return code 0
1: -- run_test.py: verify result file '/home/zac/franka_ws/build/franka_robot_state_broadcaster/test_results/franka_robot_state_broadcaster/clang_format.xunit.xml'
1/9 Test #1: clang_format ...............................   Passed    0.20 sec
test 2
    Start 2: copyright

2: Test command: /usr/bin/python3 "-u" "/opt/ros/humble/share/ament_cmake_test/cmake/run_test.py" "/home/zac/franka_ws/build/franka_robot_state_broadcaster/test_results/franka_robot_state_broadcaster/copyright.xunit.xml" "--package-name" "franka_robot_state_broadcaster" "--output-file" "/home/zac/franka_ws/build/franka_robot_state_broadcaster/ament_copyright/copyright.txt" "--command" "/opt/ros/humble/bin/ament_copyright" "--xunit-file" "/home/zac/franka_ws/build/franka_robot_state_broadcaster/test_results/franka_robot_state_broadcaster/copyright.xunit.xml" "src" "include" "package.xml"
2: Test timeout computed to be: 200
2: -- run_test.py: invoking following command in '/home/zac/franka_ws/src/franka_ros2/franka_robot_state_broadcaster':
2:  - /opt/ros/humble/bin/ament_copyright --xunit-file /home/zac/franka_ws/build/franka_robot_state_broadcaster/test_results/franka_robot_state_broadcaster/copyright.xunit.xml src include package.xml
2: No problems found, checked 2 files
2: -- run_test.py: return code 0
2: -- run_test.py: verify result file '/home/zac/franka_ws/build/franka_robot_state_broadcaster/test_results/franka_robot_state_broadcaster/copyright.xunit.xml'
2/9 Test #2: copyright ..................................   Passed    0.26 sec
test 3
    Start 3: cppcheck

3: Test command: /usr/bin/python3 "-u" "/opt/ros/humble/share/ament_cmake_test/cmake/run_test.py" "/home/zac/franka_ws/build/franka_robot_state_broadcaster/test_results/franka_robot_state_broadcaster/cppcheck.xunit.xml" "--package-name" "franka_robot_state_broadcaster" "--output-file" "/home/zac/franka_ws/build/franka_robot_state_broadcaster/ament_cppcheck/cppcheck.txt" "--command" "/opt/ros/humble/bin/ament_cppcheck" "--xunit-file" "/home/zac/franka_ws/build/franka_robot_state_broadcaster/test_results/franka_robot_state_broadcaster/cppcheck.xunit.xml" "src" "include"
3: Test timeout computed to be: 300
3: -- run_test.py: invoking following command in '/home/zac/franka_ws/src/franka_ros2/franka_robot_state_broadcaster':
3:  - /opt/ros/humble/bin/ament_cppcheck --xunit-file /home/zac/franka_ws/build/franka_robot_state_broadcaster/test_results/franka_robot_state_broadcaster/cppcheck.xunit.xml src include
3: cppcheck 2.7 has known performance issues and therefore will not be used, set the AMENT_CPPCHECK_ALLOW_SLOW_VERSIONS environment variable to override this.
3: -- run_test.py: return code 0
3: -- run_test.py: verify result file '/home/zac/franka_ws/build/franka_robot_state_broadcaster/test_results/franka_robot_state_broadcaster/cppcheck.xunit.xml'
3/9 Test #3: cppcheck ...................................   Passed    0.16 sec
test 4
    Start 4: lint_cmake

4: Test command: /usr/bin/python3 "-u" "/opt/ros/humble/share/ament_cmake_test/cmake/run_test.py" "/home/zac/franka_ws/build/franka_robot_state_broadcaster/test_results/franka_robot_state_broadcaster/lint_cmake.xunit.xml" "--package-name" "franka_robot_state_broadcaster" "--output-file" "/home/zac/franka_ws/build/franka_robot_state_broadcaster/ament_lint_cmake/lint_cmake.txt" "--command" "/opt/ros/humble/bin/ament_lint_cmake" "--xunit-file" "/home/zac/franka_ws/build/franka_robot_state_broadcaster/test_results/franka_robot_state_broadcaster/lint_cmake.xunit.xml" "CMakeLists.txt"
4: Test timeout computed to be: 60
4: -- run_test.py: invoking following command in '/home/zac/franka_ws/src/franka_ros2/franka_robot_state_broadcaster':
4:  - /opt/ros/humble/bin/ament_lint_cmake --xunit-file /home/zac/franka_ws/build/franka_robot_state_broadcaster/test_results/franka_robot_state_broadcaster/lint_cmake.xunit.xml CMakeLists.txt
4: 
4: No problems found
4: -- run_test.py: return code 0
4: -- run_test.py: verify result file '/home/zac/franka_ws/build/franka_robot_state_broadcaster/test_results/franka_robot_state_broadcaster/lint_cmake.xunit.xml'
4/9 Test #4: lint_cmake .................................   Passed    0.15 sec
test 5
    Start 5: flake8

5: Test command: /usr/bin/python3 "-u" "/opt/ros/humble/share/ament_cmake_test/cmake/run_test.py" "/home/zac/franka_ws/build/franka_robot_state_broadcaster/test_results/franka_robot_state_broadcaster/flake8.xunit.xml" "--package-name" "franka_robot_state_broadcaster" "--output-file" "/home/zac/franka_ws/build/franka_robot_state_broadcaster/ament_flake8/flake8.txt" "--command" "/opt/ros/humble/bin/ament_flake8" "--xunit-file" "/home/zac/franka_ws/build/franka_robot_state_broadcaster/test_results/franka_robot_state_broadcaster/flake8.xunit.xml"
5: Test timeout computed to be: 60
5: -- run_test.py: invoking following command in '/home/zac/franka_ws/src/franka_ros2/franka_robot_state_broadcaster':
5:  - /opt/ros/humble/bin/ament_flake8 --xunit-file /home/zac/franka_ws/build/franka_robot_state_broadcaster/test_results/franka_robot_state_broadcaster/flake8.xunit.xml
5: 
5: 0 files checked
5: No problems found
5: 
5: Checked files:
5: 
5: -- run_test.py: return code 0
5: -- run_test.py: verify result file '/home/zac/franka_ws/build/franka_robot_state_broadcaster/test_results/franka_robot_state_broadcaster/flake8.xunit.xml'
5/9 Test #5: flake8 .....................................   Passed    0.25 sec
test 6
    Start 6: pep257

6: Test command: /usr/bin/python3 "-u" "/opt/ros/humble/share/ament_cmake_test/cmake/run_test.py" "/home/zac/franka_ws/build/franka_robot_state_broadcaster/test_results/franka_robot_state_broadcaster/pep257.xunit.xml" "--package-name" "franka_robot_state_broadcaster" "--output-file" "/home/zac/franka_ws/build/franka_robot_state_broadcaster/ament_pep257/pep257.txt" "--command" "/opt/ros/humble/bin/ament_pep257" "--xunit-file" "/home/zac/franka_ws/build/franka_robot_state_broadcaster/test_results/franka_robot_state_broadcaster/pep257.xunit.xml"
6: Test timeout computed to be: 60
6: -- run_test.py: invoking following command in '/home/zac/franka_ws/src/franka_ros2/franka_robot_state_broadcaster':
6:  - /opt/ros/humble/bin/ament_pep257 --xunit-file /home/zac/franka_ws/build/franka_robot_state_broadcaster/test_results/franka_robot_state_broadcaster/pep257.xunit.xml
6: No problems found
6: -- run_test.py: return code 0
6: -- run_test.py: verify result file '/home/zac/franka_ws/build/franka_robot_state_broadcaster/test_results/franka_robot_state_broadcaster/pep257.xunit.xml'
6/9 Test #6: pep257 .....................................   Passed    0.21 sec
test 7
    Start 7: xmllint

7: Test command: /usr/bin/python3 "-u" "/opt/ros/humble/share/ament_cmake_test/cmake/run_test.py" "/home/zac/franka_ws/build/franka_robot_state_broadcaster/test_results/franka_robot_state_broadcaster/xmllint.xunit.xml" "--package-name" "franka_robot_state_broadcaster" "--output-file" "/home/zac/franka_ws/build/franka_robot_state_broadcaster/ament_xmllint/xmllint.txt" "--command" "/opt/ros/humble/bin/ament_xmllint" "--xunit-file" "/home/zac/franka_ws/build/franka_robot_state_broadcaster/test_results/franka_robot_state_broadcaster/xmllint.xunit.xml"
7: Test timeout computed to be: 60
7: -- run_test.py: invoking following command in '/home/zac/franka_ws/src/franka_ros2/franka_robot_state_broadcaster':
7:  - /opt/ros/humble/bin/ament_xmllint --xunit-file /home/zac/franka_ws/build/franka_robot_state_broadcaster/test_results/franka_robot_state_broadcaster/xmllint.xunit.xml
7: File 'franka_robot_state_broadcaster.xml' is valid
7: 
7: File 'package.xml' is valid
7: 
7: No problems found
7: -- run_test.py: return code 0
7: -- run_test.py: verify result file '/home/zac/franka_ws/build/franka_robot_state_broadcaster/test_results/franka_robot_state_broadcaster/xmllint.xunit.xml'
7/9 Test #7: xmllint ....................................   Passed    0.18 sec
test 8
    Start 8: franka_robot_state_broadcaster_test

8: Test command: /usr/bin/python3 "-u" "/opt/ros/humble/share/ament_cmake_test/cmake/run_test.py" "/home/zac/franka_ws/build/franka_robot_state_broadcaster/test_results/franka_robot_state_broadcaster/franka_robot_state_broadcaster_test.gtest.xml" "--package-name" "franka_robot_state_broadcaster" "--output-file" "/home/zac/franka_ws/build/franka_robot_state_broadcaster/test_results/franka_robot_state_broadcaster/franka_robot_state_broadcaster_test.txt" "--command" "/home/zac/franka_ws/build/franka_robot_state_broadcaster/franka_robot_state_broadcaster_test" "--ros-args" "--params-file" "/home/zac/franka_ws/src/franka_ros2/franka_robot_state_broadcaster/test/franka_robot_state_broadcaster_parameters.yaml" "--" "--gtest_output=xml:/home/zac/franka_ws/build/franka_robot_state_broadcaster/test_results/franka_robot_state_broadcaster/franka_robot_state_broadcaster_test.gtest.xml"
8: Test timeout computed to be: 60
8: -- run_test.py: invoking following command in '/home/zac/franka_ws/build/franka_robot_state_broadcaster':
8:  - /home/zac/franka_ws/build/franka_robot_state_broadcaster/franka_robot_state_broadcaster_test --ros-args --params-file /home/zac/franka_ws/src/franka_ros2/franka_robot_state_broadcaster/test/franka_robot_state_broadcaster_parameters.yaml -- --gtest_output=xml:/home/zac/franka_ws/build/franka_robot_state_broadcaster/test_results/franka_robot_state_broadcaster/franka_robot_state_broadcaster_test.gtest.xml
8: [==========] Running 6 tests from 1 test suite.
8: [----------] Global test environment set-up.
8: [----------] 6 tests from TestFrankaRobotStateBroadcaster
8: [ RUN      ] TestFrankaRobotStateBroadcaster.test_init_return_success
8: [       OK ] TestFrankaRobotStateBroadcaster.test_init_return_success (48 ms)
8: [ RUN      ] TestFrankaRobotStateBroadcaster.test_configure_return_success
8: 
8: GMOCK WARNING:
8: Uninteresting mock function call - returning directly.
8:     Function call: initialize_robot_state_msg(@0x563e99d82fa0 2360-byte object <00-00 00-00 00-00 00-00 B8-2F D8-99 3E-56 00-00 00-00 00-00 00-00 00-00 00-2F D8-99 3E-56 00-00 00-00 00-00 00-00 00-00 00-00 00-00 00-00 00-00 00-00 00-00 00-00 00-00 00-00 00-00 00-00 00-00 ... 00-00 00-00 00-00 00-00 00-00 00-00 00-00 00-00 00-00 00-00 00-00 00-00 00-00 00-00 00-00 00-00 00-00 00-00 00-00 00-00 00-00 00-00 00-00 00-00 00-00 00-00 00-00 00-00 00-00 00-00 00-00 00-00>)
8: NOTE: You can safely ignore the above warning unless this call should not happen.  Do not suppress it by blindly adding an EXPECT_CALL() if you don't mean to enforce the call.  See https://github.com/google/googletest/blob/master/googlemock/docs/cook_book.md#knowing-when-to-expect for details.
8: [       OK ] TestFrankaRobotStateBroadcaster.test_configure_return_success (14 ms)
8: [ RUN      ] TestFrankaRobotStateBroadcaster.test_activate_return_success
8: 
8: GMOCK WARNING:
8: Uninteresting mock function call - returning directly.
8:     Function call: initialize_robot_state_msg(@0x563e99bc5de0 2360-byte object <00-00 00-00 00-00 00-00 F8-5D BC-99 3E-56 00-00 00-00 00-00 00-00 00-00 00-00 00-00 00-00 00-00 00-00 00-00 00-00 00-00 00-00 00-00 00-00 00-00 00-00 00-00 00-00 00-00 00-00 00-00 00-00 00-00 ... 00-00 00-00 00-00 00-00 00-00 00-00 00-00 00-00 00-00 00-00 00-00 00-00 00-00 00-00 00-00 00-00 00-00 00-00 00-00 00-00 00-00 00-00 00-00 00-00 00-00 00-00 00-00 00-00 00-3F 00-00 00-00 00-00>)
8: NOTE: You can safely ignore the above warning unless this call should not happen.  Do not suppress it by blindly adding an EXPECT_CALL() if you don't mean to enforce the call.  See https://github.com/google/googletest/blob/master/googlemock/docs/cook_book.md#knowing-when-to-expect for details.
8: [       OK ] TestFrankaRobotStateBroadcaster.test_activate_return_success (12 ms)
8: [ RUN      ] TestFrankaRobotStateBroadcaster.test_deactivate_return_success
8: 
8: GMOCK WARNING:
8: Uninteresting mock function call - returning directly.
8:     Function call: initialize_robot_state_msg(@0x563e99ba6960 2360-byte object <00-00 00-00 00-00 00-00 78-69 BA-99 3E-56 00-00 00-00 00-00 00-00 00-00 00-00 00-00 00-00 00-00 00-00 00-00 00-00 00-00 00-00 00-00 00-00 00-00 00-00 00-00 00-00 00-00 00-00 00-00 00-00 00-00 ... 00-00 00-00 00-00 00-00 00-00 00-00 00-00 00-00 00-00 00-00 00-00 00-00 00-00 00-00 00-00 00-00 00-00 00-00 00-00 00-00 00-00 00-00 00-00 00-00 00-00 00-00 00-00 00-00 00-00 00-00 00-00 00-00>)
8: NOTE: You can safely ignore the above warning unless this call should not happen.  Do not suppress it by blindly adding an EXPECT_CALL() if you don't mean to enforce the call.  See https://github.com/google/googletest/blob/master/googlemock/docs/cook_book.md#knowing-when-to-expect for details.
8: [       OK ] TestFrankaRobotStateBroadcaster.test_deactivate_return_success (11 ms)
8: [ RUN      ] TestFrankaRobotStateBroadcaster.test_update_without_franka_state_interface_returns_error
8: 
8: GMOCK WARNING:
8: Uninteresting mock function call - returning directly.
8:     Function call: initialize_robot_state_msg(@0x563e99dcfdc0 2360-byte object <00-00 00-00 00-00 00-00 D8-FD DC-99 3E-56 00-00 00-00 00-00 00-00 00-00 00-00 00-00 00-00 00-00 00-00 00-00 00-00 00-00 00-00 00-00 00-00 00-00 00-00 00-00 00-00 00-00 00-00 00-00 00-00 00-00 ... 00-00 00-00 00-00 00-00 00-00 00-00 00-00 00-00 00-00 00-00 00-00 00-00 00-00 00-00 00-00 00-00 00-00 00-00 00-00 00-00 00-00 00-00 00-00 00-00 00-00 00-00 00-00 00-00 00-00 00-00 00-00 00-00>)
8: NOTE: You can safely ignore the above warning unless this call should not happen.  Do not suppress it by blindly adding an EXPECT_CALL() if you don't mean to enforce the call.  See https://github.com/google/googletest/blob/master/googlemock/docs/cook_book.md#knowing-when-to-expect for details.
8: [ERROR] [1723715667.330351070] [franka_state_semantic_component]: Franka state interface does not exist! Did you assign the loaned state in the controller?
8: [ERROR] [1723715667.330401475] [test_broadcaster]: Failed to get franka state via franka state interface.
8: [       OK ] TestFrankaRobotStateBroadcaster.test_update_without_franka_state_interface_returns_error (13 ms)
8: [ RUN      ] TestFrankaRobotStateBroadcaster.test_update_with_franka_state_returns_success
8: [  SKIPPED ] TestFrankaRobotStateBroadcaster.test_update_with_franka_state_returns_success (10 ms)
8: [----------] 6 tests from TestFrankaRobotStateBroadcaster (109 ms total)
8: 
8: [----------] Global test environment tear-down
8: [==========] 6 tests from 1 test suite ran. (109 ms total)
8: [  PASSED  ] 5 tests.
8: [  SKIPPED ] 1 test, listed below:
8: [  SKIPPED ] TestFrankaRobotStateBroadcaster.test_update_with_franka_state_returns_success
8: -- run_test.py: return code 0
8: -- run_test.py: inject classname prefix into gtest result file '/home/zac/franka_ws/build/franka_robot_state_broadcaster/test_results/franka_robot_state_broadcaster/franka_robot_state_broadcaster_test.gtest.xml'
8: -- run_test.py: verify result file '/home/zac/franka_ws/build/franka_robot_state_broadcaster/test_results/franka_robot_state_broadcaster/franka_robot_state_broadcaster_test.gtest.xml'
8/9 Test #8: franka_robot_state_broadcaster_test ........   Passed    0.31 sec
test 9
    Start 9: test_load_franka_robot_state_broadcaster

9: Test command: /usr/bin/python3 "-u" "/opt/ros/humble/share/ament_cmake_test/cmake/run_test.py" "/home/zac/franka_ws/build/franka_robot_state_broadcaster/test_results/franka_robot_state_broadcaster/test_load_franka_robot_state_broadcaster.gtest.xml" "--package-name" "franka_robot_state_broadcaster" "--output-file" "/home/zac/franka_ws/build/franka_robot_state_broadcaster/ament_cmake_gmock/test_load_franka_robot_state_broadcaster.txt" "--command" "/home/zac/franka_ws/build/franka_robot_state_broadcaster/test_load_franka_robot_state_broadcaster" "--gtest_output=xml:/home/zac/franka_ws/build/franka_robot_state_broadcaster/test_results/franka_robot_state_broadcaster/test_load_franka_robot_state_broadcaster.gtest.xml"
9: Test timeout computed to be: 60
9: -- run_test.py: invoking following command in '/home/zac/franka_ws/build/franka_robot_state_broadcaster':
9:  - /home/zac/franka_ws/build/franka_robot_state_broadcaster/test_load_franka_robot_state_broadcaster --gtest_output=xml:/home/zac/franka_ws/build/franka_robot_state_broadcaster/test_results/franka_robot_state_broadcaster/test_load_franka_robot_state_broadcaster.gtest.xml
9: Running main() from gmock_main.cc
9: [==========] Running 1 test from 1 test suite.
9: [----------] Global test environment set-up.
9: [----------] 1 test from TestLoadFrankaRobotStateBroadcaster
9: [ RUN      ] TestLoadFrankaRobotStateBroadcaster.load_controller
9: [INFO] [1723715667.542676793] [resource_manager]: Loading hardware 'TestActuatorHardware' 
9: unknown file: Failure
9: C++ exception with description "According to the loaded plugin descriptions the class test_actuator with base class type hardware_interface::ActuatorInterface does not exist. Declared types are  test_hardware_components/TestSingleJointActuator" thrown in the test body.
9: [  FAILED  ] TestLoadFrankaRobotStateBroadcaster.load_controller (8 ms)
9: [----------] 1 test from TestLoadFrankaRobotStateBroadcaster (8 ms total)
9: 
9: [----------] Global test environment tear-down
9: [==========] 1 test from 1 test suite ran. (8 ms total)
9: [  PASSED  ] 0 tests.
9: [  FAILED  ] 1 test, listed below:
9: [  FAILED  ] TestLoadFrankaRobotStateBroadcaster.load_controller
9: 
9:  1 FAILED TEST
9: -- run_test.py: return code 1
9: -- run_test.py: inject classname prefix into gtest result file '/home/zac/franka_ws/build/franka_robot_state_broadcaster/test_results/franka_robot_state_broadcaster/test_load_franka_robot_state_broadcaster.gtest.xml'
9: -- run_test.py: verify result file '/home/zac/franka_ws/build/franka_robot_state_broadcaster/test_results/franka_robot_state_broadcaster/test_load_franka_robot_state_broadcaster.gtest.xml'
9/9 Test #9: test_load_franka_robot_state_broadcaster ...***Failed    0.11 sec

89% tests passed[0;0m, [0;31m1 tests failed[0;0m out of 9

Label Time Summary:
clang_format    =   0.20 sec*proc (1 test)
copyright       =   0.26 sec*proc (1 test)
cppcheck        =   0.16 sec*proc (1 test)
flake8          =   0.25 sec*proc (1 test)
gmock           =   0.11 sec*proc (1 test)
lint_cmake      =   0.15 sec*proc (1 test)
linter          =   1.41 sec*proc (7 tests)
pep257          =   0.21 sec*proc (1 test)
xmllint         =   0.18 sec*proc (1 test)

Total Test time (real) =   1.84 sec

The following tests FAILED:
	[0;31m  9 - test_load_franka_robot_state_broadcaster (Failed)[0;0m
Errors while running CTest
Output from these tests are in: /home/zac/franka_ws/build/franka_robot_state_broadcaster/Testing/Temporary/LastTest.log
Use "--rerun-failed --output-on-failure" to re-run the failed cases verbosely.
