[0.034s] Invoking command in '/home/zac/franka_ws/build/franka_robot_state_broadcaster': CMAKE_PREFIX_PATH=/home/zac/franka_ws/install/franka_robot_state_broadcaster:/home/zac/franka_ws/install/franka_semantic_components:/home/zac/franka_ws/install/franka_hardware:/home/zac/franka_ws/install/franka_msgs:/home/zac/franka_ws/install/joint_trajectory_controller:/home/zac/franka_ws/install/integration_launch_testing:/home/zac/franka_ws/install/franka_bringup:/home/zac/franka_ws/install/franka_example_controllers:/home/zac/franka_ws/install/franka_gazebo_bringup:/home/zac/franka_ws/install/franka_ign_ros2_control:/home/zac/franka_ws/install/franka_fr3_moveit_config:/home/zac/franka_ws/install/franka_gripper:/home/zac/franka_ws/install/franka_description LD_LIBRARY_PATH=/home/zac/franka_ws/install/franka_robot_state_broadcaster/lib:/home/zac/franka_ws/install/franka_semantic_components/lib:/home/zac/franka_ws/install/franka_hardware/lib:/home/zac/franka_ws/install/franka_msgs/lib:/home/zac/franka_ws/install/joint_trajectory_controller/lib:/home/zac/franka_ws/install/integration_launch_testing/lib:/home/zac/franka_ws/install/franka_example_controllers/lib:/home/zac/franka_ws/install/franka_ign_ros2_control/lib:/home/zac/franka_ws/install/franka_gripper/lib:/opt/ros/humble/opt/rviz_ogre_vendor/lib:/opt/ros/humble/lib/x86_64-linux-gnu:/opt/ros/humble/lib /usr/bin/ctest -C Release -D ExperimentalTest --no-compress-output -V --force-new-ctest-process
[0.042s] UpdateCTestConfiguration  from :/home/zac/franka_ws/build/franka_robot_state_broadcaster/CTestConfiguration.ini
[0.042s] Parse Config file:/home/zac/franka_ws/build/franka_robot_state_broadcaster/CTestConfiguration.ini
[0.043s]    Site: CHARISMA-Predator-571
[0.043s]    Build name: (empty)
[0.043s]  Add coverage exclude regular expressions.
[0.043s] Create new tag: 20240815-0954 - Experimental
[0.043s] UpdateCTestConfiguration  from :/home/zac/franka_ws/build/franka_robot_state_broadcaster/CTestConfiguration.ini
[0.044s] Parse Config file:/home/zac/franka_ws/build/franka_robot_state_broadcaster/CTestConfiguration.ini
[0.044s] Test project /home/zac/franka_ws/build/franka_robot_state_broadcaster
[0.044s] Constructing a list of tests
[0.044s] Done constructing a list of tests
[0.044s] Updating test list for fixtures
[0.044s] Added 0 tests to meet fixture requirements
[0.044s] Checking test dependency graph...
[0.045s] Checking test dependency graph end
[0.045s] test 1
[0.045s]     Start 1: clang_format
[0.045s] 
[0.045s] 1: Test command: /usr/bin/python3 "-u" "/opt/ros/humble/share/ament_cmake_test/cmake/run_test.py" "/home/zac/franka_ws/build/franka_robot_state_broadcaster/test_results/franka_robot_state_broadcaster/clang_format.xunit.xml" "--package-name" "franka_robot_state_broadcaster" "--output-file" "/home/zac/franka_ws/build/franka_robot_state_broadcaster/ament_clang_format/clang_format.txt" "--command" "/opt/ros/humble/bin/ament_clang_format" "--xunit-file" "/home/zac/franka_ws/build/franka_robot_state_broadcaster/test_results/franka_robot_state_broadcaster/clang_format.xunit.xml" "src" "include" "--config" "../.clang-format"
[0.045s] 1: Test timeout computed to be: 60
[0.109s] 1: -- run_test.py: invoking following command in '/home/zac/franka_ws/src/franka_ros2/franka_robot_state_broadcaster':
[0.109s] 1:  - /opt/ros/humble/bin/ament_clang_format --xunit-file /home/zac/franka_ws/build/franka_robot_state_broadcaster/test_results/franka_robot_state_broadcaster/clang_format.xunit.xml src include --config ../.clang-format
[0.225s] 1: No code style divergence in file 'src/franka_robot_state_broadcaster.cpp'
[0.225s] 1: 
[0.225s] 1: No code style divergence in file 'include/franka_robot_state_broadcaster/franka_robot_state_broadcaster.hpp'
[0.225s] 1: 
[0.225s] 1: No problems found
[0.237s] 1: -- run_test.py: return code 0
[0.237s] 1: -- run_test.py: verify result file '/home/zac/franka_ws/build/franka_robot_state_broadcaster/test_results/franka_robot_state_broadcaster/clang_format.xunit.xml'
[0.247s] 1/9 Test #1: clang_format ...............................   Passed    0.20 sec
[0.247s] test 2
[0.247s]     Start 2: copyright
[0.247s] 
[0.247s] 2: Test command: /usr/bin/python3 "-u" "/opt/ros/humble/share/ament_cmake_test/cmake/run_test.py" "/home/zac/franka_ws/build/franka_robot_state_broadcaster/test_results/franka_robot_state_broadcaster/copyright.xunit.xml" "--package-name" "franka_robot_state_broadcaster" "--output-file" "/home/zac/franka_ws/build/franka_robot_state_broadcaster/ament_copyright/copyright.txt" "--command" "/opt/ros/humble/bin/ament_copyright" "--xunit-file" "/home/zac/franka_ws/build/franka_robot_state_broadcaster/test_results/franka_robot_state_broadcaster/copyright.xunit.xml" "src" "include" "package.xml"
[0.247s] 2: Test timeout computed to be: 200
[0.314s] 2: -- run_test.py: invoking following command in '/home/zac/franka_ws/src/franka_ros2/franka_robot_state_broadcaster':
[0.314s] 2:  - /opt/ros/humble/bin/ament_copyright --xunit-file /home/zac/franka_ws/build/franka_robot_state_broadcaster/test_results/franka_robot_state_broadcaster/copyright.xunit.xml src include package.xml
[0.489s] 2: No problems found, checked 2 files
[0.499s] 2: -- run_test.py: return code 0
[0.499s] 2: -- run_test.py: verify result file '/home/zac/franka_ws/build/franka_robot_state_broadcaster/test_results/franka_robot_state_broadcaster/copyright.xunit.xml'
[0.509s] 2/9 Test #2: copyright ..................................   Passed    0.26 sec
[0.509s] test 3
[0.509s]     Start 3: cppcheck
[0.509s] 
[0.510s] 3: Test command: /usr/bin/python3 "-u" "/opt/ros/humble/share/ament_cmake_test/cmake/run_test.py" "/home/zac/franka_ws/build/franka_robot_state_broadcaster/test_results/franka_robot_state_broadcaster/cppcheck.xunit.xml" "--package-name" "franka_robot_state_broadcaster" "--output-file" "/home/zac/franka_ws/build/franka_robot_state_broadcaster/ament_cppcheck/cppcheck.txt" "--command" "/opt/ros/humble/bin/ament_cppcheck" "--xunit-file" "/home/zac/franka_ws/build/franka_robot_state_broadcaster/test_results/franka_robot_state_broadcaster/cppcheck.xunit.xml" "src" "include"
[0.510s] 3: Test timeout computed to be: 300
[0.572s] 3: -- run_test.py: invoking following command in '/home/zac/franka_ws/src/franka_ros2/franka_robot_state_broadcaster':
[0.572s] 3:  - /opt/ros/humble/bin/ament_cppcheck --xunit-file /home/zac/franka_ws/build/franka_robot_state_broadcaster/test_results/franka_robot_state_broadcaster/cppcheck.xunit.xml src include
[0.650s] 3: cppcheck 2.7 has known performance issues and therefore will not be used, set the AMENT_CPPCHECK_ALLOW_SLOW_VERSIONS environment variable to override this.
[0.662s] 3: -- run_test.py: return code 0
[0.662s] 3: -- run_test.py: verify result file '/home/zac/franka_ws/build/franka_robot_state_broadcaster/test_results/franka_robot_state_broadcaster/cppcheck.xunit.xml'
[0.672s] 3/9 Test #3: cppcheck ...................................   Passed    0.16 sec
[0.672s] test 4
[0.672s]     Start 4: lint_cmake
[0.672s] 
[0.672s] 4: Test command: /usr/bin/python3 "-u" "/opt/ros/humble/share/ament_cmake_test/cmake/run_test.py" "/home/zac/franka_ws/build/franka_robot_state_broadcaster/test_results/franka_robot_state_broadcaster/lint_cmake.xunit.xml" "--package-name" "franka_robot_state_broadcaster" "--output-file" "/home/zac/franka_ws/build/franka_robot_state_broadcaster/ament_lint_cmake/lint_cmake.txt" "--command" "/opt/ros/humble/bin/ament_lint_cmake" "--xunit-file" "/home/zac/franka_ws/build/franka_robot_state_broadcaster/test_results/franka_robot_state_broadcaster/lint_cmake.xunit.xml" "CMakeLists.txt"
[0.672s] 4: Test timeout computed to be: 60
[0.734s] 4: -- run_test.py: invoking following command in '/home/zac/franka_ws/src/franka_ros2/franka_robot_state_broadcaster':
[0.734s] 4:  - /opt/ros/humble/bin/ament_lint_cmake --xunit-file /home/zac/franka_ws/build/franka_robot_state_broadcaster/test_results/franka_robot_state_broadcaster/lint_cmake.xunit.xml CMakeLists.txt
[0.804s] 4: 
[0.804s] 4: No problems found
[0.814s] 4: -- run_test.py: return code 0
[0.814s] 4: -- run_test.py: verify result file '/home/zac/franka_ws/build/franka_robot_state_broadcaster/test_results/franka_robot_state_broadcaster/lint_cmake.xunit.xml'
[0.824s] 4/9 Test #4: lint_cmake .................................   Passed    0.15 sec
[0.824s] test 5
[0.824s]     Start 5: flake8
[0.824s] 
[0.824s] 5: Test command: /usr/bin/python3 "-u" "/opt/ros/humble/share/ament_cmake_test/cmake/run_test.py" "/home/zac/franka_ws/build/franka_robot_state_broadcaster/test_results/franka_robot_state_broadcaster/flake8.xunit.xml" "--package-name" "franka_robot_state_broadcaster" "--output-file" "/home/zac/franka_ws/build/franka_robot_state_broadcaster/ament_flake8/flake8.txt" "--command" "/opt/ros/humble/bin/ament_flake8" "--xunit-file" "/home/zac/franka_ws/build/franka_robot_state_broadcaster/test_results/franka_robot_state_broadcaster/flake8.xunit.xml"
[0.824s] 5: Test timeout computed to be: 60
[0.885s] 5: -- run_test.py: invoking following command in '/home/zac/franka_ws/src/franka_ros2/franka_robot_state_broadcaster':
[0.885s] 5:  - /opt/ros/humble/bin/ament_flake8 --xunit-file /home/zac/franka_ws/build/franka_robot_state_broadcaster/test_results/franka_robot_state_broadcaster/flake8.xunit.xml
[1.041s] 5: 
[1.041s] 5: 0 files checked
[1.041s] 5: No problems found
[1.042s] 5: 
[1.042s] 5: Checked files:
[1.042s] 5: 
[1.060s] 5: -- run_test.py: return code 0
[1.061s] 5: -- run_test.py: verify result file '/home/zac/franka_ws/build/franka_robot_state_broadcaster/test_results/franka_robot_state_broadcaster/flake8.xunit.xml'
[1.070s] 5/9 Test #5: flake8 .....................................   Passed    0.25 sec
[1.070s] test 6
[1.070s]     Start 6: pep257
[1.070s] 
[1.070s] 6: Test command: /usr/bin/python3 "-u" "/opt/ros/humble/share/ament_cmake_test/cmake/run_test.py" "/home/zac/franka_ws/build/franka_robot_state_broadcaster/test_results/franka_robot_state_broadcaster/pep257.xunit.xml" "--package-name" "franka_robot_state_broadcaster" "--output-file" "/home/zac/franka_ws/build/franka_robot_state_broadcaster/ament_pep257/pep257.txt" "--command" "/opt/ros/humble/bin/ament_pep257" "--xunit-file" "/home/zac/franka_ws/build/franka_robot_state_broadcaster/test_results/franka_robot_state_broadcaster/pep257.xunit.xml"
[1.071s] 6: Test timeout computed to be: 60
[1.133s] 6: -- run_test.py: invoking following command in '/home/zac/franka_ws/src/franka_ros2/franka_robot_state_broadcaster':
[1.133s] 6:  - /opt/ros/humble/bin/ament_pep257 --xunit-file /home/zac/franka_ws/build/franka_robot_state_broadcaster/test_results/franka_robot_state_broadcaster/pep257.xunit.xml
[1.248s] 6: No problems found
[1.267s] 6: -- run_test.py: return code 0
[1.267s] 6: -- run_test.py: verify result file '/home/zac/franka_ws/build/franka_robot_state_broadcaster/test_results/franka_robot_state_broadcaster/pep257.xunit.xml'
[1.277s] 6/9 Test #6: pep257 .....................................   Passed    0.21 sec
[1.277s] test 7
[1.277s]     Start 7: xmllint
[1.278s] 
[1.278s] 7: Test command: /usr/bin/python3 "-u" "/opt/ros/humble/share/ament_cmake_test/cmake/run_test.py" "/home/zac/franka_ws/build/franka_robot_state_broadcaster/test_results/franka_robot_state_broadcaster/xmllint.xunit.xml" "--package-name" "franka_robot_state_broadcaster" "--output-file" "/home/zac/franka_ws/build/franka_robot_state_broadcaster/ament_xmllint/xmllint.txt" "--command" "/opt/ros/humble/bin/ament_xmllint" "--xunit-file" "/home/zac/franka_ws/build/franka_robot_state_broadcaster/test_results/franka_robot_state_broadcaster/xmllint.xunit.xml"
[1.278s] 7: Test timeout computed to be: 60
[1.341s] 7: -- run_test.py: invoking following command in '/home/zac/franka_ws/src/franka_ros2/franka_robot_state_broadcaster':
[1.341s] 7:  - /opt/ros/humble/bin/ament_xmllint --xunit-file /home/zac/franka_ws/build/franka_robot_state_broadcaster/test_results/franka_robot_state_broadcaster/xmllint.xunit.xml
[1.437s] 7: File 'franka_robot_state_broadcaster.xml' is valid
[1.437s] 7: 
[1.437s] 7: File 'package.xml' is valid
[1.437s] 7: 
[1.437s] 7: No problems found
[1.448s] 7: -- run_test.py: return code 0
[1.448s] 7: -- run_test.py: verify result file '/home/zac/franka_ws/build/franka_robot_state_broadcaster/test_results/franka_robot_state_broadcaster/xmllint.xunit.xml'
[1.458s] 7/9 Test #7: xmllint ....................................   Passed    0.18 sec
[1.459s] test 8
[1.459s]     Start 8: franka_robot_state_broadcaster_test
[1.459s] 
[1.459s] 8: Test command: /usr/bin/python3 "-u" "/opt/ros/humble/share/ament_cmake_test/cmake/run_test.py" "/home/zac/franka_ws/build/franka_robot_state_broadcaster/test_results/franka_robot_state_broadcaster/franka_robot_state_broadcaster_test.gtest.xml" "--package-name" "franka_robot_state_broadcaster" "--output-file" "/home/zac/franka_ws/build/franka_robot_state_broadcaster/test_results/franka_robot_state_broadcaster/franka_robot_state_broadcaster_test.txt" "--command" "/home/zac/franka_ws/build/franka_robot_state_broadcaster/franka_robot_state_broadcaster_test" "--ros-args" "--params-file" "/home/zac/franka_ws/src/franka_ros2/franka_robot_state_broadcaster/test/franka_robot_state_broadcaster_parameters.yaml" "--" "--gtest_output=xml:/home/zac/franka_ws/build/franka_robot_state_broadcaster/test_results/franka_robot_state_broadcaster/franka_robot_state_broadcaster_test.gtest.xml"
[1.459s] 8: Test timeout computed to be: 60
[1.522s] 8: -- run_test.py: invoking following command in '/home/zac/franka_ws/build/franka_robot_state_broadcaster':
[1.522s] 8:  - /home/zac/franka_ws/build/franka_robot_state_broadcaster/franka_robot_state_broadcaster_test --ros-args --params-file /home/zac/franka_ws/src/franka_ros2/franka_robot_state_broadcaster/test/franka_robot_state_broadcaster_parameters.yaml -- --gtest_output=xml:/home/zac/franka_ws/build/franka_robot_state_broadcaster/test_results/franka_robot_state_broadcaster/franka_robot_state_broadcaster_test.gtest.xml
[1.539s] 8: [==========] Running 6 tests from 1 test suite.
[1.539s] 8: [----------] Global test environment set-up.
[1.539s] 8: [----------] 6 tests from TestFrankaRobotStateBroadcaster
[1.539s] 8: [ RUN      ] TestFrankaRobotStateBroadcaster.test_init_return_success
[1.587s] 8: [       OK ] TestFrankaRobotStateBroadcaster.test_init_return_success (48 ms)
[1.587s] 8: [ RUN      ] TestFrankaRobotStateBroadcaster.test_configure_return_success
[1.597s] 8: 
[1.598s] 8: GMOCK WARNING:
[1.598s] 8: Uninteresting mock function call - returning directly.
[1.598s] 8:     Function call: initialize_robot_state_msg(@0x563e99d82fa0 2360-byte object <00-00 00-00 00-00 00-00 B8-2F D8-99 3E-56 00-00 00-00 00-00 00-00 00-00 00-2F D8-99 3E-56 00-00 00-00 00-00 00-00 00-00 00-00 00-00 00-00 00-00 00-00 00-00 00-00 00-00 00-00 00-00 00-00 00-00 ... 00-00 00-00 00-00 00-00 00-00 00-00 00-00 00-00 00-00 00-00 00-00 00-00 00-00 00-00 00-00 00-00 00-00 00-00 00-00 00-00 00-00 00-00 00-00 00-00 00-00 00-00 00-00 00-00 00-00 00-00 00-00 00-00>)
[1.598s] 8: NOTE: You can safely ignore the above warning unless this call should not happen.  Do not suppress it by blindly adding an EXPECT_CALL() if you don't mean to enforce the call.  See https://github.com/google/googletest/blob/master/googlemock/docs/cook_book.md#knowing-when-to-expect for details.
[1.601s] 8: [       OK ] TestFrankaRobotStateBroadcaster.test_configure_return_success (14 ms)
[1.601s] 8: [ RUN      ] TestFrankaRobotStateBroadcaster.test_activate_return_success
[1.610s] 8: 
[1.610s] 8: GMOCK WARNING:
[1.610s] 8: Uninteresting mock function call - returning directly.
[1.610s] 8:     Function call: initialize_robot_state_msg(@0x563e99bc5de0 2360-byte object <00-00 00-00 00-00 00-00 F8-5D BC-99 3E-56 00-00 00-00 00-00 00-00 00-00 00-00 00-00 00-00 00-00 00-00 00-00 00-00 00-00 00-00 00-00 00-00 00-00 00-00 00-00 00-00 00-00 00-00 00-00 00-00 00-00 ... 00-00 00-00 00-00 00-00 00-00 00-00 00-00 00-00 00-00 00-00 00-00 00-00 00-00 00-00 00-00 00-00 00-00 00-00 00-00 00-00 00-00 00-00 00-00 00-00 00-00 00-00 00-00 00-00 00-3F 00-00 00-00 00-00>)
[1.610s] 8: NOTE: You can safely ignore the above warning unless this call should not happen.  Do not suppress it by blindly adding an EXPECT_CALL() if you don't mean to enforce the call.  See https://github.com/google/googletest/blob/master/googlemock/docs/cook_book.md#knowing-when-to-expect for details.
[1.613s] 8: [       OK ] TestFrankaRobotStateBroadcaster.test_activate_return_success (12 ms)
[1.614s] 8: [ RUN      ] TestFrankaRobotStateBroadcaster.test_deactivate_return_success
[1.621s] 8: 
[1.621s] 8: GMOCK WARNING:
[1.622s] 8: Uninteresting mock function call - returning directly.
[1.622s] 8:     Function call: initialize_robot_state_msg(@0x563e99ba6960 2360-byte object <00-00 00-00 00-00 00-00 78-69 BA-99 3E-56 00-00 00-00 00-00 00-00 00-00 00-00 00-00 00-00 00-00 00-00 00-00 00-00 00-00 00-00 00-00 00-00 00-00 00-00 00-00 00-00 00-00 00-00 00-00 00-00 00-00 ... 00-00 00-00 00-00 00-00 00-00 00-00 00-00 00-00 00-00 00-00 00-00 00-00 00-00 00-00 00-00 00-00 00-00 00-00 00-00 00-00 00-00 00-00 00-00 00-00 00-00 00-00 00-00 00-00 00-00 00-00 00-00 00-00>)
[1.622s] 8: NOTE: You can safely ignore the above warning unless this call should not happen.  Do not suppress it by blindly adding an EXPECT_CALL() if you don't mean to enforce the call.  See https://github.com/google/googletest/blob/master/googlemock/docs/cook_book.md#knowing-when-to-expect for details.
[1.625s] 8: [       OK ] TestFrankaRobotStateBroadcaster.test_deactivate_return_success (11 ms)
[1.625s] 8: [ RUN      ] TestFrankaRobotStateBroadcaster.test_update_without_franka_state_interface_returns_error
[1.633s] 8: 
[1.633s] 8: GMOCK WARNING:
[1.634s] 8: Uninteresting mock function call - returning directly.
[1.634s] 8:     Function call: initialize_robot_state_msg(@0x563e99dcfdc0 2360-byte object <00-00 00-00 00-00 00-00 D8-FD DC-99 3E-56 00-00 00-00 00-00 00-00 00-00 00-00 00-00 00-00 00-00 00-00 00-00 00-00 00-00 00-00 00-00 00-00 00-00 00-00 00-00 00-00 00-00 00-00 00-00 00-00 00-00 ... 00-00 00-00 00-00 00-00 00-00 00-00 00-00 00-00 00-00 00-00 00-00 00-00 00-00 00-00 00-00 00-00 00-00 00-00 00-00 00-00 00-00 00-00 00-00 00-00 00-00 00-00 00-00 00-00 00-00 00-00 00-00 00-00>)
[1.634s] 8: NOTE: You can safely ignore the above warning unless this call should not happen.  Do not suppress it by blindly adding an EXPECT_CALL() if you don't mean to enforce the call.  See https://github.com/google/googletest/blob/master/googlemock/docs/cook_book.md#knowing-when-to-expect for details.
[1.634s] 8: [ERROR] [1723715667.330351070] [franka_state_semantic_component]: Franka state interface does not exist! Did you assign the loaned state in the controller?
[1.634s] 8: [ERROR] [1723715667.330401475] [test_broadcaster]: Failed to get franka state via franka state interface.
[1.638s] 8: [       OK ] TestFrankaRobotStateBroadcaster.test_update_without_franka_state_interface_returns_error (13 ms)
[1.638s] 8: [ RUN      ] TestFrankaRobotStateBroadcaster.test_update_with_franka_state_returns_success
[1.647s] 8: [  SKIPPED ] TestFrankaRobotStateBroadcaster.test_update_with_franka_state_returns_success (10 ms)
[1.647s] 8: [----------] 6 tests from TestFrankaRobotStateBroadcaster (109 ms total)
[1.647s] 8: 
[1.648s] 8: [----------] Global test environment tear-down
[1.648s] 8: [==========] 6 tests from 1 test suite ran. (109 ms total)
[1.648s] 8: [  PASSED  ] 5 tests.
[1.648s] 8: [  SKIPPED ] 1 test, listed below:
[1.648s] 8: [  SKIPPED ] TestFrankaRobotStateBroadcaster.test_update_with_franka_state_returns_success
[1.753s] 8: -- run_test.py: return code 0
[1.754s] 8: -- run_test.py: inject classname prefix into gtest result file '/home/zac/franka_ws/build/franka_robot_state_broadcaster/test_results/franka_robot_state_broadcaster/franka_robot_state_broadcaster_test.gtest.xml'
[1.754s] 8: -- run_test.py: verify result file '/home/zac/franka_ws/build/franka_robot_state_broadcaster/test_results/franka_robot_state_broadcaster/franka_robot_state_broadcaster_test.gtest.xml'
[1.766s] 8/9 Test #8: franka_robot_state_broadcaster_test ........   Passed    0.31 sec
[1.766s] test 9
[1.766s]     Start 9: test_load_franka_robot_state_broadcaster
[1.766s] 
[1.766s] 9: Test command: /usr/bin/python3 "-u" "/opt/ros/humble/share/ament_cmake_test/cmake/run_test.py" "/home/zac/franka_ws/build/franka_robot_state_broadcaster/test_results/franka_robot_state_broadcaster/test_load_franka_robot_state_broadcaster.gtest.xml" "--package-name" "franka_robot_state_broadcaster" "--output-file" "/home/zac/franka_ws/build/franka_robot_state_broadcaster/ament_cmake_gmock/test_load_franka_robot_state_broadcaster.txt" "--command" "/home/zac/franka_ws/build/franka_robot_state_broadcaster/test_load_franka_robot_state_broadcaster" "--gtest_output=xml:/home/zac/franka_ws/build/franka_robot_state_broadcaster/test_results/franka_robot_state_broadcaster/test_load_franka_robot_state_broadcaster.gtest.xml"
[1.766s] 9: Test timeout computed to be: 60
[1.830s] 9: -- run_test.py: invoking following command in '/home/zac/franka_ws/build/franka_robot_state_broadcaster':
[1.830s] 9:  - /home/zac/franka_ws/build/franka_robot_state_broadcaster/test_load_franka_robot_state_broadcaster --gtest_output=xml:/home/zac/franka_ws/build/franka_robot_state_broadcaster/test_results/franka_robot_state_broadcaster/test_load_franka_robot_state_broadcaster.gtest.xml
[1.838s] 9: Running main() from gmock_main.cc
[1.838s] 9: [==========] Running 1 test from 1 test suite.
[1.838s] 9: [----------] Global test environment set-up.
[1.838s] 9: [----------] 1 test from TestLoadFrankaRobotStateBroadcaster
[1.838s] 9: [ RUN      ] TestLoadFrankaRobotStateBroadcaster.load_controller
[1.846s] 9: [INFO] [1723715667.542676793] [resource_manager]: Loading hardware 'TestActuatorHardware' 
[1.846s] 9: unknown file: Failure
[1.846s] 9: C++ exception with description "According to the loaded plugin descriptions the class test_actuator with base class type hardware_interface::ActuatorInterface does not exist. Declared types are  test_hardware_components/TestSingleJointActuator" thrown in the test body.
[1.846s] 9: [  FAILED  ] TestLoadFrankaRobotStateBroadcaster.load_controller (8 ms)
[1.846s] 9: [----------] 1 test from TestLoadFrankaRobotStateBroadcaster (8 ms total)
[1.846s] 9: 
[1.846s] 9: [----------] Global test environment tear-down
[1.847s] 9: [==========] 1 test from 1 test suite ran. (8 ms total)
[1.847s] 9: [  PASSED  ] 0 tests.
[1.847s] 9: [  FAILED  ] 1 test, listed below:
[1.847s] 9: [  FAILED  ] TestLoadFrankaRobotStateBroadcaster.load_controller
[1.847s] 9: 
[1.847s] 9:  1 FAILED TEST
[1.848s] 9: -- run_test.py: return code 1
[1.849s] 9: -- run_test.py: inject classname prefix into gtest result file '/home/zac/franka_ws/build/franka_robot_state_broadcaster/test_results/franka_robot_state_broadcaster/test_load_franka_robot_state_broadcaster.gtest.xml'
[1.870s] 9: -- run_test.py: verify result file '/home/zac/franka_ws/build/franka_robot_state_broadcaster/test_results/franka_robot_state_broadcaster/test_load_franka_robot_state_broadcaster.gtest.xml'
[1.879s] 9/9 Test #9: test_load_franka_robot_state_broadcaster ...***Failed    0.11 sec
[1.880s] 
[1.880s] 89% tests passed[0;0m, [0;31m1 tests failed[0;0m out of 9
[1.880s] 
[1.880s] Label Time Summary:
[1.880s] clang_format    =   0.20 sec*proc (1 test)
[1.880s] copyright       =   0.26 sec*proc (1 test)
[1.880s] cppcheck        =   0.16 sec*proc (1 test)
[1.880s] flake8          =   0.25 sec*proc (1 test)
[1.880s] gmock           =   0.11 sec*proc (1 test)
[1.880s] lint_cmake      =   0.15 sec*proc (1 test)
[1.880s] linter          =   1.41 sec*proc (7 tests)
[1.880s] pep257          =   0.21 sec*proc (1 test)
[1.880s] xmllint         =   0.18 sec*proc (1 test)
[1.881s] 
[1.881s] Total Test time (real) =   1.84 sec
[1.881s] 
[1.881s] The following tests FAILED:
[1.881s] 	[0;31m  9 - test_load_franka_robot_state_broadcaster (Failed)[0;0m
[1.905s] Errors while running CTest
[1.906s] Output from these tests are in: /home/zac/franka_ws/build/franka_robot_state_broadcaster/Testing/Temporary/LastTest.log
[1.906s] Use "--rerun-failed --output-on-failure" to re-run the failed cases verbosely.
[1.908s] Invoked command in '/home/zac/franka_ws/build/franka_robot_state_broadcaster' returned '8': CMAKE_PREFIX_PATH=/home/zac/franka_ws/install/franka_robot_state_broadcaster:/home/zac/franka_ws/install/franka_semantic_components:/home/zac/franka_ws/install/franka_hardware:/home/zac/franka_ws/install/franka_msgs:/home/zac/franka_ws/install/joint_trajectory_controller:/home/zac/franka_ws/install/integration_launch_testing:/home/zac/franka_ws/install/franka_bringup:/home/zac/franka_ws/install/franka_example_controllers:/home/zac/franka_ws/install/franka_gazebo_bringup:/home/zac/franka_ws/install/franka_ign_ros2_control:/home/zac/franka_ws/install/franka_fr3_moveit_config:/home/zac/franka_ws/install/franka_gripper:/home/zac/franka_ws/install/franka_description LD_LIBRARY_PATH=/home/zac/franka_ws/install/franka_robot_state_broadcaster/lib:/home/zac/franka_ws/install/franka_semantic_components/lib:/home/zac/franka_ws/install/franka_hardware/lib:/home/zac/franka_ws/install/franka_msgs/lib:/home/zac/franka_ws/install/joint_trajectory_controller/lib:/home/zac/franka_ws/install/integration_launch_testing/lib:/home/zac/franka_ws/install/franka_example_controllers/lib:/home/zac/franka_ws/install/franka_ign_ros2_control/lib:/home/zac/franka_ws/install/franka_gripper/lib:/opt/ros/humble/opt/rviz_ogre_vendor/lib:/opt/ros/humble/lib/x86_64-linux-gnu:/opt/ros/humble/lib /usr/bin/ctest -C Release -D ExperimentalTest --no-compress-output -V --force-new-ctest-process
