<?xml version="1.0" encoding="UTF-8"?>
<Site BuildName="(empty)"
	BuildStamp="20240815-0954-Experimental"
	Name="CHARISMA-Predator-571"
	Generator="ctest-3.22.1"
	CompilerName="/usr/bin/c++"
	CompilerVersion="11.4.0"
	OSName="Linux"
	Hostname="CHARISMA-Predator-571"
	OSRelease="5.15.0-1068-realtime"
	OSVersion="#76-Ubuntu SMP PREEMPT_RT Thu Jul 25 11:57:39 UTC 2024"
	OSPlatform="x86_64"
	Is64Bits="1"
	VendorString="GenuineIntel"
	VendorID="Intel Corporation"
	FamilyID="6"
	ModelID="158"
	ProcessorCacheSize="6144"
	NumberOfLogicalCPU="8"
	NumberOfPhysicalCPU="4"
	TotalVirtualMemory="2047"
	TotalPhysicalMemory="15869"
	LogicalProcessorsPerPhysical="2"
	ProcessorClockFrequency="3505.5"
	>
	<Testing>
		<StartDateTime>Aug 15 02:54 PDT</StartDateTime>
		<StartTestTime>1723715663</StartTestTime>
		<TestList>
			<Test>./copyright</Test>
			<Test>./cppcheck</Test>
			<Test>./cpplint</Test>
			<Test>./lint_cmake</Test>
			<Test>./uncrustify</Test>
			<Test>./xmllint</Test>
		</TestList>
		<Test Status="passed">
			<Name>copyright</Name>
			<Path>.</Path>
			<FullName>./copyright</FullName>
			<FullCommandLine>/usr/bin/python3 "-u" "/opt/ros/humble/share/ament_cmake_test/cmake/run_test.py" "/home/zac/franka_ws/build/franka_ign_ros2_control/test_results/franka_ign_ros2_control/copyright.xunit.xml" "--package-name" "franka_ign_ros2_control" "--output-file" "/home/zac/franka_ws/build/franka_ign_ros2_control/ament_copyright/copyright.txt" "--command" "/opt/ros/humble/bin/ament_copyright" "--xunit-file" "/home/zac/franka_ws/build/franka_ign_ros2_control/test_results/franka_ign_ros2_control/copyright.xunit.xml"</FullCommandLine>
			<Results>
				<NamedMeasurement type="numeric/double" name="Execution Time">
					<Value>0.570446</Value>
				</NamedMeasurement>
				<NamedMeasurement type="numeric/double" name="Processors">
					<Value>1</Value>
				</NamedMeasurement>
				<NamedMeasurement type="text/string" name="Completion Status">
					<Value>Completed</Value>
				</NamedMeasurement>
				<NamedMeasurement type="text/string" name="Command Line">
					<Value>/usr/bin/python3 "-u" "/opt/ros/humble/share/ament_cmake_test/cmake/run_test.py" "/home/zac/franka_ws/build/franka_ign_ros2_control/test_results/franka_ign_ros2_control/copyright.xunit.xml" "--package-name" "franka_ign_ros2_control" "--output-file" "/home/zac/franka_ws/build/franka_ign_ros2_control/ament_copyright/copyright.txt" "--command" "/opt/ros/humble/bin/ament_copyright" "--xunit-file" "/home/zac/franka_ws/build/franka_ign_ros2_control/test_results/franka_ign_ros2_control/copyright.xunit.xml"</Value>
				</NamedMeasurement>
				<NamedMeasurement type="text/string" name="Environment">
					<Value>#CTEST_RESOURCE_GROUP_COUNT=</Value>
				</NamedMeasurement>
				<Measurement>
					<Value>-- run_test.py: invoking following command in '/home/zac/franka_ws/src/franka_ros2/franka_gazebo/franka_ign_ros2_control':
 - /opt/ros/humble/bin/ament_copyright --xunit-file /home/zac/franka_ws/build/franka_ign_ros2_control/test_results/franka_ign_ros2_control/copyright.xunit.xml
No problems found, checked 7 files
-- run_test.py: return code 0
-- run_test.py: verify result file '/home/zac/franka_ws/build/franka_ign_ros2_control/test_results/franka_ign_ros2_control/copyright.xunit.xml'
</Value>
				</Measurement>
			</Results>
			<Labels>
				<Label>copyright</Label>
				<Label>linter</Label>
			</Labels>
		</Test>
		<Test Status="passed">
			<Name>cppcheck</Name>
			<Path>.</Path>
			<FullName>./cppcheck</FullName>
			<FullCommandLine>/usr/bin/python3 "-u" "/opt/ros/humble/share/ament_cmake_test/cmake/run_test.py" "/home/zac/franka_ws/build/franka_ign_ros2_control/test_results/franka_ign_ros2_control/cppcheck.xunit.xml" "--package-name" "franka_ign_ros2_control" "--output-file" "/home/zac/franka_ws/build/franka_ign_ros2_control/ament_cppcheck/cppcheck.txt" "--command" "/opt/ros/humble/bin/ament_cppcheck" "--xunit-file" "/home/zac/franka_ws/build/franka_ign_ros2_control/test_results/franka_ign_ros2_control/cppcheck.xunit.xml" "--include_dirs" "/home/zac/franka_ws/src/franka_ros2/franka_gazebo/franka_ign_ros2_control/include"</FullCommandLine>
			<Results>
				<NamedMeasurement type="numeric/double" name="Execution Time">
					<Value>0.175582</Value>
				</NamedMeasurement>
				<NamedMeasurement type="numeric/double" name="Processors">
					<Value>1</Value>
				</NamedMeasurement>
				<NamedMeasurement type="text/string" name="Completion Status">
					<Value>Completed</Value>
				</NamedMeasurement>
				<NamedMeasurement type="text/string" name="Command Line">
					<Value>/usr/bin/python3 "-u" "/opt/ros/humble/share/ament_cmake_test/cmake/run_test.py" "/home/zac/franka_ws/build/franka_ign_ros2_control/test_results/franka_ign_ros2_control/cppcheck.xunit.xml" "--package-name" "franka_ign_ros2_control" "--output-file" "/home/zac/franka_ws/build/franka_ign_ros2_control/ament_cppcheck/cppcheck.txt" "--command" "/opt/ros/humble/bin/ament_cppcheck" "--xunit-file" "/home/zac/franka_ws/build/franka_ign_ros2_control/test_results/franka_ign_ros2_control/cppcheck.xunit.xml" "--include_dirs" "/home/zac/franka_ws/src/franka_ros2/franka_gazebo/franka_ign_ros2_control/include"</Value>
				</NamedMeasurement>
				<NamedMeasurement type="text/string" name="Environment">
					<Value>#CTEST_RESOURCE_GROUP_COUNT=</Value>
				</NamedMeasurement>
				<Measurement>
					<Value>-- run_test.py: invoking following command in '/home/zac/franka_ws/src/franka_ros2/franka_gazebo/franka_ign_ros2_control':
 - /opt/ros/humble/bin/ament_cppcheck --xunit-file /home/zac/franka_ws/build/franka_ign_ros2_control/test_results/franka_ign_ros2_control/cppcheck.xunit.xml --include_dirs /home/zac/franka_ws/src/franka_ros2/franka_gazebo/franka_ign_ros2_control/include
cppcheck 2.7 has known performance issues and therefore will not be used, set the AMENT_CPPCHECK_ALLOW_SLOW_VERSIONS environment variable to override this.
-- run_test.py: return code 0
-- run_test.py: verify result file '/home/zac/franka_ws/build/franka_ign_ros2_control/test_results/franka_ign_ros2_control/cppcheck.xunit.xml'
</Value>
				</Measurement>
			</Results>
			<Labels>
				<Label>cppcheck</Label>
				<Label>linter</Label>
			</Labels>
		</Test>
		<Test Status="passed">
			<Name>cpplint</Name>
			<Path>.</Path>
			<FullName>./cpplint</FullName>
			<FullCommandLine>/usr/bin/python3 "-u" "/opt/ros/humble/share/ament_cmake_test/cmake/run_test.py" "/home/zac/franka_ws/build/franka_ign_ros2_control/test_results/franka_ign_ros2_control/cpplint.xunit.xml" "--package-name" "franka_ign_ros2_control" "--output-file" "/home/zac/franka_ws/build/franka_ign_ros2_control/ament_cpplint/cpplint.txt" "--command" "/opt/ros/humble/bin/ament_cpplint" "--xunit-file" "/home/zac/franka_ws/build/franka_ign_ros2_control/test_results/franka_ign_ros2_control/cpplint.xunit.xml"</FullCommandLine>
			<Results>
				<NamedMeasurement type="numeric/double" name="Execution Time">
					<Value>0.656415</Value>
				</NamedMeasurement>
				<NamedMeasurement type="numeric/double" name="Processors">
					<Value>1</Value>
				</NamedMeasurement>
				<NamedMeasurement type="text/string" name="Completion Status">
					<Value>Completed</Value>
				</NamedMeasurement>
				<NamedMeasurement type="text/string" name="Command Line">
					<Value>/usr/bin/python3 "-u" "/opt/ros/humble/share/ament_cmake_test/cmake/run_test.py" "/home/zac/franka_ws/build/franka_ign_ros2_control/test_results/franka_ign_ros2_control/cpplint.xunit.xml" "--package-name" "franka_ign_ros2_control" "--output-file" "/home/zac/franka_ws/build/franka_ign_ros2_control/ament_cpplint/cpplint.txt" "--command" "/opt/ros/humble/bin/ament_cpplint" "--xunit-file" "/home/zac/franka_ws/build/franka_ign_ros2_control/test_results/franka_ign_ros2_control/cpplint.xunit.xml"</Value>
				</NamedMeasurement>
				<NamedMeasurement type="text/string" name="Environment">
					<Value>#CTEST_RESOURCE_GROUP_COUNT=</Value>
				</NamedMeasurement>
				<Measurement>
					<Value>-- run_test.py: invoking following command in '/home/zac/franka_ws/src/franka_ros2/franka_gazebo/franka_ign_ros2_control':
 - /opt/ros/humble/bin/ament_cpplint --xunit-file /home/zac/franka_ws/build/franka_ign_ros2_control/test_results/franka_ign_ros2_control/cpplint.xunit.xml
Using '--root=/home/zac/franka_ws/src/franka_ros2/franka_gazebo/franka_ign_ros2_control/include' argument

Done processing /home/zac/franka_ws/src/franka_ros2/franka_gazebo/franka_ign_ros2_control/include/ign_ros2_control/ign_ros2_control_plugin.hpp

Done processing /home/zac/franka_ws/src/franka_ros2/franka_gazebo/franka_ign_ros2_control/include/ign_ros2_control/ign_system.hpp

Done processing /home/zac/franka_ws/src/franka_ros2/franka_gazebo/franka_ign_ros2_control/include/ign_ros2_control/ign_system_interface.hpp

Done processing /home/zac/franka_ws/src/franka_ros2/franka_gazebo/franka_ign_ros2_control/include/ign_ros2_control/model_kdl.h

Using '--root=/home/zac/franka_ws/src/franka_ros2/franka_gazebo/franka_ign_ros2_control/src' argument

Done processing /home/zac/franka_ws/src/franka_ros2/franka_gazebo/franka_ign_ros2_control/src/ign_ros2_control_plugin.cpp

Done processing /home/zac/franka_ws/src/franka_ros2/franka_gazebo/franka_ign_ros2_control/src/ign_system.cpp

Done processing /home/zac/franka_ws/src/franka_ros2/franka_gazebo/franka_ign_ros2_control/src/model_kdl.cpp

No problems found
-- run_test.py: return code 0
-- run_test.py: verify result file '/home/zac/franka_ws/build/franka_ign_ros2_control/test_results/franka_ign_ros2_control/cpplint.xunit.xml'
</Value>
				</Measurement>
			</Results>
			<Labels>
				<Label>cpplint</Label>
				<Label>linter</Label>
			</Labels>
		</Test>
		<Test Status="passed">
			<Name>lint_cmake</Name>
			<Path>.</Path>
			<FullName>./lint_cmake</FullName>
			<FullCommandLine>/usr/bin/python3 "-u" "/opt/ros/humble/share/ament_cmake_test/cmake/run_test.py" "/home/zac/franka_ws/build/franka_ign_ros2_control/test_results/franka_ign_ros2_control/lint_cmake.xunit.xml" "--package-name" "franka_ign_ros2_control" "--output-file" "/home/zac/franka_ws/build/franka_ign_ros2_control/ament_lint_cmake/lint_cmake.txt" "--command" "/opt/ros/humble/bin/ament_lint_cmake" "--xunit-file" "/home/zac/franka_ws/build/franka_ign_ros2_control/test_results/franka_ign_ros2_control/lint_cmake.xunit.xml"</FullCommandLine>
			<Results>
				<NamedMeasurement type="numeric/double" name="Execution Time">
					<Value>0.161049</Value>
				</NamedMeasurement>
				<NamedMeasurement type="numeric/double" name="Processors">
					<Value>1</Value>
				</NamedMeasurement>
				<NamedMeasurement type="text/string" name="Completion Status">
					<Value>Completed</Value>
				</NamedMeasurement>
				<NamedMeasurement type="text/string" name="Command Line">
					<Value>/usr/bin/python3 "-u" "/opt/ros/humble/share/ament_cmake_test/cmake/run_test.py" "/home/zac/franka_ws/build/franka_ign_ros2_control/test_results/franka_ign_ros2_control/lint_cmake.xunit.xml" "--package-name" "franka_ign_ros2_control" "--output-file" "/home/zac/franka_ws/build/franka_ign_ros2_control/ament_lint_cmake/lint_cmake.txt" "--command" "/opt/ros/humble/bin/ament_lint_cmake" "--xunit-file" "/home/zac/franka_ws/build/franka_ign_ros2_control/test_results/franka_ign_ros2_control/lint_cmake.xunit.xml"</Value>
				</NamedMeasurement>
				<NamedMeasurement type="text/string" name="Environment">
					<Value>#CTEST_RESOURCE_GROUP_COUNT=</Value>
				</NamedMeasurement>
				<Measurement>
					<Value>-- run_test.py: invoking following command in '/home/zac/franka_ws/src/franka_ros2/franka_gazebo/franka_ign_ros2_control':
 - /opt/ros/humble/bin/ament_lint_cmake --xunit-file /home/zac/franka_ws/build/franka_ign_ros2_control/test_results/franka_ign_ros2_control/lint_cmake.xunit.xml

No problems found
-- run_test.py: return code 0
-- run_test.py: verify result file '/home/zac/franka_ws/build/franka_ign_ros2_control/test_results/franka_ign_ros2_control/lint_cmake.xunit.xml'
</Value>
				</Measurement>
			</Results>
			<Labels>
				<Label>lint_cmake</Label>
				<Label>linter</Label>
			</Labels>
		</Test>
		<Test Status="passed">
			<Name>uncrustify</Name>
			<Path>.</Path>
			<FullName>./uncrustify</FullName>
			<FullCommandLine>/usr/bin/python3 "-u" "/opt/ros/humble/share/ament_cmake_test/cmake/run_test.py" "/home/zac/franka_ws/build/franka_ign_ros2_control/test_results/franka_ign_ros2_control/uncrustify.xunit.xml" "--package-name" "franka_ign_ros2_control" "--output-file" "/home/zac/franka_ws/build/franka_ign_ros2_control/ament_uncrustify/uncrustify.txt" "--command" "/opt/ros/humble/bin/ament_uncrustify" "--xunit-file" "/home/zac/franka_ws/build/franka_ign_ros2_control/test_results/franka_ign_ros2_control/uncrustify.xunit.xml"</FullCommandLine>
			<Results>
				<NamedMeasurement type="numeric/double" name="Execution Time">
					<Value>0.244948</Value>
				</NamedMeasurement>
				<NamedMeasurement type="numeric/double" name="Processors">
					<Value>1</Value>
				</NamedMeasurement>
				<NamedMeasurement type="text/string" name="Completion Status">
					<Value>Completed</Value>
				</NamedMeasurement>
				<NamedMeasurement type="text/string" name="Command Line">
					<Value>/usr/bin/python3 "-u" "/opt/ros/humble/share/ament_cmake_test/cmake/run_test.py" "/home/zac/franka_ws/build/franka_ign_ros2_control/test_results/franka_ign_ros2_control/uncrustify.xunit.xml" "--package-name" "franka_ign_ros2_control" "--output-file" "/home/zac/franka_ws/build/franka_ign_ros2_control/ament_uncrustify/uncrustify.txt" "--command" "/opt/ros/humble/bin/ament_uncrustify" "--xunit-file" "/home/zac/franka_ws/build/franka_ign_ros2_control/test_results/franka_ign_ros2_control/uncrustify.xunit.xml"</Value>
				</NamedMeasurement>
				<NamedMeasurement type="text/string" name="Environment">
					<Value>#CTEST_RESOURCE_GROUP_COUNT=</Value>
				</NamedMeasurement>
				<Measurement>
					<Value>-- run_test.py: invoking following command in '/home/zac/franka_ws/src/franka_ros2/franka_gazebo/franka_ign_ros2_control':
 - /opt/ros/humble/bin/ament_uncrustify --xunit-file /home/zac/franka_ws/build/franka_ign_ros2_control/test_results/franka_ign_ros2_control/uncrustify.xunit.xml
No code style divergence in file 'include/ign_ros2_control/ign_ros2_control_plugin.hpp'

No code style divergence in file 'include/ign_ros2_control/ign_system.hpp'

No code style divergence in file 'include/ign_ros2_control/ign_system_interface.hpp'

No code style divergence in file 'include/ign_ros2_control/model_kdl.h'

No code style divergence in file 'src/ign_ros2_control_plugin.cpp'

No code style divergence in file 'src/ign_system.cpp'

No code style divergence in file 'src/model_kdl.cpp'

No problems found
-- run_test.py: return code 0
-- run_test.py: verify result file '/home/zac/franka_ws/build/franka_ign_ros2_control/test_results/franka_ign_ros2_control/uncrustify.xunit.xml'
</Value>
				</Measurement>
			</Results>
			<Labels>
				<Label>linter</Label>
				<Label>uncrustify</Label>
			</Labels>
		</Test>
		<Test Status="passed">
			<Name>xmllint</Name>
			<Path>.</Path>
			<FullName>./xmllint</FullName>
			<FullCommandLine>/usr/bin/python3 "-u" "/opt/ros/humble/share/ament_cmake_test/cmake/run_test.py" "/home/zac/franka_ws/build/franka_ign_ros2_control/test_results/franka_ign_ros2_control/xmllint.xunit.xml" "--package-name" "franka_ign_ros2_control" "--output-file" "/home/zac/franka_ws/build/franka_ign_ros2_control/ament_xmllint/xmllint.txt" "--command" "/opt/ros/humble/bin/ament_xmllint" "--xunit-file" "/home/zac/franka_ws/build/franka_ign_ros2_control/test_results/franka_ign_ros2_control/xmllint.xunit.xml"</FullCommandLine>
			<Results>
				<NamedMeasurement type="numeric/double" name="Execution Time">
					<Value>0.156998</Value>
				</NamedMeasurement>
				<NamedMeasurement type="numeric/double" name="Processors">
					<Value>1</Value>
				</NamedMeasurement>
				<NamedMeasurement type="text/string" name="Completion Status">
					<Value>Completed</Value>
				</NamedMeasurement>
				<NamedMeasurement type="text/string" name="Command Line">
					<Value>/usr/bin/python3 "-u" "/opt/ros/humble/share/ament_cmake_test/cmake/run_test.py" "/home/zac/franka_ws/build/franka_ign_ros2_control/test_results/franka_ign_ros2_control/xmllint.xunit.xml" "--package-name" "franka_ign_ros2_control" "--output-file" "/home/zac/franka_ws/build/franka_ign_ros2_control/ament_xmllint/xmllint.txt" "--command" "/opt/ros/humble/bin/ament_xmllint" "--xunit-file" "/home/zac/franka_ws/build/franka_ign_ros2_control/test_results/franka_ign_ros2_control/xmllint.xunit.xml"</Value>
				</NamedMeasurement>
				<NamedMeasurement type="text/string" name="Environment">
					<Value>#CTEST_RESOURCE_GROUP_COUNT=</Value>
				</NamedMeasurement>
				<Measurement>
					<Value>-- run_test.py: invoking following command in '/home/zac/franka_ws/src/franka_ros2/franka_gazebo/franka_ign_ros2_control':
 - /opt/ros/humble/bin/ament_xmllint --xunit-file /home/zac/franka_ws/build/franka_ign_ros2_control/test_results/franka_ign_ros2_control/xmllint.xunit.xml
File 'ign_hardware_plugins.xml' is valid

File 'package.xml' is valid

No problems found
-- run_test.py: return code 0
-- run_test.py: verify result file '/home/zac/franka_ws/build/franka_ign_ros2_control/test_results/franka_ign_ros2_control/xmllint.xunit.xml'
</Value>
				</Measurement>
			</Results>
			<Labels>
				<Label>linter</Label>
				<Label>xmllint</Label>
			</Labels>
		</Test>
		<EndDateTime>Aug 15 02:54 PDT</EndDateTime>
		<EndTestTime>1723715665</EndTestTime>
		<ElapsedMinutes>0</ElapsedMinutes>
	</Testing>
</Site>
