Start testing: Aug 15 02:54 PDT
----------------------------------------------------------
1/6 Testing: franka_fr3_moveit_config_srdf_tests
1/6 Test: franka_fr3_moveit_config_srdf_tests
Command: "/usr/bin/python3" "-u" "/opt/ros/humble/share/ament_cmake_test/cmake/run_test.py" "/home/zac/franka_ws/build/franka_fr3_moveit_config/test_results/franka_fr3_moveit_config/franka_fr3_moveit_config_srdf_tests.xunit.xml" "--package-name" "franka_fr3_moveit_config" "--output-file" "/home/zac/franka_ws/build/franka_fr3_moveit_config/ament_cmake_pytest/franka_fr3_moveit_config_srdf_tests.txt" "--command" "/usr/bin/python3" "-u" "-m" "pytest" "/home/zac/franka_ws/src/franka_ros2/franka_fr3_moveit_config/test/srdf_tests.py" "-o" "cache_dir=/home/zac/franka_ws/build/franka_fr3_moveit_config/ament_cmake_pytest/franka_fr3_moveit_config_srdf_tests/.cache" "--junit-xml=/home/zac/franka_ws/build/franka_fr3_moveit_config/test_results/franka_fr3_moveit_config/franka_fr3_moveit_config_srdf_tests.xunit.xml" "--junit-prefix=franka_fr3_moveit_config"
Directory: /home/zac/franka_ws/build/franka_fr3_moveit_config
"franka_fr3_moveit_config_srdf_tests" start time: Aug 15 02:54 PDT
Output:
----------------------------------------------------------
-- run_test.py: invoking following command in '/home/zac/franka_ws/build/franka_fr3_moveit_config':
 - /usr/bin/python3 -u -m pytest /home/zac/franka_ws/src/franka_ros2/franka_fr3_moveit_config/test/srdf_tests.py -o cache_dir=/home/zac/franka_ws/build/franka_fr3_moveit_config/ament_cmake_pytest/franka_fr3_moveit_config_srdf_tests/.cache --junit-xml=/home/zac/franka_ws/build/franka_fr3_moveit_config/test_results/franka_fr3_moveit_config/franka_fr3_moveit_config_srdf_tests.xunit.xml --junit-prefix=franka_fr3_moveit_config
============================= test session starts ==============================
platform linux -- Python 3.10.12, pytest-6.2.5, py-1.10.0, pluggy-0.13.0
cachedir: build/franka_fr3_moveit_config/ament_cmake_pytest/franka_fr3_moveit_config_srdf_tests/.cache
rootdir: /home/zac/franka_ws
plugins: launch-testing-ros-0.19.7, ament-flake8-0.12.11, ament-pep257-0.12.11, ament-lint-0.12.11, launch-testing-1.0.6, ament-copyright-0.12.11, ament-xmllint-0.12.11, cov-3.0.0, colcon-core-0.17.0
collected 3 items

../../src/franka_ros2/franka_fr3_moveit_config/test/srdf_tests.py ...    [100%]

=============================== warnings summary ===============================
../../../../../opt/ros/humble/local/lib/python3.10/dist-packages/xacro/__init__.py:558
  Warning: invalid escape sequence '\$'

../../../../../opt/ros/humble/local/lib/python3.10/dist-packages/xacro/__init__.py:559
  Warning: invalid escape sequence '\s'

-- Docs: https://docs.pytest.org/en/stable/warnings.html
- generated xml file: /home/zac/franka_ws/build/franka_fr3_moveit_config/test_results/franka_fr3_moveit_config/franka_fr3_moveit_config_srdf_tests.xunit.xml -
======================== 3 passed, 2 warnings in 0.11s =========================
-- run_test.py: return code 0
-- run_test.py: verify result file '/home/zac/franka_ws/build/franka_fr3_moveit_config/test_results/franka_fr3_moveit_config/franka_fr3_moveit_config_srdf_tests.xunit.xml'
<end of output>
Test time =   0.66 sec
----------------------------------------------------------
Test Passed.
"franka_fr3_moveit_config_srdf_tests" end time: Aug 15 02:54 PDT
"franka_fr3_moveit_config_srdf_tests" time elapsed: 00:00:00
----------------------------------------------------------

2/6 Testing: copyright
2/6 Test: copyright
Command: "/usr/bin/python3" "-u" "/opt/ros/humble/share/ament_cmake_test/cmake/run_test.py" "/home/zac/franka_ws/build/franka_fr3_moveit_config/test_results/franka_fr3_moveit_config/copyright.xunit.xml" "--package-name" "franka_fr3_moveit_config" "--output-file" "/home/zac/franka_ws/build/franka_fr3_moveit_config/ament_copyright/copyright.txt" "--command" "/opt/ros/humble/bin/ament_copyright" "--xunit-file" "/home/zac/franka_ws/build/franka_fr3_moveit_config/test_results/franka_fr3_moveit_config/copyright.xunit.xml"
Directory: /home/zac/franka_ws/src/franka_ros2/franka_fr3_moveit_config
"copyright" start time: Aug 15 02:54 PDT
Output:
----------------------------------------------------------
-- run_test.py: invoking following command in '/home/zac/franka_ws/src/franka_ros2/franka_fr3_moveit_config':
 - /opt/ros/humble/bin/ament_copyright --xunit-file /home/zac/franka_ws/build/franka_fr3_moveit_config/test_results/franka_fr3_moveit_config/copyright.xunit.xml
No problems found, checked 3 files
-- run_test.py: return code 0
-- run_test.py: verify result file '/home/zac/franka_ws/build/franka_fr3_moveit_config/test_results/franka_fr3_moveit_config/copyright.xunit.xml'
<end of output>
Test time =   0.30 sec
----------------------------------------------------------
Test Passed.
"copyright" end time: Aug 15 02:54 PDT
"copyright" time elapsed: 00:00:00
----------------------------------------------------------

3/6 Testing: flake8
3/6 Test: flake8
Command: "/usr/bin/python3" "-u" "/opt/ros/humble/share/ament_cmake_test/cmake/run_test.py" "/home/zac/franka_ws/build/franka_fr3_moveit_config/test_results/franka_fr3_moveit_config/flake8.xunit.xml" "--package-name" "franka_fr3_moveit_config" "--output-file" "/home/zac/franka_ws/build/franka_fr3_moveit_config/ament_flake8/flake8.txt" "--command" "/opt/ros/humble/bin/ament_flake8" "--xunit-file" "/home/zac/franka_ws/build/franka_fr3_moveit_config/test_results/franka_fr3_moveit_config/flake8.xunit.xml"
Directory: /home/zac/franka_ws/src/franka_ros2/franka_fr3_moveit_config
"flake8" start time: Aug 15 02:54 PDT
Output:
----------------------------------------------------------
-- run_test.py: invoking following command in '/home/zac/franka_ws/src/franka_ros2/franka_fr3_moveit_config':
 - /opt/ros/humble/bin/ament_flake8 --xunit-file /home/zac/franka_ws/build/franka_fr3_moveit_config/test_results/franka_fr3_moveit_config/flake8.xunit.xml

3 files checked
No problems found

Checked files:

* ./launch/moveit.launch.py
* ./launch/move_group.launch.py
* ./test/srdf_tests.py
-- run_test.py: return code 0
-- run_test.py: verify result file '/home/zac/franka_ws/build/franka_fr3_moveit_config/test_results/franka_fr3_moveit_config/flake8.xunit.xml'
<end of output>
Test time =   0.33 sec
----------------------------------------------------------
Test Passed.
"flake8" end time: Aug 15 02:54 PDT
"flake8" time elapsed: 00:00:00
----------------------------------------------------------

4/6 Testing: lint_cmake
4/6 Test: lint_cmake
Command: "/usr/bin/python3" "-u" "/opt/ros/humble/share/ament_cmake_test/cmake/run_test.py" "/home/zac/franka_ws/build/franka_fr3_moveit_config/test_results/franka_fr3_moveit_config/lint_cmake.xunit.xml" "--package-name" "franka_fr3_moveit_config" "--output-file" "/home/zac/franka_ws/build/franka_fr3_moveit_config/ament_lint_cmake/lint_cmake.txt" "--command" "/opt/ros/humble/bin/ament_lint_cmake" "--xunit-file" "/home/zac/franka_ws/build/franka_fr3_moveit_config/test_results/franka_fr3_moveit_config/lint_cmake.xunit.xml"
Directory: /home/zac/franka_ws/src/franka_ros2/franka_fr3_moveit_config
"lint_cmake" start time: Aug 15 02:54 PDT
Output:
----------------------------------------------------------
-- run_test.py: invoking following command in '/home/zac/franka_ws/src/franka_ros2/franka_fr3_moveit_config':
 - /opt/ros/humble/bin/ament_lint_cmake --xunit-file /home/zac/franka_ws/build/franka_fr3_moveit_config/test_results/franka_fr3_moveit_config/lint_cmake.xunit.xml

No problems found
-- run_test.py: return code 0
-- run_test.py: verify result file '/home/zac/franka_ws/build/franka_fr3_moveit_config/test_results/franka_fr3_moveit_config/lint_cmake.xunit.xml'
<end of output>
Test time =   0.16 sec
----------------------------------------------------------
Test Passed.
"lint_cmake" end time: Aug 15 02:54 PDT
"lint_cmake" time elapsed: 00:00:00
----------------------------------------------------------

5/6 Testing: pep257
5/6 Test: pep257
Command: "/usr/bin/python3" "-u" "/opt/ros/humble/share/ament_cmake_test/cmake/run_test.py" "/home/zac/franka_ws/build/franka_fr3_moveit_config/test_results/franka_fr3_moveit_config/pep257.xunit.xml" "--package-name" "franka_fr3_moveit_config" "--output-file" "/home/zac/franka_ws/build/franka_fr3_moveit_config/ament_pep257/pep257.txt" "--command" "/opt/ros/humble/bin/ament_pep257" "--xunit-file" "/home/zac/franka_ws/build/franka_fr3_moveit_config/test_results/franka_fr3_moveit_config/pep257.xunit.xml"
Directory: /home/zac/franka_ws/src/franka_ros2/franka_fr3_moveit_config
"pep257" start time: Aug 15 02:54 PDT
Output:
----------------------------------------------------------
-- run_test.py: invoking following command in '/home/zac/franka_ws/src/franka_ros2/franka_fr3_moveit_config':
 - /opt/ros/humble/bin/ament_pep257 --xunit-file /home/zac/franka_ws/build/franka_fr3_moveit_config/test_results/franka_fr3_moveit_config/pep257.xunit.xml
checking ./launch/move_group.launch.py
checking ./launch/moveit.launch.py
checking ./test/srdf_tests.py
No problems found
-- run_test.py: return code 0
-- run_test.py: verify result file '/home/zac/franka_ws/build/franka_fr3_moveit_config/test_results/franka_fr3_moveit_config/pep257.xunit.xml'
<end of output>
Test time =   0.24 sec
----------------------------------------------------------
Test Passed.
"pep257" end time: Aug 15 02:54 PDT
"pep257" time elapsed: 00:00:00
----------------------------------------------------------

6/6 Testing: xmllint
6/6 Test: xmllint
Command: "/usr/bin/python3" "-u" "/opt/ros/humble/share/ament_cmake_test/cmake/run_test.py" "/home/zac/franka_ws/build/franka_fr3_moveit_config/test_results/franka_fr3_moveit_config/xmllint.xunit.xml" "--package-name" "franka_fr3_moveit_config" "--output-file" "/home/zac/franka_ws/build/franka_fr3_moveit_config/ament_xmllint/xmllint.txt" "--command" "/opt/ros/humble/bin/ament_xmllint" "--xunit-file" "/home/zac/franka_ws/build/franka_fr3_moveit_config/test_results/franka_fr3_moveit_config/xmllint.xunit.xml"
Directory: /home/zac/franka_ws/src/franka_ros2/franka_fr3_moveit_config
"xmllint" start time: Aug 15 02:54 PDT
Output:
----------------------------------------------------------
-- run_test.py: invoking following command in '/home/zac/franka_ws/src/franka_ros2/franka_fr3_moveit_config':
 - /opt/ros/humble/bin/ament_xmllint --xunit-file /home/zac/franka_ws/build/franka_fr3_moveit_config/test_results/franka_fr3_moveit_config/xmllint.xunit.xml
File 'package.xml' is valid

No problems found
-- run_test.py: return code 0
-- run_test.py: verify result file '/home/zac/franka_ws/build/franka_fr3_moveit_config/test_results/franka_fr3_moveit_config/xmllint.xunit.xml'
<end of output>
Test time =   0.31 sec
----------------------------------------------------------
Test Passed.
"xmllint" end time: Aug 15 02:54 PDT
"xmllint" time elapsed: 00:00:00
----------------------------------------------------------

End testing: Aug 15 02:54 PDT

copyright =   0.30 sec*proc

flake8 =   0.33 sec*proc

lint_cmake =   0.16 sec*proc

linter =   1.34 sec*proc

pep257 =   0.24 sec*proc

pytest =   0.66 sec*proc

xmllint =   0.31 sec*proc

