Start testing: Aug 15 02:54 PDT
----------------------------------------------------------
1/9 Testing: clang_format
1/9 Test: clang_format
Command: "/usr/bin/python3" "-u" "/opt/ros/humble/share/ament_cmake_test/cmake/run_test.py" "/home/zac/franka_ws/build/franka_robot_state_broadcaster/test_results/franka_robot_state_broadcaster/clang_format.xunit.xml" "--package-name" "franka_robot_state_broadcaster" "--output-file" "/home/zac/franka_ws/build/franka_robot_state_broadcaster/ament_clang_format/clang_format.txt" "--command" "/opt/ros/humble/bin/ament_clang_format" "--xunit-file" "/home/zac/franka_ws/build/franka_robot_state_broadcaster/test_results/franka_robot_state_broadcaster/clang_format.xunit.xml" "src" "include" "--config" "../.clang-format"
Directory: /home/zac/franka_ws/src/franka_ros2/franka_robot_state_broadcaster
"clang_format" start time: Aug 15 02:54 PDT
Output:
----------------------------------------------------------
-- run_test.py: invoking following command in '/home/zac/franka_ws/src/franka_ros2/franka_robot_state_broadcaster':
 - /opt/ros/humble/bin/ament_clang_format --xunit-file /home/zac/franka_ws/build/franka_robot_state_broadcaster/test_results/franka_robot_state_broadcaster/clang_format.xunit.xml src include --config ../.clang-format
No code style divergence in file 'src/franka_robot_state_broadcaster.cpp'

No code style divergence in file 'include/franka_robot_state_broadcaster/franka_robot_state_broadcaster.hpp'

No problems found
-- run_test.py: return code 0
-- run_test.py: verify result file '/home/zac/franka_ws/build/franka_robot_state_broadcaster/test_results/franka_robot_state_broadcaster/clang_format.xunit.xml'
<end of output>
Test time =   0.20 sec
----------------------------------------------------------
Test Passed.
"clang_format" end time: Aug 15 02:54 PDT
"clang_format" time elapsed: 00:00:00
----------------------------------------------------------

2/9 Testing: copyright
2/9 Test: copyright
Command: "/usr/bin/python3" "-u" "/opt/ros/humble/share/ament_cmake_test/cmake/run_test.py" "/home/zac/franka_ws/build/franka_robot_state_broadcaster/test_results/franka_robot_state_broadcaster/copyright.xunit.xml" "--package-name" "franka_robot_state_broadcaster" "--output-file" "/home/zac/franka_ws/build/franka_robot_state_broadcaster/ament_copyright/copyright.txt" "--command" "/opt/ros/humble/bin/ament_copyright" "--xunit-file" "/home/zac/franka_ws/build/franka_robot_state_broadcaster/test_results/franka_robot_state_broadcaster/copyright.xunit.xml" "src" "include" "package.xml"
Directory: /home/zac/franka_ws/src/franka_ros2/franka_robot_state_broadcaster
"copyright" start time: Aug 15 02:54 PDT
Output:
----------------------------------------------------------
-- run_test.py: invoking following command in '/home/zac/franka_ws/src/franka_ros2/franka_robot_state_broadcaster':
 - /opt/ros/humble/bin/ament_copyright --xunit-file /home/zac/franka_ws/build/franka_robot_state_broadcaster/test_results/franka_robot_state_broadcaster/copyright.xunit.xml src include package.xml
No problems found, checked 2 files
-- run_test.py: return code 0
-- run_test.py: verify result file '/home/zac/franka_ws/build/franka_robot_state_broadcaster/test_results/franka_robot_state_broadcaster/copyright.xunit.xml'
<end of output>
Test time =   0.26 sec
----------------------------------------------------------
Test Passed.
"copyright" end time: Aug 15 02:54 PDT
"copyright" time elapsed: 00:00:00
----------------------------------------------------------

3/9 Testing: cppcheck
3/9 Test: cppcheck
Command: "/usr/bin/python3" "-u" "/opt/ros/humble/share/ament_cmake_test/cmake/run_test.py" "/home/zac/franka_ws/build/franka_robot_state_broadcaster/test_results/franka_robot_state_broadcaster/cppcheck.xunit.xml" "--package-name" "franka_robot_state_broadcaster" "--output-file" "/home/zac/franka_ws/build/franka_robot_state_broadcaster/ament_cppcheck/cppcheck.txt" "--command" "/opt/ros/humble/bin/ament_cppcheck" "--xunit-file" "/home/zac/franka_ws/build/franka_robot_state_broadcaster/test_results/franka_robot_state_broadcaster/cppcheck.xunit.xml" "src" "include"
Directory: /home/zac/franka_ws/src/franka_ros2/franka_robot_state_broadcaster
"cppcheck" start time: Aug 15 02:54 PDT
Output:
----------------------------------------------------------
-- run_test.py: invoking following command in '/home/zac/franka_ws/src/franka_ros2/franka_robot_state_broadcaster':
 - /opt/ros/humble/bin/ament_cppcheck --xunit-file /home/zac/franka_ws/build/franka_robot_state_broadcaster/test_results/franka_robot_state_broadcaster/cppcheck.xunit.xml src include
cppcheck 2.7 has known performance issues and therefore will not be used, set the AMENT_CPPCHECK_ALLOW_SLOW_VERSIONS environment variable to override this.
-- run_test.py: return code 0
-- run_test.py: verify result file '/home/zac/franka_ws/build/franka_robot_state_broadcaster/test_results/franka_robot_state_broadcaster/cppcheck.xunit.xml'
<end of output>
Test time =   0.16 sec
----------------------------------------------------------
Test Passed.
"cppcheck" end time: Aug 15 02:54 PDT
"cppcheck" time elapsed: 00:00:00
----------------------------------------------------------

4/9 Testing: lint_cmake
4/9 Test: lint_cmake
Command: "/usr/bin/python3" "-u" "/opt/ros/humble/share/ament_cmake_test/cmake/run_test.py" "/home/zac/franka_ws/build/franka_robot_state_broadcaster/test_results/franka_robot_state_broadcaster/lint_cmake.xunit.xml" "--package-name" "franka_robot_state_broadcaster" "--output-file" "/home/zac/franka_ws/build/franka_robot_state_broadcaster/ament_lint_cmake/lint_cmake.txt" "--command" "/opt/ros/humble/bin/ament_lint_cmake" "--xunit-file" "/home/zac/franka_ws/build/franka_robot_state_broadcaster/test_results/franka_robot_state_broadcaster/lint_cmake.xunit.xml" "CMakeLists.txt"
Directory: /home/zac/franka_ws/src/franka_ros2/franka_robot_state_broadcaster
"lint_cmake" start time: Aug 15 02:54 PDT
Output:
----------------------------------------------------------
-- run_test.py: invoking following command in '/home/zac/franka_ws/src/franka_ros2/franka_robot_state_broadcaster':
 - /opt/ros/humble/bin/ament_lint_cmake --xunit-file /home/zac/franka_ws/build/franka_robot_state_broadcaster/test_results/franka_robot_state_broadcaster/lint_cmake.xunit.xml CMakeLists.txt

No problems found
-- run_test.py: return code 0
-- run_test.py: verify result file '/home/zac/franka_ws/build/franka_robot_state_broadcaster/test_results/franka_robot_state_broadcaster/lint_cmake.xunit.xml'
<end of output>
Test time =   0.15 sec
----------------------------------------------------------
Test Passed.
"lint_cmake" end time: Aug 15 02:54 PDT
"lint_cmake" time elapsed: 00:00:00
----------------------------------------------------------

5/9 Testing: flake8
5/9 Test: flake8
Command: "/usr/bin/python3" "-u" "/opt/ros/humble/share/ament_cmake_test/cmake/run_test.py" "/home/zac/franka_ws/build/franka_robot_state_broadcaster/test_results/franka_robot_state_broadcaster/flake8.xunit.xml" "--package-name" "franka_robot_state_broadcaster" "--output-file" "/home/zac/franka_ws/build/franka_robot_state_broadcaster/ament_flake8/flake8.txt" "--command" "/opt/ros/humble/bin/ament_flake8" "--xunit-file" "/home/zac/franka_ws/build/franka_robot_state_broadcaster/test_results/franka_robot_state_broadcaster/flake8.xunit.xml"
Directory: /home/zac/franka_ws/src/franka_ros2/franka_robot_state_broadcaster
"flake8" start time: Aug 15 02:54 PDT
Output:
----------------------------------------------------------
-- run_test.py: invoking following command in '/home/zac/franka_ws/src/franka_ros2/franka_robot_state_broadcaster':
 - /opt/ros/humble/bin/ament_flake8 --xunit-file /home/zac/franka_ws/build/franka_robot_state_broadcaster/test_results/franka_robot_state_broadcaster/flake8.xunit.xml

0 files checked
No problems found

Checked files:

-- run_test.py: return code 0
-- run_test.py: verify result file '/home/zac/franka_ws/build/franka_robot_state_broadcaster/test_results/franka_robot_state_broadcaster/flake8.xunit.xml'
<end of output>
Test time =   0.25 sec
----------------------------------------------------------
Test Passed.
"flake8" end time: Aug 15 02:54 PDT
"flake8" time elapsed: 00:00:00
----------------------------------------------------------

6/9 Testing: pep257
6/9 Test: pep257
Command: "/usr/bin/python3" "-u" "/opt/ros/humble/share/ament_cmake_test/cmake/run_test.py" "/home/zac/franka_ws/build/franka_robot_state_broadcaster/test_results/franka_robot_state_broadcaster/pep257.xunit.xml" "--package-name" "franka_robot_state_broadcaster" "--output-file" "/home/zac/franka_ws/build/franka_robot_state_broadcaster/ament_pep257/pep257.txt" "--command" "/opt/ros/humble/bin/ament_pep257" "--xunit-file" "/home/zac/franka_ws/build/franka_robot_state_broadcaster/test_results/franka_robot_state_broadcaster/pep257.xunit.xml"
Directory: /home/zac/franka_ws/src/franka_ros2/franka_robot_state_broadcaster
"pep257" start time: Aug 15 02:54 PDT
Output:
----------------------------------------------------------
-- run_test.py: invoking following command in '/home/zac/franka_ws/src/franka_ros2/franka_robot_state_broadcaster':
 - /opt/ros/humble/bin/ament_pep257 --xunit-file /home/zac/franka_ws/build/franka_robot_state_broadcaster/test_results/franka_robot_state_broadcaster/pep257.xunit.xml
No problems found
-- run_test.py: return code 0
-- run_test.py: verify result file '/home/zac/franka_ws/build/franka_robot_state_broadcaster/test_results/franka_robot_state_broadcaster/pep257.xunit.xml'
<end of output>
Test time =   0.21 sec
----------------------------------------------------------
Test Passed.
"pep257" end time: Aug 15 02:54 PDT
"pep257" time elapsed: 00:00:00
----------------------------------------------------------

7/9 Testing: xmllint
7/9 Test: xmllint
Command: "/usr/bin/python3" "-u" "/opt/ros/humble/share/ament_cmake_test/cmake/run_test.py" "/home/zac/franka_ws/build/franka_robot_state_broadcaster/test_results/franka_robot_state_broadcaster/xmllint.xunit.xml" "--package-name" "franka_robot_state_broadcaster" "--output-file" "/home/zac/franka_ws/build/franka_robot_state_broadcaster/ament_xmllint/xmllint.txt" "--command" "/opt/ros/humble/bin/ament_xmllint" "--xunit-file" "/home/zac/franka_ws/build/franka_robot_state_broadcaster/test_results/franka_robot_state_broadcaster/xmllint.xunit.xml"
Directory: /home/zac/franka_ws/src/franka_ros2/franka_robot_state_broadcaster
"xmllint" start time: Aug 15 02:54 PDT
Output:
----------------------------------------------------------
-- run_test.py: invoking following command in '/home/zac/franka_ws/src/franka_ros2/franka_robot_state_broadcaster':
 - /opt/ros/humble/bin/ament_xmllint --xunit-file /home/zac/franka_ws/build/franka_robot_state_broadcaster/test_results/franka_robot_state_broadcaster/xmllint.xunit.xml
File 'franka_robot_state_broadcaster.xml' is valid

File 'package.xml' is valid

No problems found
-- run_test.py: return code 0
-- run_test.py: verify result file '/home/zac/franka_ws/build/franka_robot_state_broadcaster/test_results/franka_robot_state_broadcaster/xmllint.xunit.xml'
<end of output>
Test time =   0.18 sec
----------------------------------------------------------
Test Passed.
"xmllint" end time: Aug 15 02:54 PDT
"xmllint" time elapsed: 00:00:00
----------------------------------------------------------

8/9 Testing: franka_robot_state_broadcaster_test
8/9 Test: franka_robot_state_broadcaster_test
Command: "/usr/bin/python3" "-u" "/opt/ros/humble/share/ament_cmake_test/cmake/run_test.py" "/home/zac/franka_ws/build/franka_robot_state_broadcaster/test_results/franka_robot_state_broadcaster/franka_robot_state_broadcaster_test.gtest.xml" "--package-name" "franka_robot_state_broadcaster" "--output-file" "/home/zac/franka_ws/build/franka_robot_state_broadcaster/test_results/franka_robot_state_broadcaster/franka_robot_state_broadcaster_test.txt" "--command" "/home/zac/franka_ws/build/franka_robot_state_broadcaster/franka_robot_state_broadcaster_test" "--ros-args" "--params-file" "/home/zac/franka_ws/src/franka_ros2/franka_robot_state_broadcaster/test/franka_robot_state_broadcaster_parameters.yaml" "--" "--gtest_output=xml:/home/zac/franka_ws/build/franka_robot_state_broadcaster/test_results/franka_robot_state_broadcaster/franka_robot_state_broadcaster_test.gtest.xml"
Directory: /home/zac/franka_ws/build/franka_robot_state_broadcaster
"franka_robot_state_broadcaster_test" start time: Aug 15 02:54 PDT
Output:
----------------------------------------------------------
-- run_test.py: invoking following command in '/home/zac/franka_ws/build/franka_robot_state_broadcaster':
 - /home/zac/franka_ws/build/franka_robot_state_broadcaster/franka_robot_state_broadcaster_test --ros-args --params-file /home/zac/franka_ws/src/franka_ros2/franka_robot_state_broadcaster/test/franka_robot_state_broadcaster_parameters.yaml -- --gtest_output=xml:/home/zac/franka_ws/build/franka_robot_state_broadcaster/test_results/franka_robot_state_broadcaster/franka_robot_state_broadcaster_test.gtest.xml
[==========] Running 6 tests from 1 test suite.
[----------] Global test environment set-up.
[----------] 6 tests from TestFrankaRobotStateBroadcaster
[ RUN      ] TestFrankaRobotStateBroadcaster.test_init_return_success
[       OK ] TestFrankaRobotStateBroadcaster.test_init_return_success (48 ms)
[ RUN      ] TestFrankaRobotStateBroadcaster.test_configure_return_success

GMOCK WARNING:
Uninteresting mock function call - returning directly.
    Function call: initialize_robot_state_msg(@0x563e99d82fa0 2360-byte object <00-00 00-00 00-00 00-00 B8-2F D8-99 3E-56 00-00 00-00 00-00 00-00 00-00 00-2F D8-99 3E-56 00-00 00-00 00-00 00-00 00-00 00-00 00-00 00-00 00-00 00-00 00-00 00-00 00-00 00-00 00-00 00-00 00-00 ... 00-00 00-00 00-00 00-00 00-00 00-00 00-00 00-00 00-00 00-00 00-00 00-00 00-00 00-00 00-00 00-00 00-00 00-00 00-00 00-00 00-00 00-00 00-00 00-00 00-00 00-00 00-00 00-00 00-00 00-00 00-00 00-00>)
NOTE: You can safely ignore the above warning unless this call should not happen.  Do not suppress it by blindly adding an EXPECT_CALL() if you don't mean to enforce the call.  See https://github.com/google/googletest/blob/master/googlemock/docs/cook_book.md#knowing-when-to-expect for details.
[       OK ] TestFrankaRobotStateBroadcaster.test_configure_return_success (14 ms)
[ RUN      ] TestFrankaRobotStateBroadcaster.test_activate_return_success

GMOCK WARNING:
Uninteresting mock function call - returning directly.
    Function call: initialize_robot_state_msg(@0x563e99bc5de0 2360-byte object <00-00 00-00 00-00 00-00 F8-5D BC-99 3E-56 00-00 00-00 00-00 00-00 00-00 00-00 00-00 00-00 00-00 00-00 00-00 00-00 00-00 00-00 00-00 00-00 00-00 00-00 00-00 00-00 00-00 00-00 00-00 00-00 00-00 ... 00-00 00-00 00-00 00-00 00-00 00-00 00-00 00-00 00-00 00-00 00-00 00-00 00-00 00-00 00-00 00-00 00-00 00-00 00-00 00-00 00-00 00-00 00-00 00-00 00-00 00-00 00-00 00-00 00-3F 00-00 00-00 00-00>)
NOTE: You can safely ignore the above warning unless this call should not happen.  Do not suppress it by blindly adding an EXPECT_CALL() if you don't mean to enforce the call.  See https://github.com/google/googletest/blob/master/googlemock/docs/cook_book.md#knowing-when-to-expect for details.
[       OK ] TestFrankaRobotStateBroadcaster.test_activate_return_success (12 ms)
[ RUN      ] TestFrankaRobotStateBroadcaster.test_deactivate_return_success

GMOCK WARNING:
Uninteresting mock function call - returning directly.
    Function call: initialize_robot_state_msg(@0x563e99ba6960 2360-byte object <00-00 00-00 00-00 00-00 78-69 BA-99 3E-56 00-00 00-00 00-00 00-00 00-00 00-00 00-00 00-00 00-00 00-00 00-00 00-00 00-00 00-00 00-00 00-00 00-00 00-00 00-00 00-00 00-00 00-00 00-00 00-00 00-00 ... 00-00 00-00 00-00 00-00 00-00 00-00 00-00 00-00 00-00 00-00 00-00 00-00 00-00 00-00 00-00 00-00 00-00 00-00 00-00 00-00 00-00 00-00 00-00 00-00 00-00 00-00 00-00 00-00 00-00 00-00 00-00 00-00>)
NOTE: You can safely ignore the above warning unless this call should not happen.  Do not suppress it by blindly adding an EXPECT_CALL() if you don't mean to enforce the call.  See https://github.com/google/googletest/blob/master/googlemock/docs/cook_book.md#knowing-when-to-expect for details.
[       OK ] TestFrankaRobotStateBroadcaster.test_deactivate_return_success (11 ms)
[ RUN      ] TestFrankaRobotStateBroadcaster.test_update_without_franka_state_interface_returns_error

GMOCK WARNING:
Uninteresting mock function call - returning directly.
    Function call: initialize_robot_state_msg(@0x563e99dcfdc0 2360-byte object <00-00 00-00 00-00 00-00 D8-FD DC-99 3E-56 00-00 00-00 00-00 00-00 00-00 00-00 00-00 00-00 00-00 00-00 00-00 00-00 00-00 00-00 00-00 00-00 00-00 00-00 00-00 00-00 00-00 00-00 00-00 00-00 00-00 ... 00-00 00-00 00-00 00-00 00-00 00-00 00-00 00-00 00-00 00-00 00-00 00-00 00-00 00-00 00-00 00-00 00-00 00-00 00-00 00-00 00-00 00-00 00-00 00-00 00-00 00-00 00-00 00-00 00-00 00-00 00-00 00-00>)
NOTE: You can safely ignore the above warning unless this call should not happen.  Do not suppress it by blindly adding an EXPECT_CALL() if you don't mean to enforce the call.  See https://github.com/google/googletest/blob/master/googlemock/docs/cook_book.md#knowing-when-to-expect for details.
[ERROR] [1723715667.330351070] [franka_state_semantic_component]: Franka state interface does not exist! Did you assign the loaned state in the controller?
[ERROR] [1723715667.330401475] [test_broadcaster]: Failed to get franka state via franka state interface.
[       OK ] TestFrankaRobotStateBroadcaster.test_update_without_franka_state_interface_returns_error (13 ms)
[ RUN      ] TestFrankaRobotStateBroadcaster.test_update_with_franka_state_returns_success
[  SKIPPED ] TestFrankaRobotStateBroadcaster.test_update_with_franka_state_returns_success (10 ms)
[----------] 6 tests from TestFrankaRobotStateBroadcaster (109 ms total)

[----------] Global test environment tear-down
[==========] 6 tests from 1 test suite ran. (109 ms total)
[  PASSED  ] 5 tests.
[  SKIPPED ] 1 test, listed below:
[  SKIPPED ] TestFrankaRobotStateBroadcaster.test_update_with_franka_state_returns_success
-- run_test.py: return code 0
-- run_test.py: inject classname prefix into gtest result file '/home/zac/franka_ws/build/franka_robot_state_broadcaster/test_results/franka_robot_state_broadcaster/franka_robot_state_broadcaster_test.gtest.xml'
-- run_test.py: verify result file '/home/zac/franka_ws/build/franka_robot_state_broadcaster/test_results/franka_robot_state_broadcaster/franka_robot_state_broadcaster_test.gtest.xml'
<end of output>
Test time =   0.31 sec
----------------------------------------------------------
Test Passed.
"franka_robot_state_broadcaster_test" end time: Aug 15 02:54 PDT
"franka_robot_state_broadcaster_test" time elapsed: 00:00:00
----------------------------------------------------------

9/9 Testing: test_load_franka_robot_state_broadcaster
9/9 Test: test_load_franka_robot_state_broadcaster
Command: "/usr/bin/python3" "-u" "/opt/ros/humble/share/ament_cmake_test/cmake/run_test.py" "/home/zac/franka_ws/build/franka_robot_state_broadcaster/test_results/franka_robot_state_broadcaster/test_load_franka_robot_state_broadcaster.gtest.xml" "--package-name" "franka_robot_state_broadcaster" "--output-file" "/home/zac/franka_ws/build/franka_robot_state_broadcaster/ament_cmake_gmock/test_load_franka_robot_state_broadcaster.txt" "--command" "/home/zac/franka_ws/build/franka_robot_state_broadcaster/test_load_franka_robot_state_broadcaster" "--gtest_output=xml:/home/zac/franka_ws/build/franka_robot_state_broadcaster/test_results/franka_robot_state_broadcaster/test_load_franka_robot_state_broadcaster.gtest.xml"
Directory: /home/zac/franka_ws/build/franka_robot_state_broadcaster
"test_load_franka_robot_state_broadcaster" start time: Aug 15 02:54 PDT
Output:
----------------------------------------------------------
-- run_test.py: invoking following command in '/home/zac/franka_ws/build/franka_robot_state_broadcaster':
 - /home/zac/franka_ws/build/franka_robot_state_broadcaster/test_load_franka_robot_state_broadcaster --gtest_output=xml:/home/zac/franka_ws/build/franka_robot_state_broadcaster/test_results/franka_robot_state_broadcaster/test_load_franka_robot_state_broadcaster.gtest.xml
Running main() from gmock_main.cc
[==========] Running 1 test from 1 test suite.
[----------] Global test environment set-up.
[----------] 1 test from TestLoadFrankaRobotStateBroadcaster
[ RUN      ] TestLoadFrankaRobotStateBroadcaster.load_controller
[INFO] [1723715667.542676793] [resource_manager]: Loading hardware 'TestActuatorHardware' 
unknown file: Failure
C++ exception with description "According to the loaded plugin descriptions the class test_actuator with base class type hardware_interface::ActuatorInterface does not exist. Declared types are  test_hardware_components/TestSingleJointActuator" thrown in the test body.
[  FAILED  ] TestLoadFrankaRobotStateBroadcaster.load_controller (8 ms)
[----------] 1 test from TestLoadFrankaRobotStateBroadcaster (8 ms total)

[----------] Global test environment tear-down
[==========] 1 test from 1 test suite ran. (8 ms total)
[  PASSED  ] 0 tests.
[  FAILED  ] 1 test, listed below:
[  FAILED  ] TestLoadFrankaRobotStateBroadcaster.load_controller

 1 FAILED TEST
-- run_test.py: return code 1
-- run_test.py: inject classname prefix into gtest result file '/home/zac/franka_ws/build/franka_robot_state_broadcaster/test_results/franka_robot_state_broadcaster/test_load_franka_robot_state_broadcaster.gtest.xml'
-- run_test.py: verify result file '/home/zac/franka_ws/build/franka_robot_state_broadcaster/test_results/franka_robot_state_broadcaster/test_load_franka_robot_state_broadcaster.gtest.xml'
<end of output>
Test time =   0.11 sec
----------------------------------------------------------
Test Failed.
"test_load_franka_robot_state_broadcaster" end time: Aug 15 02:54 PDT
"test_load_franka_robot_state_broadcaster" time elapsed: 00:00:00
----------------------------------------------------------

End testing: Aug 15 02:54 PDT

clang_format =   0.20 sec*proc

copyright =   0.26 sec*proc

cppcheck =   0.16 sec*proc

flake8 =   0.25 sec*proc

gmock =   0.11 sec*proc

lint_cmake =   0.15 sec*proc

linter =   1.41 sec*proc

pep257 =   0.21 sec*proc

xmllint =   0.18 sec*proc

