<?xml version="1.0" encoding="UTF-8"?>
<Site BuildName="(empty)"
	BuildStamp="20240815-0954-Experimental"
	Name="CHARISMA-Predator-571"
	Generator="ctest-3.22.1"
	CompilerName="/usr/bin/c++"
	CompilerVersion="11.4.0"
	OSName="Linux"
	Hostname="CHARISMA-Predator-571"
	OSRelease="5.15.0-1068-realtime"
	OSVersion="#76-Ubuntu SMP PREEMPT_RT Thu Jul 25 11:57:39 UTC 2024"
	OSPlatform="x86_64"
	Is64Bits="1"
	VendorString="GenuineIntel"
	VendorID="Intel Corporation"
	FamilyID="6"
	ModelID="158"
	ProcessorCacheSize="6144"
	NumberOfLogicalCPU="8"
	NumberOfPhysicalCPU="4"
	TotalVirtualMemory="2047"
	TotalPhysicalMemory="15869"
	LogicalProcessorsPerPhysical="2"
	ProcessorClockFrequency="3625.17"
	>
	<Testing>
		<StartDateTime>Aug 15 02:54 PDT</StartDateTime>
		<StartTestTime>1723715663</StartTestTime>
		<TestList>
			<Test>./clang_format</Test>
			<Test>./copyright</Test>
			<Test>./cppcheck</Test>
			<Test>./lint_cmake</Test>
			<Test>./flake8</Test>
			<Test>./pep257</Test>
			<Test>./xmllint</Test>
			<Test>./test_franka_robot_state</Test>
			<Test>./test_franka_robot_model</Test>
			<Test>./franka_semantic_component_interface_test</Test>
			<Test>./franka_cartesian_velocity_interface_test</Test>
			<Test>./franka_cartesian_pose_interface_test</Test>
		</TestList>
		<Test Status="passed">
			<Name>clang_format</Name>
			<Path>.</Path>
			<FullName>./clang_format</FullName>
			<FullCommandLine>/usr/bin/python3 "-u" "/opt/ros/humble/share/ament_cmake_test/cmake/run_test.py" "/home/zac/franka_ws/build/franka_semantic_components/test_results/franka_semantic_components/clang_format.xunit.xml" "--package-name" "franka_semantic_components" "--output-file" "/home/zac/franka_ws/build/franka_semantic_components/ament_clang_format/clang_format.txt" "--command" "/opt/ros/humble/bin/ament_clang_format" "--xunit-file" "/home/zac/franka_ws/build/franka_semantic_components/test_results/franka_semantic_components/clang_format.xunit.xml" "src" "include" "--config" "../.clang-format"</FullCommandLine>
			<Results>
				<NamedMeasurement type="numeric/double" name="Execution Time">
					<Value>0.25362</Value>
				</NamedMeasurement>
				<NamedMeasurement type="numeric/double" name="Processors">
					<Value>1</Value>
				</NamedMeasurement>
				<NamedMeasurement type="text/string" name="Completion Status">
					<Value>Completed</Value>
				</NamedMeasurement>
				<NamedMeasurement type="text/string" name="Command Line">
					<Value>/usr/bin/python3 "-u" "/opt/ros/humble/share/ament_cmake_test/cmake/run_test.py" "/home/zac/franka_ws/build/franka_semantic_components/test_results/franka_semantic_components/clang_format.xunit.xml" "--package-name" "franka_semantic_components" "--output-file" "/home/zac/franka_ws/build/franka_semantic_components/ament_clang_format/clang_format.txt" "--command" "/opt/ros/humble/bin/ament_clang_format" "--xunit-file" "/home/zac/franka_ws/build/franka_semantic_components/test_results/franka_semantic_components/clang_format.xunit.xml" "src" "include" "--config" "../.clang-format"</Value>
				</NamedMeasurement>
				<NamedMeasurement type="text/string" name="Environment">
					<Value>#CTEST_RESOURCE_GROUP_COUNT=</Value>
				</NamedMeasurement>
				<Measurement>
					<Value>-- run_test.py: invoking following command in '/home/zac/franka_ws/src/franka_ros2/franka_semantic_components':
 - /opt/ros/humble/bin/ament_clang_format --xunit-file /home/zac/franka_ws/build/franka_semantic_components/test_results/franka_semantic_components/clang_format.xunit.xml src include --config ../.clang-format
No code style divergence in file 'src/franka_cartesian_pose_interface.cpp'

No code style divergence in file 'src/franka_cartesian_velocity_interface.cpp'

No code style divergence in file 'src/franka_robot_model.cpp'

No code style divergence in file 'src/franka_robot_state.cpp'

No code style divergence in file 'src/franka_semantic_component_interface.cpp'

No code style divergence in file 'src/translation_utils.cpp'

No code style divergence in file 'src/translation_utils.hpp'

No code style divergence in file 'include/franka_semantic_components/franka_cartesian_pose_interface.hpp'

No code style divergence in file 'include/franka_semantic_components/franka_cartesian_velocity_interface.hpp'

No code style divergence in file 'include/franka_semantic_components/franka_robot_model.hpp'

No code style divergence in file 'include/franka_semantic_components/franka_robot_state.hpp'

No code style divergence in file 'include/franka_semantic_components/franka_semantic_component_interface.hpp'

No problems found
-- run_test.py: return code 0
-- run_test.py: verify result file '/home/zac/franka_ws/build/franka_semantic_components/test_results/franka_semantic_components/clang_format.xunit.xml'
</Value>
				</Measurement>
			</Results>
			<Labels>
				<Label>clang_format</Label>
				<Label>linter</Label>
			</Labels>
		</Test>
		<Test Status="passed">
			<Name>copyright</Name>
			<Path>.</Path>
			<FullName>./copyright</FullName>
			<FullCommandLine>/usr/bin/python3 "-u" "/opt/ros/humble/share/ament_cmake_test/cmake/run_test.py" "/home/zac/franka_ws/build/franka_semantic_components/test_results/franka_semantic_components/copyright.xunit.xml" "--package-name" "franka_semantic_components" "--output-file" "/home/zac/franka_ws/build/franka_semantic_components/ament_copyright/copyright.txt" "--command" "/opt/ros/humble/bin/ament_copyright" "--xunit-file" "/home/zac/franka_ws/build/franka_semantic_components/test_results/franka_semantic_components/copyright.xunit.xml" "src" "include" "package.xml"</FullCommandLine>
			<Results>
				<NamedMeasurement type="numeric/double" name="Execution Time">
					<Value>0.591723</Value>
				</NamedMeasurement>
				<NamedMeasurement type="numeric/double" name="Processors">
					<Value>1</Value>
				</NamedMeasurement>
				<NamedMeasurement type="text/string" name="Completion Status">
					<Value>Completed</Value>
				</NamedMeasurement>
				<NamedMeasurement type="text/string" name="Command Line">
					<Value>/usr/bin/python3 "-u" "/opt/ros/humble/share/ament_cmake_test/cmake/run_test.py" "/home/zac/franka_ws/build/franka_semantic_components/test_results/franka_semantic_components/copyright.xunit.xml" "--package-name" "franka_semantic_components" "--output-file" "/home/zac/franka_ws/build/franka_semantic_components/ament_copyright/copyright.txt" "--command" "/opt/ros/humble/bin/ament_copyright" "--xunit-file" "/home/zac/franka_ws/build/franka_semantic_components/test_results/franka_semantic_components/copyright.xunit.xml" "src" "include" "package.xml"</Value>
				</NamedMeasurement>
				<NamedMeasurement type="text/string" name="Environment">
					<Value>#CTEST_RESOURCE_GROUP_COUNT=</Value>
				</NamedMeasurement>
				<Measurement>
					<Value>-- run_test.py: invoking following command in '/home/zac/franka_ws/src/franka_ros2/franka_semantic_components':
 - /opt/ros/humble/bin/ament_copyright --xunit-file /home/zac/franka_ws/build/franka_semantic_components/test_results/franka_semantic_components/copyright.xunit.xml src include package.xml
No problems found, checked 12 files
-- run_test.py: return code 0
-- run_test.py: verify result file '/home/zac/franka_ws/build/franka_semantic_components/test_results/franka_semantic_components/copyright.xunit.xml'
</Value>
				</Measurement>
			</Results>
			<Labels>
				<Label>copyright</Label>
				<Label>linter</Label>
			</Labels>
		</Test>
		<Test Status="passed">
			<Name>cppcheck</Name>
			<Path>.</Path>
			<FullName>./cppcheck</FullName>
			<FullCommandLine>/usr/bin/python3 "-u" "/opt/ros/humble/share/ament_cmake_test/cmake/run_test.py" "/home/zac/franka_ws/build/franka_semantic_components/test_results/franka_semantic_components/cppcheck.xunit.xml" "--package-name" "franka_semantic_components" "--output-file" "/home/zac/franka_ws/build/franka_semantic_components/ament_cppcheck/cppcheck.txt" "--command" "/opt/ros/humble/bin/ament_cppcheck" "--xunit-file" "/home/zac/franka_ws/build/franka_semantic_components/test_results/franka_semantic_components/cppcheck.xunit.xml" "src" "include"</FullCommandLine>
			<Results>
				<NamedMeasurement type="numeric/double" name="Execution Time">
					<Value>0.175837</Value>
				</NamedMeasurement>
				<NamedMeasurement type="numeric/double" name="Processors">
					<Value>1</Value>
				</NamedMeasurement>
				<NamedMeasurement type="text/string" name="Completion Status">
					<Value>Completed</Value>
				</NamedMeasurement>
				<NamedMeasurement type="text/string" name="Command Line">
					<Value>/usr/bin/python3 "-u" "/opt/ros/humble/share/ament_cmake_test/cmake/run_test.py" "/home/zac/franka_ws/build/franka_semantic_components/test_results/franka_semantic_components/cppcheck.xunit.xml" "--package-name" "franka_semantic_components" "--output-file" "/home/zac/franka_ws/build/franka_semantic_components/ament_cppcheck/cppcheck.txt" "--command" "/opt/ros/humble/bin/ament_cppcheck" "--xunit-file" "/home/zac/franka_ws/build/franka_semantic_components/test_results/franka_semantic_components/cppcheck.xunit.xml" "src" "include"</Value>
				</NamedMeasurement>
				<NamedMeasurement type="text/string" name="Environment">
					<Value>#CTEST_RESOURCE_GROUP_COUNT=</Value>
				</NamedMeasurement>
				<Measurement>
					<Value>-- run_test.py: invoking following command in '/home/zac/franka_ws/src/franka_ros2/franka_semantic_components':
 - /opt/ros/humble/bin/ament_cppcheck --xunit-file /home/zac/franka_ws/build/franka_semantic_components/test_results/franka_semantic_components/cppcheck.xunit.xml src include
cppcheck 2.7 has known performance issues and therefore will not be used, set the AMENT_CPPCHECK_ALLOW_SLOW_VERSIONS environment variable to override this.
-- run_test.py: return code 0
-- run_test.py: verify result file '/home/zac/franka_ws/build/franka_semantic_components/test_results/franka_semantic_components/cppcheck.xunit.xml'
</Value>
				</Measurement>
			</Results>
			<Labels>
				<Label>cppcheck</Label>
				<Label>linter</Label>
			</Labels>
		</Test>
		<Test Status="passed">
			<Name>lint_cmake</Name>
			<Path>.</Path>
			<FullName>./lint_cmake</FullName>
			<FullCommandLine>/usr/bin/python3 "-u" "/opt/ros/humble/share/ament_cmake_test/cmake/run_test.py" "/home/zac/franka_ws/build/franka_semantic_components/test_results/franka_semantic_components/lint_cmake.xunit.xml" "--package-name" "franka_semantic_components" "--output-file" "/home/zac/franka_ws/build/franka_semantic_components/ament_lint_cmake/lint_cmake.txt" "--command" "/opt/ros/humble/bin/ament_lint_cmake" "--xunit-file" "/home/zac/franka_ws/build/franka_semantic_components/test_results/franka_semantic_components/lint_cmake.xunit.xml" "CMakeLists.txt"</FullCommandLine>
			<Results>
				<NamedMeasurement type="numeric/double" name="Execution Time">
					<Value>0.157673</Value>
				</NamedMeasurement>
				<NamedMeasurement type="numeric/double" name="Processors">
					<Value>1</Value>
				</NamedMeasurement>
				<NamedMeasurement type="text/string" name="Completion Status">
					<Value>Completed</Value>
				</NamedMeasurement>
				<NamedMeasurement type="text/string" name="Command Line">
					<Value>/usr/bin/python3 "-u" "/opt/ros/humble/share/ament_cmake_test/cmake/run_test.py" "/home/zac/franka_ws/build/franka_semantic_components/test_results/franka_semantic_components/lint_cmake.xunit.xml" "--package-name" "franka_semantic_components" "--output-file" "/home/zac/franka_ws/build/franka_semantic_components/ament_lint_cmake/lint_cmake.txt" "--command" "/opt/ros/humble/bin/ament_lint_cmake" "--xunit-file" "/home/zac/franka_ws/build/franka_semantic_components/test_results/franka_semantic_components/lint_cmake.xunit.xml" "CMakeLists.txt"</Value>
				</NamedMeasurement>
				<NamedMeasurement type="text/string" name="Environment">
					<Value>#CTEST_RESOURCE_GROUP_COUNT=</Value>
				</NamedMeasurement>
				<Measurement>
					<Value>-- run_test.py: invoking following command in '/home/zac/franka_ws/src/franka_ros2/franka_semantic_components':
 - /opt/ros/humble/bin/ament_lint_cmake --xunit-file /home/zac/franka_ws/build/franka_semantic_components/test_results/franka_semantic_components/lint_cmake.xunit.xml CMakeLists.txt

No problems found
-- run_test.py: return code 0
-- run_test.py: verify result file '/home/zac/franka_ws/build/franka_semantic_components/test_results/franka_semantic_components/lint_cmake.xunit.xml'
</Value>
				</Measurement>
			</Results>
			<Labels>
				<Label>lint_cmake</Label>
				<Label>linter</Label>
			</Labels>
		</Test>
		<Test Status="passed">
			<Name>flake8</Name>
			<Path>.</Path>
			<FullName>./flake8</FullName>
			<FullCommandLine>/usr/bin/python3 "-u" "/opt/ros/humble/share/ament_cmake_test/cmake/run_test.py" "/home/zac/franka_ws/build/franka_semantic_components/test_results/franka_semantic_components/flake8.xunit.xml" "--package-name" "franka_semantic_components" "--output-file" "/home/zac/franka_ws/build/franka_semantic_components/ament_flake8/flake8.txt" "--command" "/opt/ros/humble/bin/ament_flake8" "--xunit-file" "/home/zac/franka_ws/build/franka_semantic_components/test_results/franka_semantic_components/flake8.xunit.xml"</FullCommandLine>
			<Results>
				<NamedMeasurement type="numeric/double" name="Execution Time">
					<Value>0.263771</Value>
				</NamedMeasurement>
				<NamedMeasurement type="numeric/double" name="Processors">
					<Value>1</Value>
				</NamedMeasurement>
				<NamedMeasurement type="text/string" name="Completion Status">
					<Value>Completed</Value>
				</NamedMeasurement>
				<NamedMeasurement type="text/string" name="Command Line">
					<Value>/usr/bin/python3 "-u" "/opt/ros/humble/share/ament_cmake_test/cmake/run_test.py" "/home/zac/franka_ws/build/franka_semantic_components/test_results/franka_semantic_components/flake8.xunit.xml" "--package-name" "franka_semantic_components" "--output-file" "/home/zac/franka_ws/build/franka_semantic_components/ament_flake8/flake8.txt" "--command" "/opt/ros/humble/bin/ament_flake8" "--xunit-file" "/home/zac/franka_ws/build/franka_semantic_components/test_results/franka_semantic_components/flake8.xunit.xml"</Value>
				</NamedMeasurement>
				<NamedMeasurement type="text/string" name="Environment">
					<Value>#CTEST_RESOURCE_GROUP_COUNT=</Value>
				</NamedMeasurement>
				<Measurement>
					<Value>-- run_test.py: invoking following command in '/home/zac/franka_ws/src/franka_ros2/franka_semantic_components':
 - /opt/ros/humble/bin/ament_flake8 --xunit-file /home/zac/franka_ws/build/franka_semantic_components/test_results/franka_semantic_components/flake8.xunit.xml

0 files checked
No problems found

Checked files:

-- run_test.py: return code 0
-- run_test.py: verify result file '/home/zac/franka_ws/build/franka_semantic_components/test_results/franka_semantic_components/flake8.xunit.xml'
</Value>
				</Measurement>
			</Results>
			<Labels>
				<Label>flake8</Label>
				<Label>linter</Label>
			</Labels>
		</Test>
		<Test Status="passed">
			<Name>pep257</Name>
			<Path>.</Path>
			<FullName>./pep257</FullName>
			<FullCommandLine>/usr/bin/python3 "-u" "/opt/ros/humble/share/ament_cmake_test/cmake/run_test.py" "/home/zac/franka_ws/build/franka_semantic_components/test_results/franka_semantic_components/pep257.xunit.xml" "--package-name" "franka_semantic_components" "--output-file" "/home/zac/franka_ws/build/franka_semantic_components/ament_pep257/pep257.txt" "--command" "/opt/ros/humble/bin/ament_pep257" "--xunit-file" "/home/zac/franka_ws/build/franka_semantic_components/test_results/franka_semantic_components/pep257.xunit.xml"</FullCommandLine>
			<Results>
				<NamedMeasurement type="numeric/double" name="Execution Time">
					<Value>0.218479</Value>
				</NamedMeasurement>
				<NamedMeasurement type="numeric/double" name="Processors">
					<Value>1</Value>
				</NamedMeasurement>
				<NamedMeasurement type="text/string" name="Completion Status">
					<Value>Completed</Value>
				</NamedMeasurement>
				<NamedMeasurement type="text/string" name="Command Line">
					<Value>/usr/bin/python3 "-u" "/opt/ros/humble/share/ament_cmake_test/cmake/run_test.py" "/home/zac/franka_ws/build/franka_semantic_components/test_results/franka_semantic_components/pep257.xunit.xml" "--package-name" "franka_semantic_components" "--output-file" "/home/zac/franka_ws/build/franka_semantic_components/ament_pep257/pep257.txt" "--command" "/opt/ros/humble/bin/ament_pep257" "--xunit-file" "/home/zac/franka_ws/build/franka_semantic_components/test_results/franka_semantic_components/pep257.xunit.xml"</Value>
				</NamedMeasurement>
				<NamedMeasurement type="text/string" name="Environment">
					<Value>#CTEST_RESOURCE_GROUP_COUNT=</Value>
				</NamedMeasurement>
				<Measurement>
					<Value>-- run_test.py: invoking following command in '/home/zac/franka_ws/src/franka_ros2/franka_semantic_components':
 - /opt/ros/humble/bin/ament_pep257 --xunit-file /home/zac/franka_ws/build/franka_semantic_components/test_results/franka_semantic_components/pep257.xunit.xml
No problems found
-- run_test.py: return code 0
-- run_test.py: verify result file '/home/zac/franka_ws/build/franka_semantic_components/test_results/franka_semantic_components/pep257.xunit.xml'
</Value>
				</Measurement>
			</Results>
			<Labels>
				<Label>linter</Label>
				<Label>pep257</Label>
			</Labels>
		</Test>
		<Test Status="passed">
			<Name>xmllint</Name>
			<Path>.</Path>
			<FullName>./xmllint</FullName>
			<FullCommandLine>/usr/bin/python3 "-u" "/opt/ros/humble/share/ament_cmake_test/cmake/run_test.py" "/home/zac/franka_ws/build/franka_semantic_components/test_results/franka_semantic_components/xmllint.xunit.xml" "--package-name" "franka_semantic_components" "--output-file" "/home/zac/franka_ws/build/franka_semantic_components/ament_xmllint/xmllint.txt" "--command" "/opt/ros/humble/bin/ament_xmllint" "--xunit-file" "/home/zac/franka_ws/build/franka_semantic_components/test_results/franka_semantic_components/xmllint.xunit.xml"</FullCommandLine>
			<Results>
				<NamedMeasurement type="numeric/double" name="Execution Time">
					<Value>0.349162</Value>
				</NamedMeasurement>
				<NamedMeasurement type="numeric/double" name="Processors">
					<Value>1</Value>
				</NamedMeasurement>
				<NamedMeasurement type="text/string" name="Completion Status">
					<Value>Completed</Value>
				</NamedMeasurement>
				<NamedMeasurement type="text/string" name="Command Line">
					<Value>/usr/bin/python3 "-u" "/opt/ros/humble/share/ament_cmake_test/cmake/run_test.py" "/home/zac/franka_ws/build/franka_semantic_components/test_results/franka_semantic_components/xmllint.xunit.xml" "--package-name" "franka_semantic_components" "--output-file" "/home/zac/franka_ws/build/franka_semantic_components/ament_xmllint/xmllint.txt" "--command" "/opt/ros/humble/bin/ament_xmllint" "--xunit-file" "/home/zac/franka_ws/build/franka_semantic_components/test_results/franka_semantic_components/xmllint.xunit.xml"</Value>
				</NamedMeasurement>
				<NamedMeasurement type="text/string" name="Environment">
					<Value>#CTEST_RESOURCE_GROUP_COUNT=</Value>
				</NamedMeasurement>
				<Measurement>
					<Value>-- run_test.py: invoking following command in '/home/zac/franka_ws/src/franka_ros2/franka_semantic_components':
 - /opt/ros/humble/bin/ament_xmllint --xunit-file /home/zac/franka_ws/build/franka_semantic_components/test_results/franka_semantic_components/xmllint.xunit.xml
File 'package.xml' is valid

No problems found
-- run_test.py: return code 0
-- run_test.py: verify result file '/home/zac/franka_ws/build/franka_semantic_components/test_results/franka_semantic_components/xmllint.xunit.xml'
</Value>
				</Measurement>
			</Results>
			<Labels>
				<Label>linter</Label>
				<Label>xmllint</Label>
			</Labels>
		</Test>
		<Test Status="passed">
			<Name>test_franka_robot_state</Name>
			<Path>.</Path>
			<FullName>./test_franka_robot_state</FullName>
			<FullCommandLine>/usr/bin/python3 "-u" "/opt/ros/humble/share/ament_cmake_test/cmake/run_test.py" "/home/zac/franka_ws/build/franka_semantic_components/test_results/franka_semantic_components/test_franka_robot_state.gtest.xml" "--package-name" "franka_semantic_components" "--output-file" "/home/zac/franka_ws/build/franka_semantic_components/ament_cmake_gmock/test_franka_robot_state.txt" "--command" "/home/zac/franka_ws/build/franka_semantic_components/test_franka_robot_state" "--gtest_output=xml:/home/zac/franka_ws/build/franka_semantic_components/test_results/franka_semantic_components/test_franka_robot_state.gtest.xml"</FullCommandLine>
			<Results>
				<NamedMeasurement type="numeric/double" name="Execution Time">
					<Value>0.217087</Value>
				</NamedMeasurement>
				<NamedMeasurement type="numeric/double" name="Processors">
					<Value>1</Value>
				</NamedMeasurement>
				<NamedMeasurement type="text/string" name="Completion Status">
					<Value>Completed</Value>
				</NamedMeasurement>
				<NamedMeasurement type="text/string" name="Command Line">
					<Value>/usr/bin/python3 "-u" "/opt/ros/humble/share/ament_cmake_test/cmake/run_test.py" "/home/zac/franka_ws/build/franka_semantic_components/test_results/franka_semantic_components/test_franka_robot_state.gtest.xml" "--package-name" "franka_semantic_components" "--output-file" "/home/zac/franka_ws/build/franka_semantic_components/ament_cmake_gmock/test_franka_robot_state.txt" "--command" "/home/zac/franka_ws/build/franka_semantic_components/test_franka_robot_state" "--gtest_output=xml:/home/zac/franka_ws/build/franka_semantic_components/test_results/franka_semantic_components/test_franka_robot_state.gtest.xml"</Value>
				</NamedMeasurement>
				<NamedMeasurement type="text/string" name="Environment">
					<Value>#CTEST_RESOURCE_GROUP_COUNT=</Value>
				</NamedMeasurement>
				<Measurement>
					<Value>-- run_test.py: invoking following command in '/home/zac/franka_ws/build/franka_semantic_components':
 - /home/zac/franka_ws/build/franka_semantic_components/test_franka_robot_state --gtest_output=xml:/home/zac/franka_ws/build/franka_semantic_components/test_results/franka_semantic_components/test_franka_robot_state.gtest.xml
Running main() from gmock_main.cc
[==========] Running 4 tests from 1 test suite.
[----------] Global test environment set-up.
[----------] 4 tests from FrankaRobotStateTest
[ RUN      ] FrankaRobotStateTest.validate_state_names_and_size
[       OK ] FrankaRobotStateTest.validate_state_names_and_size (34 ms)
[ RUN      ] FrankaRobotStateTest.robot_state_ptr_uncasted_correctly
[       OK ] FrankaRobotStateTest.robot_state_ptr_uncasted_correctly (33 ms)
[ RUN      ] FrankaRobotStateTest.givenFrankaSemanticStateInitialized_whenMessageReturnedExpectsCorrectValues
[       OK ] FrankaRobotStateTest.givenFrankaSemanticStateInitialized_whenMessageReturnedExpectsCorrectValues (33 ms)
[ RUN      ] FrankaRobotStateTest.givenInitializedRobotStateMsg_thenCorrectFrameIDs
[       OK ] FrankaRobotStateTest.givenInitializedRobotStateMsg_thenCorrectFrameIDs (32 ms)
[----------] 4 tests from FrankaRobotStateTest (132 ms total)

[----------] Global test environment tear-down
[==========] 4 tests from 1 test suite ran. (132 ms total)
[  PASSED  ] 4 tests.
-- run_test.py: return code 0
-- run_test.py: inject classname prefix into gtest result file '/home/zac/franka_ws/build/franka_semantic_components/test_results/franka_semantic_components/test_franka_robot_state.gtest.xml'
-- run_test.py: verify result file '/home/zac/franka_ws/build/franka_semantic_components/test_results/franka_semantic_components/test_franka_robot_state.gtest.xml'
</Value>
				</Measurement>
			</Results>
			<Labels>
				<Label>gmock</Label>
			</Labels>
		</Test>
		<Test Status="passed">
			<Name>test_franka_robot_model</Name>
			<Path>.</Path>
			<FullName>./test_franka_robot_model</FullName>
			<FullCommandLine>/usr/bin/python3 "-u" "/opt/ros/humble/share/ament_cmake_test/cmake/run_test.py" "/home/zac/franka_ws/build/franka_semantic_components/test_results/franka_semantic_components/test_franka_robot_model.gtest.xml" "--package-name" "franka_semantic_components" "--output-file" "/home/zac/franka_ws/build/franka_semantic_components/ament_cmake_gmock/test_franka_robot_model.txt" "--command" "/home/zac/franka_ws/build/franka_semantic_components/test_franka_robot_model" "--gtest_output=xml:/home/zac/franka_ws/build/franka_semantic_components/test_results/franka_semantic_components/test_franka_robot_model.gtest.xml"</FullCommandLine>
			<Results>
				<NamedMeasurement type="numeric/double" name="Execution Time">
					<Value>0.0840555</Value>
				</NamedMeasurement>
				<NamedMeasurement type="numeric/double" name="Processors">
					<Value>1</Value>
				</NamedMeasurement>
				<NamedMeasurement type="text/string" name="Completion Status">
					<Value>Completed</Value>
				</NamedMeasurement>
				<NamedMeasurement type="text/string" name="Command Line">
					<Value>/usr/bin/python3 "-u" "/opt/ros/humble/share/ament_cmake_test/cmake/run_test.py" "/home/zac/franka_ws/build/franka_semantic_components/test_results/franka_semantic_components/test_franka_robot_model.gtest.xml" "--package-name" "franka_semantic_components" "--output-file" "/home/zac/franka_ws/build/franka_semantic_components/ament_cmake_gmock/test_franka_robot_model.txt" "--command" "/home/zac/franka_ws/build/franka_semantic_components/test_franka_robot_model" "--gtest_output=xml:/home/zac/franka_ws/build/franka_semantic_components/test_results/franka_semantic_components/test_franka_robot_model.gtest.xml"</Value>
				</NamedMeasurement>
				<NamedMeasurement type="text/string" name="Environment">
					<Value>#CTEST_RESOURCE_GROUP_COUNT=</Value>
				</NamedMeasurement>
				<Measurement>
					<Value>-- run_test.py: invoking following command in '/home/zac/franka_ws/build/franka_semantic_components':
 - /home/zac/franka_ws/build/franka_semantic_components/test_franka_robot_model --gtest_output=xml:/home/zac/franka_ws/build/franka_semantic_components/test_results/franka_semantic_components/test_franka_robot_model.gtest.xml
Running main() from gmock_main.cc
[==========] Running 10 tests from 1 test suite.
[----------] Global test environment set-up.
[----------] 10 tests from FrankaRobotModelTest
[ RUN      ] FrankaRobotModelTest.given_franka_semantic_model_initialized_when_get_coriolis_expect_one
[       OK ] FrankaRobotModelTest.given_franka_semantic_model_initialized_when_get_coriolis_expect_one (0 ms)
[ RUN      ] FrankaRobotModelTest.validate_state_names_and_size
[       OK ] FrankaRobotModelTest.validate_state_names_and_size (0 ms)
[ RUN      ] FrankaRobotModelTest.given_franka_semantic_model_initialized_when_get_gravity_expect_one
[       OK ] FrankaRobotModelTest.given_franka_semantic_model_initialized_when_get_gravity_expect_one (0 ms)
[ RUN      ] FrankaRobotModelTest.given_franka_semantic_model_initialized_when_get_pose_expect_one
[       OK ] FrankaRobotModelTest.given_franka_semantic_model_initialized_when_get_pose_expect_one (0 ms)
[ RUN      ] FrankaRobotModelTest.given_franka_semantic_model_initialized_when_get_mass_expect_correct
[       OK ] FrankaRobotModelTest.given_franka_semantic_model_initialized_when_get_mass_expect_correct (0 ms)
[ RUN      ] FrankaRobotModelTest.given_franka_semantic_model_not_initialized_expect_exception
[ERROR] [1723715665.422722269] [franka_model_semantic_component]: Franka interface does not exist! Did you assign the loaned state in the controller?
[       OK ] FrankaRobotModelTest.given_franka_semantic_model_not_initialized_expect_exception (0 ms)
[ RUN      ] FrankaRobotModelTest.given_franka_semantic_model_not_initialized_when_get_gravity_called_expect_exception
[ERROR] [1723715665.422794712] [franka_model_semantic_component]: Franka interface does not exist! Did you assign the loaned state in the controller?
[       OK ] FrankaRobotModelTest.given_franka_semantic_model_not_initialized_when_get_gravity_called_expect_exception (0 ms)
[ RUN      ] FrankaRobotModelTest.given_franka_semantic_model_not_initialized_when_get_pose_called_expect_exception
[ERROR] [1723715665.422808388] [franka_model_semantic_component]: Franka interface does not exist! Did you assign the loaned state in the controller?
[       OK ] FrankaRobotModelTest.given_franka_semantic_model_not_initialized_when_get_pose_called_expect_exception (0 ms)
[ RUN      ] FrankaRobotModelTest.given_franka_semantic_model_not_initialized_when_get_body_jacobian_called_expect_exception
[ERROR] [1723715665.422819149] [franka_model_semantic_component]: Franka interface does not exist! Did you assign the loaned state in the controller?
[       OK ] FrankaRobotModelTest.given_franka_semantic_model_not_initialized_when_get_body_jacobian_called_expect_exception (0 ms)
[ RUN      ] FrankaRobotModelTest.given_franka_semantic_model_not_initialized_when_get_zero_jacobian_called_expect_exception
[ERROR] [1723715665.422829831] [franka_model_semantic_component]: Franka interface does not exist! Did you assign the loaned state in the controller?
[       OK ] FrankaRobotModelTest.given_franka_semantic_model_not_initialized_when_get_zero_jacobian_called_expect_exception (0 ms)
[----------] 10 tests from FrankaRobotModelTest (0 ms total)

[----------] Global test environment tear-down
[==========] 10 tests from 1 test suite ran. (0 ms total)
[  PASSED  ] 10 tests.
-- run_test.py: return code 0
-- run_test.py: inject classname prefix into gtest result file '/home/zac/franka_ws/build/franka_semantic_components/test_results/franka_semantic_components/test_franka_robot_model.gtest.xml'
-- run_test.py: verify result file '/home/zac/franka_ws/build/franka_semantic_components/test_results/franka_semantic_components/test_franka_robot_model.gtest.xml'
</Value>
				</Measurement>
			</Results>
			<Labels>
				<Label>gmock</Label>
			</Labels>
		</Test>
		<Test Status="passed">
			<Name>franka_semantic_component_interface_test</Name>
			<Path>.</Path>
			<FullName>./franka_semantic_component_interface_test</FullName>
			<FullCommandLine>/usr/bin/python3 "-u" "/opt/ros/humble/share/ament_cmake_test/cmake/run_test.py" "/home/zac/franka_ws/build/franka_semantic_components/test_results/franka_semantic_components/franka_semantic_component_interface_test.gtest.xml" "--package-name" "franka_semantic_components" "--output-file" "/home/zac/franka_ws/build/franka_semantic_components/ament_cmake_gmock/franka_semantic_component_interface_test.txt" "--command" "/home/zac/franka_ws/build/franka_semantic_components/franka_semantic_component_interface_test" "--gtest_output=xml:/home/zac/franka_ws/build/franka_semantic_components/test_results/franka_semantic_components/franka_semantic_component_interface_test.gtest.xml"</FullCommandLine>
			<Results>
				<NamedMeasurement type="numeric/double" name="Execution Time">
					<Value>0.0808166</Value>
				</NamedMeasurement>
				<NamedMeasurement type="numeric/double" name="Processors">
					<Value>1</Value>
				</NamedMeasurement>
				<NamedMeasurement type="text/string" name="Completion Status">
					<Value>Completed</Value>
				</NamedMeasurement>
				<NamedMeasurement type="text/string" name="Command Line">
					<Value>/usr/bin/python3 "-u" "/opt/ros/humble/share/ament_cmake_test/cmake/run_test.py" "/home/zac/franka_ws/build/franka_semantic_components/test_results/franka_semantic_components/franka_semantic_component_interface_test.gtest.xml" "--package-name" "franka_semantic_components" "--output-file" "/home/zac/franka_ws/build/franka_semantic_components/ament_cmake_gmock/franka_semantic_component_interface_test.txt" "--command" "/home/zac/franka_ws/build/franka_semantic_components/franka_semantic_component_interface_test" "--gtest_output=xml:/home/zac/franka_ws/build/franka_semantic_components/test_results/franka_semantic_components/franka_semantic_component_interface_test.gtest.xml"</Value>
				</NamedMeasurement>
				<NamedMeasurement type="text/string" name="Environment">
					<Value>#CTEST_RESOURCE_GROUP_COUNT=</Value>
				</NamedMeasurement>
				<Measurement>
					<Value>-- run_test.py: invoking following command in '/home/zac/franka_ws/build/franka_semantic_components':
 - /home/zac/franka_ws/build/franka_semantic_components/franka_semantic_component_interface_test --gtest_output=xml:/home/zac/franka_ws/build/franka_semantic_components/test_results/franka_semantic_components/franka_semantic_component_interface_test.gtest.xml
Running main() from gmock_main.cc
[==========] Running 6 tests from 1 test suite.
[----------] Global test environment set-up.
[----------] 6 tests from SemanticComponentInterfaceTest
[ RUN      ] SemanticComponentInterfaceTest.validate_default_names
[       OK ] SemanticComponentInterfaceTest.validate_default_names (0 ms)
[ RUN      ] SemanticComponentInterfaceTest.validate_command_interface_default_names
[       OK ] SemanticComponentInterfaceTest.validate_command_interface_default_names (0 ms)
[ RUN      ] SemanticComponentInterfaceTest.validate_custom_state_interface_names
[       OK ] SemanticComponentInterfaceTest.validate_custom_state_interface_names (0 ms)
[ RUN      ] SemanticComponentInterfaceTest.validate_custom_command_interface_names
[       OK ] SemanticComponentInterfaceTest.validate_custom_command_interface_names (0 ms)
[ RUN      ] SemanticComponentInterfaceTest.validate_state_interfaces
[       OK ] SemanticComponentInterfaceTest.validate_state_interfaces (0 ms)
[ RUN      ] SemanticComponentInterfaceTest.validate_command_interfaces
[       OK ] SemanticComponentInterfaceTest.validate_command_interfaces (0 ms)
[----------] 6 tests from SemanticComponentInterfaceTest (0 ms total)

[----------] Global test environment tear-down
[==========] 6 tests from 1 test suite ran. (0 ms total)
[  PASSED  ] 6 tests.
-- run_test.py: return code 0
-- run_test.py: inject classname prefix into gtest result file '/home/zac/franka_ws/build/franka_semantic_components/test_results/franka_semantic_components/franka_semantic_component_interface_test.gtest.xml'
-- run_test.py: verify result file '/home/zac/franka_ws/build/franka_semantic_components/test_results/franka_semantic_components/franka_semantic_component_interface_test.gtest.xml'
</Value>
				</Measurement>
			</Results>
			<Labels>
				<Label>gmock</Label>
			</Labels>
		</Test>
		<Test Status="passed">
			<Name>franka_cartesian_velocity_interface_test</Name>
			<Path>.</Path>
			<FullName>./franka_cartesian_velocity_interface_test</FullName>
			<FullCommandLine>/usr/bin/python3 "-u" "/opt/ros/humble/share/ament_cmake_test/cmake/run_test.py" "/home/zac/franka_ws/build/franka_semantic_components/test_results/franka_semantic_components/franka_cartesian_velocity_interface_test.gtest.xml" "--package-name" "franka_semantic_components" "--output-file" "/home/zac/franka_ws/build/franka_semantic_components/ament_cmake_gmock/franka_cartesian_velocity_interface_test.txt" "--command" "/home/zac/franka_ws/build/franka_semantic_components/franka_cartesian_velocity_interface_test" "--gtest_output=xml:/home/zac/franka_ws/build/franka_semantic_components/test_results/franka_semantic_components/franka_cartesian_velocity_interface_test.gtest.xml"</FullCommandLine>
			<Results>
				<NamedMeasurement type="numeric/double" name="Execution Time">
					<Value>0.0784728</Value>
				</NamedMeasurement>
				<NamedMeasurement type="numeric/double" name="Processors">
					<Value>1</Value>
				</NamedMeasurement>
				<NamedMeasurement type="text/string" name="Completion Status">
					<Value>Completed</Value>
				</NamedMeasurement>
				<NamedMeasurement type="text/string" name="Command Line">
					<Value>/usr/bin/python3 "-u" "/opt/ros/humble/share/ament_cmake_test/cmake/run_test.py" "/home/zac/franka_ws/build/franka_semantic_components/test_results/franka_semantic_components/franka_cartesian_velocity_interface_test.gtest.xml" "--package-name" "franka_semantic_components" "--output-file" "/home/zac/franka_ws/build/franka_semantic_components/ament_cmake_gmock/franka_cartesian_velocity_interface_test.txt" "--command" "/home/zac/franka_ws/build/franka_semantic_components/franka_cartesian_velocity_interface_test" "--gtest_output=xml:/home/zac/franka_ws/build/franka_semantic_components/test_results/franka_semantic_components/franka_cartesian_velocity_interface_test.gtest.xml"</Value>
				</NamedMeasurement>
				<NamedMeasurement type="text/string" name="Environment">
					<Value>#CTEST_RESOURCE_GROUP_COUNT=</Value>
				</NamedMeasurement>
				<Measurement>
					<Value>-- run_test.py: invoking following command in '/home/zac/franka_ws/build/franka_semantic_components':
 - /home/zac/franka_ws/build/franka_semantic_components/franka_cartesian_velocity_interface_test --gtest_output=xml:/home/zac/franka_ws/build/franka_semantic_components/test_results/franka_semantic_components/franka_cartesian_velocity_interface_test.gtest.xml
Running main() from gmock_main.cc
[==========] Running 8 tests from 1 test suite.
[----------] Global test environment set-up.
[----------] 8 tests from FrankaCartesianVelocityTest
[ RUN      ] FrankaCartesianVelocityTest.given_correct_interfaces_set_velocity_with_elbow_command_expect_successful
[       OK ] FrankaCartesianVelocityTest.given_correct_interfaces_set_velocity_with_elbow_command_expect_successful (0 ms)
[ RUN      ] FrankaCartesianVelocityTest.given_correct_interfaces_when_get_elbow_command_values_called_expect_successful
[       OK ] FrankaCartesianVelocityTest.given_correct_interfaces_when_get_elbow_command_values_called_expect_successful (0 ms)
[ RUN      ] FrankaCartesianVelocityTest.given_elbow_is_not_activated_when_elbow_command_get_value_is_called_expect_throw
[       OK ] FrankaCartesianVelocityTest.given_elbow_is_not_activated_when_elbow_command_get_value_is_called_expect_throw (0 ms)
[ RUN      ] FrankaCartesianVelocityTest.given_elbow_and_cartesian_velocity_claimed_when_set_velocity_command_without_elbow_expect_failure
[ERROR] [1723715665.587033461] [franka_cartesian_velocity_interface]: Elbow command interface must not claimed, if elbow is not commanded.
[       OK ] FrankaCartesianVelocityTest.given_elbow_and_cartesian_velocity_claimed_when_set_velocity_command_without_elbow_expect_failure (1 ms)
[ RUN      ] FrankaCartesianVelocityTest.given_only_cartesian_velocity_claimed_without_elbow_when_set_velocity_command_cartesian_vel_expect_successful
[ERROR] [1723715665.587101035] [franka_cartesian_velocity_interface]: Elbow command interface must be claimed to command elbow.
[       OK ] FrankaCartesianVelocityTest.given_only_cartesian_velocity_claimed_without_elbow_when_set_velocity_command_cartesian_vel_expect_successful (0 ms)
[ RUN      ] FrankaCartesianVelocityTest.given_incorrect_command_interfaces_set_velocity_expect_unsuccesful
[ERROR] [1723715665.587152998] [franka_cartesian_velocity_interface]: Elbow command interface must not claimed, if elbow is not commanded.
[       OK ] FrankaCartesianVelocityTest.given_incorrect_command_interfaces_set_velocity_expect_unsuccesful (0 ms)
[ RUN      ] FrankaCartesianVelocityTest.given_correct_interface_when_initial_elbow_state_requested_expect_correct
[       OK ] FrankaCartesianVelocityTest.given_correct_interface_when_initial_elbow_state_requested_expect_correct (0 ms)
[ RUN      ] FrankaCartesianVelocityTest.given_correct_interface_when_initial_elbow_state_requested_expect_throw
[       OK ] FrankaCartesianVelocityTest.given_correct_interface_when_initial_elbow_state_requested_expect_throw (0 ms)
[----------] 8 tests from FrankaCartesianVelocityTest (1 ms total)

[----------] Global test environment tear-down
[==========] 8 tests from 1 test suite ran. (1 ms total)
[  PASSED  ] 8 tests.
-- run_test.py: return code 0
-- run_test.py: inject classname prefix into gtest result file '/home/zac/franka_ws/build/franka_semantic_components/test_results/franka_semantic_components/franka_cartesian_velocity_interface_test.gtest.xml'
-- run_test.py: verify result file '/home/zac/franka_ws/build/franka_semantic_components/test_results/franka_semantic_components/franka_cartesian_velocity_interface_test.gtest.xml'
</Value>
				</Measurement>
			</Results>
			<Labels>
				<Label>gmock</Label>
			</Labels>
		</Test>
		<Test Status="passed">
			<Name>franka_cartesian_pose_interface_test</Name>
			<Path>.</Path>
			<FullName>./franka_cartesian_pose_interface_test</FullName>
			<FullCommandLine>/usr/bin/python3 "-u" "/opt/ros/humble/share/ament_cmake_test/cmake/run_test.py" "/home/zac/franka_ws/build/franka_semantic_components/test_results/franka_semantic_components/franka_cartesian_pose_interface_test.gtest.xml" "--package-name" "franka_semantic_components" "--output-file" "/home/zac/franka_ws/build/franka_semantic_components/ament_cmake_gmock/franka_cartesian_pose_interface_test.txt" "--command" "/home/zac/franka_ws/build/franka_semantic_components/franka_cartesian_pose_interface_test" "--gtest_output=xml:/home/zac/franka_ws/build/franka_semantic_components/test_results/franka_semantic_components/franka_cartesian_pose_interface_test.gtest.xml"</FullCommandLine>
			<Results>
				<NamedMeasurement type="numeric/double" name="Execution Time">
					<Value>0.0888129</Value>
				</NamedMeasurement>
				<NamedMeasurement type="numeric/double" name="Processors">
					<Value>1</Value>
				</NamedMeasurement>
				<NamedMeasurement type="text/string" name="Completion Status">
					<Value>Completed</Value>
				</NamedMeasurement>
				<NamedMeasurement type="text/string" name="Command Line">
					<Value>/usr/bin/python3 "-u" "/opt/ros/humble/share/ament_cmake_test/cmake/run_test.py" "/home/zac/franka_ws/build/franka_semantic_components/test_results/franka_semantic_components/franka_cartesian_pose_interface_test.gtest.xml" "--package-name" "franka_semantic_components" "--output-file" "/home/zac/franka_ws/build/franka_semantic_components/ament_cmake_gmock/franka_cartesian_pose_interface_test.txt" "--command" "/home/zac/franka_ws/build/franka_semantic_components/franka_cartesian_pose_interface_test" "--gtest_output=xml:/home/zac/franka_ws/build/franka_semantic_components/test_results/franka_semantic_components/franka_cartesian_pose_interface_test.gtest.xml"</Value>
				</NamedMeasurement>
				<NamedMeasurement type="text/string" name="Environment">
					<Value>#CTEST_RESOURCE_GROUP_COUNT=</Value>
				</NamedMeasurement>
				<Measurement>
					<Value>-- run_test.py: invoking following command in '/home/zac/franka_ws/build/franka_semantic_components':
 - /home/zac/franka_ws/build/franka_semantic_components/franka_cartesian_pose_interface_test --gtest_output=xml:/home/zac/franka_ws/build/franka_semantic_components/test_results/franka_semantic_components/franka_cartesian_pose_interface_test.gtest.xml
Running main() from gmock_main.cc
[==========] Running 14 tests from 1 test suite.
[----------] Global test environment set-up.
[----------] 14 tests from FrankaCartesianPoseTest
[ RUN      ] FrankaCartesianPoseTest.given_correct_interfaces_set_carte_with_elbow_command_expect_successful
[       OK ] FrankaCartesianPoseTest.given_correct_interfaces_set_carte_with_elbow_command_expect_successful (1 ms)
[ RUN      ] FrankaCartesianPoseTest.given_correct_interfaces_when_get_elbow_command_values_called_expect_successful
[       OK ] FrankaCartesianPoseTest.given_correct_interfaces_when_get_elbow_command_values_called_expect_successful (0 ms)
[ RUN      ] FrankaCartesianPoseTest.given_elbow_is_not_activated_when_elbow_command_get_value_is_called_expect_throw
[       OK ] FrankaCartesianPoseTest.given_elbow_is_not_activated_when_elbow_command_get_value_is_called_expect_throw (0 ms)
[ RUN      ] FrankaCartesianPoseTest.given_elbow_and_cartesian_pose_claimed_when_set_pose_command_without_elbow_expect_failure
[ERROR] [1723715665.667261369] [franka_cartesian_velocity_interface]: Elbow command interface must not claimed, if elbow is not commanded. If elbow is activated, Use setCommand(pose_command, elbow_command) interface.
[       OK ] FrankaCartesianPoseTest.given_elbow_and_cartesian_pose_claimed_when_set_pose_command_without_elbow_expect_failure (0 ms)
[ RUN      ] FrankaCartesianPoseTest.given_only_cartesian_velocity_claimed_without_elbow_when_set_velocity_command_cartesian_vel_expect_successful
[ERROR] [1723715665.667351270] [franka_cartesian_pose_interface]: Elbow command interface must be claimed to command elbow.
[       OK ] FrankaCartesianPoseTest.given_only_cartesian_velocity_claimed_without_elbow_when_set_velocity_command_cartesian_vel_expect_successful (0 ms)
[ RUN      ] FrankaCartesianPoseTest.given_incorrect_command_interfaces_set_velocity_expect_unsuccesful
[ERROR] [1723715665.667365711] [franka_cartesian_velocity_interface]: Elbow command interface must not claimed, if elbow is not commanded. If elbow is activated, Use setCommand(pose_command, elbow_command) interface.
[       OK ] FrankaCartesianPoseTest.given_incorrect_command_interfaces_set_velocity_expect_unsuccesful (0 ms)
[ RUN      ] FrankaCartesianPoseTest.given_correct_interfaces_when_set_command_called_with_quaternion_and_translation_expect_the_correct_pose
[       OK ] FrankaCartesianPoseTest.given_correct_interfaces_when_set_command_called_with_quaternion_and_translation_expect_the_correct_pose (0 ms)
[ RUN      ] FrankaCartesianPoseTest.given_correct_interfaces_when_set_command_called_with_quaternion_and_translation_and_elbow_expect_the_correct_pose
[       OK ] FrankaCartesianPoseTest.given_correct_interfaces_when_set_command_called_with_quaternion_and_translation_and_elbow_expect_the_correct_pose (0 ms)
[ RUN      ] FrankaCartesianPoseTest.given_correct_interfaces_when_get_commanded_pose_called_expect_the_correct_pose
[       OK ] FrankaCartesianPoseTest.given_correct_interfaces_when_get_commanded_pose_called_expect_the_correct_pose (0 ms)
[ RUN      ] FrankaCartesianPoseTest.given_correct_interfaces_when_get_elbow_commanded_called_expect_the_correct_elbow
[       OK ] FrankaCartesianPoseTest.given_correct_interfaces_when_get_elbow_commanded_called_expect_the_correct_elbow (0 ms)
[ RUN      ] FrankaCartesianPoseTest.given_correct_interfaces_when_initial_elbow_request_expect_correct_state
[       OK ] FrankaCartesianPoseTest.given_correct_interfaces_when_initial_elbow_request_expect_correct_state (0 ms)
[ RUN      ] FrankaCartesianPoseTest.given_elbow_not_activated_when_initial_elbow_requested_expect_throw
[       OK ] FrankaCartesianPoseTest.given_elbow_not_activated_when_initial_elbow_requested_expect_throw (0 ms)
[ RUN      ] FrankaCartesianPoseTest.given_correct_interfaces_when_initial_orientation_request_expect_correct_pose
[       OK ] FrankaCartesianPoseTest.given_correct_interfaces_when_initial_orientation_request_expect_correct_pose (0 ms)
[ RUN      ] FrankaCartesianPoseTest.given_correct_interfaces_when_pose_requested_expect_correct_pose
[       OK ] FrankaCartesianPoseTest.given_correct_interfaces_when_pose_requested_expect_correct_pose (0 ms)
[----------] 14 tests from FrankaCartesianPoseTest (1 ms total)

[----------] Global test environment tear-down
[==========] 14 tests from 1 test suite ran. (1 ms total)
[  PASSED  ] 14 tests.
-- run_test.py: return code 0
-- run_test.py: inject classname prefix into gtest result file '/home/zac/franka_ws/build/franka_semantic_components/test_results/franka_semantic_components/franka_cartesian_pose_interface_test.gtest.xml'
-- run_test.py: verify result file '/home/zac/franka_ws/build/franka_semantic_components/test_results/franka_semantic_components/franka_cartesian_pose_interface_test.gtest.xml'
</Value>
				</Measurement>
			</Results>
			<Labels>
				<Label>gmock</Label>
			</Labels>
		</Test>
		<EndDateTime>Aug 15 02:54 PDT</EndDateTime>
		<EndTestTime>1723715665</EndTestTime>
		<ElapsedMinutes>0</ElapsedMinutes>
	</Testing>
</Site>
