<?xml version="1.0" encoding="utf-8"?><testsuites><testsuite name="pytest" errors="0" failures="0" skipped="0" tests="3" time="0.112" timestamp="2024-08-15T02:54:23.616964" hostname="CHARISMA-Predator-571"><testcase classname="franka_fr3_moveit_config.src.franka_ros2.franka_fr3_moveit_config.test.srdf_tests" name="test_load" time="0.027" /><testcase classname="franka_fr3_moveit_config.src.franka_ros2.franka_fr3_moveit_config.test.srdf_tests" name="test_load_without_gripper" time="0.021" /><testcase classname="franka_fr3_moveit_config.src.franka_ros2.franka_fr3_moveit_config.test.srdf_tests" name="test_load_with_arm_id" time="0.012" /></testsuite></testsuites>