UpdateCTestConfiguration  from :/home/zac/franka_ws/build/franka_hardware/CTestConfiguration.ini
Parse Config file:/home/zac/franka_ws/build/franka_hardware/CTestConfiguration.ini
   Site: CHARISMA-Predator-571
   Build name: (empty)
 Add coverage exclude regular expressions.
Create new tag: 20240815-0954 - Experimental
UpdateCTestConfiguration  from :/home/zac/franka_ws/build/franka_hardware/CTestConfiguration.ini
Parse Config file:/home/zac/franka_ws/build/franka_hardware/CTestConfiguration.ini
Test project /home/zac/franka_ws/build/franka_hardware
Constructing a list of tests
Done constructing a list of tests
Updating test list for fixtures
Added 0 tests to meet fixture requirements
Checking test dependency graph...
Checking test dependency graph end
test 1
      Start  1: clang_format

1: Test command: /usr/bin/python3 "-u" "/opt/ros/humble/share/ament_cmake_test/cmake/run_test.py" "/home/zac/franka_ws/build/franka_hardware/test_results/franka_hardware/clang_format.xunit.xml" "--package-name" "franka_hardware" "--output-file" "/home/zac/franka_ws/build/franka_hardware/ament_clang_format/clang_format.txt" "--command" "/opt/ros/humble/bin/ament_clang_format" "--xunit-file" "/home/zac/franka_ws/build/franka_hardware/test_results/franka_hardware/clang_format.xunit.xml" "src" "include" "--config" "../.clang-format"
1: Test timeout computed to be: 60
1: -- run_test.py: invoking following command in '/home/zac/franka_ws/src/franka_ros2/franka_hardware':
1:  - /opt/ros/humble/bin/ament_clang_format --xunit-file /home/zac/franka_ws/build/franka_hardware/test_results/franka_hardware/clang_format.xunit.xml src include --config ../.clang-format
1: No code style divergence in file 'src/franka_action_server.cpp'
1: 
1: No code style divergence in file 'src/franka_executor.cpp'
1: 
1: No code style divergence in file 'src/franka_hardware_interface.cpp'
1: 
1: No code style divergence in file 'src/franka_param_service_server.cpp'
1: 
1: No code style divergence in file 'src/robot.cpp'
1: 
1: No code style divergence in file 'include/franka_hardware/franka_action_server.hpp'
1: 
1: No code style divergence in file 'include/franka_hardware/franka_executor.hpp'
1: 
1: No code style divergence in file 'include/franka_hardware/franka_hardware_interface.hpp'
1: 
1: No code style divergence in file 'include/franka_hardware/franka_param_service_server.hpp'
1: 
1: No code style divergence in file 'include/franka_hardware/model.hpp'
1: 
1: No code style divergence in file 'include/franka_hardware/robot.hpp'
1: 
1: No problems found
1: -- run_test.py: return code 0
1: -- run_test.py: verify result file '/home/zac/franka_ws/build/franka_hardware/test_results/franka_hardware/clang_format.xunit.xml'
 1/10 Test  #1: clang_format .............................   Passed    0.29 sec
test 2
      Start  2: copyright

2: Test command: /usr/bin/python3 "-u" "/opt/ros/humble/share/ament_cmake_test/cmake/run_test.py" "/home/zac/franka_ws/build/franka_hardware/test_results/franka_hardware/copyright.xunit.xml" "--package-name" "franka_hardware" "--output-file" "/home/zac/franka_ws/build/franka_hardware/ament_copyright/copyright.txt" "--command" "/opt/ros/humble/bin/ament_copyright" "--xunit-file" "/home/zac/franka_ws/build/franka_hardware/test_results/franka_hardware/copyright.xunit.xml" "src" "include" "package.xml"
2: Test timeout computed to be: 200
2: -- run_test.py: invoking following command in '/home/zac/franka_ws/src/franka_ros2/franka_hardware':
2:  - /opt/ros/humble/bin/ament_copyright --xunit-file /home/zac/franka_ws/build/franka_hardware/test_results/franka_hardware/copyright.xunit.xml src include package.xml
2: No problems found, checked 11 files
2: -- run_test.py: return code 0
2: -- run_test.py: verify result file '/home/zac/franka_ws/build/franka_hardware/test_results/franka_hardware/copyright.xunit.xml'
 2/10 Test  #2: copyright ................................   Passed    0.80 sec
test 3
      Start  3: cppcheck

3: Test command: /usr/bin/python3 "-u" "/opt/ros/humble/share/ament_cmake_test/cmake/run_test.py" "/home/zac/franka_ws/build/franka_hardware/test_results/franka_hardware/cppcheck.xunit.xml" "--package-name" "franka_hardware" "--output-file" "/home/zac/franka_ws/build/franka_hardware/ament_cppcheck/cppcheck.txt" "--command" "/opt/ros/humble/bin/ament_cppcheck" "--xunit-file" "/home/zac/franka_ws/build/franka_hardware/test_results/franka_hardware/cppcheck.xunit.xml" "src" "include"
3: Test timeout computed to be: 300
3: -- run_test.py: invoking following command in '/home/zac/franka_ws/src/franka_ros2/franka_hardware':
3:  - /opt/ros/humble/bin/ament_cppcheck --xunit-file /home/zac/franka_ws/build/franka_hardware/test_results/franka_hardware/cppcheck.xunit.xml src include
3: cppcheck 2.7 has known performance issues and therefore will not be used, set the AMENT_CPPCHECK_ALLOW_SLOW_VERSIONS environment variable to override this.
3: -- run_test.py: return code 0
3: -- run_test.py: verify result file '/home/zac/franka_ws/build/franka_hardware/test_results/franka_hardware/cppcheck.xunit.xml'
 3/10 Test  #3: cppcheck .................................   Passed    0.19 sec
test 4
      Start  4: lint_cmake

4: Test command: /usr/bin/python3 "-u" "/opt/ros/humble/share/ament_cmake_test/cmake/run_test.py" "/home/zac/franka_ws/build/franka_hardware/test_results/franka_hardware/lint_cmake.xunit.xml" "--package-name" "franka_hardware" "--output-file" "/home/zac/franka_ws/build/franka_hardware/ament_lint_cmake/lint_cmake.txt" "--command" "/opt/ros/humble/bin/ament_lint_cmake" "--xunit-file" "/home/zac/franka_ws/build/franka_hardware/test_results/franka_hardware/lint_cmake.xunit.xml" "CMakeLists.txt"
4: Test timeout computed to be: 60
4: -- run_test.py: invoking following command in '/home/zac/franka_ws/src/franka_ros2/franka_hardware':
4:  - /opt/ros/humble/bin/ament_lint_cmake --xunit-file /home/zac/franka_ws/build/franka_hardware/test_results/franka_hardware/lint_cmake.xunit.xml CMakeLists.txt
4: 
4: No problems found
4: -- run_test.py: return code 0
4: -- run_test.py: verify result file '/home/zac/franka_ws/build/franka_hardware/test_results/franka_hardware/lint_cmake.xunit.xml'
 4/10 Test  #4: lint_cmake ...............................   Passed    0.21 sec
test 5
      Start  5: flake8

5: Test command: /usr/bin/python3 "-u" "/opt/ros/humble/share/ament_cmake_test/cmake/run_test.py" "/home/zac/franka_ws/build/franka_hardware/test_results/franka_hardware/flake8.xunit.xml" "--package-name" "franka_hardware" "--output-file" "/home/zac/franka_ws/build/franka_hardware/ament_flake8/flake8.txt" "--command" "/opt/ros/humble/bin/ament_flake8" "--xunit-file" "/home/zac/franka_ws/build/franka_hardware/test_results/franka_hardware/flake8.xunit.xml"
5: Test timeout computed to be: 60
5: -- run_test.py: invoking following command in '/home/zac/franka_ws/src/franka_ros2/franka_hardware':
5:  - /opt/ros/humble/bin/ament_flake8 --xunit-file /home/zac/franka_ws/build/franka_hardware/test_results/franka_hardware/flake8.xunit.xml
5: 
5: 0 files checked
5: No problems found
5: 
5: Checked files:
5: 
5: -- run_test.py: return code 0
5: -- run_test.py: verify result file '/home/zac/franka_ws/build/franka_hardware/test_results/franka_hardware/flake8.xunit.xml'
 5/10 Test  #5: flake8 ...................................   Passed    0.38 sec
test 6
      Start  6: pep257

6: Test command: /usr/bin/python3 "-u" "/opt/ros/humble/share/ament_cmake_test/cmake/run_test.py" "/home/zac/franka_ws/build/franka_hardware/test_results/franka_hardware/pep257.xunit.xml" "--package-name" "franka_hardware" "--output-file" "/home/zac/franka_ws/build/franka_hardware/ament_pep257/pep257.txt" "--command" "/opt/ros/humble/bin/ament_pep257" "--xunit-file" "/home/zac/franka_ws/build/franka_hardware/test_results/franka_hardware/pep257.xunit.xml"
6: Test timeout computed to be: 60
6: -- run_test.py: invoking following command in '/home/zac/franka_ws/src/franka_ros2/franka_hardware':
6:  - /opt/ros/humble/bin/ament_pep257 --xunit-file /home/zac/franka_ws/build/franka_hardware/test_results/franka_hardware/pep257.xunit.xml
6: No problems found
6: -- run_test.py: return code 0
6: -- run_test.py: verify result file '/home/zac/franka_ws/build/franka_hardware/test_results/franka_hardware/pep257.xunit.xml'
 6/10 Test  #6: pep257 ...................................   Passed    0.22 sec
test 7
      Start  7: xmllint

7: Test command: /usr/bin/python3 "-u" "/opt/ros/humble/share/ament_cmake_test/cmake/run_test.py" "/home/zac/franka_ws/build/franka_hardware/test_results/franka_hardware/xmllint.xunit.xml" "--package-name" "franka_hardware" "--output-file" "/home/zac/franka_ws/build/franka_hardware/ament_xmllint/xmllint.txt" "--command" "/opt/ros/humble/bin/ament_xmllint" "--xunit-file" "/home/zac/franka_ws/build/franka_hardware/test_results/franka_hardware/xmllint.xunit.xml"
7: Test timeout computed to be: 60
7: -- run_test.py: invoking following command in '/home/zac/franka_ws/src/franka_ros2/franka_hardware':
7:  - /opt/ros/humble/bin/ament_xmllint --xunit-file /home/zac/franka_ws/build/franka_hardware/test_results/franka_hardware/xmllint.xunit.xml
7: File 'franka_hardware.xml' is valid
7: 
7: File 'package.xml' is valid
7: 
7: No problems found
7: -- run_test.py: return code 0
7: -- run_test.py: verify result file '/home/zac/franka_ws/build/franka_hardware/test_results/franka_hardware/xmllint.xunit.xml'
 7/10 Test  #7: xmllint ..................................   Passed    0.31 sec
test 8
      Start  8: franka_hardware_test

8: Test command: /usr/bin/python3 "-u" "/opt/ros/humble/share/ament_cmake_test/cmake/run_test.py" "/home/zac/franka_ws/build/franka_hardware/test_results/franka_hardware/franka_hardware_test.gtest.xml" "--package-name" "franka_hardware" "--output-file" "/home/zac/franka_ws/build/franka_hardware/ament_cmake_gmock/franka_hardware_test.txt" "--command" "/home/zac/franka_ws/build/franka_hardware/test/franka_hardware_test" "--gtest_output=xml:/home/zac/franka_ws/build/franka_hardware/test_results/franka_hardware/franka_hardware_test.gtest.xml"
8: Test timeout computed to be: 60
8: -- run_test.py: invoking following command in '/home/zac/franka_ws/build/franka_hardware/test':
8:  - /home/zac/franka_ws/build/franka_hardware/test/franka_hardware_test --gtest_output=xml:/home/zac/franka_ws/build/franka_hardware/test_results/franka_hardware/franka_hardware_test.gtest.xml
8: [==========] Running 47 tests from 3 test suites.
8: [----------] Global test environment set-up.
8: [----------] 23 tests from FrankaHardwareInterfaceTest
8: [ RUN      ] FrankaHardwareInterfaceTest.when_on_init_called_expect_success
8: [INFO] [1723715656.649224078] [service_server]: Service started
8: [INFO] [1723715656.756911735] [action_server]: Action server started
8: [       OK ] FrankaHardwareInterfaceTest.when_on_init_called_expect_success (134 ms)
8: [ RUN      ] FrankaHardwareInterfaceTest.given_that_the_robot_interfaces_set_when_read_called_return_ok
8: [       OK ] FrankaHardwareInterfaceTest.given_that_the_robot_interfaces_set_when_read_called_return_ok (0 ms)
8: [ RUN      ] FrankaHardwareInterfaceTest.given_that_the_robot_interfaces_are_set_when_call_export_state_return_zero_values_and_correct_interface_names
8: [INFO] [1723715656.777165058] [service_server]: Service started
8: [INFO] [1723715656.882521624] [action_server]: Action server started
8: [       OK ] FrankaHardwareInterfaceTest.given_that_the_robot_interfaces_are_set_when_call_export_state_return_zero_values_and_correct_interface_names (130 ms)
8: [ RUN      ] FrankaHardwareInterfaceTest.given_that_the_robot_interfaces_are_set_when_call_export_state_interface_robot_model_interface_exists
8: [INFO] [1723715656.903568391] [service_server]: Service started
8: [INFO] [1723715657.009374169] [action_server]: Action server started
8: [       OK ] FrankaHardwareInterfaceTest.given_that_the_robot_interfaces_are_set_when_call_export_state_interface_robot_model_interface_exists (121 ms)
8: [ RUN      ] FrankaHardwareInterfaceTest.given_that_the_robot_interfaces_are_set_when_call_export_state_interface_robot_state_interface_exists
8: [INFO] [1723715657.024779633] [service_server]: Service started
8: [INFO] [1723715657.129753633] [action_server]: Action server started
8: [       OK ] FrankaHardwareInterfaceTest.given_that_the_robot_interfaces_are_set_when_call_export_state_interface_robot_state_interface_exists (122 ms)
8: [ RUN      ] FrankaHardwareInterfaceTest.when_write_called_with_inifite_command_expect_error
8: [INFO] [1723715657.149806749] [service_server]: Service started
8: [INFO] [1723715657.255521975] [action_server]: Action server started
8: 
8: GMOCK WARNING:
8: Uninteresting mock function call - returning directly.
8:     Function call: stopRobot()
8: NOTE: You can safely ignore the above warning unless this call should not happen.  Do not suppress it by blindly adding an EXPECT_CALL() if you don't mean to enforce the call.  See https://github.com/google/googletest/blob/master/googlemock/docs/cook_book.md#knowing-when-to-expect for details.
8: 
8: GMOCK WARNING:
8: Uninteresting mock function call - returning directly.
8:     Function call: initializeJointPositionInterface()
8: NOTE: You can safely ignore the above warning unless this call should not happen.  Do not suppress it by blindly adding an EXPECT_CALL() if you don't mean to enforce the call.  See https://github.com/google/googletest/blob/master/googlemock/docs/cook_book.md#knowing-when-to-expect for details.
8: 
8: GMOCK WARNING:
8: Uninteresting mock function call - returning default value.
8:     Function call: getModel()
8:           Returns: NULL
8: NOTE: You can safely ignore the above warning unless this call should not happen.  Do not suppress it by blindly adding an EXPECT_CALL() if you don't mean to enforce the call.  See https://github.com/google/googletest/blob/master/googlemock/docs/cook_book.md#knowing-when-to-expect for details.
8: [       OK ] FrankaHardwareInterfaceTest.when_write_called_with_inifite_command_expect_error (122 ms)
8: [ RUN      ] FrankaHardwareInterfaceTest.given_position_joint_command_interface_initialized_if_write_called_without_read_expect_write_once_not_to_called
8: [INFO] [1723715657.270458679] [service_server]: Service started
8: [INFO] [1723715657.375815361] [action_server]: Action server started
8: 
8: GMOCK WARNING:
8: Uninteresting mock function call - returning directly.
8:     Function call: stopRobot()
8: NOTE: You can safely ignore the above warning unless this call should not happen.  Do not suppress it by blindly adding an EXPECT_CALL() if you don't mean to enforce the call.  See https://github.com/google/googletest/blob/master/googlemock/docs/cook_book.md#knowing-when-to-expect for details.
8: 
8: GMOCK WARNING:
8: Uninteresting mock function call - returning directly.
8:     Function call: initializeJointPositionInterface()
8: NOTE: You can safely ignore the above warning unless this call should not happen.  Do not suppress it by blindly adding an EXPECT_CALL() if you don't mean to enforce the call.  See https://github.com/google/googletest/blob/master/googlemock/docs/cook_book.md#knowing-when-to-expect for details.
8: [       OK ] FrankaHardwareInterfaceTest.given_position_joint_command_interface_initialized_if_write_called_without_read_expect_write_once_not_to_called (128 ms)
8: [ RUN      ] FrankaHardwareInterfaceTest.when_on_activate_called_expect_success
8: [INFO] [1723715657.390268035] [FrankaHardwareInterface]: Started
8: [       OK ] FrankaHardwareInterfaceTest.when_on_activate_called_expect_success (0 ms)
8: [ RUN      ] FrankaHardwareInterfaceTest.when_on_deactivate_called_expect_success
8: [INFO] [1723715657.390345041] [FrankaHardwareInterface]: trying to Stop...
8: [INFO] [1723715657.390360645] [FrankaHardwareInterface]: Stopped
8: [       OK ] FrankaHardwareInterfaceTest.when_on_deactivate_called_expect_success (0 ms)
8: [ RUN      ] FrankaHardwareInterfaceTest.given_param_service_server_setup_when_set_joint_stiffness_service_called_expect_robot_set_joint_stiffness_to_be_called
8: [INFO] [1723715657.398503539] [service_server]: Service started
8: [INFO] [1723715657.502946177] [action_server]: Action server started
8: [INFO] [1723715657.506529890] [test_node]: created request
8: [       OK ] FrankaHardwareInterfaceTest.given_param_service_server_setup_when_set_joint_stiffness_service_called_expect_robot_set_joint_stiffness_to_be_called (125 ms)
8: [ RUN      ] FrankaHardwareInterfaceTest.given_param_service_server_setup_when_set_joint_cartesian_service_called_expect_robot_set_joint_cartesian_to_be_called
8: [INFO] [1723715657.523540732] [service_server]: Service started
8: [INFO] [1723715657.628297171] [action_server]: Action server started
8: [INFO] [1723715657.631881987] [test_node]: created request
8: [       OK ] FrankaHardwareInterfaceTest.given_param_service_server_setup_when_set_joint_cartesian_service_called_expect_robot_set_joint_cartesian_to_be_called (134 ms)
8: [ RUN      ] FrankaHardwareInterfaceTest.given_param_service_server_setup_when_set_load_service_called_expect_robot_set_load_to_be_called
8: [INFO] [1723715657.658370140] [service_server]: Service started
8: [INFO] [1723715657.762700087] [action_server]: Action server started
8: [INFO] [1723715657.767135165] [test_node]: created request
8: [       OK ] FrankaHardwareInterfaceTest.given_param_service_server_setup_when_set_load_service_called_expect_robot_set_load_to_be_called (136 ms)
8: [ RUN      ] FrankaHardwareInterfaceTest.given_param_service_server_setup_when_set_tcp_frame_service_called_expect_robot_set_tcp_frame_to_be_called
8: [INFO] [1723715657.795322573] [service_server]: Service started
8: [INFO] [1723715657.898413861] [action_server]: Action server started
8: [INFO] [1723715657.901264407] [test_node]: created request
8: [       OK ] FrankaHardwareInterfaceTest.given_param_service_server_setup_when_set_tcp_frame_service_called_expect_robot_set_tcp_frame_to_be_called (123 ms)
8: [ RUN      ] FrankaHardwareInterfaceTest.given_param_service_server_setup_when_set_stiffness_frame_service_called_expect_robot_set_stiffness_frame_to_be_called
8: [INFO] [1723715657.915090349] [service_server]: Service started
8: [INFO] [1723715658.021266609] [action_server]: Action server started
8: [INFO] [1723715658.024811621] [test_node]: created request
8: [       OK ] FrankaHardwareInterfaceTest.given_param_service_server_setup_when_set_stiffness_frame_service_called_expect_robot_set_stiffness_frame_to_be_called (127 ms)
8: [ RUN      ] FrankaHardwareInterfaceTest.given_param_service_server_setup_when_set_force_torque_collision_behavior_service_called_expect_same_function_in_robot_class_to_be_called
8: [INFO] [1723715658.041110850] [service_server]: Service started
8: [INFO] [1723715658.144424648] [action_server]: Action server started
8: [INFO] [1723715658.146667728] [test_node]: created request
8: [       OK ] FrankaHardwareInterfaceTest.given_param_service_server_setup_when_set_force_torque_collision_behavior_service_called_expect_same_function_in_robot_class_to_be_called (118 ms)
8: [ RUN      ] FrankaHardwareInterfaceTest.given_param_service_server_setup_when_set_full_collision_behavior_service_called_expect_same_function_in_robot_class_to_be_called
8: [INFO] [1723715658.157836333] [service_server]: Service started
8: [INFO] [1723715658.266166304] [action_server]: Action server started
8: [INFO] [1723715658.273347642] [test_node]: created request
8: [       OK ] FrankaHardwareInterfaceTest.given_param_service_server_setup_when_set_full_collision_behavior_service_called_expect_same_function_in_robot_class_to_be_called (140 ms)
8: [ RUN      ] FrankaHardwareInterfaceTest.set_joint_stiffness_throws_error
8: [INFO] [1723715658.302729947] [service_server]: Service started
8: [INFO] [1723715658.411559594] [action_server]: Action server started
8: [INFO] [1723715658.418534590] [test_node]: created request
8: [ERROR] [1723715658.418996047] [service_server]: Network exception thrown during parameter setting 
8: [       OK ] FrankaHardwareInterfaceTest.set_joint_stiffness_throws_error (146 ms)
8: [ RUN      ] FrankaHardwareInterfaceTest.set_cartesian_stiffness_throws_error
8: [INFO] [1723715658.450218551] [service_server]: Service started
8: [INFO] [1723715658.561342990] [action_server]: Action server started
8: [INFO] [1723715658.570023939] [test_node]: created request
8: [ERROR] [1723715658.570407526] [service_server]: Network exception thrown during parameter setting 
8: [       OK ] FrankaHardwareInterfaceTest.set_cartesian_stiffness_throws_error (150 ms)
8: [ RUN      ] FrankaHardwareInterfaceTest.set_load_throws_error
8: [INFO] [1723715658.599276910] [service_server]: Service started
8: [INFO] [1723715658.708129397] [action_server]: Action server started
8: [INFO] [1723715658.719120658] [test_node]: created request
8: [ERROR] [1723715658.719527078] [service_server]: Network exception thrown during parameter setting 
8: [       OK ] FrankaHardwareInterfaceTest.set_load_throws_error (148 ms)
8: [ RUN      ] FrankaHardwareInterfaceTest.set_EE_frame_throws_error
8: [INFO] [1723715658.744923003] [service_server]: Service started
8: [INFO] [1723715658.853628624] [action_server]: Action server started
8: [INFO] [1723715658.860067370] [test_node]: created request
8: [ERROR] [1723715658.860539882] [service_server]: Network exception thrown during parameter setting 
8: [       OK ] FrankaHardwareInterfaceTest.set_EE_frame_throws_error (146 ms)
8: [ RUN      ] FrankaHardwareInterfaceTest.set_K_frame_throws_error
8: [INFO] [1723715658.890958445] [service_server]: Service started
8: [INFO] [1723715659.000240562] [action_server]: Action server started
8: [INFO] [1723715659.007294839] [test_node]: created request
8: [ERROR] [1723715659.007727668] [service_server]: Network exception thrown during parameter setting 
8: [       OK ] FrankaHardwareInterfaceTest.set_K_frame_throws_error (147 ms)
8: [ RUN      ] FrankaHardwareInterfaceTest.set_force_torque_collision_behavior_throws_error
8: [INFO] [1723715659.046300889] [service_server]: Service started
8: [INFO] [1723715659.156174884] [action_server]: Action server started
8: [INFO] [1723715659.164816557] [test_node]: created request
8: [ERROR] [1723715659.165229799] [service_server]: Network exception thrown during parameter setting 
8: [       OK ] FrankaHardwareInterfaceTest.set_force_torque_collision_behavior_throws_error (155 ms)
8: [ RUN      ] FrankaHardwareInterfaceTest.set_full_collision_behavior_throws_error
8: [INFO] [1723715659.193296544] [service_server]: Service started
8: [INFO] [1723715659.305233716] [action_server]: Action server started
8: [INFO] [1723715659.315564275] [test_node]: created request
8: [ERROR] [1723715659.316011399] [service_server]: Network exception thrown during parameter setting 
8: [       OK ] FrankaHardwareInterfaceTest.set_full_collision_behavior_throws_error (152 ms)
8: [----------] 23 tests from FrankaHardwareInterfaceTest (2704 ms total)
8: 
8: [----------] 21 tests from FrankaHardwareTests/FrankaHardwareInterfaceTest
8: [ RUN      ] FrankaHardwareTests/FrankaHardwareInterfaceTest.when_prepare_command_mode_interface_for_stop_effort_interfaces_expect_ok/0
8: [INFO] [1723715659.345309747] [service_server]: Service started
8: [INFO] [1723715659.454992381] [action_server]: Action server started
8: [       OK ] FrankaHardwareTests/FrankaHardwareInterfaceTest.when_prepare_command_mode_interface_for_stop_effort_interfaces_expect_ok/0 (133 ms)
8: [ RUN      ] FrankaHardwareTests/FrankaHardwareInterfaceTest.when_prepare_command_mode_interface_for_stop_effort_interfaces_expect_ok/1
8: [INFO] [1723715659.486259639] [service_server]: Service started
8: [INFO] [1723715659.595339528] [action_server]: Action server started
8: [       OK ] FrankaHardwareTests/FrankaHardwareInterfaceTest.when_prepare_command_mode_interface_for_stop_effort_interfaces_expect_ok/1 (141 ms)
8: [ RUN      ] FrankaHardwareTests/FrankaHardwareInterfaceTest.when_prepare_command_mode_interface_for_stop_effort_interfaces_expect_ok/2
8: [INFO] [1723715659.625227891] [service_server]: Service started
8: [INFO] [1723715659.733471531] [action_server]: Action server started
8: [       OK ] FrankaHardwareTests/FrankaHardwareInterfaceTest.when_prepare_command_mode_interface_for_stop_effort_interfaces_expect_ok/2 (138 ms)
8: [ RUN      ] FrankaHardwareTests/FrankaHardwareInterfaceTest.when_prepare_command_mode_interface_is_called_with_invalid_start_interface_number_expect_throw/0
8: [INFO] [1723715659.765426935] [service_server]: Service started
8: [INFO] [1723715659.875769519] [action_server]: Action server started
8: [FATAL] [1723715659.875976312] [FrankaHardwareInterface]: Invalid number of effort interfaces to start. Expected 7, given 1
8: [       OK ] FrankaHardwareTests/FrankaHardwareInterfaceTest.when_prepare_command_mode_interface_is_called_with_invalid_start_interface_number_expect_throw/0 (144 ms)
8: [ RUN      ] FrankaHardwareTests/FrankaHardwareInterfaceTest.when_prepare_command_mode_interface_is_called_with_invalid_start_interface_number_expect_throw/1
8: [INFO] [1723715659.906803871] [service_server]: Service started
8: [INFO] [1723715660.015498944] [action_server]: Action server started
8: [FATAL] [1723715660.015661363] [FrankaHardwareInterface]: Invalid number of effort interfaces to start. Expected 7, given 1
8: [       OK ] FrankaHardwareTests/FrankaHardwareInterfaceTest.when_prepare_command_mode_interface_is_called_with_invalid_start_interface_number_expect_throw/1 (141 ms)
8: [ RUN      ] FrankaHardwareTests/FrankaHardwareInterfaceTest.when_prepare_command_mode_interface_is_called_with_invalid_start_interface_number_expect_throw/2
8: [INFO] [1723715660.048380929] [service_server]: Service started
8: [INFO] [1723715660.156998799] [action_server]: Action server started
8: [FATAL] [1723715660.157128964] [FrankaHardwareInterface]: Invalid number of effort interfaces to start. Expected 7, given 1
8: [       OK ] FrankaHardwareTests/FrankaHardwareInterfaceTest.when_prepare_command_mode_interface_is_called_with_invalid_start_interface_number_expect_throw/2 (138 ms)
8: [ RUN      ] FrankaHardwareTests/FrankaHardwareInterfaceTest.when_prepare_command_mode_interface_for_start_effort_interfaces_expect_ok/0
8: [INFO] [1723715660.188009062] [service_server]: Service started
8: [INFO] [1723715660.299263802] [action_server]: Action server started
8: [       OK ] FrankaHardwareTests/FrankaHardwareInterfaceTest.when_prepare_command_mode_interface_for_start_effort_interfaces_expect_ok/0 (146 ms)
8: [ RUN      ] FrankaHardwareTests/FrankaHardwareInterfaceTest.when_prepare_command_mode_interface_for_start_effort_interfaces_expect_ok/1
8: [INFO] [1723715660.329382312] [service_server]: Service started
8: [INFO] [1723715660.438136552] [action_server]: Action server started
8: [       OK ] FrankaHardwareTests/FrankaHardwareInterfaceTest.when_prepare_command_mode_interface_for_start_effort_interfaces_expect_ok/1 (134 ms)
8: [ RUN      ] FrankaHardwareTests/FrankaHardwareInterfaceTest.when_prepare_command_mode_interface_for_start_effort_interfaces_expect_ok/2
8: [INFO] [1723715660.468725979] [service_server]: Service started
8: [INFO] [1723715660.577664833] [action_server]: Action server started
8: [       OK ] FrankaHardwareTests/FrankaHardwareInterfaceTest.when_prepare_command_mode_interface_for_start_effort_interfaces_expect_ok/2 (142 ms)
8: [ RUN      ] FrankaHardwareTests/FrankaHardwareInterfaceTest.when_prepare_command_mode_interface_is_called_with_invalid_stop_interface_number_expect_throw/0
8: [INFO] [1723715660.606967227] [service_server]: Service started
8: [INFO] [1723715660.716184566] [action_server]: Action server started
8: [FATAL] [1723715660.716345515] [FrankaHardwareInterface]: Invalid number of effort interfaces to start. Expected 7, given 1
8: [       OK ] FrankaHardwareTests/FrankaHardwareInterfaceTest.when_prepare_command_mode_interface_is_called_with_invalid_stop_interface_number_expect_throw/0 (137 ms)
8: [ RUN      ] FrankaHardwareTests/FrankaHardwareInterfaceTest.when_prepare_command_mode_interface_is_called_with_invalid_stop_interface_number_expect_throw/1
8: [INFO] [1723715660.748710630] [service_server]: Service started
8: [INFO] [1723715660.859505203] [action_server]: Action server started
8: [FATAL] [1723715660.859666621] [FrankaHardwareInterface]: Invalid number of effort interfaces to start. Expected 7, given 1
8: [       OK ] FrankaHardwareTests/FrankaHardwareInterfaceTest.when_prepare_command_mode_interface_is_called_with_invalid_stop_interface_number_expect_throw/1 (142 ms)
8: [ RUN      ] FrankaHardwareTests/FrankaHardwareInterfaceTest.when_prepare_command_mode_interface_is_called_with_invalid_stop_interface_number_expect_throw/2
8: [INFO] [1723715660.892176798] [service_server]: Service started
8: [INFO] [1723715661.001679211] [action_server]: Action server started
8: [FATAL] [1723715661.001860708] [FrankaHardwareInterface]: Invalid number of effort interfaces to start. Expected 7, given 1
8: [       OK ] FrankaHardwareTests/FrankaHardwareInterfaceTest.when_prepare_command_mode_interface_is_called_with_invalid_stop_interface_number_expect_throw/2 (143 ms)
8: [ RUN      ] FrankaHardwareTests/FrankaHardwareInterfaceTest.when_write_called_expect_ok/0
8: [INFO] [1723715661.031820752] [service_server]: Service started
8: [INFO] [1723715661.140230472] [action_server]: Action server started
8: 
8: GMOCK WARNING:
8: Uninteresting mock function call - returning directly.
8:     Function call: stopRobot()
8: NOTE: You can safely ignore the above warning unless this call should not happen.  Do not suppress it by blindly adding an EXPECT_CALL() if you don't mean to enforce the call.  See https://github.com/google/googletest/blob/master/googlemock/docs/cook_book.md#knowing-when-to-expect for details.
8: 
8: GMOCK WARNING:
8: Uninteresting mock function call - returning directly.
8:     Function call: initializeJointVelocityInterface()
8: NOTE: You can safely ignore the above warning unless this call should not happen.  Do not suppress it by blindly adding an EXPECT_CALL() if you don't mean to enforce the call.  See https://github.com/google/googletest/blob/master/googlemock/docs/cook_book.md#knowing-when-to-expect for details.
8: [       OK ] FrankaHardwareTests/FrankaHardwareInterfaceTest.when_write_called_expect_ok/0 (138 ms)
8: [ RUN      ] FrankaHardwareTests/FrankaHardwareInterfaceTest.when_write_called_expect_ok/1
8: [INFO] [1723715661.169754499] [service_server]: Service started
8: [INFO] [1723715661.278952163] [action_server]: Action server started
8: 
8: GMOCK WARNING:
8: Uninteresting mock function call - returning directly.
8:     Function call: stopRobot()
8: NOTE: You can safely ignore the above warning unless this call should not happen.  Do not suppress it by blindly adding an EXPECT_CALL() if you don't mean to enforce the call.  See https://github.com/google/googletest/blob/master/googlemock/docs/cook_book.md#knowing-when-to-expect for details.
8: 
8: GMOCK WARNING:
8: Uninteresting mock function call - returning directly.
8:     Function call: initializeTorqueInterface()
8: NOTE: You can safely ignore the above warning unless this call should not happen.  Do not suppress it by blindly adding an EXPECT_CALL() if you don't mean to enforce the call.  See https://github.com/google/googletest/blob/master/googlemock/docs/cook_book.md#knowing-when-to-expect for details.
8: [       OK ] FrankaHardwareTests/FrankaHardwareInterfaceTest.when_write_called_expect_ok/1 (138 ms)
8: [ RUN      ] FrankaHardwareTests/FrankaHardwareInterfaceTest.when_write_called_expect_ok/2
8: [INFO] [1723715661.309765101] [service_server]: Service started
8: [INFO] [1723715661.421597056] [action_server]: Action server started
8: 
8: GMOCK WARNING:
8: Uninteresting mock function call - returning directly.
8:     Function call: stopRobot()
8: NOTE: You can safely ignore the above warning unless this call should not happen.  Do not suppress it by blindly adding an EXPECT_CALL() if you don't mean to enforce the call.  See https://github.com/google/googletest/blob/master/googlemock/docs/cook_book.md#knowing-when-to-expect for details.
8: 
8: GMOCK WARNING:
8: Uninteresting mock function call - returning directly.
8:     Function call: initializeJointPositionInterface()
8: NOTE: You can safely ignore the above warning unless this call should not happen.  Do not suppress it by blindly adding an EXPECT_CALL() if you don't mean to enforce the call.  See https://github.com/google/googletest/blob/master/googlemock/docs/cook_book.md#knowing-when-to-expect for details.
8: 
8: GMOCK WARNING:
8: Uninteresting mock function call - returning default value.
8:     Function call: getModel()
8:           Returns: NULL
8: NOTE: You can safely ignore the above warning unless this call should not happen.  Do not suppress it by blindly adding an EXPECT_CALL() if you don't mean to enforce the call.  See https://github.com/google/googletest/blob/master/googlemock/docs/cook_book.md#knowing-when-to-expect for details.
8: 
8: GMOCK WARNING:
8: Uninteresting mock function call - returning default value.
8:     Function call: readOnce()
8:           Returns: {"O_T_EE": [0,0,0,0,0,0,0,0,0,0,0,0,0,0,0,0], "O_T_EE_d": [0,0,0,0,0,0,0,0,0,0,0,0,0,0,0,0], "F_T_NE": [0,0,0,0,0,0,0,0,0,0,0,0,0,0,0,0], "NE_T_EE": [0,0,0,0,0,0,0,0,0,0,0,0,0,0,0,0], "F_T_EE": [0,0,0,0,0,0,0,0,0,0,0,0,0,0,0,0], "EE_T_K": [0,0,0,0,0,0,0,0,0,0,0,0,0,0,0,0], "m_ee": 0, "F_x_Cee": [0,0,0], "I_ee": [0,0,0,0,0,0,0,0,0], "m_load": 0, "F_x_Cload": [0,0,0], "I_load": [0,0,0,0,0,0,0,0,0], "m_total": 0, "F_x_Ctotal": [0,0,0], "I_total": [0,0,0,0,0,0,0,0,0], "elbow": [0,0], "elbow_d": [0,0], "elbow_c": [0,0], "delbow_c": [0,0], "ddelbow_c": [0,0], "tau_J": [0,0,0,0,0,0,0], "tau_J_d": [0,0,0,0,0,0,0], "dtau_J": [0,0,0,0,0,0,0], "q": [0,0,0,0,0,0,0], "dq": [0,0,0,0,0,0,0], "q_d": [0,0,0,0,0,0,0], "dq_d": [0,0,0,0,0,0,0], "ddq_d": [0,0,0,0,0,0,0], "joint_contact": [0,0,0,0,0,0,0], "cartesian_contact": [0,0,0,0,0,0], "joint_collision": [0,0,0,0,0,0,0], "cartesian_collision": [0,0,0,0,0,0], "tau_ext_hat_filtered": [0,0,0,0,0,0,0], "O_F_ext_hat_K": [0,0,0,0,0,0], "K_F_ext_hat_K": [0,0,0,0,0,0], "O_dP_EE_d": [0,0,0,0,0,0], "O_ddP_O": [0,0,0], "O_T_EE_c": [0,0,0,0,0,0,0,0,0,0,0,0,0,0,0,0], "O_dP_EE_c": [0,0,0,0,0,0], "O_ddP_EE_c": [0,0,0,0,0,0], "theta": [0,0,0,0,0,0,0], "dtheta": [0,0,0,0,0,0,0], "current_errors": [], "last_motion_errors": [], "control_command_success_rate": 0, "robot_mode": "User stopped", "time": 0}
8: NOTE: You can safely ignore the above warning unless this call should not happen.  Do not suppress it by blindly adding an EXPECT_CALL() if you don't mean to enforce the call.  See https://github.com/google/googletest/blob/master/googlemock/docs/cook_book.md#knowing-when-to-expect for details.
8: [       OK ] FrankaHardwareTests/FrankaHardwareInterfaceTest.when_write_called_expect_ok/2 (146 ms)
8: [ RUN      ] FrankaHardwareTests/FrankaHardwareInterfaceTest.given_start_effort_interface_prepared_when_perform_command_mode_switch_called_expect_ok/0
8: [INFO] [1723715661.454525092] [service_server]: Service started
8: [INFO] [1723715661.564021005] [action_server]: Action server started
8: 
8: GMOCK WARNING:
8: Uninteresting mock function call - returning directly.
8:     Function call: stopRobot()
8: NOTE: You can safely ignore the above warning unless this call should not happen.  Do not suppress it by blindly adding an EXPECT_CALL() if you don't mean to enforce the call.  See https://github.com/google/googletest/blob/master/googlemock/docs/cook_book.md#knowing-when-to-expect for details.
8: [       OK ] FrankaHardwareTests/FrankaHardwareInterfaceTest.given_start_effort_interface_prepared_when_perform_command_mode_switch_called_expect_ok/0 (139 ms)
8: [ RUN      ] FrankaHardwareTests/FrankaHardwareInterfaceTest.given_start_effort_interface_prepared_when_perform_command_mode_switch_called_expect_ok/1
8: [INFO] [1723715661.591780676] [service_server]: Service started
8: [INFO] [1723715661.702325202] [action_server]: Action server started
8: 
8: GMOCK WARNING:
8: Uninteresting mock function call - returning directly.
8:     Function call: stopRobot()
8: NOTE: You can safely ignore the above warning unless this call should not happen.  Do not suppress it by blindly adding an EXPECT_CALL() if you don't mean to enforce the call.  See https://github.com/google/googletest/blob/master/googlemock/docs/cook_book.md#knowing-when-to-expect for details.
8: [       OK ] FrankaHardwareTests/FrankaHardwareInterfaceTest.given_start_effort_interface_prepared_when_perform_command_mode_switch_called_expect_ok/1 (143 ms)
8: [ RUN      ] FrankaHardwareTests/FrankaHardwareInterfaceTest.given_start_effort_interface_prepared_when_perform_command_mode_switch_called_expect_ok/2
8: [INFO] [1723715661.732385097] [service_server]: Service started
8: [INFO] [1723715661.841692279] [action_server]: Action server started
8: 
8: GMOCK WARNING:
8: Uninteresting mock function call - returning directly.
8:     Function call: stopRobot()
8: NOTE: You can safely ignore the above warning unless this call should not happen.  Do not suppress it by blindly adding an EXPECT_CALL() if you don't mean to enforce the call.  See https://github.com/google/googletest/blob/master/googlemock/docs/cook_book.md#knowing-when-to-expect for details.
8: [       OK ] FrankaHardwareTests/FrankaHardwareInterfaceTest.given_start_effort_interface_prepared_when_perform_command_mode_switch_called_expect_ok/2 (135 ms)
8: [ RUN      ] FrankaHardwareTests/FrankaHardwareInterfaceTest.given_that_effort_control_started_perform_command_mode_switch_stop_expect_ok/0
8: [INFO] [1723715661.871096069] [service_server]: Service started
8: [INFO] [1723715661.983126873] [action_server]: Action server started
8: 
8: GMOCK WARNING:
8: Uninteresting mock function call - returning directly.
8:     Function call: initializeJointVelocityInterface()
8: NOTE: You can safely ignore the above warning unless this call should not happen.  Do not suppress it by blindly adding an EXPECT_CALL() if you don't mean to enforce the call.  See https://github.com/google/googletest/blob/master/googlemock/docs/cook_book.md#knowing-when-to-expect for details.
8: [       OK ] FrankaHardwareTests/FrankaHardwareInterfaceTest.given_that_effort_control_started_perform_command_mode_switch_stop_expect_ok/0 (145 ms)
8: [ RUN      ] FrankaHardwareTests/FrankaHardwareInterfaceTest.given_that_effort_control_started_perform_command_mode_switch_stop_expect_ok/1
8: [INFO] [1723715662.017471947] [service_server]: Service started
8: [INFO] [1723715662.126428406] [action_server]: Action server started
8: 
8: GMOCK WARNING:
8: Uninteresting mock function call - returning directly.
8:     Function call: initializeTorqueInterface()
8: NOTE: You can safely ignore the above warning unless this call should not happen.  Do not suppress it by blindly adding an EXPECT_CALL() if you don't mean to enforce the call.  See https://github.com/google/googletest/blob/master/googlemock/docs/cook_book.md#knowing-when-to-expect for details.
8: [       OK ] FrankaHardwareTests/FrankaHardwareInterfaceTest.given_that_effort_control_started_perform_command_mode_switch_stop_expect_ok/1 (140 ms)
8: [ RUN      ] FrankaHardwareTests/FrankaHardwareInterfaceTest.given_that_effort_control_started_perform_command_mode_switch_stop_expect_ok/2
8: [INFO] [1723715662.156667582] [service_server]: Service started
8: [INFO] [1723715662.264745751] [action_server]: Action server started
8: 
8: GMOCK WARNING:
8: Uninteresting mock function call - returning directly.
8:     Function call: initializeJointPositionInterface()
8: NOTE: You can safely ignore the above warning unless this call should not happen.  Do not suppress it by blindly adding an EXPECT_CALL() if you don't mean to enforce the call.  See https://github.com/google/googletest/blob/master/googlemock/docs/cook_book.md#knowing-when-to-expect for details.
8: [       OK ] FrankaHardwareTests/FrankaHardwareInterfaceTest.given_that_effort_control_started_perform_command_mode_switch_stop_expect_ok/2 (138 ms)
8: [----------] 21 tests from FrankaHardwareTests/FrankaHardwareInterfaceTest (2943 ms total)
8: 
8: [----------] 3 tests from FrankaActionServerTestsInstantiation/FrankaActionServerTests
8: [ RUN      ] FrankaActionServerTestsInstantiation/FrankaActionServerTests.whenErrorRecoveryActionTriggered_thenErrorRecoveryServiceCallExecuted/0
8: [INFO] [1723715662.295387863] [service_server]: Service started
8: [INFO] [1723715662.405340747] [action_server]: Action server started
8: [INFO] [1723715662.415467246] [action_server]: Automatic recovery succeeded
8: [       OK ] FrankaActionServerTestsInstantiation/FrankaActionServerTests.whenErrorRecoveryActionTriggered_thenErrorRecoveryServiceCallExecuted/0 (158 ms)
8: [ RUN      ] FrankaActionServerTestsInstantiation/FrankaActionServerTests.whenErrorRecoveryActionTriggered_thenErrorRecoveryServiceCallExecuted/1
8: [INFO] [1723715662.450593755] [service_server]: Service started
8: [INFO] [1723715662.559669176] [action_server]: Action server started
8: [ERROR] [1723715662.562725912] [action_server]: Command exception thrown during automatic error recovery 
8: [       OK ] FrankaActionServerTestsInstantiation/FrankaActionServerTests.whenErrorRecoveryActionTriggered_thenErrorRecoveryServiceCallExecuted/1 (131 ms)
8: [ RUN      ] FrankaActionServerTestsInstantiation/FrankaActionServerTests.whenErrorRecoveryActionTriggered_thenErrorRecoveryServiceCallExecuted/2
8: [INFO] [1723715662.576706021] [service_server]: Service started
8: [INFO] [1723715662.685726490] [action_server]: Action server started
8: [ERROR] [1723715662.695166553] [action_server]: Network exception thrown automatic error recovery 
8: [       OK ] FrankaActionServerTestsInstantiation/FrankaActionServerTests.whenErrorRecoveryActionTriggered_thenErrorRecoveryServiceCallExecuted/2 (148 ms)
8: [----------] 3 tests from FrankaActionServerTestsInstantiation/FrankaActionServerTests (437 ms total)
8: 
8: [----------] Global test environment tear-down
8: [==========] 47 tests from 3 test suites ran. (6084 ms total)
8: [  PASSED  ] 47 tests.
8: -- run_test.py: return code 0
8: -- run_test.py: inject classname prefix into gtest result file '/home/zac/franka_ws/build/franka_hardware/test_results/franka_hardware/franka_hardware_test.gtest.xml'
8: -- run_test.py: verify result file '/home/zac/franka_ws/build/franka_hardware/test_results/franka_hardware/franka_hardware_test.gtest.xml'
 8/10 Test  #8: franka_hardware_test .....................   Passed    6.31 sec
test 9
      Start  9: franka_hardware_command_interface_test

9: Test command: /usr/bin/python3 "-u" "/opt/ros/humble/share/ament_cmake_test/cmake/run_test.py" "/home/zac/franka_ws/build/franka_hardware/test_results/franka_hardware/franka_hardware_command_interface_test.gtest.xml" "--package-name" "franka_hardware" "--output-file" "/home/zac/franka_ws/build/franka_hardware/ament_cmake_gmock/franka_hardware_command_interface_test.txt" "--command" "/home/zac/franka_ws/build/franka_hardware/test/franka_hardware_command_interface_test" "--gtest_output=xml:/home/zac/franka_ws/build/franka_hardware/test_results/franka_hardware/franka_hardware_command_interface_test.gtest.xml"
9: Test timeout computed to be: 60
9: -- run_test.py: invoking following command in '/home/zac/franka_ws/build/franka_hardware/test':
9:  - /home/zac/franka_ws/build/franka_hardware/test/franka_hardware_command_interface_test --gtest_output=xml:/home/zac/franka_ws/build/franka_hardware/test_results/franka_hardware/franka_hardware_command_interface_test.gtest.xml
9: Running main() from gmock_main.cc
9: [==========] Running 22 tests from 2 test suites.
9: [----------] Global test environment set-up.
9: [----------] 10 tests from FrankaCartesianCommandInterfaceTest
9: [ RUN      ] FrankaCartesianCommandInterfaceTest.cartesian_command_interface_number_is_setup_correctly
9: [       OK ] FrankaCartesianCommandInterfaceTest.cartesian_command_interface_number_is_setup_correctly (0 ms)
9: [ RUN      ] FrankaCartesianCommandInterfaceTest.given_read_is_not_called_when_write_is_called_expect_robot_writeOnce_is_not_called
9: [       OK ] FrankaCartesianCommandInterfaceTest.given_read_is_not_called_when_write_is_called_expect_robot_writeOnce_is_not_called (1 ms)
9: [ RUN      ] FrankaCartesianCommandInterfaceTest.given_cartesian_velocity_and_elbow_set_when_read_and_write_called_expect_success
9: 
9: GMOCK WARNING:
9: Uninteresting mock function call - returning default value.
9:     Function call: getModel()
9:           Returns: NULL
9: NOTE: You can safely ignore the above warning unless this call should not happen.  Do not suppress it by blindly adding an EXPECT_CALL() if you don't mean to enforce the call.  See https://github.com/google/googletest/blob/master/googlemock/docs/cook_book.md#knowing-when-to-expect for details.
9: [       OK ] FrankaCartesianCommandInterfaceTest.given_cartesian_velocity_and_elbow_set_when_read_and_write_called_expect_success (0 ms)
9: [ RUN      ] FrankaCartesianCommandInterfaceTest.given_cartesian_velocity_and_elbow_set_and_elbow_has_infinite_values_when_write_called_expect_error
9: 
9: GMOCK WARNING:
9: Uninteresting mock function call - returning default value.
9:     Function call: getModel()
9:           Returns: NULL
9: NOTE: You can safely ignore the above warning unless this call should not happen.  Do not suppress it by blindly adding an EXPECT_CALL() if you don't mean to enforce the call.  See https://github.com/google/googletest/blob/master/googlemock/docs/cook_book.md#knowing-when-to-expect for details.
9: [       OK ] FrankaCartesianCommandInterfaceTest.given_cartesian_velocity_and_elbow_set_and_elbow_has_infinite_values_when_write_called_expect_error (0 ms)
9: [ RUN      ] FrankaCartesianCommandInterfaceTest.given_cartesian_velocity_is_claimed_when_perform_mode_switch_is_called_expect_success
9: [       OK ] FrankaCartesianCommandInterfaceTest.given_cartesian_velocity_is_claimed_when_perform_mode_switch_is_called_expect_success (0 ms)
9: [ RUN      ] FrankaCartesianCommandInterfaceTest.given_only_elbow_command_is_claimed_without_cartesian_velocity_when_perform_mode_switch_is_called_expect_error
9: [FATAL] [1723715662.950260247] [FrankaHardwareInterface]: Elbow cannot be commanded without cartesian velocity or pose interface
9: [       OK ] FrankaCartesianCommandInterfaceTest.given_only_elbow_command_is_claimed_without_cartesian_velocity_when_perform_mode_switch_is_called_expect_error (0 ms)
9: [ RUN      ] FrankaCartesianCommandInterfaceTest.given_cartesian_pose_interface_is_ready_when_write_called_without_read_robot_write_once_will_not_be_called
9: [       OK ] FrankaCartesianCommandInterfaceTest.given_cartesian_pose_interface_is_ready_when_write_called_without_read_robot_write_once_will_not_be_called (0 ms)
9: [ RUN      ] FrankaCartesianCommandInterfaceTest.given_cartesian_pose_interface_is_ready_when_write_called_with_read_robot_write_once_will_be_called
9: 
9: GMOCK WARNING:
9: Uninteresting mock function call - returning default value.
9:     Function call: getModel()
9:           Returns: NULL
9: NOTE: You can safely ignore the above warning unless this call should not happen.  Do not suppress it by blindly adding an EXPECT_CALL() if you don't mean to enforce the call.  See https://github.com/google/googletest/blob/master/googlemock/docs/cook_book.md#knowing-when-to-expect for details.
9: [       OK ] FrankaCartesianCommandInterfaceTest.given_cartesian_pose_interface_is_ready_when_write_called_with_read_robot_write_once_will_be_called (0 ms)
9: [ RUN      ] FrankaCartesianCommandInterfaceTest.given_cartesian_pose_and_elbow_set_and_elbow_has_infinite_values_when_write_called_expect_error
9: 
9: GMOCK WARNING:
9: Uninteresting mock function call - returning default value.
9:     Function call: getModel()
9:           Returns: NULL
9: NOTE: You can safely ignore the above warning unless this call should not happen.  Do not suppress it by blindly adding an EXPECT_CALL() if you don't mean to enforce the call.  See https://github.com/google/googletest/blob/master/googlemock/docs/cook_book.md#knowing-when-to-expect for details.
9: [       OK ] FrankaCartesianCommandInterfaceTest.given_cartesian_pose_and_elbow_set_and_elbow_has_infinite_values_when_write_called_expect_error (0 ms)
9: [ RUN      ] FrankaCartesianCommandInterfaceTest.given_cartesian_pose_interface_is_ready_with_elbow_when_read_and_write_called_expect_correct_elbow_and_cartesian_pose
9: 
9: GMOCK WARNING:
9: Uninteresting mock function call - returning default value.
9:     Function call: getModel()
9:           Returns: NULL
9: NOTE: You can safely ignore the above warning unless this call should not happen.  Do not suppress it by blindly adding an EXPECT_CALL() if you don't mean to enforce the call.  See https://github.com/google/googletest/blob/master/googlemock/docs/cook_book.md#knowing-when-to-expect for details.
9: [       OK ] FrankaCartesianCommandInterfaceTest.given_cartesian_pose_interface_is_ready_with_elbow_when_read_and_write_called_expect_correct_elbow_and_cartesian_pose (0 ms)
9: [----------] 10 tests from FrankaCartesianCommandInterfaceTest (1 ms total)
9: 
9: [----------] 12 tests from FrankaCartesianCommandTest/FrankaCartesianCommandInterfaceTest
9: [ RUN      ] FrankaCartesianCommandTest/FrankaCartesianCommandInterfaceTest.given_correct_number_of_start_cartesian_command_interface_when_prepare_command_mode_interface_is_called_expect_success/0
9: [       OK ] FrankaCartesianCommandTest/FrankaCartesianCommandInterfaceTest.given_correct_number_of_start_cartesian_command_interface_when_prepare_command_mode_interface_is_called_expect_success/0 (0 ms)
9: [ RUN      ] FrankaCartesianCommandTest/FrankaCartesianCommandInterfaceTest.given_correct_number_of_start_cartesian_command_interface_when_prepare_command_mode_interface_is_called_expect_success/1
9: [       OK ] FrankaCartesianCommandTest/FrankaCartesianCommandInterfaceTest.given_correct_number_of_start_cartesian_command_interface_when_prepare_command_mode_interface_is_called_expect_success/1 (0 ms)
9: [ RUN      ] FrankaCartesianCommandTest/FrankaCartesianCommandInterfaceTest.given_correct_number_of_start_cartesian_command_interface_when_prepare_command_mode_interface_is_called_expect_success/2
9: [       OK ] FrankaCartesianCommandTest/FrankaCartesianCommandInterfaceTest.given_correct_number_of_start_cartesian_command_interface_when_prepare_command_mode_interface_is_called_expect_success/2 (0 ms)
9: [ RUN      ] FrankaCartesianCommandTest/FrankaCartesianCommandInterfaceTest.given_correct_number_of_start_cartesian_command_and_elbow_command_interface_when_prepare_command_mode_interface_is_called_expect_success/0
9: [       OK ] FrankaCartesianCommandTest/FrankaCartesianCommandInterfaceTest.given_correct_number_of_start_cartesian_command_and_elbow_command_interface_when_prepare_command_mode_interface_is_called_expect_success/0 (0 ms)
9: [ RUN      ] FrankaCartesianCommandTest/FrankaCartesianCommandInterfaceTest.given_correct_number_of_start_cartesian_command_and_elbow_command_interface_when_prepare_command_mode_interface_is_called_expect_success/1
9: [       OK ] FrankaCartesianCommandTest/FrankaCartesianCommandInterfaceTest.given_correct_number_of_start_cartesian_command_and_elbow_command_interface_when_prepare_command_mode_interface_is_called_expect_success/1 (0 ms)
9: [ RUN      ] FrankaCartesianCommandTest/FrankaCartesianCommandInterfaceTest.given_correct_number_of_start_cartesian_command_and_elbow_command_interface_when_prepare_command_mode_interface_is_called_expect_success/2
9: [       OK ] FrankaCartesianCommandTest/FrankaCartesianCommandInterfaceTest.given_correct_number_of_start_cartesian_command_and_elbow_command_interface_when_prepare_command_mode_interface_is_called_expect_success/2 (0 ms)
9: [ RUN      ] FrankaCartesianCommandTest/FrankaCartesianCommandInterfaceTest.when_prepare_command_mode_interface_is_called_with_invalid_start_interface_number_expect_throw/0
9: [FATAL] [1723715662.950743808] [FrankaHardwareInterface]: Invalid number of cartesian_velocity interfaces to start. Expected 6, given 1
9: [       OK ] FrankaCartesianCommandTest/FrankaCartesianCommandInterfaceTest.when_prepare_command_mode_interface_is_called_with_invalid_start_interface_number_expect_throw/0 (0 ms)
9: [ RUN      ] FrankaCartesianCommandTest/FrankaCartesianCommandInterfaceTest.when_prepare_command_mode_interface_is_called_with_invalid_start_interface_number_expect_throw/1
9: [FATAL] [1723715662.950850056] [FrankaHardwareInterface]: Invalid number of cartesian_pose interfaces to start. Expected 16, given 1
9: [       OK ] FrankaCartesianCommandTest/FrankaCartesianCommandInterfaceTest.when_prepare_command_mode_interface_is_called_with_invalid_start_interface_number_expect_throw/1 (0 ms)
9: [ RUN      ] FrankaCartesianCommandTest/FrankaCartesianCommandInterfaceTest.when_prepare_command_mode_interface_is_called_with_invalid_start_interface_number_expect_throw/2
9: [FATAL] [1723715662.950893410] [FrankaHardwareInterface]: Invalid number of elbow_command interfaces to start. Expected 2, given 1
9: [       OK ] FrankaCartesianCommandTest/FrankaCartesianCommandInterfaceTest.when_prepare_command_mode_interface_is_called_with_invalid_start_interface_number_expect_throw/2 (0 ms)
9: [ RUN      ] FrankaCartesianCommandTest/FrankaCartesianCommandInterfaceTest.when_prepare_command_mode_interface_is_called_with_invalid_stop_interface_number_expect_throw/0
9: [FATAL] [1723715662.950941606] [FrankaHardwareInterface]: Invalid number of cartesian_velocity interfaces to stop. Expected 6, given 1
9: [       OK ] FrankaCartesianCommandTest/FrankaCartesianCommandInterfaceTest.when_prepare_command_mode_interface_is_called_with_invalid_stop_interface_number_expect_throw/0 (0 ms)
9: [ RUN      ] FrankaCartesianCommandTest/FrankaCartesianCommandInterfaceTest.when_prepare_command_mode_interface_is_called_with_invalid_stop_interface_number_expect_throw/1
9: [FATAL] [1723715662.950990199] [FrankaHardwareInterface]: Invalid number of cartesian_pose interfaces to stop. Expected 16, given 1
9: [       OK ] FrankaCartesianCommandTest/FrankaCartesianCommandInterfaceTest.when_prepare_command_mode_interface_is_called_with_invalid_stop_interface_number_expect_throw/1 (1 ms)
9: [ RUN      ] FrankaCartesianCommandTest/FrankaCartesianCommandInterfaceTest.when_prepare_command_mode_interface_is_called_with_invalid_stop_interface_number_expect_throw/2
9: [FATAL] [1723715662.951033228] [FrankaHardwareInterface]: Invalid number of elbow_command interfaces to stop. Expected 2, given 1
9: [       OK ] FrankaCartesianCommandTest/FrankaCartesianCommandInterfaceTest.when_prepare_command_mode_interface_is_called_with_invalid_stop_interface_number_expect_throw/2 (0 ms)
9: [----------] 12 tests from FrankaCartesianCommandTest/FrankaCartesianCommandInterfaceTest (1 ms total)
9: 
9: [----------] Global test environment tear-down
9: [==========] 22 tests from 2 test suites ran. (2 ms total)
9: [  PASSED  ] 22 tests.
9: -- run_test.py: return code 0
9: -- run_test.py: inject classname prefix into gtest result file '/home/zac/franka_ws/build/franka_hardware/test_results/franka_hardware/franka_hardware_command_interface_test.gtest.xml'
9: -- run_test.py: verify result file '/home/zac/franka_ws/build/franka_hardware/test_results/franka_hardware/franka_hardware_command_interface_test.gtest.xml'
 9/10 Test  #9: franka_hardware_command_interface_test ...   Passed    0.10 sec
test 10
      Start 10: franka_hardware_robot_test

10: Test command: /usr/bin/python3 "-u" "/opt/ros/humble/share/ament_cmake_test/cmake/run_test.py" "/home/zac/franka_ws/build/franka_hardware/test_results/franka_hardware/franka_hardware_robot_test.gtest.xml" "--package-name" "franka_hardware" "--output-file" "/home/zac/franka_ws/build/franka_hardware/ament_cmake_gmock/franka_hardware_robot_test.txt" "--command" "/home/zac/franka_ws/build/franka_hardware/test/franka_hardware_robot_test" "--gtest_output=xml:/home/zac/franka_ws/build/franka_hardware/test_results/franka_hardware/franka_hardware_robot_test.gtest.xml"
10: Test timeout computed to be: 60
10: -- run_test.py: invoking following command in '/home/zac/franka_ws/build/franka_hardware/test':
10:  - /home/zac/franka_ws/build/franka_hardware/test/franka_hardware_robot_test --gtest_output=xml:/home/zac/franka_ws/build/franka_hardware/test_results/franka_hardware/franka_hardware_robot_test.gtest.xml
10: Running main() from gmock_main.cc
10: [==========] Running 14 tests from 1 test suite.
10: [----------] Global test environment set-up.
10: [----------] 14 tests from FrankaRobotTests
10: [ RUN      ] FrankaRobotTests.whenInitializeTorqueInterfaceCalled_thenStartTorqueControlCalled
10: [       OK ] FrankaRobotTests.whenInitializeTorqueInterfaceCalled_thenStartTorqueControlCalled (0 ms)
10: [ RUN      ] FrankaRobotTests.whenInitializeJointVelocityInterfaceCalled_thenStartJointVelocityControl
10: [       OK ] FrankaRobotTests.whenInitializeJointVelocityInterfaceCalled_thenStartJointVelocityControl (0 ms)
10: [ RUN      ] FrankaRobotTests.whenInitializeJointtPositionInterfaceCalled_thenStartJointPositionControl
10: [       OK ] FrankaRobotTests.whenInitializeJointtPositionInterfaceCalled_thenStartJointPositionControl (0 ms)
10: [ RUN      ] FrankaRobotTests.whenInitializeCartesianVelocityInterfaceCalled_thenStartCartesianVelocityControl
10: [       OK ] FrankaRobotTests.whenInitializeCartesianVelocityInterfaceCalled_thenStartCartesianVelocityControl (0 ms)
10: [ RUN      ] FrankaRobotTests.whenInitializeCartesianPoseInterfaceCalled_thenStartCartesianPoseControl
10: [       OK ] FrankaRobotTests.whenInitializeCartesianPoseInterfaceCalled_thenStartCartesianPoseControl (0 ms)
10: [ RUN      ] FrankaRobotTests.givenCartesianVelocityControlIsStarted_whenReadOnceIsCalled_expectCorrectRobotState
10: [       OK ] FrankaRobotTests.givenCartesianVelocityControlIsStarted_whenReadOnceIsCalled_expectCorrectRobotState (0 ms)
10: [ RUN      ] FrankaRobotTests.givenCartesianPoseControlIsStarted_whenReadOnceIsCalled_expectCorrectRobotState
10: [       OK ] FrankaRobotTests.givenCartesianPoseControlIsStarted_whenReadOnceIsCalled_expectCorrectRobotState (0 ms)
10: [ RUN      ] FrankaRobotTests.givenJointControlIsNotStarted_whenReadOnceIsCalled_expectCorrectRobotState
10: [       OK ] FrankaRobotTests.givenJointControlIsNotStarted_whenReadOnceIsCalled_expectCorrectRobotState (0 ms)
10: [ RUN      ] FrankaRobotTests.givenCartesianVelocityControlIsStarted_whenWriteOnceIsCalled_expectActiveControlWriteOnceCalled
10: [       OK ] FrankaRobotTests.givenCartesianVelocityControlIsStarted_whenWriteOnceIsCalled_expectActiveControlWriteOnceCalled (0 ms)
10: [ RUN      ] FrankaRobotTests.givenCartesianPoseControlIsStart_whenWriteOnceIsCalled_expectActiveControlWriteOnceCalled
10: [       OK ] FrankaRobotTests.givenCartesianPoseControlIsStart_whenWriteOnceIsCalled_expectActiveControlWriteOnceCalled (0 ms)
10: [ RUN      ] FrankaRobotTests.givenJointPositionControlIsControlIsStarted_whenWriteOnceIsCalled_expectActiveControlWriteOnceCalled
10: [       OK ] FrankaRobotTests.givenJointPositionControlIsControlIsStarted_whenWriteOnceIsCalled_expectActiveControlWriteOnceCalled (0 ms)
10: [ RUN      ] FrankaRobotTests.givenJointVelocityControlIsStarted_whenWriteOnceIsCalled_expectActiveControlWriteOnceCalled
10: [       OK ] FrankaRobotTests.givenJointVelocityControlIsStarted_whenWriteOnceIsCalled_expectActiveControlWriteOnceCalled (0 ms)
10: [ RUN      ] FrankaRobotTests.givenEffortControlIsStarted_whenWriteOnceIsCalled_expectActiveControlWriteOnceCalled
10: [       OK ] FrankaRobotTests.givenEffortControlIsStarted_whenWriteOnceIsCalled_expectActiveControlWriteOnceCalled (0 ms)
10: [ RUN      ] FrankaRobotTests.givenControlIsNotStarted_whenWriteOnceIsCalled_expectRuntimeExceptionToBeThrown
10: [       OK ] FrankaRobotTests.givenControlIsNotStarted_whenWriteOnceIsCalled_expectRuntimeExceptionToBeThrown (0 ms)
10: [----------] 14 tests from FrankaRobotTests (0 ms total)
10: 
10: [----------] Global test environment tear-down
10: [==========] 14 tests from 1 test suite ran. (0 ms total)
10: [  PASSED  ] 14 tests.
10: -- run_test.py: return code 0
10: -- run_test.py: inject classname prefix into gtest result file '/home/zac/franka_ws/build/franka_hardware/test_results/franka_hardware/franka_hardware_robot_test.gtest.xml'
10: -- run_test.py: verify result file '/home/zac/franka_ws/build/franka_hardware/test_results/franka_hardware/franka_hardware_robot_test.gtest.xml'
10/10 Test #10: franka_hardware_robot_test ...............   Passed    0.08 sec

[0;32m100% tests passed[0;0m, 0 tests failed[0;0m out of 10

Label Time Summary:
clang_format    =   0.29 sec*proc (1 test)
copyright       =   0.80 sec*proc (1 test)
cppcheck        =   0.19 sec*proc (1 test)
flake8          =   0.38 sec*proc (1 test)
gmock           =   6.50 sec*proc (3 tests)
lint_cmake      =   0.21 sec*proc (1 test)
linter          =   2.41 sec*proc (7 tests)
pep257          =   0.22 sec*proc (1 test)
xmllint         =   0.31 sec*proc (1 test)

Total Test time (real) =   8.91 sec
