Start testing: Aug 15 02:54 PDT
----------------------------------------------------------
1/12 Testing: clang_format
1/12 Test: clang_format
Command: "/usr/bin/python3" "-u" "/opt/ros/humble/share/ament_cmake_test/cmake/run_test.py" "/home/zac/franka_ws/build/franka_semantic_components/test_results/franka_semantic_components/clang_format.xunit.xml" "--package-name" "franka_semantic_components" "--output-file" "/home/zac/franka_ws/build/franka_semantic_components/ament_clang_format/clang_format.txt" "--command" "/opt/ros/humble/bin/ament_clang_format" "--xunit-file" "/home/zac/franka_ws/build/franka_semantic_components/test_results/franka_semantic_components/clang_format.xunit.xml" "src" "include" "--config" "../.clang-format"
Directory: /home/zac/franka_ws/src/franka_ros2/franka_semantic_components
"clang_format" start time: Aug 15 02:54 PDT
Output:
----------------------------------------------------------
-- run_test.py: invoking following command in '/home/zac/franka_ws/src/franka_ros2/franka_semantic_components':
 - /opt/ros/humble/bin/ament_clang_format --xunit-file /home/zac/franka_ws/build/franka_semantic_components/test_results/franka_semantic_components/clang_format.xunit.xml src include --config ../.clang-format
No code style divergence in file 'src/franka_cartesian_pose_interface.cpp'

No code style divergence in file 'src/franka_cartesian_velocity_interface.cpp'

No code style divergence in file 'src/franka_robot_model.cpp'

No code style divergence in file 'src/franka_robot_state.cpp'

No code style divergence in file 'src/franka_semantic_component_interface.cpp'

No code style divergence in file 'src/translation_utils.cpp'

No code style divergence in file 'src/translation_utils.hpp'

No code style divergence in file 'include/franka_semantic_components/franka_cartesian_pose_interface.hpp'

No code style divergence in file 'include/franka_semantic_components/franka_cartesian_velocity_interface.hpp'

No code style divergence in file 'include/franka_semantic_components/franka_robot_model.hpp'

No code style divergence in file 'include/franka_semantic_components/franka_robot_state.hpp'

No code style divergence in file 'include/franka_semantic_components/franka_semantic_component_interface.hpp'

No problems found
-- run_test.py: return code 0
-- run_test.py: verify result file '/home/zac/franka_ws/build/franka_semantic_components/test_results/franka_semantic_components/clang_format.xunit.xml'
<end of output>
Test time =   0.25 sec
----------------------------------------------------------
Test Passed.
"clang_format" end time: Aug 15 02:54 PDT
"clang_format" time elapsed: 00:00:00
----------------------------------------------------------

2/12 Testing: copyright
2/12 Test: copyright
Command: "/usr/bin/python3" "-u" "/opt/ros/humble/share/ament_cmake_test/cmake/run_test.py" "/home/zac/franka_ws/build/franka_semantic_components/test_results/franka_semantic_components/copyright.xunit.xml" "--package-name" "franka_semantic_components" "--output-file" "/home/zac/franka_ws/build/franka_semantic_components/ament_copyright/copyright.txt" "--command" "/opt/ros/humble/bin/ament_copyright" "--xunit-file" "/home/zac/franka_ws/build/franka_semantic_components/test_results/franka_semantic_components/copyright.xunit.xml" "src" "include" "package.xml"
Directory: /home/zac/franka_ws/src/franka_ros2/franka_semantic_components
"copyright" start time: Aug 15 02:54 PDT
Output:
----------------------------------------------------------
-- run_test.py: invoking following command in '/home/zac/franka_ws/src/franka_ros2/franka_semantic_components':
 - /opt/ros/humble/bin/ament_copyright --xunit-file /home/zac/franka_ws/build/franka_semantic_components/test_results/franka_semantic_components/copyright.xunit.xml src include package.xml
No problems found, checked 12 files
-- run_test.py: return code 0
-- run_test.py: verify result file '/home/zac/franka_ws/build/franka_semantic_components/test_results/franka_semantic_components/copyright.xunit.xml'
<end of output>
Test time =   0.59 sec
----------------------------------------------------------
Test Passed.
"copyright" end time: Aug 15 02:54 PDT
"copyright" time elapsed: 00:00:00
----------------------------------------------------------

3/12 Testing: cppcheck
3/12 Test: cppcheck
Command: "/usr/bin/python3" "-u" "/opt/ros/humble/share/ament_cmake_test/cmake/run_test.py" "/home/zac/franka_ws/build/franka_semantic_components/test_results/franka_semantic_components/cppcheck.xunit.xml" "--package-name" "franka_semantic_components" "--output-file" "/home/zac/franka_ws/build/franka_semantic_components/ament_cppcheck/cppcheck.txt" "--command" "/opt/ros/humble/bin/ament_cppcheck" "--xunit-file" "/home/zac/franka_ws/build/franka_semantic_components/test_results/franka_semantic_components/cppcheck.xunit.xml" "src" "include"
Directory: /home/zac/franka_ws/src/franka_ros2/franka_semantic_components
"cppcheck" start time: Aug 15 02:54 PDT
Output:
----------------------------------------------------------
-- run_test.py: invoking following command in '/home/zac/franka_ws/src/franka_ros2/franka_semantic_components':
 - /opt/ros/humble/bin/ament_cppcheck --xunit-file /home/zac/franka_ws/build/franka_semantic_components/test_results/franka_semantic_components/cppcheck.xunit.xml src include
cppcheck 2.7 has known performance issues and therefore will not be used, set the AMENT_CPPCHECK_ALLOW_SLOW_VERSIONS environment variable to override this.
-- run_test.py: return code 0
-- run_test.py: verify result file '/home/zac/franka_ws/build/franka_semantic_components/test_results/franka_semantic_components/cppcheck.xunit.xml'
<end of output>
Test time =   0.18 sec
----------------------------------------------------------
Test Passed.
"cppcheck" end time: Aug 15 02:54 PDT
"cppcheck" time elapsed: 00:00:00
----------------------------------------------------------

4/12 Testing: lint_cmake
4/12 Test: lint_cmake
Command: "/usr/bin/python3" "-u" "/opt/ros/humble/share/ament_cmake_test/cmake/run_test.py" "/home/zac/franka_ws/build/franka_semantic_components/test_results/franka_semantic_components/lint_cmake.xunit.xml" "--package-name" "franka_semantic_components" "--output-file" "/home/zac/franka_ws/build/franka_semantic_components/ament_lint_cmake/lint_cmake.txt" "--command" "/opt/ros/humble/bin/ament_lint_cmake" "--xunit-file" "/home/zac/franka_ws/build/franka_semantic_components/test_results/franka_semantic_components/lint_cmake.xunit.xml" "CMakeLists.txt"
Directory: /home/zac/franka_ws/src/franka_ros2/franka_semantic_components
"lint_cmake" start time: Aug 15 02:54 PDT
Output:
----------------------------------------------------------
-- run_test.py: invoking following command in '/home/zac/franka_ws/src/franka_ros2/franka_semantic_components':
 - /opt/ros/humble/bin/ament_lint_cmake --xunit-file /home/zac/franka_ws/build/franka_semantic_components/test_results/franka_semantic_components/lint_cmake.xunit.xml CMakeLists.txt

No problems found
-- run_test.py: return code 0
-- run_test.py: verify result file '/home/zac/franka_ws/build/franka_semantic_components/test_results/franka_semantic_components/lint_cmake.xunit.xml'
<end of output>
Test time =   0.16 sec
----------------------------------------------------------
Test Passed.
"lint_cmake" end time: Aug 15 02:54 PDT
"lint_cmake" time elapsed: 00:00:00
----------------------------------------------------------

5/12 Testing: flake8
5/12 Test: flake8
Command: "/usr/bin/python3" "-u" "/opt/ros/humble/share/ament_cmake_test/cmake/run_test.py" "/home/zac/franka_ws/build/franka_semantic_components/test_results/franka_semantic_components/flake8.xunit.xml" "--package-name" "franka_semantic_components" "--output-file" "/home/zac/franka_ws/build/franka_semantic_components/ament_flake8/flake8.txt" "--command" "/opt/ros/humble/bin/ament_flake8" "--xunit-file" "/home/zac/franka_ws/build/franka_semantic_components/test_results/franka_semantic_components/flake8.xunit.xml"
Directory: /home/zac/franka_ws/src/franka_ros2/franka_semantic_components
"flake8" start time: Aug 15 02:54 PDT
Output:
----------------------------------------------------------
-- run_test.py: invoking following command in '/home/zac/franka_ws/src/franka_ros2/franka_semantic_components':
 - /opt/ros/humble/bin/ament_flake8 --xunit-file /home/zac/franka_ws/build/franka_semantic_components/test_results/franka_semantic_components/flake8.xunit.xml

0 files checked
No problems found

Checked files:

-- run_test.py: return code 0
-- run_test.py: verify result file '/home/zac/franka_ws/build/franka_semantic_components/test_results/franka_semantic_components/flake8.xunit.xml'
<end of output>
Test time =   0.26 sec
----------------------------------------------------------
Test Passed.
"flake8" end time: Aug 15 02:54 PDT
"flake8" time elapsed: 00:00:00
----------------------------------------------------------

6/12 Testing: pep257
6/12 Test: pep257
Command: "/usr/bin/python3" "-u" "/opt/ros/humble/share/ament_cmake_test/cmake/run_test.py" "/home/zac/franka_ws/build/franka_semantic_components/test_results/franka_semantic_components/pep257.xunit.xml" "--package-name" "franka_semantic_components" "--output-file" "/home/zac/franka_ws/build/franka_semantic_components/ament_pep257/pep257.txt" "--command" "/opt/ros/humble/bin/ament_pep257" "--xunit-file" "/home/zac/franka_ws/build/franka_semantic_components/test_results/franka_semantic_components/pep257.xunit.xml"
Directory: /home/zac/franka_ws/src/franka_ros2/franka_semantic_components
"pep257" start time: Aug 15 02:54 PDT
Output:
----------------------------------------------------------
-- run_test.py: invoking following command in '/home/zac/franka_ws/src/franka_ros2/franka_semantic_components':
 - /opt/ros/humble/bin/ament_pep257 --xunit-file /home/zac/franka_ws/build/franka_semantic_components/test_results/franka_semantic_components/pep257.xunit.xml
No problems found
-- run_test.py: return code 0
-- run_test.py: verify result file '/home/zac/franka_ws/build/franka_semantic_components/test_results/franka_semantic_components/pep257.xunit.xml'
<end of output>
Test time =   0.22 sec
----------------------------------------------------------
Test Passed.
"pep257" end time: Aug 15 02:54 PDT
"pep257" time elapsed: 00:00:00
----------------------------------------------------------

7/12 Testing: xmllint
7/12 Test: xmllint
Command: "/usr/bin/python3" "-u" "/opt/ros/humble/share/ament_cmake_test/cmake/run_test.py" "/home/zac/franka_ws/build/franka_semantic_components/test_results/franka_semantic_components/xmllint.xunit.xml" "--package-name" "franka_semantic_components" "--output-file" "/home/zac/franka_ws/build/franka_semantic_components/ament_xmllint/xmllint.txt" "--command" "/opt/ros/humble/bin/ament_xmllint" "--xunit-file" "/home/zac/franka_ws/build/franka_semantic_components/test_results/franka_semantic_components/xmllint.xunit.xml"
Directory: /home/zac/franka_ws/src/franka_ros2/franka_semantic_components
"xmllint" start time: Aug 15 02:54 PDT
Output:
----------------------------------------------------------
-- run_test.py: invoking following command in '/home/zac/franka_ws/src/franka_ros2/franka_semantic_components':
 - /opt/ros/humble/bin/ament_xmllint --xunit-file /home/zac/franka_ws/build/franka_semantic_components/test_results/franka_semantic_components/xmllint.xunit.xml
File 'package.xml' is valid

No problems found
-- run_test.py: return code 0
-- run_test.py: verify result file '/home/zac/franka_ws/build/franka_semantic_components/test_results/franka_semantic_components/xmllint.xunit.xml'
<end of output>
Test time =   0.35 sec
----------------------------------------------------------
Test Passed.
"xmllint" end time: Aug 15 02:54 PDT
"xmllint" time elapsed: 00:00:00
----------------------------------------------------------

8/12 Testing: test_franka_robot_state
8/12 Test: test_franka_robot_state
Command: "/usr/bin/python3" "-u" "/opt/ros/humble/share/ament_cmake_test/cmake/run_test.py" "/home/zac/franka_ws/build/franka_semantic_components/test_results/franka_semantic_components/test_franka_robot_state.gtest.xml" "--package-name" "franka_semantic_components" "--output-file" "/home/zac/franka_ws/build/franka_semantic_components/ament_cmake_gmock/test_franka_robot_state.txt" "--command" "/home/zac/franka_ws/build/franka_semantic_components/test_franka_robot_state" "--gtest_output=xml:/home/zac/franka_ws/build/franka_semantic_components/test_results/franka_semantic_components/test_franka_robot_state.gtest.xml"
Directory: /home/zac/franka_ws/build/franka_semantic_components
"test_franka_robot_state" start time: Aug 15 02:54 PDT
Output:
----------------------------------------------------------
-- run_test.py: invoking following command in '/home/zac/franka_ws/build/franka_semantic_components':
 - /home/zac/franka_ws/build/franka_semantic_components/test_franka_robot_state --gtest_output=xml:/home/zac/franka_ws/build/franka_semantic_components/test_results/franka_semantic_components/test_franka_robot_state.gtest.xml
Running main() from gmock_main.cc
[==========] Running 4 tests from 1 test suite.
[----------] Global test environment set-up.
[----------] 4 tests from FrankaRobotStateTest
[ RUN      ] FrankaRobotStateTest.validate_state_names_and_size
[       OK ] FrankaRobotStateTest.validate_state_names_and_size (34 ms)
[ RUN      ] FrankaRobotStateTest.robot_state_ptr_uncasted_correctly
[       OK ] FrankaRobotStateTest.robot_state_ptr_uncasted_correctly (33 ms)
[ RUN      ] FrankaRobotStateTest.givenFrankaSemanticStateInitialized_whenMessageReturnedExpectsCorrectValues
[       OK ] FrankaRobotStateTest.givenFrankaSemanticStateInitialized_whenMessageReturnedExpectsCorrectValues (33 ms)
[ RUN      ] FrankaRobotStateTest.givenInitializedRobotStateMsg_thenCorrectFrameIDs
[       OK ] FrankaRobotStateTest.givenInitializedRobotStateMsg_thenCorrectFrameIDs (32 ms)
[----------] 4 tests from FrankaRobotStateTest (132 ms total)

[----------] Global test environment tear-down
[==========] 4 tests from 1 test suite ran. (132 ms total)
[  PASSED  ] 4 tests.
-- run_test.py: return code 0
-- run_test.py: inject classname prefix into gtest result file '/home/zac/franka_ws/build/franka_semantic_components/test_results/franka_semantic_components/test_franka_robot_state.gtest.xml'
-- run_test.py: verify result file '/home/zac/franka_ws/build/franka_semantic_components/test_results/franka_semantic_components/test_franka_robot_state.gtest.xml'
<end of output>
Test time =   0.22 sec
----------------------------------------------------------
Test Passed.
"test_franka_robot_state" end time: Aug 15 02:54 PDT
"test_franka_robot_state" time elapsed: 00:00:00
----------------------------------------------------------

9/12 Testing: test_franka_robot_model
9/12 Test: test_franka_robot_model
Command: "/usr/bin/python3" "-u" "/opt/ros/humble/share/ament_cmake_test/cmake/run_test.py" "/home/zac/franka_ws/build/franka_semantic_components/test_results/franka_semantic_components/test_franka_robot_model.gtest.xml" "--package-name" "franka_semantic_components" "--output-file" "/home/zac/franka_ws/build/franka_semantic_components/ament_cmake_gmock/test_franka_robot_model.txt" "--command" "/home/zac/franka_ws/build/franka_semantic_components/test_franka_robot_model" "--gtest_output=xml:/home/zac/franka_ws/build/franka_semantic_components/test_results/franka_semantic_components/test_franka_robot_model.gtest.xml"
Directory: /home/zac/franka_ws/build/franka_semantic_components
"test_franka_robot_model" start time: Aug 15 02:54 PDT
Output:
----------------------------------------------------------
-- run_test.py: invoking following command in '/home/zac/franka_ws/build/franka_semantic_components':
 - /home/zac/franka_ws/build/franka_semantic_components/test_franka_robot_model --gtest_output=xml:/home/zac/franka_ws/build/franka_semantic_components/test_results/franka_semantic_components/test_franka_robot_model.gtest.xml
Running main() from gmock_main.cc
[==========] Running 10 tests from 1 test suite.
[----------] Global test environment set-up.
[----------] 10 tests from FrankaRobotModelTest
[ RUN      ] FrankaRobotModelTest.given_franka_semantic_model_initialized_when_get_coriolis_expect_one
[       OK ] FrankaRobotModelTest.given_franka_semantic_model_initialized_when_get_coriolis_expect_one (0 ms)
[ RUN      ] FrankaRobotModelTest.validate_state_names_and_size
[       OK ] FrankaRobotModelTest.validate_state_names_and_size (0 ms)
[ RUN      ] FrankaRobotModelTest.given_franka_semantic_model_initialized_when_get_gravity_expect_one
[       OK ] FrankaRobotModelTest.given_franka_semantic_model_initialized_when_get_gravity_expect_one (0 ms)
[ RUN      ] FrankaRobotModelTest.given_franka_semantic_model_initialized_when_get_pose_expect_one
[       OK ] FrankaRobotModelTest.given_franka_semantic_model_initialized_when_get_pose_expect_one (0 ms)
[ RUN      ] FrankaRobotModelTest.given_franka_semantic_model_initialized_when_get_mass_expect_correct
[       OK ] FrankaRobotModelTest.given_franka_semantic_model_initialized_when_get_mass_expect_correct (0 ms)
[ RUN      ] FrankaRobotModelTest.given_franka_semantic_model_not_initialized_expect_exception
[ERROR] [1723715665.422722269] [franka_model_semantic_component]: Franka interface does not exist! Did you assign the loaned state in the controller?
[       OK ] FrankaRobotModelTest.given_franka_semantic_model_not_initialized_expect_exception (0 ms)
[ RUN      ] FrankaRobotModelTest.given_franka_semantic_model_not_initialized_when_get_gravity_called_expect_exception
[ERROR] [1723715665.422794712] [franka_model_semantic_component]: Franka interface does not exist! Did you assign the loaned state in the controller?
[       OK ] FrankaRobotModelTest.given_franka_semantic_model_not_initialized_when_get_gravity_called_expect_exception (0 ms)
[ RUN      ] FrankaRobotModelTest.given_franka_semantic_model_not_initialized_when_get_pose_called_expect_exception
[ERROR] [1723715665.422808388] [franka_model_semantic_component]: Franka interface does not exist! Did you assign the loaned state in the controller?
[       OK ] FrankaRobotModelTest.given_franka_semantic_model_not_initialized_when_get_pose_called_expect_exception (0 ms)
[ RUN      ] FrankaRobotModelTest.given_franka_semantic_model_not_initialized_when_get_body_jacobian_called_expect_exception
[ERROR] [1723715665.422819149] [franka_model_semantic_component]: Franka interface does not exist! Did you assign the loaned state in the controller?
[       OK ] FrankaRobotModelTest.given_franka_semantic_model_not_initialized_when_get_body_jacobian_called_expect_exception (0 ms)
[ RUN      ] FrankaRobotModelTest.given_franka_semantic_model_not_initialized_when_get_zero_jacobian_called_expect_exception
[ERROR] [1723715665.422829831] [franka_model_semantic_component]: Franka interface does not exist! Did you assign the loaned state in the controller?
[       OK ] FrankaRobotModelTest.given_franka_semantic_model_not_initialized_when_get_zero_jacobian_called_expect_exception (0 ms)
[----------] 10 tests from FrankaRobotModelTest (0 ms total)

[----------] Global test environment tear-down
[==========] 10 tests from 1 test suite ran. (0 ms total)
[  PASSED  ] 10 tests.
-- run_test.py: return code 0
-- run_test.py: inject classname prefix into gtest result file '/home/zac/franka_ws/build/franka_semantic_components/test_results/franka_semantic_components/test_franka_robot_model.gtest.xml'
-- run_test.py: verify result file '/home/zac/franka_ws/build/franka_semantic_components/test_results/franka_semantic_components/test_franka_robot_model.gtest.xml'
<end of output>
Test time =   0.08 sec
----------------------------------------------------------
Test Passed.
"test_franka_robot_model" end time: Aug 15 02:54 PDT
"test_franka_robot_model" time elapsed: 00:00:00
----------------------------------------------------------

10/12 Testing: franka_semantic_component_interface_test
10/12 Test: franka_semantic_component_interface_test
Command: "/usr/bin/python3" "-u" "/opt/ros/humble/share/ament_cmake_test/cmake/run_test.py" "/home/zac/franka_ws/build/franka_semantic_components/test_results/franka_semantic_components/franka_semantic_component_interface_test.gtest.xml" "--package-name" "franka_semantic_components" "--output-file" "/home/zac/franka_ws/build/franka_semantic_components/ament_cmake_gmock/franka_semantic_component_interface_test.txt" "--command" "/home/zac/franka_ws/build/franka_semantic_components/franka_semantic_component_interface_test" "--gtest_output=xml:/home/zac/franka_ws/build/franka_semantic_components/test_results/franka_semantic_components/franka_semantic_component_interface_test.gtest.xml"
Directory: /home/zac/franka_ws/build/franka_semantic_components
"franka_semantic_component_interface_test" start time: Aug 15 02:54 PDT
Output:
----------------------------------------------------------
-- run_test.py: invoking following command in '/home/zac/franka_ws/build/franka_semantic_components':
 - /home/zac/franka_ws/build/franka_semantic_components/franka_semantic_component_interface_test --gtest_output=xml:/home/zac/franka_ws/build/franka_semantic_components/test_results/franka_semantic_components/franka_semantic_component_interface_test.gtest.xml
Running main() from gmock_main.cc
[==========] Running 6 tests from 1 test suite.
[----------] Global test environment set-up.
[----------] 6 tests from SemanticComponentInterfaceTest
[ RUN      ] SemanticComponentInterfaceTest.validate_default_names
[       OK ] SemanticComponentInterfaceTest.validate_default_names (0 ms)
[ RUN      ] SemanticComponentInterfaceTest.validate_command_interface_default_names
[       OK ] SemanticComponentInterfaceTest.validate_command_interface_default_names (0 ms)
[ RUN      ] SemanticComponentInterfaceTest.validate_custom_state_interface_names
[       OK ] SemanticComponentInterfaceTest.validate_custom_state_interface_names (0 ms)
[ RUN      ] SemanticComponentInterfaceTest.validate_custom_command_interface_names
[       OK ] SemanticComponentInterfaceTest.validate_custom_command_interface_names (0 ms)
[ RUN      ] SemanticComponentInterfaceTest.validate_state_interfaces
[       OK ] SemanticComponentInterfaceTest.validate_state_interfaces (0 ms)
[ RUN      ] SemanticComponentInterfaceTest.validate_command_interfaces
[       OK ] SemanticComponentInterfaceTest.validate_command_interfaces (0 ms)
[----------] 6 tests from SemanticComponentInterfaceTest (0 ms total)

[----------] Global test environment tear-down
[==========] 6 tests from 1 test suite ran. (0 ms total)
[  PASSED  ] 6 tests.
-- run_test.py: return code 0
-- run_test.py: inject classname prefix into gtest result file '/home/zac/franka_ws/build/franka_semantic_components/test_results/franka_semantic_components/franka_semantic_component_interface_test.gtest.xml'
-- run_test.py: verify result file '/home/zac/franka_ws/build/franka_semantic_components/test_results/franka_semantic_components/franka_semantic_component_interface_test.gtest.xml'
<end of output>
Test time =   0.08 sec
----------------------------------------------------------
Test Passed.
"franka_semantic_component_interface_test" end time: Aug 15 02:54 PDT
"franka_semantic_component_interface_test" time elapsed: 00:00:00
----------------------------------------------------------

11/12 Testing: franka_cartesian_velocity_interface_test
11/12 Test: franka_cartesian_velocity_interface_test
Command: "/usr/bin/python3" "-u" "/opt/ros/humble/share/ament_cmake_test/cmake/run_test.py" "/home/zac/franka_ws/build/franka_semantic_components/test_results/franka_semantic_components/franka_cartesian_velocity_interface_test.gtest.xml" "--package-name" "franka_semantic_components" "--output-file" "/home/zac/franka_ws/build/franka_semantic_components/ament_cmake_gmock/franka_cartesian_velocity_interface_test.txt" "--command" "/home/zac/franka_ws/build/franka_semantic_components/franka_cartesian_velocity_interface_test" "--gtest_output=xml:/home/zac/franka_ws/build/franka_semantic_components/test_results/franka_semantic_components/franka_cartesian_velocity_interface_test.gtest.xml"
Directory: /home/zac/franka_ws/build/franka_semantic_components
"franka_cartesian_velocity_interface_test" start time: Aug 15 02:54 PDT
Output:
----------------------------------------------------------
-- run_test.py: invoking following command in '/home/zac/franka_ws/build/franka_semantic_components':
 - /home/zac/franka_ws/build/franka_semantic_components/franka_cartesian_velocity_interface_test --gtest_output=xml:/home/zac/franka_ws/build/franka_semantic_components/test_results/franka_semantic_components/franka_cartesian_velocity_interface_test.gtest.xml
Running main() from gmock_main.cc
[==========] Running 8 tests from 1 test suite.
[----------] Global test environment set-up.
[----------] 8 tests from FrankaCartesianVelocityTest
[ RUN      ] FrankaCartesianVelocityTest.given_correct_interfaces_set_velocity_with_elbow_command_expect_successful
[       OK ] FrankaCartesianVelocityTest.given_correct_interfaces_set_velocity_with_elbow_command_expect_successful (0 ms)
[ RUN      ] FrankaCartesianVelocityTest.given_correct_interfaces_when_get_elbow_command_values_called_expect_successful
[       OK ] FrankaCartesianVelocityTest.given_correct_interfaces_when_get_elbow_command_values_called_expect_successful (0 ms)
[ RUN      ] FrankaCartesianVelocityTest.given_elbow_is_not_activated_when_elbow_command_get_value_is_called_expect_throw
[       OK ] FrankaCartesianVelocityTest.given_elbow_is_not_activated_when_elbow_command_get_value_is_called_expect_throw (0 ms)
[ RUN      ] FrankaCartesianVelocityTest.given_elbow_and_cartesian_velocity_claimed_when_set_velocity_command_without_elbow_expect_failure
[ERROR] [1723715665.587033461] [franka_cartesian_velocity_interface]: Elbow command interface must not claimed, if elbow is not commanded.
[       OK ] FrankaCartesianVelocityTest.given_elbow_and_cartesian_velocity_claimed_when_set_velocity_command_without_elbow_expect_failure (1 ms)
[ RUN      ] FrankaCartesianVelocityTest.given_only_cartesian_velocity_claimed_without_elbow_when_set_velocity_command_cartesian_vel_expect_successful
[ERROR] [1723715665.587101035] [franka_cartesian_velocity_interface]: Elbow command interface must be claimed to command elbow.
[       OK ] FrankaCartesianVelocityTest.given_only_cartesian_velocity_claimed_without_elbow_when_set_velocity_command_cartesian_vel_expect_successful (0 ms)
[ RUN      ] FrankaCartesianVelocityTest.given_incorrect_command_interfaces_set_velocity_expect_unsuccesful
[ERROR] [1723715665.587152998] [franka_cartesian_velocity_interface]: Elbow command interface must not claimed, if elbow is not commanded.
[       OK ] FrankaCartesianVelocityTest.given_incorrect_command_interfaces_set_velocity_expect_unsuccesful (0 ms)
[ RUN      ] FrankaCartesianVelocityTest.given_correct_interface_when_initial_elbow_state_requested_expect_correct
[       OK ] FrankaCartesianVelocityTest.given_correct_interface_when_initial_elbow_state_requested_expect_correct (0 ms)
[ RUN      ] FrankaCartesianVelocityTest.given_correct_interface_when_initial_elbow_state_requested_expect_throw
[       OK ] FrankaCartesianVelocityTest.given_correct_interface_when_initial_elbow_state_requested_expect_throw (0 ms)
[----------] 8 tests from FrankaCartesianVelocityTest (1 ms total)

[----------] Global test environment tear-down
[==========] 8 tests from 1 test suite ran. (1 ms total)
[  PASSED  ] 8 tests.
-- run_test.py: return code 0
-- run_test.py: inject classname prefix into gtest result file '/home/zac/franka_ws/build/franka_semantic_components/test_results/franka_semantic_components/franka_cartesian_velocity_interface_test.gtest.xml'
-- run_test.py: verify result file '/home/zac/franka_ws/build/franka_semantic_components/test_results/franka_semantic_components/franka_cartesian_velocity_interface_test.gtest.xml'
<end of output>
Test time =   0.08 sec
----------------------------------------------------------
Test Passed.
"franka_cartesian_velocity_interface_test" end time: Aug 15 02:54 PDT
"franka_cartesian_velocity_interface_test" time elapsed: 00:00:00
----------------------------------------------------------

12/12 Testing: franka_cartesian_pose_interface_test
12/12 Test: franka_cartesian_pose_interface_test
Command: "/usr/bin/python3" "-u" "/opt/ros/humble/share/ament_cmake_test/cmake/run_test.py" "/home/zac/franka_ws/build/franka_semantic_components/test_results/franka_semantic_components/franka_cartesian_pose_interface_test.gtest.xml" "--package-name" "franka_semantic_components" "--output-file" "/home/zac/franka_ws/build/franka_semantic_components/ament_cmake_gmock/franka_cartesian_pose_interface_test.txt" "--command" "/home/zac/franka_ws/build/franka_semantic_components/franka_cartesian_pose_interface_test" "--gtest_output=xml:/home/zac/franka_ws/build/franka_semantic_components/test_results/franka_semantic_components/franka_cartesian_pose_interface_test.gtest.xml"
Directory: /home/zac/franka_ws/build/franka_semantic_components
"franka_cartesian_pose_interface_test" start time: Aug 15 02:54 PDT
Output:
----------------------------------------------------------
-- run_test.py: invoking following command in '/home/zac/franka_ws/build/franka_semantic_components':
 - /home/zac/franka_ws/build/franka_semantic_components/franka_cartesian_pose_interface_test --gtest_output=xml:/home/zac/franka_ws/build/franka_semantic_components/test_results/franka_semantic_components/franka_cartesian_pose_interface_test.gtest.xml
Running main() from gmock_main.cc
[==========] Running 14 tests from 1 test suite.
[----------] Global test environment set-up.
[----------] 14 tests from FrankaCartesianPoseTest
[ RUN      ] FrankaCartesianPoseTest.given_correct_interfaces_set_carte_with_elbow_command_expect_successful
[       OK ] FrankaCartesianPoseTest.given_correct_interfaces_set_carte_with_elbow_command_expect_successful (1 ms)
[ RUN      ] FrankaCartesianPoseTest.given_correct_interfaces_when_get_elbow_command_values_called_expect_successful
[       OK ] FrankaCartesianPoseTest.given_correct_interfaces_when_get_elbow_command_values_called_expect_successful (0 ms)
[ RUN      ] FrankaCartesianPoseTest.given_elbow_is_not_activated_when_elbow_command_get_value_is_called_expect_throw
[       OK ] FrankaCartesianPoseTest.given_elbow_is_not_activated_when_elbow_command_get_value_is_called_expect_throw (0 ms)
[ RUN      ] FrankaCartesianPoseTest.given_elbow_and_cartesian_pose_claimed_when_set_pose_command_without_elbow_expect_failure
[ERROR] [1723715665.667261369] [franka_cartesian_velocity_interface]: Elbow command interface must not claimed, if elbow is not commanded. If elbow is activated, Use setCommand(pose_command, elbow_command) interface.
[       OK ] FrankaCartesianPoseTest.given_elbow_and_cartesian_pose_claimed_when_set_pose_command_without_elbow_expect_failure (0 ms)
[ RUN      ] FrankaCartesianPoseTest.given_only_cartesian_velocity_claimed_without_elbow_when_set_velocity_command_cartesian_vel_expect_successful
[ERROR] [1723715665.667351270] [franka_cartesian_pose_interface]: Elbow command interface must be claimed to command elbow.
[       OK ] FrankaCartesianPoseTest.given_only_cartesian_velocity_claimed_without_elbow_when_set_velocity_command_cartesian_vel_expect_successful (0 ms)
[ RUN      ] FrankaCartesianPoseTest.given_incorrect_command_interfaces_set_velocity_expect_unsuccesful
[ERROR] [1723715665.667365711] [franka_cartesian_velocity_interface]: Elbow command interface must not claimed, if elbow is not commanded. If elbow is activated, Use setCommand(pose_command, elbow_command) interface.
[       OK ] FrankaCartesianPoseTest.given_incorrect_command_interfaces_set_velocity_expect_unsuccesful (0 ms)
[ RUN      ] FrankaCartesianPoseTest.given_correct_interfaces_when_set_command_called_with_quaternion_and_translation_expect_the_correct_pose
[       OK ] FrankaCartesianPoseTest.given_correct_interfaces_when_set_command_called_with_quaternion_and_translation_expect_the_correct_pose (0 ms)
[ RUN      ] FrankaCartesianPoseTest.given_correct_interfaces_when_set_command_called_with_quaternion_and_translation_and_elbow_expect_the_correct_pose
[       OK ] FrankaCartesianPoseTest.given_correct_interfaces_when_set_command_called_with_quaternion_and_translation_and_elbow_expect_the_correct_pose (0 ms)
[ RUN      ] FrankaCartesianPoseTest.given_correct_interfaces_when_get_commanded_pose_called_expect_the_correct_pose
[       OK ] FrankaCartesianPoseTest.given_correct_interfaces_when_get_commanded_pose_called_expect_the_correct_pose (0 ms)
[ RUN      ] FrankaCartesianPoseTest.given_correct_interfaces_when_get_elbow_commanded_called_expect_the_correct_elbow
[       OK ] FrankaCartesianPoseTest.given_correct_interfaces_when_get_elbow_commanded_called_expect_the_correct_elbow (0 ms)
[ RUN      ] FrankaCartesianPoseTest.given_correct_interfaces_when_initial_elbow_request_expect_correct_state
[       OK ] FrankaCartesianPoseTest.given_correct_interfaces_when_initial_elbow_request_expect_correct_state (0 ms)
[ RUN      ] FrankaCartesianPoseTest.given_elbow_not_activated_when_initial_elbow_requested_expect_throw
[       OK ] FrankaCartesianPoseTest.given_elbow_not_activated_when_initial_elbow_requested_expect_throw (0 ms)
[ RUN      ] FrankaCartesianPoseTest.given_correct_interfaces_when_initial_orientation_request_expect_correct_pose
[       OK ] FrankaCartesianPoseTest.given_correct_interfaces_when_initial_orientation_request_expect_correct_pose (0 ms)
[ RUN      ] FrankaCartesianPoseTest.given_correct_interfaces_when_pose_requested_expect_correct_pose
[       OK ] FrankaCartesianPoseTest.given_correct_interfaces_when_pose_requested_expect_correct_pose (0 ms)
[----------] 14 tests from FrankaCartesianPoseTest (1 ms total)

[----------] Global test environment tear-down
[==========] 14 tests from 1 test suite ran. (1 ms total)
[  PASSED  ] 14 tests.
-- run_test.py: return code 0
-- run_test.py: inject classname prefix into gtest result file '/home/zac/franka_ws/build/franka_semantic_components/test_results/franka_semantic_components/franka_cartesian_pose_interface_test.gtest.xml'
-- run_test.py: verify result file '/home/zac/franka_ws/build/franka_semantic_components/test_results/franka_semantic_components/franka_cartesian_pose_interface_test.gtest.xml'
<end of output>
Test time =   0.09 sec
----------------------------------------------------------
Test Passed.
"franka_cartesian_pose_interface_test" end time: Aug 15 02:54 PDT
"franka_cartesian_pose_interface_test" time elapsed: 00:00:00
----------------------------------------------------------

End testing: Aug 15 02:54 PDT

clang_format =   0.25 sec*proc

copyright =   0.59 sec*proc

cppcheck =   0.18 sec*proc

flake8 =   0.26 sec*proc

gmock =   0.55 sec*proc

lint_cmake =   0.16 sec*proc

linter =   2.01 sec*proc

pep257 =   0.22 sec*proc

xmllint =   0.35 sec*proc

