Start testing: Aug 15 02:54 PDT
----------------------------------------------------------
1/5 Testing: copyright
1/5 Test: copyright
Command: "/usr/bin/python3" "-u" "/opt/ros/humble/share/ament_cmake_test/cmake/run_test.py" "/home/zac/franka_ws/build/franka_bringup/test_results/franka_bringup/copyright.xunit.xml" "--package-name" "franka_bringup" "--output-file" "/home/zac/franka_ws/build/franka_bringup/ament_copyright/copyright.txt" "--command" "/opt/ros/humble/bin/ament_copyright" "--xunit-file" "/home/zac/franka_ws/build/franka_bringup/test_results/franka_bringup/copyright.xunit.xml"
Directory: /home/zac/franka_ws/src/franka_ros2/franka_bringup
"copyright" start time: Aug 15 02:54 PDT
Output:
----------------------------------------------------------
-- run_test.py: invoking following command in '/home/zac/franka_ws/src/franka_ros2/franka_bringup':
 - /opt/ros/humble/bin/ament_copyright --xunit-file /home/zac/franka_ws/build/franka_bringup/test_results/franka_bringup/copyright.xunit.xml
No problems found, checked 13 files
-- run_test.py: return code 0
-- run_test.py: verify result file '/home/zac/franka_ws/build/franka_bringup/test_results/franka_bringup/copyright.xunit.xml'
<end of output>
Test time =   0.61 sec
----------------------------------------------------------
Test Passed.
"copyright" end time: Aug 15 02:54 PDT
"copyright" time elapsed: 00:00:00
----------------------------------------------------------

2/5 Testing: flake8
2/5 Test: flake8
Command: "/usr/bin/python3" "-u" "/opt/ros/humble/share/ament_cmake_test/cmake/run_test.py" "/home/zac/franka_ws/build/franka_bringup/test_results/franka_bringup/flake8.xunit.xml" "--package-name" "franka_bringup" "--output-file" "/home/zac/franka_ws/build/franka_bringup/ament_flake8/flake8.txt" "--command" "/opt/ros/humble/bin/ament_flake8" "--xunit-file" "/home/zac/franka_ws/build/franka_bringup/test_results/franka_bringup/flake8.xunit.xml"
Directory: /home/zac/franka_ws/src/franka_ros2/franka_bringup
"flake8" start time: Aug 15 02:54 PDT
Output:
----------------------------------------------------------
-- run_test.py: invoking following command in '/home/zac/franka_ws/src/franka_ros2/franka_bringup':
 - /opt/ros/humble/bin/ament_flake8 --xunit-file /home/zac/franka_ws/build/franka_bringup/test_results/franka_bringup/flake8.xunit.xml

13 files checked
No problems found

Checked files:

* ./launch/joint_position_example_controller.launch.py
* ./launch/model_example_controller.launch.py
* ./launch/cartesian_velocity_example_controller.launch.py
* ./launch/joint_impedance_example_controller.launch.py
* ./launch/franka.launch.py
* ./launch/elbow_example_controller.launch.py
* ./launch/joint_velocity_example_controller.launch.py
* ./launch/cartesian_orientation_example_controller.launch.py
* ./launch/gravity_compensation_example_controller.launch.py
* ./launch/cartesian_pose_example_controller.launch.py
* ./launch/cartesian_elbow_example_controller.launch.py
* ./launch/joint_impedance_with_ik_example_controller.launch.py
* ./launch/move_to_start_example_controller.launch.py
-- run_test.py: return code 0
-- run_test.py: verify result file '/home/zac/franka_ws/build/franka_bringup/test_results/franka_bringup/flake8.xunit.xml'
<end of output>
Test time =   0.34 sec
----------------------------------------------------------
Test Passed.
"flake8" end time: Aug 15 02:54 PDT
"flake8" time elapsed: 00:00:00
----------------------------------------------------------

3/5 Testing: lint_cmake
3/5 Test: lint_cmake
Command: "/usr/bin/python3" "-u" "/opt/ros/humble/share/ament_cmake_test/cmake/run_test.py" "/home/zac/franka_ws/build/franka_bringup/test_results/franka_bringup/lint_cmake.xunit.xml" "--package-name" "franka_bringup" "--output-file" "/home/zac/franka_ws/build/franka_bringup/ament_lint_cmake/lint_cmake.txt" "--command" "/opt/ros/humble/bin/ament_lint_cmake" "--xunit-file" "/home/zac/franka_ws/build/franka_bringup/test_results/franka_bringup/lint_cmake.xunit.xml"
Directory: /home/zac/franka_ws/src/franka_ros2/franka_bringup
"lint_cmake" start time: Aug 15 02:54 PDT
Output:
----------------------------------------------------------
-- run_test.py: invoking following command in '/home/zac/franka_ws/src/franka_ros2/franka_bringup':
 - /opt/ros/humble/bin/ament_lint_cmake --xunit-file /home/zac/franka_ws/build/franka_bringup/test_results/franka_bringup/lint_cmake.xunit.xml

No problems found
-- run_test.py: return code 0
-- run_test.py: verify result file '/home/zac/franka_ws/build/franka_bringup/test_results/franka_bringup/lint_cmake.xunit.xml'
<end of output>
Test time =   0.15 sec
----------------------------------------------------------
Test Passed.
"lint_cmake" end time: Aug 15 02:54 PDT
"lint_cmake" time elapsed: 00:00:00
----------------------------------------------------------

4/5 Testing: pep257
4/5 Test: pep257
Command: "/usr/bin/python3" "-u" "/opt/ros/humble/share/ament_cmake_test/cmake/run_test.py" "/home/zac/franka_ws/build/franka_bringup/test_results/franka_bringup/pep257.xunit.xml" "--package-name" "franka_bringup" "--output-file" "/home/zac/franka_ws/build/franka_bringup/ament_pep257/pep257.txt" "--command" "/opt/ros/humble/bin/ament_pep257" "--xunit-file" "/home/zac/franka_ws/build/franka_bringup/test_results/franka_bringup/pep257.xunit.xml"
Directory: /home/zac/franka_ws/src/franka_ros2/franka_bringup
"pep257" start time: Aug 15 02:54 PDT
Output:
----------------------------------------------------------
-- run_test.py: invoking following command in '/home/zac/franka_ws/src/franka_ros2/franka_bringup':
 - /opt/ros/humble/bin/ament_pep257 --xunit-file /home/zac/franka_ws/build/franka_bringup/test_results/franka_bringup/pep257.xunit.xml
checking ./launch/cartesian_elbow_example_controller.launch.py
checking ./launch/cartesian_orientation_example_controller.launch.py
checking ./launch/cartesian_pose_example_controller.launch.py
checking ./launch/cartesian_velocity_example_controller.launch.py
checking ./launch/elbow_example_controller.launch.py
checking ./launch/franka.launch.py
checking ./launch/gravity_compensation_example_controller.launch.py
checking ./launch/joint_impedance_example_controller.launch.py
checking ./launch/joint_impedance_with_ik_example_controller.launch.py
checking ./launch/joint_position_example_controller.launch.py
checking ./launch/joint_velocity_example_controller.launch.py
checking ./launch/model_example_controller.launch.py
checking ./launch/move_to_start_example_controller.launch.py
No problems found
-- run_test.py: return code 0
-- run_test.py: verify result file '/home/zac/franka_ws/build/franka_bringup/test_results/franka_bringup/pep257.xunit.xml'
<end of output>
Test time =   0.26 sec
----------------------------------------------------------
Test Passed.
"pep257" end time: Aug 15 02:54 PDT
"pep257" time elapsed: 00:00:00
----------------------------------------------------------

5/5 Testing: xmllint
5/5 Test: xmllint
Command: "/usr/bin/python3" "-u" "/opt/ros/humble/share/ament_cmake_test/cmake/run_test.py" "/home/zac/franka_ws/build/franka_bringup/test_results/franka_bringup/xmllint.xunit.xml" "--package-name" "franka_bringup" "--output-file" "/home/zac/franka_ws/build/franka_bringup/ament_xmllint/xmllint.txt" "--command" "/opt/ros/humble/bin/ament_xmllint" "--xunit-file" "/home/zac/franka_ws/build/franka_bringup/test_results/franka_bringup/xmllint.xunit.xml"
Directory: /home/zac/franka_ws/src/franka_ros2/franka_bringup
"xmllint" start time: Aug 15 02:54 PDT
Output:
----------------------------------------------------------
-- run_test.py: invoking following command in '/home/zac/franka_ws/src/franka_ros2/franka_bringup':
 - /opt/ros/humble/bin/ament_xmllint --xunit-file /home/zac/franka_ws/build/franka_bringup/test_results/franka_bringup/xmllint.xunit.xml
File 'package.xml' is valid

No problems found
-- run_test.py: return code 0
-- run_test.py: verify result file '/home/zac/franka_ws/build/franka_bringup/test_results/franka_bringup/xmllint.xunit.xml'
<end of output>
Test time =   0.34 sec
----------------------------------------------------------
Test Passed.
"xmllint" end time: Aug 15 02:54 PDT
"xmllint" time elapsed: 00:00:00
----------------------------------------------------------

End testing: Aug 15 02:54 PDT

copyright =   0.61 sec*proc

flake8 =   0.34 sec*proc

lint_cmake =   0.15 sec*proc

linter =   1.69 sec*proc

pep257 =   0.26 sec*proc

xmllint =   0.34 sec*proc

