UpdateCTestConfiguration  from :/home/zac/franka_ws/build/franka_description/CTestConfiguration.ini
Parse Config file:/home/zac/franka_ws/build/franka_description/CTestConfiguration.ini
   Site: CHARISMA-Predator-571
   Build name: (empty)
 Add coverage exclude regular expressions.
Create new tag: 20240815-0954 - Experimental
UpdateCTestConfiguration  from :/home/zac/franka_ws/build/franka_description/CTestConfiguration.ini
Parse Config file:/home/zac/franka_ws/build/franka_description/CTestConfiguration.ini
Test project /home/zac/franka_ws/build/franka_description
Constructing a list of tests
Done constructing a list of tests
Updating test list for fixtures
Added 0 tests to meet fixture requirements
Checking test dependency graph...
Checking test dependency graph end
test 1
    Start 1: franka_description_urdf_tests

1: Test command: /usr/bin/python3 "-u" "/opt/ros/humble/share/ament_cmake_test/cmake/run_test.py" "/home/zac/franka_ws/build/franka_description/test_results/franka_description/franka_description_urdf_tests.xunit.xml" "--package-name" "franka_description" "--output-file" "/home/zac/franka_ws/build/franka_description/ament_cmake_pytest/franka_description_urdf_tests.txt" "--command" "/usr/bin/python3" "-u" "-m" "pytest" "/home/zac/franka_ws/src/franka_description/test/urdf_tests.py" "-o" "cache_dir=/home/zac/franka_ws/build/franka_description/ament_cmake_pytest/franka_description_urdf_tests/.cache" "--junit-xml=/home/zac/franka_ws/build/franka_description/test_results/franka_description/franka_description_urdf_tests.xunit.xml" "--junit-prefix=franka_description"
1: Test timeout computed to be: 60
1: -- run_test.py: invoking following command in '/home/zac/franka_ws/build/franka_description':
1:  - /usr/bin/python3 -u -m pytest /home/zac/franka_ws/src/franka_description/test/urdf_tests.py -o cache_dir=/home/zac/franka_ws/build/franka_description/ament_cmake_pytest/franka_description_urdf_tests/.cache --junit-xml=/home/zac/franka_ws/build/franka_description/test_results/franka_description/franka_description_urdf_tests.xunit.xml --junit-prefix=franka_description
1: ============================= test session starts ==============================
1: platform linux -- Python 3.10.12, pytest-6.2.5, py-1.10.0, pluggy-0.13.0
1: cachedir: build/franka_description/ament_cmake_pytest/franka_description_urdf_tests/.cache
1: rootdir: /home/zac/franka_ws
1: plugins: launch-testing-ros-0.19.7, ament-flake8-0.12.11, ament-pep257-0.12.11, ament-lint-0.12.11, launch-testing-1.0.6, ament-copyright-0.12.11, ament-xmllint-0.12.11, cov-3.0.0, colcon-core-0.17.0
1: collected 5 items
1: 
1: ../../src/franka_description/test/urdf_tests.py FFFFF                    [100%]
1: 
1: =================================== FAILURES ===================================
1: __________________________________ test_load ___________________________________
1: 
1:     def test_load():
1:         """Test of hand parameter equal to none."""
1: >       urdf = xacro.process_file(
1:             xacro_file_name,
1:             mappings={
1:                 "arm_id": "fer",
1:                 "ee_id": "none",
1:             },
1:         ).toxml()
1: 
1: ../../src/franka_description/test/urdf_tests.py:32: 
1: _ _ _ _ _ _ _ _ _ _ _ _ _ _ _ _ _ _ _ _ _ _ _ _ _ _ _ _ _ _ _ _ _ _ _ _ _ _ _ _ 
1: /opt/ros/humble/local/lib/python3.10/dist-packages/xacro/__init__.py:1096: in process_file
1:     doc = parse(None, input_file_name)
1: /opt/ros/humble/local/lib/python3.10/dist-packages/xacro/__init__.py:1022: in parse
1:     return xml.dom.minidom.parse(inp)
1: /usr/lib/python3.10/xml/dom/minidom.py:1990: in parse
1:     return expatbuilder.parse(file)
1: /usr/lib/python3.10/xml/dom/expatbuilder.py:913: in parse
1:     result = builder.parseFile(file)
1: _ _ _ _ _ _ _ _ _ _ _ _ _ _ _ _ _ _ _ _ _ _ _ _ _ _ _ _ _ _ _ _ _ _ _ _ _ _ _ _ 
1: 
1: self = <xml.dom.expatbuilder.ExpatBuilderNS object at 0x7fe15360ccd0>
1: file = <_io.TextIOWrapper name='/home/zac/franka_ws/install/franka_description/share/franka_description/robots/fer/fer.urdf.xacro' mode='r' encoding='UTF-8'>
1: 
1:     def parseFile(self, file):
1:         """Parse a document from a file object, returning the document
1:         node."""
1:         parser = self.getParser()
1:         first_buffer = True
1:         try:
1:             while 1:
1:                 buffer = file.read(16*1024)
1:                 if not buffer:
1:                     break
1: >               parser.Parse(buffer, False)
1: E               xml.parsers.expat.ExpatError: mismatched tag: line 52, column 2
1: 
1: /usr/lib/python3.10/xml/dom/expatbuilder.py:207: ExpatError
1: ____________________________ test_load_with_gripper ____________________________
1: 
1:     def test_load_with_gripper():
1:         """Test of hand parameter equal to a value."""
1: >       urdf = xacro.process_file(
1:             xacro_file_name, mappings={"arm_id": "fer", "ee_id": "franka_hand"}
1:         ).toxml()
1: 
1: ../../src/franka_description/test/urdf_tests.py:44: 
1: _ _ _ _ _ _ _ _ _ _ _ _ _ _ _ _ _ _ _ _ _ _ _ _ _ _ _ _ _ _ _ _ _ _ _ _ _ _ _ _ 
1: /opt/ros/humble/local/lib/python3.10/dist-packages/xacro/__init__.py:1096: in process_file
1:     doc = parse(None, input_file_name)
1: /opt/ros/humble/local/lib/python3.10/dist-packages/xacro/__init__.py:1022: in parse
1:     return xml.dom.minidom.parse(inp)
1: /usr/lib/python3.10/xml/dom/minidom.py:1990: in parse
1:     return expatbuilder.parse(file)
1: /usr/lib/python3.10/xml/dom/expatbuilder.py:913: in parse
1:     result = builder.parseFile(file)
1: _ _ _ _ _ _ _ _ _ _ _ _ _ _ _ _ _ _ _ _ _ _ _ _ _ _ _ _ _ _ _ _ _ _ _ _ _ _ _ _ 
1: 
1: self = <xml.dom.expatbuilder.ExpatBuilderNS object at 0x7fe1532ff7c0>
1: file = <_io.TextIOWrapper name='/home/zac/franka_ws/install/franka_description/share/franka_description/robots/fer/fer.urdf.xacro' mode='r' encoding='UTF-8'>
1: 
1:     def parseFile(self, file):
1:         """Parse a document from a file object, returning the document
1:         node."""
1:         parser = self.getParser()
1:         first_buffer = True
1:         try:
1:             while 1:
1:                 buffer = file.read(16*1024)
1:                 if not buffer:
1:                     break
1: >               parser.Parse(buffer, False)
1: E               xml.parsers.expat.ExpatError: mismatched tag: line 52, column 2
1: 
1: /usr/lib/python3.10/xml/dom/expatbuilder.py:207: ExpatError
1: ____________________________ test_check_interfaces _____________________________
1: 
1:     def test_check_interfaces():
1:         """Test of the parameters for ros2_control hardware interface."""
1: >       urdf = xacro.process_file(
1:             xacro_file_name, mappings={"ros2_control": "true"}
1:         ).toxml()
1: 
1: ../../src/franka_description/test/urdf_tests.py:52: 
1: _ _ _ _ _ _ _ _ _ _ _ _ _ _ _ _ _ _ _ _ _ _ _ _ _ _ _ _ _ _ _ _ _ _ _ _ _ _ _ _ 
1: /opt/ros/humble/local/lib/python3.10/dist-packages/xacro/__init__.py:1096: in process_file
1:     doc = parse(None, input_file_name)
1: /opt/ros/humble/local/lib/python3.10/dist-packages/xacro/__init__.py:1022: in parse
1:     return xml.dom.minidom.parse(inp)
1: /usr/lib/python3.10/xml/dom/minidom.py:1990: in parse
1:     return expatbuilder.parse(file)
1: /usr/lib/python3.10/xml/dom/expatbuilder.py:913: in parse
1:     result = builder.parseFile(file)
1: _ _ _ _ _ _ _ _ _ _ _ _ _ _ _ _ _ _ _ _ _ _ _ _ _ _ _ _ _ _ _ _ _ _ _ _ _ _ _ _ 
1: 
1: self = <xml.dom.expatbuilder.ExpatBuilderNS object at 0x7fe153263b50>
1: file = <_io.TextIOWrapper name='/home/zac/franka_ws/install/franka_description/share/franka_description/robots/fer/fer.urdf.xacro' mode='r' encoding='UTF-8'>
1: 
1:     def parseFile(self, file):
1:         """Parse a document from a file object, returning the document
1:         node."""
1:         parser = self.getParser()
1:         first_buffer = True
1:         try:
1:             while 1:
1:                 buffer = file.read(16*1024)
1:                 if not buffer:
1:                     break
1: >               parser.Parse(buffer, False)
1: E               xml.parsers.expat.ExpatError: mismatched tag: line 52, column 2
1: 
1: /usr/lib/python3.10/xml/dom/expatbuilder.py:207: ExpatError
1: _________________________ test_load_with_fake_hardware _________________________
1: 
1:     def test_load_with_fake_hardware():
1:         """Test of use_fake_hardware parameter for ros2_control hardware interface."""
1: >       urdf = xacro.process_file(
1:             xacro_file_name, mappings={"ros2_control": "true", "use_fake_hardware": "true"}
1:         ).toxml()
1: 
1: ../../src/franka_description/test/urdf_tests.py:64: 
1: _ _ _ _ _ _ _ _ _ _ _ _ _ _ _ _ _ _ _ _ _ _ _ _ _ _ _ _ _ _ _ _ _ _ _ _ _ _ _ _ 
1: /opt/ros/humble/local/lib/python3.10/dist-packages/xacro/__init__.py:1096: in process_file
1:     doc = parse(None, input_file_name)
1: /opt/ros/humble/local/lib/python3.10/dist-packages/xacro/__init__.py:1022: in parse
1:     return xml.dom.minidom.parse(inp)
1: /usr/lib/python3.10/xml/dom/minidom.py:1990: in parse
1:     return expatbuilder.parse(file)
1: /usr/lib/python3.10/xml/dom/expatbuilder.py:913: in parse
1:     result = builder.parseFile(file)
1: _ _ _ _ _ _ _ _ _ _ _ _ _ _ _ _ _ _ _ _ _ _ _ _ _ _ _ _ _ _ _ _ _ _ _ _ _ _ _ _ 
1: 
1: self = <xml.dom.expatbuilder.ExpatBuilderNS object at 0x7fe1532ffb50>
1: file = <_io.TextIOWrapper name='/home/zac/franka_ws/install/franka_description/share/franka_description/robots/fer/fer.urdf.xacro' mode='r' encoding='UTF-8'>
1: 
1:     def parseFile(self, file):
1:         """Parse a document from a file object, returning the document
1:         node."""
1:         parser = self.getParser()
1:         first_buffer = True
1:         try:
1:             while 1:
1:                 buffer = file.read(16*1024)
1:                 if not buffer:
1:                     break
1: >               parser.Parse(buffer, False)
1: E               xml.parsers.expat.ExpatError: mismatched tag: line 52, column 2
1: 
1: /usr/lib/python3.10/xml/dom/expatbuilder.py:207: ExpatError
1: ___________________________ test_load_with_robot_ip ____________________________
1: 
1:     def test_load_with_robot_ip():
1:         """Test of robot_ip parameter for ros2_control hardware interface."""
1: >       urdf = xacro.process_file(
1:             xacro_file_name,
1:             mappings={"ros2_control": "true", "robot_ip": "franka_ip_address"},
1:         ).toxml()
1: 
1: ../../src/franka_description/test/urdf_tests.py:72: 
1: _ _ _ _ _ _ _ _ _ _ _ _ _ _ _ _ _ _ _ _ _ _ _ _ _ _ _ _ _ _ _ _ _ _ _ _ _ _ _ _ 
1: /opt/ros/humble/local/lib/python3.10/dist-packages/xacro/__init__.py:1096: in process_file
1:     doc = parse(None, input_file_name)
1: /opt/ros/humble/local/lib/python3.10/dist-packages/xacro/__init__.py:1022: in parse
1:     return xml.dom.minidom.parse(inp)
1: /usr/lib/python3.10/xml/dom/minidom.py:1990: in parse
1:     return expatbuilder.parse(file)
1: /usr/lib/python3.10/xml/dom/expatbuilder.py:913: in parse
1:     result = builder.parseFile(file)
1: _ _ _ _ _ _ _ _ _ _ _ _ _ _ _ _ _ _ _ _ _ _ _ _ _ _ _ _ _ _ _ _ _ _ _ _ _ _ _ _ 
1: 
1: self = <xml.dom.expatbuilder.ExpatBuilderNS object at 0x7fe1532636a0>
1: file = <_io.TextIOWrapper name='/home/zac/franka_ws/install/franka_description/share/franka_description/robots/fer/fer.urdf.xacro' mode='r' encoding='UTF-8'>
1: 
1:     def parseFile(self, file):
1:         """Parse a document from a file object, returning the document
1:         node."""
1:         parser = self.getParser()
1:         first_buffer = True
1:         try:
1:             while 1:
1:                 buffer = file.read(16*1024)
1:                 if not buffer:
1:                     break
1: >               parser.Parse(buffer, False)
1: E               xml.parsers.expat.ExpatError: mismatched tag: line 52, column 2
1: 
1: /usr/lib/python3.10/xml/dom/expatbuilder.py:207: ExpatError
1: =============================== warnings summary ===============================
1: ../../../../../opt/ros/humble/local/lib/python3.10/dist-packages/xacro/__init__.py:558
1:   Warning: invalid escape sequence '\$'
1: 
1: ../../../../../opt/ros/humble/local/lib/python3.10/dist-packages/xacro/__init__.py:559
1:   Warning: invalid escape sequence '\s'
1: 
1: -- Docs: https://docs.pytest.org/en/stable/warnings.html
1: - generated xml file: /home/zac/franka_ws/build/franka_description/test_results/franka_description/franka_description_urdf_tests.xunit.xml -
1: =========================== short test summary info ============================
1: FAILED ../../src/franka_description/test/urdf_tests.py::test_load - xml.parse...
1: FAILED ../../src/franka_description/test/urdf_tests.py::test_load_with_gripper
1: FAILED ../../src/franka_description/test/urdf_tests.py::test_check_interfaces
1: FAILED ../../src/franka_description/test/urdf_tests.py::test_load_with_fake_hardware
1: FAILED ../../src/franka_description/test/urdf_tests.py::test_load_with_robot_ip
1: ======================== 5 failed, 2 warnings in 0.77s =========================
1: -- run_test.py: return code 1
1: -- run_test.py: verify result file '/home/zac/franka_ws/build/franka_description/test_results/franka_description/franka_description_urdf_tests.xunit.xml'
1/6 Test #1: franka_description_urdf_tests ....***Failed    1.34 sec
test 2
    Start 2: copyright

2: Test command: /usr/bin/python3 "-u" "/opt/ros/humble/share/ament_cmake_test/cmake/run_test.py" "/home/zac/franka_ws/build/franka_description/test_results/franka_description/copyright.xunit.xml" "--package-name" "franka_description" "--output-file" "/home/zac/franka_ws/build/franka_description/ament_copyright/copyright.txt" "--command" "/opt/ros/humble/bin/ament_copyright" "--xunit-file" "/home/zac/franka_ws/build/franka_description/test_results/franka_description/copyright.xunit.xml"
2: Test timeout computed to be: 200
2: -- run_test.py: invoking following command in '/home/zac/franka_ws/src/franka_description':
2:  - /opt/ros/humble/bin/ament_copyright --xunit-file /home/zac/franka_ws/build/franka_description/test_results/franka_description/copyright.xunit.xml
2: No problems found, checked 5 files
2: -- run_test.py: return code 0
2: -- run_test.py: verify result file '/home/zac/franka_ws/build/franka_description/test_results/franka_description/copyright.xunit.xml'
2/6 Test #2: copyright ........................   Passed    0.54 sec
test 3
    Start 3: flake8

3: Test command: /usr/bin/python3 "-u" "/opt/ros/humble/share/ament_cmake_test/cmake/run_test.py" "/home/zac/franka_ws/build/franka_description/test_results/franka_description/flake8.xunit.xml" "--package-name" "franka_description" "--output-file" "/home/zac/franka_ws/build/franka_description/ament_flake8/flake8.txt" "--command" "/opt/ros/humble/bin/ament_flake8" "--xunit-file" "/home/zac/franka_ws/build/franka_description/test_results/franka_description/flake8.xunit.xml"
3: Test timeout computed to be: 60
3: -- run_test.py: invoking following command in '/home/zac/franka_ws/src/franka_description':
3:  - /opt/ros/humble/bin/ament_flake8 --xunit-file /home/zac/franka_ws/build/franka_description/test_results/franka_description/flake8.xunit.xml
3:                 if HAND != False and EE != "none":
3:                         ^
3: 1     E712 comparison to False should be 'if cond is not False:' or 'if cond:'
3: 
3: ./scripts/create_urdf.py:155:25: E712 comparison to False should be 'if cond is not False:' or 'if cond:'
3: 
3: 
3: 3 files checked
3: 1 errors
3: 
3: 'E'-type errors: 1
3: 
3: Checked files:
3: 
3: * ./launch/visualize_franka.launch.py
3: * ./test/urdf_tests.py
3: * ./scripts/create_urdf.py
3: -- run_test.py: return code 1
3: -- run_test.py: verify result file '/home/zac/franka_ws/build/franka_description/test_results/franka_description/flake8.xunit.xml'
3/6 Test #3: flake8 ...........................***Failed    0.37 sec
test 4
    Start 4: lint_cmake

4: Test command: /usr/bin/python3 "-u" "/opt/ros/humble/share/ament_cmake_test/cmake/run_test.py" "/home/zac/franka_ws/build/franka_description/test_results/franka_description/lint_cmake.xunit.xml" "--package-name" "franka_description" "--output-file" "/home/zac/franka_ws/build/franka_description/ament_lint_cmake/lint_cmake.txt" "--command" "/opt/ros/humble/bin/ament_lint_cmake" "--xunit-file" "/home/zac/franka_ws/build/franka_description/test_results/franka_description/lint_cmake.xunit.xml"
4: Test timeout computed to be: 60
4: -- run_test.py: invoking following command in '/home/zac/franka_ws/src/franka_description':
4:  - /opt/ros/humble/bin/ament_lint_cmake --xunit-file /home/zac/franka_ws/build/franka_description/test_results/franka_description/lint_cmake.xunit.xml
4: 
4: No problems found
4: -- run_test.py: return code 0
4: -- run_test.py: verify result file '/home/zac/franka_ws/build/franka_description/test_results/franka_description/lint_cmake.xunit.xml'
4/6 Test #4: lint_cmake .......................   Passed    0.20 sec
test 5
    Start 5: pep257

5: Test command: /usr/bin/python3 "-u" "/opt/ros/humble/share/ament_cmake_test/cmake/run_test.py" "/home/zac/franka_ws/build/franka_description/test_results/franka_description/pep257.xunit.xml" "--package-name" "franka_description" "--output-file" "/home/zac/franka_ws/build/franka_description/ament_pep257/pep257.txt" "--command" "/opt/ros/humble/bin/ament_pep257" "--xunit-file" "/home/zac/franka_ws/build/franka_description/test_results/franka_description/pep257.xunit.xml"
5: Test timeout computed to be: 60
5: -- run_test.py: invoking following command in '/home/zac/franka_ws/src/franka_description':
5:  - /opt/ros/humble/bin/ament_pep257 --xunit-file /home/zac/franka_ws/build/franka_description/test_results/franka_description/pep257.xunit.xml
5: checking ./launch/visualize_franka.launch.py
5: checking ./scripts/create_urdf.py
5: checking ./test/urdf_tests.py
5: No problems found
5: -- run_test.py: return code 0
5: -- run_test.py: verify result file '/home/zac/franka_ws/build/franka_description/test_results/franka_description/pep257.xunit.xml'
5/6 Test #5: pep257 ...........................   Passed    0.31 sec
test 6
    Start 6: xmllint

6: Test command: /usr/bin/python3 "-u" "/opt/ros/humble/share/ament_cmake_test/cmake/run_test.py" "/home/zac/franka_ws/build/franka_description/test_results/franka_description/xmllint.xunit.xml" "--package-name" "franka_description" "--output-file" "/home/zac/franka_ws/build/franka_description/ament_xmllint/xmllint.txt" "--command" "/opt/ros/humble/bin/ament_xmllint" "--xunit-file" "/home/zac/franka_ws/build/franka_description/test_results/franka_description/xmllint.xunit.xml"
6: Test timeout computed to be: 60
6: -- run_test.py: invoking following command in '/home/zac/franka_ws/src/franka_description':
6:  - /opt/ros/humble/bin/ament_xmllint --xunit-file /home/zac/franka_ws/build/franka_description/test_results/franka_description/xmllint.xunit.xml
6: File 'package.xml' is valid
6: 
6: No problems found
6: -- run_test.py: return code 0
6: -- run_test.py: verify result file '/home/zac/franka_ws/build/franka_description/test_results/franka_description/xmllint.xunit.xml'
6/6 Test #6: xmllint ..........................   Passed    0.35 sec

67% tests passed[0;0m, [0;31m2 tests failed[0;0m out of 6

Label Time Summary:
copyright     =   0.54 sec*proc (1 test)
flake8        =   0.37 sec*proc (1 test)
lint_cmake    =   0.20 sec*proc (1 test)
linter        =   1.77 sec*proc (5 tests)
pep257        =   0.31 sec*proc (1 test)
pytest        =   1.34 sec*proc (1 test)
xmllint       =   0.35 sec*proc (1 test)

Total Test time (real) =   3.11 sec

The following tests FAILED:
	[0;31m  1 - franka_description_urdf_tests (Failed)[0;0m
	[0;31m  3 - flake8 (Failed)[0;0m
