UpdateCTestConfiguration  from :/home/zac/franka_ws/build/franka_example_controllers/CTestConfiguration.ini
Parse Config file:/home/zac/franka_ws/build/franka_example_controllers/CTestConfiguration.ini
   Site: CHARISMA-Predator-571
   Build name: (empty)
 Add coverage exclude regular expressions.
Create new tag: 20240815-0954 - Experimental
UpdateCTestConfiguration  from :/home/zac/franka_ws/build/franka_example_controllers/CTestConfiguration.ini
Parse Config file:/home/zac/franka_ws/build/franka_example_controllers/CTestConfiguration.ini
Test project /home/zac/franka_ws/build/franka_example_controllers
Constructing a list of tests
Done constructing a list of tests
Updating test list for fixtures
Added 0 tests to meet fixture requirements
Checking test dependency graph...
Checking test dependency graph end
test 1
      Start  1: clang_format

1: Test command: /usr/bin/python3 "-u" "/opt/ros/humble/share/ament_cmake_test/cmake/run_test.py" "/home/zac/franka_ws/build/franka_example_controllers/test_results/franka_example_controllers/clang_format.xunit.xml" "--package-name" "franka_example_controllers" "--output-file" "/home/zac/franka_ws/build/franka_example_controllers/ament_clang_format/clang_format.txt" "--command" "/opt/ros/humble/bin/ament_clang_format" "--xunit-file" "/home/zac/franka_ws/build/franka_example_controllers/test_results/franka_example_controllers/clang_format.xunit.xml" "src" "include" "--config" "../.clang-format"
1: Test timeout computed to be: 60
1: -- run_test.py: invoking following command in '/home/zac/franka_ws/src/franka_ros2/franka_example_controllers':
1:  - /opt/ros/humble/bin/ament_clang_format --xunit-file /home/zac/franka_ws/build/franka_example_controllers/test_results/franka_example_controllers/clang_format.xunit.xml src include --config ../.clang-format
1: No code style divergence in file 'src/cartesian_elbow_example_controller.cpp'
1: 
1: No code style divergence in file 'src/cartesian_orientation_example_controller.cpp'
1: 
1: No code style divergence in file 'src/cartesian_pose_example_controller.cpp'
1: 
1: No code style divergence in file 'src/cartesian_velocity_example_controller.cpp'
1: 
1: No code style divergence in file 'src/elbow_example_controller.cpp'
1: 
1: No code style divergence in file 'src/gravity_compensation_example_controller.cpp'
1: 
1: No code style divergence in file 'src/joint_impedance_example_controller.cpp'
1: 
1: No code style divergence in file 'src/joint_impedance_with_ik_example_controller.cpp'
1: 
1: No code style divergence in file 'src/joint_position_example_controller.cpp'
1: 
1: No code style divergence in file 'src/joint_velocity_example_controller.cpp'
1: 
1: No code style divergence in file 'src/model_example_controller.cpp'
1: 
1: No code style divergence in file 'src/motion_generator.cpp'
1: 
1: No code style divergence in file 'src/move_to_start_example_controller.cpp'
1: 
1: No code style divergence in file 'include/franka_example_controllers/cartesian_elbow_example_controller.hpp'
1: 
1: No code style divergence in file 'include/franka_example_controllers/cartesian_orientation_example_controller.hpp'
1: 
1: No code style divergence in file 'include/franka_example_controllers/cartesian_pose_example_controller.hpp'
1: 
1: No code style divergence in file 'include/franka_example_controllers/cartesian_velocity_example_controller.hpp'
1: 
1: No code style divergence in file 'include/franka_example_controllers/default_robot_behavior_utils.hpp'
1: 
1: No code style divergence in file 'include/franka_example_controllers/elbow_example_controller.hpp'
1: 
1: No code style divergence in file 'include/franka_example_controllers/gravity_compensation_example_controller.hpp'
1: 
1: No code style divergence in file 'include/franka_example_controllers/joint_impedance_example_controller.hpp'
1: 
1: No code style divergence in file 'include/franka_example_controllers/joint_impedance_with_ik_example_controller.hpp'
1: 
1: No code style divergence in file 'include/franka_example_controllers/joint_position_example_controller.hpp'
1: 
1: No code style divergence in file 'include/franka_example_controllers/joint_velocity_example_controller.hpp'
1: 
1: No code style divergence in file 'include/franka_example_controllers/model_example_controller.hpp'
1: 
1: No code style divergence in file 'include/franka_example_controllers/motion_generator.hpp'
1: 
1: No code style divergence in file 'include/franka_example_controllers/move_to_start_example_controller.hpp'
1: 
1: No code style divergence in file 'include/franka_example_controllers/robot_utils.hpp'
1: 
1: No code style divergence in file 'include/franka_example_controllers/visibility_control.h'
1: 
1: No problems found
1: -- run_test.py: return code 0
1: -- run_test.py: verify result file '/home/zac/franka_ws/build/franka_example_controllers/test_results/franka_example_controllers/clang_format.xunit.xml'
 1/11 Test  #1: clang_format .........................................   Passed    0.26 sec
test 2
      Start  2: copyright

2: Test command: /usr/bin/python3 "-u" "/opt/ros/humble/share/ament_cmake_test/cmake/run_test.py" "/home/zac/franka_ws/build/franka_example_controllers/test_results/franka_example_controllers/copyright.xunit.xml" "--package-name" "franka_example_controllers" "--output-file" "/home/zac/franka_ws/build/franka_example_controllers/ament_copyright/copyright.txt" "--command" "/opt/ros/humble/bin/ament_copyright" "--xunit-file" "/home/zac/franka_ws/build/franka_example_controllers/test_results/franka_example_controllers/copyright.xunit.xml" "src" "src" "include" "package.xml"
2: Test timeout computed to be: 200
2: -- run_test.py: invoking following command in '/home/zac/franka_ws/src/franka_ros2/franka_example_controllers':
2:  - /opt/ros/humble/bin/ament_copyright --xunit-file /home/zac/franka_ws/build/franka_example_controllers/test_results/franka_example_controllers/copyright.xunit.xml src src include package.xml
2: No problems found, checked 29 files
2: -- run_test.py: return code 0
2: -- run_test.py: verify result file '/home/zac/franka_ws/build/franka_example_controllers/test_results/franka_example_controllers/copyright.xunit.xml'
 2/11 Test  #2: copyright ............................................   Passed    1.15 sec
test 3
      Start  3: cppcheck

3: Test command: /usr/bin/python3 "-u" "/opt/ros/humble/share/ament_cmake_test/cmake/run_test.py" "/home/zac/franka_ws/build/franka_example_controllers/test_results/franka_example_controllers/cppcheck.xunit.xml" "--package-name" "franka_example_controllers" "--output-file" "/home/zac/franka_ws/build/franka_example_controllers/ament_cppcheck/cppcheck.txt" "--command" "/opt/ros/humble/bin/ament_cppcheck" "--xunit-file" "/home/zac/franka_ws/build/franka_example_controllers/test_results/franka_example_controllers/cppcheck.xunit.xml" "src" "include"
3: Test timeout computed to be: 300
3: -- run_test.py: invoking following command in '/home/zac/franka_ws/src/franka_ros2/franka_example_controllers':
3:  - /opt/ros/humble/bin/ament_cppcheck --xunit-file /home/zac/franka_ws/build/franka_example_controllers/test_results/franka_example_controllers/cppcheck.xunit.xml src include
3: cppcheck 2.7 has known performance issues and therefore will not be used, set the AMENT_CPPCHECK_ALLOW_SLOW_VERSIONS environment variable to override this.
3: -- run_test.py: return code 0
3: -- run_test.py: verify result file '/home/zac/franka_ws/build/franka_example_controllers/test_results/franka_example_controllers/cppcheck.xunit.xml'
 3/11 Test  #3: cppcheck .............................................   Passed    0.18 sec
test 4
      Start  4: lint_cmake

4: Test command: /usr/bin/python3 "-u" "/opt/ros/humble/share/ament_cmake_test/cmake/run_test.py" "/home/zac/franka_ws/build/franka_example_controllers/test_results/franka_example_controllers/lint_cmake.xunit.xml" "--package-name" "franka_example_controllers" "--output-file" "/home/zac/franka_ws/build/franka_example_controllers/ament_lint_cmake/lint_cmake.txt" "--command" "/opt/ros/humble/bin/ament_lint_cmake" "--xunit-file" "/home/zac/franka_ws/build/franka_example_controllers/test_results/franka_example_controllers/lint_cmake.xunit.xml" "CMakeLists.txt"
4: Test timeout computed to be: 60
4: -- run_test.py: invoking following command in '/home/zac/franka_ws/src/franka_ros2/franka_example_controllers':
4:  - /opt/ros/humble/bin/ament_lint_cmake --xunit-file /home/zac/franka_ws/build/franka_example_controllers/test_results/franka_example_controllers/lint_cmake.xunit.xml CMakeLists.txt
4: 
4: No problems found
4: -- run_test.py: return code 0
4: -- run_test.py: verify result file '/home/zac/franka_ws/build/franka_example_controllers/test_results/franka_example_controllers/lint_cmake.xunit.xml'
 4/11 Test  #4: lint_cmake ...........................................   Passed    0.16 sec
test 5
      Start  5: flake8

5: Test command: /usr/bin/python3 "-u" "/opt/ros/humble/share/ament_cmake_test/cmake/run_test.py" "/home/zac/franka_ws/build/franka_example_controllers/test_results/franka_example_controllers/flake8.xunit.xml" "--package-name" "franka_example_controllers" "--output-file" "/home/zac/franka_ws/build/franka_example_controllers/ament_flake8/flake8.txt" "--command" "/opt/ros/humble/bin/ament_flake8" "--xunit-file" "/home/zac/franka_ws/build/franka_example_controllers/test_results/franka_example_controllers/flake8.xunit.xml"
5: Test timeout computed to be: 60
5: -- run_test.py: invoking following command in '/home/zac/franka_ws/src/franka_ros2/franka_example_controllers':
5:  - /opt/ros/humble/bin/ament_flake8 --xunit-file /home/zac/franka_ws/build/franka_example_controllers/test_results/franka_example_controllers/flake8.xunit.xml
5: 
5: 0 files checked
5: No problems found
5: 
5: Checked files:
5: 
5: -- run_test.py: return code 0
5: -- run_test.py: verify result file '/home/zac/franka_ws/build/franka_example_controllers/test_results/franka_example_controllers/flake8.xunit.xml'
 5/11 Test  #5: flake8 ...............................................   Passed    0.26 sec
test 6
      Start  6: pep257

6: Test command: /usr/bin/python3 "-u" "/opt/ros/humble/share/ament_cmake_test/cmake/run_test.py" "/home/zac/franka_ws/build/franka_example_controllers/test_results/franka_example_controllers/pep257.xunit.xml" "--package-name" "franka_example_controllers" "--output-file" "/home/zac/franka_ws/build/franka_example_controllers/ament_pep257/pep257.txt" "--command" "/opt/ros/humble/bin/ament_pep257" "--xunit-file" "/home/zac/franka_ws/build/franka_example_controllers/test_results/franka_example_controllers/pep257.xunit.xml"
6: Test timeout computed to be: 60
6: -- run_test.py: invoking following command in '/home/zac/franka_ws/src/franka_ros2/franka_example_controllers':
6:  - /opt/ros/humble/bin/ament_pep257 --xunit-file /home/zac/franka_ws/build/franka_example_controllers/test_results/franka_example_controllers/pep257.xunit.xml
6: No problems found
6: -- run_test.py: return code 0
6: -- run_test.py: verify result file '/home/zac/franka_ws/build/franka_example_controllers/test_results/franka_example_controllers/pep257.xunit.xml'
 6/11 Test  #6: pep257 ...............................................   Passed    0.21 sec
test 7
      Start  7: xmllint

7: Test command: /usr/bin/python3 "-u" "/opt/ros/humble/share/ament_cmake_test/cmake/run_test.py" "/home/zac/franka_ws/build/franka_example_controllers/test_results/franka_example_controllers/xmllint.xunit.xml" "--package-name" "franka_example_controllers" "--output-file" "/home/zac/franka_ws/build/franka_example_controllers/ament_xmllint/xmllint.txt" "--command" "/opt/ros/humble/bin/ament_xmllint" "--xunit-file" "/home/zac/franka_ws/build/franka_example_controllers/test_results/franka_example_controllers/xmllint.xunit.xml"
7: Test timeout computed to be: 60
7: -- run_test.py: invoking following command in '/home/zac/franka_ws/src/franka_ros2/franka_example_controllers':
7:  - /opt/ros/humble/bin/ament_xmllint --xunit-file /home/zac/franka_ws/build/franka_example_controllers/test_results/franka_example_controllers/xmllint.xunit.xml
7: File 'franka_example_controllers.xml' is valid
7: 
7: File 'package.xml' is valid
7: 
7: No problems found
7: -- run_test.py: return code 0
7: -- run_test.py: verify result file '/home/zac/franka_ws/build/franka_example_controllers/test_results/franka_example_controllers/xmllint.xunit.xml'
 7/11 Test  #7: xmllint ..............................................   Passed    0.34 sec
test 8
      Start  8: franka_example_controllers_test

8: Test command: /usr/bin/python3 "-u" "/opt/ros/humble/share/ament_cmake_test/cmake/run_test.py" "/home/zac/franka_ws/build/franka_example_controllers/test_results/franka_example_controllers/franka_example_controllers_test.gtest.xml" "--package-name" "franka_example_controllers" "--output-file" "/home/zac/franka_ws/build/franka_example_controllers/ament_cmake_gmock/franka_example_controllers_test.txt" "--command" "/home/zac/franka_ws/build/franka_example_controllers/franka_example_controllers_test" "--gtest_output=xml:/home/zac/franka_ws/build/franka_example_controllers/test_results/franka_example_controllers/franka_example_controllers_test.gtest.xml"
8: Test timeout computed to be: 60
8: -- run_test.py: invoking following command in '/home/zac/franka_ws/build/franka_example_controllers':
8:  - /home/zac/franka_ws/build/franka_example_controllers/franka_example_controllers_test --gtest_output=xml:/home/zac/franka_ws/build/franka_example_controllers/test_results/franka_example_controllers/franka_example_controllers_test.gtest.xml
8: Running main() from gmock_main.cc
8: [==========] Running 1 test from 1 test suite.
8: [----------] Global test environment set-up.
8: [----------] 1 test from TestLoadGravityCompensationExampleController
8: [ RUN      ] TestLoadGravityCompensationExampleController.load_controller
8: [INFO] [1723715668.386988016] [resource_manager]: Loading hardware 'TestActuatorHardware' 
8: unknown file: Failure
8: C++ exception with description "According to the loaded plugin descriptions the class test_actuator with base class type hardware_interface::ActuatorInterface does not exist. Declared types are  test_hardware_components/TestSingleJointActuator" thrown in the test body.
8: [  FAILED  ] TestLoadGravityCompensationExampleController.load_controller (9 ms)
8: [----------] 1 test from TestLoadGravityCompensationExampleController (9 ms total)
8: 
8: [----------] Global test environment tear-down
8: [==========] 1 test from 1 test suite ran. (9 ms total)
8: [  PASSED  ] 0 tests.
8: [  FAILED  ] 1 test, listed below:
8: [  FAILED  ] TestLoadGravityCompensationExampleController.load_controller
8: 
8:  1 FAILED TEST
8: -- run_test.py: return code 1
8: -- run_test.py: inject classname prefix into gtest result file '/home/zac/franka_ws/build/franka_example_controllers/test_results/franka_example_controllers/franka_example_controllers_test.gtest.xml'
8: -- run_test.py: verify result file '/home/zac/franka_ws/build/franka_example_controllers/test_results/franka_example_controllers/franka_example_controllers_test.gtest.xml'
 8/11 Test  #8: franka_example_controllers_test ......................***Failed    0.09 sec
test 9
      Start  9: franka_example_controllers_test_load_move_to_start

9: Test command: /usr/bin/python3 "-u" "/opt/ros/humble/share/ament_cmake_test/cmake/run_test.py" "/home/zac/franka_ws/build/franka_example_controllers/test_results/franka_example_controllers/franka_example_controllers_test_load_move_to_start.gtest.xml" "--package-name" "franka_example_controllers" "--output-file" "/home/zac/franka_ws/build/franka_example_controllers/ament_cmake_gmock/franka_example_controllers_test_load_move_to_start.txt" "--command" "/home/zac/franka_ws/build/franka_example_controllers/franka_example_controllers_test_load_move_to_start" "--gtest_output=xml:/home/zac/franka_ws/build/franka_example_controllers/test_results/franka_example_controllers/franka_example_controllers_test_load_move_to_start.gtest.xml"
9: Test timeout computed to be: 60
9: -- run_test.py: invoking following command in '/home/zac/franka_ws/build/franka_example_controllers':
9:  - /home/zac/franka_ws/build/franka_example_controllers/franka_example_controllers_test_load_move_to_start --gtest_output=xml:/home/zac/franka_ws/build/franka_example_controllers/test_results/franka_example_controllers/franka_example_controllers_test_load_move_to_start.gtest.xml
9: Running main() from gmock_main.cc
9: [==========] Running 1 test from 1 test suite.
9: [----------] Global test environment set-up.
9: [----------] 1 test from TestLoadMoveToStartExampleController
9: [ RUN      ] TestLoadMoveToStartExampleController.load_controller
9: [INFO] [1723715668.478358265] [resource_manager]: Loading hardware 'TestActuatorHardware' 
9: unknown file: Failure
9: C++ exception with description "According to the loaded plugin descriptions the class test_actuator with base class type hardware_interface::ActuatorInterface does not exist. Declared types are  test_hardware_components/TestSingleJointActuator" thrown in the test body.
9: [  FAILED  ] TestLoadMoveToStartExampleController.load_controller (8 ms)
9: [----------] 1 test from TestLoadMoveToStartExampleController (8 ms total)
9: 
9: [----------] Global test environment tear-down
9: [==========] 1 test from 1 test suite ran. (8 ms total)
9: [  PASSED  ] 0 tests.
9: [  FAILED  ] 1 test, listed below:
9: [  FAILED  ] TestLoadMoveToStartExampleController.load_controller
9: 
9:  1 FAILED TEST
9: -- run_test.py: return code 1
9: -- run_test.py: inject classname prefix into gtest result file '/home/zac/franka_ws/build/franka_example_controllers/test_results/franka_example_controllers/franka_example_controllers_test_load_move_to_start.gtest.xml'
9: -- run_test.py: verify result file '/home/zac/franka_ws/build/franka_example_controllers/test_results/franka_example_controllers/franka_example_controllers_test_load_move_to_start.gtest.xml'
 9/11 Test  #9: franka_example_controllers_test_load_move_to_start ...***Failed    0.09 sec
test 10
      Start 10: franka_example_controllers_gravity_test

10: Test command: /usr/bin/python3 "-u" "/opt/ros/humble/share/ament_cmake_test/cmake/run_test.py" "/home/zac/franka_ws/build/franka_example_controllers/test_results/franka_example_controllers/franka_example_controllers_gravity_test.gtest.xml" "--package-name" "franka_example_controllers" "--output-file" "/home/zac/franka_ws/build/franka_example_controllers/ament_cmake_gmock/franka_example_controllers_gravity_test.txt" "--command" "/home/zac/franka_ws/build/franka_example_controllers/franka_example_controllers_gravity_test" "--gtest_output=xml:/home/zac/franka_ws/build/franka_example_controllers/test_results/franka_example_controllers/franka_example_controllers_gravity_test.gtest.xml"
10: Test timeout computed to be: 60
10: -- run_test.py: invoking following command in '/home/zac/franka_ws/build/franka_example_controllers':
10:  - /home/zac/franka_ws/build/franka_example_controllers/franka_example_controllers_gravity_test --gtest_output=xml:/home/zac/franka_ws/build/franka_example_controllers/test_results/franka_example_controllers/franka_example_controllers_gravity_test.gtest.xml
10: Running main() from gmock_main.cc
10: [==========] Running 4 tests from 1 test suite.
10: [----------] Global test environment set-up.
10: [----------] 4 tests from TestGravityCompensationExample
10: [ RUN      ] TestGravityCompensationExample.JointsParameterNotSet
10: [  SKIPPED ] TestGravityCompensationExample.JointsParameterNotSet (0 ms)
10: [ RUN      ] TestGravityCompensationExample.JointsParameterIsEmpty
10: [  SKIPPED ] TestGravityCompensationExample.JointsParameterIsEmpty (0 ms)
10: [ RUN      ] TestGravityCompensationExample.given_correct_number_of_joints_configure_returns_success
10: [       OK ] TestGravityCompensationExample.given_correct_number_of_joints_configure_returns_success (18 ms)
10: [ RUN      ] TestGravityCompensationExample.given_joints_and_interface_when_update_expect_zero_values
10: [       OK ] TestGravityCompensationExample.given_joints_and_interface_when_update_expect_zero_values (10 ms)
10: [----------] 4 tests from TestGravityCompensationExample (28 ms total)
10: 
10: [----------] Global test environment tear-down
10: [==========] 4 tests from 1 test suite ran. (37 ms total)
10: [  PASSED  ] 2 tests.
10: [  SKIPPED ] 2 tests, listed below:
10: [  SKIPPED ] TestGravityCompensationExample.JointsParameterNotSet
10: [  SKIPPED ] TestGravityCompensationExample.JointsParameterIsEmpty
10: -- run_test.py: return code 0
10: -- run_test.py: inject classname prefix into gtest result file '/home/zac/franka_ws/build/franka_example_controllers/test_results/franka_example_controllers/franka_example_controllers_gravity_test.gtest.xml'
10: -- run_test.py: verify result file '/home/zac/franka_ws/build/franka_example_controllers/test_results/franka_example_controllers/franka_example_controllers_gravity_test.gtest.xml'
10/11 Test #10: franka_example_controllers_gravity_test ..............   Passed    0.25 sec
test 11
      Start 11: franka_example_controllers_move_to_start_test

11: Test command: /usr/bin/python3 "-u" "/opt/ros/humble/share/ament_cmake_test/cmake/run_test.py" "/home/zac/franka_ws/build/franka_example_controllers/test_results/franka_example_controllers/franka_example_controllers_move_to_start_test.gtest.xml" "--package-name" "franka_example_controllers" "--output-file" "/home/zac/franka_ws/build/franka_example_controllers/ament_cmake_gmock/franka_example_controllers_move_to_start_test.txt" "--command" "/home/zac/franka_ws/build/franka_example_controllers/franka_example_controllers_move_to_start_test" "--gtest_output=xml:/home/zac/franka_ws/build/franka_example_controllers/test_results/franka_example_controllers/franka_example_controllers_move_to_start_test.gtest.xml"
11: Test timeout computed to be: 60
11: -- run_test.py: invoking following command in '/home/zac/franka_ws/build/franka_example_controllers':
11:  - /home/zac/franka_ws/build/franka_example_controllers/franka_example_controllers_move_to_start_test --gtest_output=xml:/home/zac/franka_ws/build/franka_example_controllers/test_results/franka_example_controllers/franka_example_controllers_move_to_start_test.gtest.xml
11: Running main() from gmock_main.cc
11: [==========] Running 6 tests from 1 test suite.
11: [----------] Global test environment set-up.
11: [----------] 6 tests from MoveToStartExampleControllerTest
11: [ RUN      ] MoveToStartExampleControllerTest.controller_gains_not_set_failure
11: [FATAL] [1723715668.836307575] [test_move_to_start_example]: k_gains parameter not set
11: [       OK ] MoveToStartExampleControllerTest.controller_gains_not_set_failure (15 ms)
11: [ RUN      ] MoveToStartExampleControllerTest.contoller_gain_empty
11: [FATAL] [1723715668.844903947] [test_move_to_start_example]: k_gains parameter not set
11: [       OK ] MoveToStartExampleControllerTest.contoller_gain_empty (9 ms)
11: [ RUN      ] MoveToStartExampleControllerTest.contoller_damping_gain_empty
11: [FATAL] [1723715668.853383855] [test_move_to_start_example]: d_gains parameter not set
11: [       OK ] MoveToStartExampleControllerTest.contoller_damping_gain_empty (8 ms)
11: [ RUN      ] MoveToStartExampleControllerTest.correct_controller_gains_success
11: [       OK ] MoveToStartExampleControllerTest.correct_controller_gains_success (7 ms)
11: [ RUN      ] MoveToStartExampleControllerTest.correct_setup_on_activate_expect_success
11: [       OK ] MoveToStartExampleControllerTest.correct_setup_on_activate_expect_success (9 ms)
11: [ RUN      ] MoveToStartExampleControllerTest.correct_setup_on_update_expect_ok
11: [       OK ] MoveToStartExampleControllerTest.correct_setup_on_update_expect_ok (6 ms)
11: [----------] 6 tests from MoveToStartExampleControllerTest (54 ms total)
11: 
11: [----------] Global test environment tear-down
11: [==========] 6 tests from 1 test suite ran. (60 ms total)
11: [  PASSED  ] 6 tests.
11: -- run_test.py: return code 0
11: -- run_test.py: inject classname prefix into gtest result file '/home/zac/franka_ws/build/franka_example_controllers/test_results/franka_example_controllers/franka_example_controllers_move_to_start_test.gtest.xml'
11: -- run_test.py: verify result file '/home/zac/franka_ws/build/franka_example_controllers/test_results/franka_example_controllers/franka_example_controllers_move_to_start_test.gtest.xml'
11/11 Test #11: franka_example_controllers_move_to_start_test ........   Passed    0.25 sec

82% tests passed[0;0m, [0;31m2 tests failed[0;0m out of 11

Label Time Summary:
clang_format    =   0.26 sec*proc (1 test)
copyright       =   1.15 sec*proc (1 test)
cppcheck        =   0.18 sec*proc (1 test)
flake8          =   0.26 sec*proc (1 test)
gmock           =   0.69 sec*proc (4 tests)
lint_cmake      =   0.16 sec*proc (1 test)
linter          =   2.55 sec*proc (7 tests)
pep257          =   0.21 sec*proc (1 test)
xmllint         =   0.34 sec*proc (1 test)

Total Test time (real) =   3.25 sec

The following tests FAILED:
	[0;31m  8 - franka_example_controllers_test (Failed)[0;0m
	[0;31m  9 - franka_example_controllers_test_load_move_to_start (Failed)[0;0m
