[0.037s] Invoking command in '/home/zac/franka_ws/build/franka_example_controllers': CMAKE_PREFIX_PATH=/home/zac/franka_ws/install/franka_example_controllers:/home/zac/franka_ws/install/franka_semantic_components:/home/zac/franka_ws/install/franka_hardware:/home/zac/franka_ws/install/franka_msgs:/home/zac/franka_ws/install/joint_trajectory_controller:/home/zac/franka_ws/install/integration_launch_testing:/home/zac/franka_ws/install/franka_bringup:/home/zac/franka_ws/install/franka_robot_state_broadcaster:/home/zac/franka_ws/install/franka_gazebo_bringup:/home/zac/franka_ws/install/franka_ign_ros2_control:/home/zac/franka_ws/install/franka_fr3_moveit_config:/home/zac/franka_ws/install/franka_gripper:/home/zac/franka_ws/install/franka_description LD_LIBRARY_PATH=/home/zac/franka_ws/install/franka_example_controllers/lib:/home/zac/franka_ws/install/franka_semantic_components/lib:/home/zac/franka_ws/install/franka_hardware/lib:/home/zac/franka_ws/install/franka_msgs/lib:/home/zac/franka_ws/install/joint_trajectory_controller/lib:/home/zac/franka_ws/install/integration_launch_testing/lib:/home/zac/franka_ws/install/franka_robot_state_broadcaster/lib:/home/zac/franka_ws/install/franka_ign_ros2_control/lib:/home/zac/franka_ws/install/franka_gripper/lib:/opt/ros/humble/opt/rviz_ogre_vendor/lib:/opt/ros/humble/lib/x86_64-linux-gnu:/opt/ros/humble/lib /usr/bin/ctest -C Release -D ExperimentalTest --no-compress-output -V --force-new-ctest-process
[0.047s] UpdateCTestConfiguration  from :/home/zac/franka_ws/build/franka_example_controllers/CTestConfiguration.ini
[0.047s] Parse Config file:/home/zac/franka_ws/build/franka_example_controllers/CTestConfiguration.ini
[0.048s]    Site: CHARISMA-Predator-571
[0.048s]    Build name: (empty)
[0.048s]  Add coverage exclude regular expressions.
[0.048s] Create new tag: 20240815-0954 - Experimental
[0.048s] UpdateCTestConfiguration  from :/home/zac/franka_ws/build/franka_example_controllers/CTestConfiguration.ini
[0.048s] Parse Config file:/home/zac/franka_ws/build/franka_example_controllers/CTestConfiguration.ini
[0.049s] Test project /home/zac/franka_ws/build/franka_example_controllers
[0.049s] Constructing a list of tests
[0.049s] Done constructing a list of tests
[0.049s] Updating test list for fixtures
[0.050s] Added 0 tests to meet fixture requirements
[0.050s] Checking test dependency graph...
[0.050s] Checking test dependency graph end
[0.050s] test 1
[0.050s]       Start  1: clang_format
[0.050s] 
[0.050s] 1: Test command: /usr/bin/python3 "-u" "/opt/ros/humble/share/ament_cmake_test/cmake/run_test.py" "/home/zac/franka_ws/build/franka_example_controllers/test_results/franka_example_controllers/clang_format.xunit.xml" "--package-name" "franka_example_controllers" "--output-file" "/home/zac/franka_ws/build/franka_example_controllers/ament_clang_format/clang_format.txt" "--command" "/opt/ros/humble/bin/ament_clang_format" "--xunit-file" "/home/zac/franka_ws/build/franka_example_controllers/test_results/franka_example_controllers/clang_format.xunit.xml" "src" "include" "--config" "../.clang-format"
[0.050s] 1: Test timeout computed to be: 60
[0.114s] 1: -- run_test.py: invoking following command in '/home/zac/franka_ws/src/franka_ros2/franka_example_controllers':
[0.114s] 1:  - /opt/ros/humble/bin/ament_clang_format --xunit-file /home/zac/franka_ws/build/franka_example_controllers/test_results/franka_example_controllers/clang_format.xunit.xml src include --config ../.clang-format
[0.289s] 1: No code style divergence in file 'src/cartesian_elbow_example_controller.cpp'
[0.290s] 1: 
[0.290s] 1: No code style divergence in file 'src/cartesian_orientation_example_controller.cpp'
[0.290s] 1: 
[0.290s] 1: No code style divergence in file 'src/cartesian_pose_example_controller.cpp'
[0.290s] 1: 
[0.290s] 1: No code style divergence in file 'src/cartesian_velocity_example_controller.cpp'
[0.290s] 1: 
[0.290s] 1: No code style divergence in file 'src/elbow_example_controller.cpp'
[0.290s] 1: 
[0.290s] 1: No code style divergence in file 'src/gravity_compensation_example_controller.cpp'
[0.290s] 1: 
[0.290s] 1: No code style divergence in file 'src/joint_impedance_example_controller.cpp'
[0.290s] 1: 
[0.291s] 1: No code style divergence in file 'src/joint_impedance_with_ik_example_controller.cpp'
[0.291s] 1: 
[0.291s] 1: No code style divergence in file 'src/joint_position_example_controller.cpp'
[0.291s] 1: 
[0.291s] 1: No code style divergence in file 'src/joint_velocity_example_controller.cpp'
[0.291s] 1: 
[0.291s] 1: No code style divergence in file 'src/model_example_controller.cpp'
[0.291s] 1: 
[0.291s] 1: No code style divergence in file 'src/motion_generator.cpp'
[0.291s] 1: 
[0.291s] 1: No code style divergence in file 'src/move_to_start_example_controller.cpp'
[0.291s] 1: 
[0.292s] 1: No code style divergence in file 'include/franka_example_controllers/cartesian_elbow_example_controller.hpp'
[0.292s] 1: 
[0.292s] 1: No code style divergence in file 'include/franka_example_controllers/cartesian_orientation_example_controller.hpp'
[0.292s] 1: 
[0.292s] 1: No code style divergence in file 'include/franka_example_controllers/cartesian_pose_example_controller.hpp'
[0.292s] 1: 
[0.292s] 1: No code style divergence in file 'include/franka_example_controllers/cartesian_velocity_example_controller.hpp'
[0.292s] 1: 
[0.292s] 1: No code style divergence in file 'include/franka_example_controllers/default_robot_behavior_utils.hpp'
[0.292s] 1: 
[0.292s] 1: No code style divergence in file 'include/franka_example_controllers/elbow_example_controller.hpp'
[0.292s] 1: 
[0.292s] 1: No code style divergence in file 'include/franka_example_controllers/gravity_compensation_example_controller.hpp'
[0.292s] 1: 
[0.292s] 1: No code style divergence in file 'include/franka_example_controllers/joint_impedance_example_controller.hpp'
[0.292s] 1: 
[0.293s] 1: No code style divergence in file 'include/franka_example_controllers/joint_impedance_with_ik_example_controller.hpp'
[0.293s] 1: 
[0.293s] 1: No code style divergence in file 'include/franka_example_controllers/joint_position_example_controller.hpp'
[0.293s] 1: 
[0.293s] 1: No code style divergence in file 'include/franka_example_controllers/joint_velocity_example_controller.hpp'
[0.293s] 1: 
[0.293s] 1: No code style divergence in file 'include/franka_example_controllers/model_example_controller.hpp'
[0.293s] 1: 
[0.293s] 1: No code style divergence in file 'include/franka_example_controllers/motion_generator.hpp'
[0.293s] 1: 
[0.293s] 1: No code style divergence in file 'include/franka_example_controllers/move_to_start_example_controller.hpp'
[0.293s] 1: 
[0.293s] 1: No code style divergence in file 'include/franka_example_controllers/robot_utils.hpp'
[0.293s] 1: 
[0.293s] 1: No code style divergence in file 'include/franka_example_controllers/visibility_control.h'
[0.293s] 1: 
[0.294s] 1: No problems found
[0.303s] 1: -- run_test.py: return code 0
[0.303s] 1: -- run_test.py: verify result file '/home/zac/franka_ws/build/franka_example_controllers/test_results/franka_example_controllers/clang_format.xunit.xml'
[0.314s]  1/11 Test  #1: clang_format .........................................   Passed    0.26 sec
[0.314s] test 2
[0.315s]       Start  2: copyright
[0.315s] 
[0.315s] 2: Test command: /usr/bin/python3 "-u" "/opt/ros/humble/share/ament_cmake_test/cmake/run_test.py" "/home/zac/franka_ws/build/franka_example_controllers/test_results/franka_example_controllers/copyright.xunit.xml" "--package-name" "franka_example_controllers" "--output-file" "/home/zac/franka_ws/build/franka_example_controllers/ament_copyright/copyright.txt" "--command" "/opt/ros/humble/bin/ament_copyright" "--xunit-file" "/home/zac/franka_ws/build/franka_example_controllers/test_results/franka_example_controllers/copyright.xunit.xml" "src" "src" "include" "package.xml"
[0.315s] 2: Test timeout computed to be: 200
[0.378s] 2: -- run_test.py: invoking following command in '/home/zac/franka_ws/src/franka_ros2/franka_example_controllers':
[0.378s] 2:  - /opt/ros/humble/bin/ament_copyright --xunit-file /home/zac/franka_ws/build/franka_example_controllers/test_results/franka_example_controllers/copyright.xunit.xml src src include package.xml
[1.446s] 2: No problems found, checked 29 files
[1.459s] 2: -- run_test.py: return code 0
[1.459s] 2: -- run_test.py: verify result file '/home/zac/franka_ws/build/franka_example_controllers/test_results/franka_example_controllers/copyright.xunit.xml'
[1.468s]  2/11 Test  #2: copyright ............................................   Passed    1.15 sec
[1.468s] test 3
[1.468s]       Start  3: cppcheck
[1.468s] 
[1.468s] 3: Test command: /usr/bin/python3 "-u" "/opt/ros/humble/share/ament_cmake_test/cmake/run_test.py" "/home/zac/franka_ws/build/franka_example_controllers/test_results/franka_example_controllers/cppcheck.xunit.xml" "--package-name" "franka_example_controllers" "--output-file" "/home/zac/franka_ws/build/franka_example_controllers/ament_cppcheck/cppcheck.txt" "--command" "/opt/ros/humble/bin/ament_cppcheck" "--xunit-file" "/home/zac/franka_ws/build/franka_example_controllers/test_results/franka_example_controllers/cppcheck.xunit.xml" "src" "include"
[1.468s] 3: Test timeout computed to be: 300
[1.532s] 3: -- run_test.py: invoking following command in '/home/zac/franka_ws/src/franka_ros2/franka_example_controllers':
[1.532s] 3:  - /opt/ros/humble/bin/ament_cppcheck --xunit-file /home/zac/franka_ws/build/franka_example_controllers/test_results/franka_example_controllers/cppcheck.xunit.xml src include
[1.616s] 3: cppcheck 2.7 has known performance issues and therefore will not be used, set the AMENT_CPPCHECK_ALLOW_SLOW_VERSIONS environment variable to override this.
[1.630s] 3: -- run_test.py: return code 0
[1.630s] 3: -- run_test.py: verify result file '/home/zac/franka_ws/build/franka_example_controllers/test_results/franka_example_controllers/cppcheck.xunit.xml'
[1.644s]  3/11 Test  #3: cppcheck .............................................   Passed    0.18 sec
[1.645s] test 4
[1.645s]       Start  4: lint_cmake
[1.645s] 
[1.645s] 4: Test command: /usr/bin/python3 "-u" "/opt/ros/humble/share/ament_cmake_test/cmake/run_test.py" "/home/zac/franka_ws/build/franka_example_controllers/test_results/franka_example_controllers/lint_cmake.xunit.xml" "--package-name" "franka_example_controllers" "--output-file" "/home/zac/franka_ws/build/franka_example_controllers/ament_lint_cmake/lint_cmake.txt" "--command" "/opt/ros/humble/bin/ament_lint_cmake" "--xunit-file" "/home/zac/franka_ws/build/franka_example_controllers/test_results/franka_example_controllers/lint_cmake.xunit.xml" "CMakeLists.txt"
[1.645s] 4: Test timeout computed to be: 60
[1.706s] 4: -- run_test.py: invoking following command in '/home/zac/franka_ws/src/franka_ros2/franka_example_controllers':
[1.706s] 4:  - /opt/ros/humble/bin/ament_lint_cmake --xunit-file /home/zac/franka_ws/build/franka_example_controllers/test_results/franka_example_controllers/lint_cmake.xunit.xml CMakeLists.txt
[1.781s] 4: 
[1.781s] 4: No problems found
[1.792s] 4: -- run_test.py: return code 0
[1.792s] 4: -- run_test.py: verify result file '/home/zac/franka_ws/build/franka_example_controllers/test_results/franka_example_controllers/lint_cmake.xunit.xml'
[1.802s]  4/11 Test  #4: lint_cmake ...........................................   Passed    0.16 sec
[1.802s] test 5
[1.802s]       Start  5: flake8
[1.802s] 
[1.803s] 5: Test command: /usr/bin/python3 "-u" "/opt/ros/humble/share/ament_cmake_test/cmake/run_test.py" "/home/zac/franka_ws/build/franka_example_controllers/test_results/franka_example_controllers/flake8.xunit.xml" "--package-name" "franka_example_controllers" "--output-file" "/home/zac/franka_ws/build/franka_example_controllers/ament_flake8/flake8.txt" "--command" "/opt/ros/humble/bin/ament_flake8" "--xunit-file" "/home/zac/franka_ws/build/franka_example_controllers/test_results/franka_example_controllers/flake8.xunit.xml"
[1.803s] 5: Test timeout computed to be: 60
[1.866s] 5: -- run_test.py: invoking following command in '/home/zac/franka_ws/src/franka_ros2/franka_example_controllers':
[1.866s] 5:  - /opt/ros/humble/bin/ament_flake8 --xunit-file /home/zac/franka_ws/build/franka_example_controllers/test_results/franka_example_controllers/flake8.xunit.xml
[2.029s] 5: 
[2.029s] 5: 0 files checked
[2.029s] 5: No problems found
[2.029s] 5: 
[2.029s] 5: Checked files:
[2.029s] 5: 
[2.048s] 5: -- run_test.py: return code 0
[2.048s] 5: -- run_test.py: verify result file '/home/zac/franka_ws/build/franka_example_controllers/test_results/franka_example_controllers/flake8.xunit.xml'
[2.058s]  5/11 Test  #5: flake8 ...............................................   Passed    0.26 sec
[2.058s] test 6
[2.058s]       Start  6: pep257
[2.058s] 
[2.058s] 6: Test command: /usr/bin/python3 "-u" "/opt/ros/humble/share/ament_cmake_test/cmake/run_test.py" "/home/zac/franka_ws/build/franka_example_controllers/test_results/franka_example_controllers/pep257.xunit.xml" "--package-name" "franka_example_controllers" "--output-file" "/home/zac/franka_ws/build/franka_example_controllers/ament_pep257/pep257.txt" "--command" "/opt/ros/humble/bin/ament_pep257" "--xunit-file" "/home/zac/franka_ws/build/franka_example_controllers/test_results/franka_example_controllers/pep257.xunit.xml"
[2.058s] 6: Test timeout computed to be: 60
[2.121s] 6: -- run_test.py: invoking following command in '/home/zac/franka_ws/src/franka_ros2/franka_example_controllers':
[2.121s] 6:  - /opt/ros/humble/bin/ament_pep257 --xunit-file /home/zac/franka_ws/build/franka_example_controllers/test_results/franka_example_controllers/pep257.xunit.xml
[2.239s] 6: No problems found
[2.256s] 6: -- run_test.py: return code 0
[2.256s] 6: -- run_test.py: verify result file '/home/zac/franka_ws/build/franka_example_controllers/test_results/franka_example_controllers/pep257.xunit.xml'
[2.266s]  6/11 Test  #6: pep257 ...............................................   Passed    0.21 sec
[2.266s] test 7
[2.266s]       Start  7: xmllint
[2.266s] 
[2.266s] 7: Test command: /usr/bin/python3 "-u" "/opt/ros/humble/share/ament_cmake_test/cmake/run_test.py" "/home/zac/franka_ws/build/franka_example_controllers/test_results/franka_example_controllers/xmllint.xunit.xml" "--package-name" "franka_example_controllers" "--output-file" "/home/zac/franka_ws/build/franka_example_controllers/ament_xmllint/xmllint.txt" "--command" "/opt/ros/humble/bin/ament_xmllint" "--xunit-file" "/home/zac/franka_ws/build/franka_example_controllers/test_results/franka_example_controllers/xmllint.xunit.xml"
[2.266s] 7: Test timeout computed to be: 60
[2.327s] 7: -- run_test.py: invoking following command in '/home/zac/franka_ws/src/franka_ros2/franka_example_controllers':
[2.327s] 7:  - /opt/ros/humble/bin/ament_xmllint --xunit-file /home/zac/franka_ws/build/franka_example_controllers/test_results/franka_example_controllers/xmllint.xunit.xml
[2.584s] 7: File 'franka_example_controllers.xml' is valid
[2.584s] 7: 
[2.585s] 7: File 'package.xml' is valid
[2.585s] 7: 
[2.585s] 7: No problems found
[2.596s] 7: -- run_test.py: return code 0
[2.596s] 7: -- run_test.py: verify result file '/home/zac/franka_ws/build/franka_example_controllers/test_results/franka_example_controllers/xmllint.xunit.xml'
[2.606s]  7/11 Test  #7: xmllint ..............................................   Passed    0.34 sec
[2.606s] test 8
[2.606s]       Start  8: franka_example_controllers_test
[2.607s] 
[2.607s] 8: Test command: /usr/bin/python3 "-u" "/opt/ros/humble/share/ament_cmake_test/cmake/run_test.py" "/home/zac/franka_ws/build/franka_example_controllers/test_results/franka_example_controllers/franka_example_controllers_test.gtest.xml" "--package-name" "franka_example_controllers" "--output-file" "/home/zac/franka_ws/build/franka_example_controllers/ament_cmake_gmock/franka_example_controllers_test.txt" "--command" "/home/zac/franka_ws/build/franka_example_controllers/franka_example_controllers_test" "--gtest_output=xml:/home/zac/franka_ws/build/franka_example_controllers/test_results/franka_example_controllers/franka_example_controllers_test.gtest.xml"
[2.607s] 8: Test timeout computed to be: 60
[2.669s] 8: -- run_test.py: invoking following command in '/home/zac/franka_ws/build/franka_example_controllers':
[2.670s] 8:  - /home/zac/franka_ws/build/franka_example_controllers/franka_example_controllers_test --gtest_output=xml:/home/zac/franka_ws/build/franka_example_controllers/test_results/franka_example_controllers/franka_example_controllers_test.gtest.xml
[2.677s] 8: Running main() from gmock_main.cc
[2.677s] 8: [==========] Running 1 test from 1 test suite.
[2.677s] 8: [----------] Global test environment set-up.
[2.677s] 8: [----------] 1 test from TestLoadGravityCompensationExampleController
[2.677s] 8: [ RUN      ] TestLoadGravityCompensationExampleController.load_controller
[2.686s] 8: [INFO] [1723715668.386988016] [resource_manager]: Loading hardware 'TestActuatorHardware' 
[2.686s] 8: unknown file: Failure
[2.686s] 8: C++ exception with description "According to the loaded plugin descriptions the class test_actuator with base class type hardware_interface::ActuatorInterface does not exist. Declared types are  test_hardware_components/TestSingleJointActuator" thrown in the test body.
[2.686s] 8: [  FAILED  ] TestLoadGravityCompensationExampleController.load_controller (9 ms)
[2.686s] 8: [----------] 1 test from TestLoadGravityCompensationExampleController (9 ms total)
[2.686s] 8: 
[2.686s] 8: [----------] Global test environment tear-down
[2.686s] 8: [==========] 1 test from 1 test suite ran. (9 ms total)
[2.686s] 8: [  PASSED  ] 0 tests.
[2.686s] 8: [  FAILED  ] 1 test, listed below:
[2.686s] 8: [  FAILED  ] TestLoadGravityCompensationExampleController.load_controller
[2.686s] 8: 
[2.687s] 8:  1 FAILED TEST
[2.688s] 8: -- run_test.py: return code 1
[2.688s] 8: -- run_test.py: inject classname prefix into gtest result file '/home/zac/franka_ws/build/franka_example_controllers/test_results/franka_example_controllers/franka_example_controllers_test.gtest.xml'
[2.689s] 8: -- run_test.py: verify result file '/home/zac/franka_ws/build/franka_example_controllers/test_results/franka_example_controllers/franka_example_controllers_test.gtest.xml'
[2.698s]  8/11 Test  #8: franka_example_controllers_test ......................***Failed    0.09 sec
[2.698s] test 9
[2.698s]       Start  9: franka_example_controllers_test_load_move_to_start
[2.699s] 
[2.699s] 9: Test command: /usr/bin/python3 "-u" "/opt/ros/humble/share/ament_cmake_test/cmake/run_test.py" "/home/zac/franka_ws/build/franka_example_controllers/test_results/franka_example_controllers/franka_example_controllers_test_load_move_to_start.gtest.xml" "--package-name" "franka_example_controllers" "--output-file" "/home/zac/franka_ws/build/franka_example_controllers/ament_cmake_gmock/franka_example_controllers_test_load_move_to_start.txt" "--command" "/home/zac/franka_ws/build/franka_example_controllers/franka_example_controllers_test_load_move_to_start" "--gtest_output=xml:/home/zac/franka_ws/build/franka_example_controllers/test_results/franka_example_controllers/franka_example_controllers_test_load_move_to_start.gtest.xml"
[2.699s] 9: Test timeout computed to be: 60
[2.761s] 9: -- run_test.py: invoking following command in '/home/zac/franka_ws/build/franka_example_controllers':
[2.761s] 9:  - /home/zac/franka_ws/build/franka_example_controllers/franka_example_controllers_test_load_move_to_start --gtest_output=xml:/home/zac/franka_ws/build/franka_example_controllers/test_results/franka_example_controllers/franka_example_controllers_test_load_move_to_start.gtest.xml
[2.769s] 9: Running main() from gmock_main.cc
[2.769s] 9: [==========] Running 1 test from 1 test suite.
[2.769s] 9: [----------] Global test environment set-up.
[2.769s] 9: [----------] 1 test from TestLoadMoveToStartExampleController
[2.769s] 9: [ RUN      ] TestLoadMoveToStartExampleController.load_controller
[2.777s] 9: [INFO] [1723715668.478358265] [resource_manager]: Loading hardware 'TestActuatorHardware' 
[2.777s] 9: unknown file: Failure
[2.777s] 9: C++ exception with description "According to the loaded plugin descriptions the class test_actuator with base class type hardware_interface::ActuatorInterface does not exist. Declared types are  test_hardware_components/TestSingleJointActuator" thrown in the test body.
[2.778s] 9: [  FAILED  ] TestLoadMoveToStartExampleController.load_controller (8 ms)
[2.778s] 9: [----------] 1 test from TestLoadMoveToStartExampleController (8 ms total)
[2.778s] 9: 
[2.778s] 9: [----------] Global test environment tear-down
[2.778s] 9: [==========] 1 test from 1 test suite ran. (8 ms total)
[2.778s] 9: [  PASSED  ] 0 tests.
[2.778s] 9: [  FAILED  ] 1 test, listed below:
[2.778s] 9: [  FAILED  ] TestLoadMoveToStartExampleController.load_controller
[2.778s] 9: 
[2.778s] 9:  1 FAILED TEST
[2.779s] 9: -- run_test.py: return code 1
[2.780s] 9: -- run_test.py: inject classname prefix into gtest result file '/home/zac/franka_ws/build/franka_example_controllers/test_results/franka_example_controllers/franka_example_controllers_test_load_move_to_start.gtest.xml'
[2.780s] 9: -- run_test.py: verify result file '/home/zac/franka_ws/build/franka_example_controllers/test_results/franka_example_controllers/franka_example_controllers_test_load_move_to_start.gtest.xml'
[2.790s]  9/11 Test  #9: franka_example_controllers_test_load_move_to_start ...***Failed    0.09 sec
[2.790s] test 10
[2.790s]       Start 10: franka_example_controllers_gravity_test
[2.791s] 
[2.791s] 10: Test command: /usr/bin/python3 "-u" "/opt/ros/humble/share/ament_cmake_test/cmake/run_test.py" "/home/zac/franka_ws/build/franka_example_controllers/test_results/franka_example_controllers/franka_example_controllers_gravity_test.gtest.xml" "--package-name" "franka_example_controllers" "--output-file" "/home/zac/franka_ws/build/franka_example_controllers/ament_cmake_gmock/franka_example_controllers_gravity_test.txt" "--command" "/home/zac/franka_ws/build/franka_example_controllers/franka_example_controllers_gravity_test" "--gtest_output=xml:/home/zac/franka_ws/build/franka_example_controllers/test_results/franka_example_controllers/franka_example_controllers_gravity_test.gtest.xml"
[2.791s] 10: Test timeout computed to be: 60
[2.880s] 10: -- run_test.py: invoking following command in '/home/zac/franka_ws/build/franka_example_controllers':
[2.881s] 10:  - /home/zac/franka_ws/build/franka_example_controllers/franka_example_controllers_gravity_test --gtest_output=xml:/home/zac/franka_ws/build/franka_example_controllers/test_results/franka_example_controllers/franka_example_controllers_gravity_test.gtest.xml
[2.890s] 10: Running main() from gmock_main.cc
[2.891s] 10: [==========] Running 4 tests from 1 test suite.
[2.891s] 10: [----------] Global test environment set-up.
[2.891s] 10: [----------] 4 tests from TestGravityCompensationExample
[2.899s] 10: [ RUN      ] TestGravityCompensationExample.JointsParameterNotSet
[2.899s] 10: [  SKIPPED ] TestGravityCompensationExample.JointsParameterNotSet (0 ms)
[2.899s] 10: [ RUN      ] TestGravityCompensationExample.JointsParameterIsEmpty
[2.899s] 10: [  SKIPPED ] TestGravityCompensationExample.JointsParameterIsEmpty (0 ms)
[2.900s] 10: [ RUN      ] TestGravityCompensationExample.given_correct_number_of_joints_configure_returns_success
[2.917s] 10: [       OK ] TestGravityCompensationExample.given_correct_number_of_joints_configure_returns_success (18 ms)
[2.917s] 10: [ RUN      ] TestGravityCompensationExample.given_joints_and_interface_when_update_expect_zero_values
[2.927s] 10: [       OK ] TestGravityCompensationExample.given_joints_and_interface_when_update_expect_zero_values (10 ms)
[2.927s] 10: [----------] 4 tests from TestGravityCompensationExample (28 ms total)
[2.927s] 10: 
[2.927s] 10: [----------] Global test environment tear-down
[2.927s] 10: [==========] 4 tests from 1 test suite ran. (37 ms total)
[2.927s] 10: [  PASSED  ] 2 tests.
[2.927s] 10: [  SKIPPED ] 2 tests, listed below:
[2.927s] 10: [  SKIPPED ] TestGravityCompensationExample.JointsParameterNotSet
[2.928s] 10: [  SKIPPED ] TestGravityCompensationExample.JointsParameterIsEmpty
[3.031s] 10: -- run_test.py: return code 0
[3.031s] 10: -- run_test.py: inject classname prefix into gtest result file '/home/zac/franka_ws/build/franka_example_controllers/test_results/franka_example_controllers/franka_example_controllers_gravity_test.gtest.xml'
[3.032s] 10: -- run_test.py: verify result file '/home/zac/franka_ws/build/franka_example_controllers/test_results/franka_example_controllers/franka_example_controllers_gravity_test.gtest.xml'
[3.042s] 10/11 Test #10: franka_example_controllers_gravity_test ..............   Passed    0.25 sec
[3.042s] test 11
[3.043s]       Start 11: franka_example_controllers_move_to_start_test
[3.043s] 
[3.043s] 11: Test command: /usr/bin/python3 "-u" "/opt/ros/humble/share/ament_cmake_test/cmake/run_test.py" "/home/zac/franka_ws/build/franka_example_controllers/test_results/franka_example_controllers/franka_example_controllers_move_to_start_test.gtest.xml" "--package-name" "franka_example_controllers" "--output-file" "/home/zac/franka_ws/build/franka_example_controllers/ament_cmake_gmock/franka_example_controllers_move_to_start_test.txt" "--command" "/home/zac/franka_ws/build/franka_example_controllers/franka_example_controllers_move_to_start_test" "--gtest_output=xml:/home/zac/franka_ws/build/franka_example_controllers/test_results/franka_example_controllers/franka_example_controllers_move_to_start_test.gtest.xml"
[3.043s] 11: Test timeout computed to be: 60
[3.105s] 11: -- run_test.py: invoking following command in '/home/zac/franka_ws/build/franka_example_controllers':
[3.105s] 11:  - /home/zac/franka_ws/build/franka_example_controllers/franka_example_controllers_move_to_start_test --gtest_output=xml:/home/zac/franka_ws/build/franka_example_controllers/test_results/franka_example_controllers/franka_example_controllers_move_to_start_test.gtest.xml
[3.116s] 11: Running main() from gmock_main.cc
[3.116s] 11: [==========] Running 6 tests from 1 test suite.
[3.116s] 11: [----------] Global test environment set-up.
[3.116s] 11: [----------] 6 tests from MoveToStartExampleControllerTest
[3.122s] 11: [ RUN      ] MoveToStartExampleControllerTest.controller_gains_not_set_failure
[3.135s] 11: [FATAL] [1723715668.836307575] [test_move_to_start_example]: k_gains parameter not set
[3.137s] 11: [       OK ] MoveToStartExampleControllerTest.controller_gains_not_set_failure (15 ms)
[3.137s] 11: [ RUN      ] MoveToStartExampleControllerTest.contoller_gain_empty
[3.143s] 11: [FATAL] [1723715668.844903947] [test_move_to_start_example]: k_gains parameter not set
[3.146s] 11: [       OK ] MoveToStartExampleControllerTest.contoller_gain_empty (9 ms)
[3.146s] 11: [ RUN      ] MoveToStartExampleControllerTest.contoller_damping_gain_empty
[3.152s] 11: [FATAL] [1723715668.853383855] [test_move_to_start_example]: d_gains parameter not set
[3.154s] 11: [       OK ] MoveToStartExampleControllerTest.contoller_damping_gain_empty (8 ms)
[3.154s] 11: [ RUN      ] MoveToStartExampleControllerTest.correct_controller_gains_success
[3.161s] 11: [       OK ] MoveToStartExampleControllerTest.correct_controller_gains_success (7 ms)
[3.161s] 11: [ RUN      ] MoveToStartExampleControllerTest.correct_setup_on_activate_expect_success
[3.169s] 11: [       OK ] MoveToStartExampleControllerTest.correct_setup_on_activate_expect_success (9 ms)
[3.170s] 11: [ RUN      ] MoveToStartExampleControllerTest.correct_setup_on_update_expect_ok
[3.176s] 11: [       OK ] MoveToStartExampleControllerTest.correct_setup_on_update_expect_ok (6 ms)
[3.176s] 11: [----------] 6 tests from MoveToStartExampleControllerTest (54 ms total)
[3.176s] 11: 
[3.176s] 11: [----------] Global test environment tear-down
[3.176s] 11: [==========] 6 tests from 1 test suite ran. (60 ms total)
[3.176s] 11: [  PASSED  ] 6 tests.
[3.279s] 11: -- run_test.py: return code 0
[3.280s] 11: -- run_test.py: inject classname prefix into gtest result file '/home/zac/franka_ws/build/franka_example_controllers/test_results/franka_example_controllers/franka_example_controllers_move_to_start_test.gtest.xml'
[3.280s] 11: -- run_test.py: verify result file '/home/zac/franka_ws/build/franka_example_controllers/test_results/franka_example_controllers/franka_example_controllers_move_to_start_test.gtest.xml'
[3.294s] 11/11 Test #11: franka_example_controllers_move_to_start_test ........   Passed    0.25 sec
[3.295s] 
[3.295s] 82% tests passed[0;0m, [0;31m2 tests failed[0;0m out of 11
[3.295s] 
[3.295s] Label Time Summary:
[3.295s] clang_format    =   0.26 sec*proc (1 test)
[3.295s] copyright       =   1.15 sec*proc (1 test)
[3.295s] cppcheck        =   0.18 sec*proc (1 test)
[3.295s] flake8          =   0.26 sec*proc (1 test)
[3.295s] gmock           =   0.69 sec*proc (4 tests)
[3.295s] lint_cmake      =   0.16 sec*proc (1 test)
[3.295s] linter          =   2.55 sec*proc (7 tests)
[3.295s] pep257          =   0.21 sec*proc (1 test)
[3.295s] xmllint         =   0.34 sec*proc (1 test)
[3.296s] 
[3.296s] Total Test time (real) =   3.25 sec
[3.296s] 
[3.296s] The following tests FAILED:
[3.296s] 	[0;31m  8 - franka_example_controllers_test (Failed)[0;0m
[3.296s] 	[0;31m  9 - franka_example_controllers_test_load_move_to_start (Failed)[0;0m
[3.318s] Errors while running CTest
[3.318s] Output from these tests are in: /home/zac/franka_ws/build/franka_example_controllers/Testing/Temporary/LastTest.log
[3.318s] Use "--rerun-failed --output-on-failure" to re-run the failed cases verbosely.
[3.320s] Invoked command in '/home/zac/franka_ws/build/franka_example_controllers' returned '8': CMAKE_PREFIX_PATH=/home/zac/franka_ws/install/franka_example_controllers:/home/zac/franka_ws/install/franka_semantic_components:/home/zac/franka_ws/install/franka_hardware:/home/zac/franka_ws/install/franka_msgs:/home/zac/franka_ws/install/joint_trajectory_controller:/home/zac/franka_ws/install/integration_launch_testing:/home/zac/franka_ws/install/franka_bringup:/home/zac/franka_ws/install/franka_robot_state_broadcaster:/home/zac/franka_ws/install/franka_gazebo_bringup:/home/zac/franka_ws/install/franka_ign_ros2_control:/home/zac/franka_ws/install/franka_fr3_moveit_config:/home/zac/franka_ws/install/franka_gripper:/home/zac/franka_ws/install/franka_description LD_LIBRARY_PATH=/home/zac/franka_ws/install/franka_example_controllers/lib:/home/zac/franka_ws/install/franka_semantic_components/lib:/home/zac/franka_ws/install/franka_hardware/lib:/home/zac/franka_ws/install/franka_msgs/lib:/home/zac/franka_ws/install/joint_trajectory_controller/lib:/home/zac/franka_ws/install/integration_launch_testing/lib:/home/zac/franka_ws/install/franka_robot_state_broadcaster/lib:/home/zac/franka_ws/install/franka_ign_ros2_control/lib:/home/zac/franka_ws/install/franka_gripper/lib:/opt/ros/humble/opt/rviz_ogre_vendor/lib:/opt/ros/humble/lib/x86_64-linux-gnu:/opt/ros/humble/lib /usr/bin/ctest -C Release -D ExperimentalTest --no-compress-output -V --force-new-ctest-process
