<?xml version="1.0" encoding="UTF-8"?>
<Site BuildName="(empty)"
	BuildStamp="20240815-0954-Experimental"
	Name="CHARISMA-Predator-571"
	Generator="ctest-3.22.1"
	CompilerName="/usr/bin/c++"
	CompilerVersion="11.4.0"
	OSName="Linux"
	Hostname="CHARISMA-Predator-571"
	OSRelease="5.15.0-1068-realtime"
	OSVersion="#76-Ubuntu SMP PREEMPT_RT Thu Jul 25 11:57:39 UTC 2024"
	OSPlatform="x86_64"
	Is64Bits="1"
	VendorString="GenuineIntel"
	VendorID="Intel Corporation"
	FamilyID="6"
	ModelID="158"
	ProcessorCacheSize="6144"
	NumberOfLogicalCPU="8"
	NumberOfPhysicalCPU="4"
	TotalVirtualMemory="2047"
	TotalPhysicalMemory="15869"
	LogicalProcessorsPerPhysical="2"
	ProcessorClockFrequency="2800"
	>
	<Testing>
		<StartDateTime>Aug 15 02:54 PDT</StartDateTime>
		<StartTestTime>1723715665</StartTestTime>
		<TestList>
			<Test>./clang_format</Test>
			<Test>./copyright</Test>
			<Test>./cppcheck</Test>
			<Test>./lint_cmake</Test>
			<Test>./flake8</Test>
			<Test>./pep257</Test>
			<Test>./xmllint</Test>
			<Test>./franka_example_controllers_test</Test>
			<Test>./franka_example_controllers_test_load_move_to_start</Test>
			<Test>./franka_example_controllers_gravity_test</Test>
			<Test>./franka_example_controllers_move_to_start_test</Test>
		</TestList>
		<Test Status="passed">
			<Name>clang_format</Name>
			<Path>.</Path>
			<FullName>./clang_format</FullName>
			<FullCommandLine>/usr/bin/python3 "-u" "/opt/ros/humble/share/ament_cmake_test/cmake/run_test.py" "/home/zac/franka_ws/build/franka_example_controllers/test_results/franka_example_controllers/clang_format.xunit.xml" "--package-name" "franka_example_controllers" "--output-file" "/home/zac/franka_ws/build/franka_example_controllers/ament_clang_format/clang_format.txt" "--command" "/opt/ros/humble/bin/ament_clang_format" "--xunit-file" "/home/zac/franka_ws/build/franka_example_controllers/test_results/franka_example_controllers/clang_format.xunit.xml" "src" "include" "--config" "../.clang-format"</FullCommandLine>
			<Results>
				<NamedMeasurement type="numeric/double" name="Execution Time">
					<Value>0.264424</Value>
				</NamedMeasurement>
				<NamedMeasurement type="numeric/double" name="Processors">
					<Value>1</Value>
				</NamedMeasurement>
				<NamedMeasurement type="text/string" name="Completion Status">
					<Value>Completed</Value>
				</NamedMeasurement>
				<NamedMeasurement type="text/string" name="Command Line">
					<Value>/usr/bin/python3 "-u" "/opt/ros/humble/share/ament_cmake_test/cmake/run_test.py" "/home/zac/franka_ws/build/franka_example_controllers/test_results/franka_example_controllers/clang_format.xunit.xml" "--package-name" "franka_example_controllers" "--output-file" "/home/zac/franka_ws/build/franka_example_controllers/ament_clang_format/clang_format.txt" "--command" "/opt/ros/humble/bin/ament_clang_format" "--xunit-file" "/home/zac/franka_ws/build/franka_example_controllers/test_results/franka_example_controllers/clang_format.xunit.xml" "src" "include" "--config" "../.clang-format"</Value>
				</NamedMeasurement>
				<NamedMeasurement type="text/string" name="Environment">
					<Value>#CTEST_RESOURCE_GROUP_COUNT=</Value>
				</NamedMeasurement>
				<Measurement>
					<Value>-- run_test.py: invoking following command in '/home/zac/franka_ws/src/franka_ros2/franka_example_controllers':
 - /opt/ros/humble/bin/ament_clang_format --xunit-file /home/zac/franka_ws/build/franka_example_controllers/test_results/franka_example_controllers/clang_format.xunit.xml src include --config ../.clang-format
No code style divergence in file 'src/cartesian_elbow_example_controller.cpp'

No code style divergence in file 'src/cartesian_orientation_example_controller.cpp'

No code style divergence in file 'src/cartesian_pose_example_controller.cpp'

No code style divergence in file 'src/cartesian_velocity_example_controller.cpp'

No code style divergence in file 'src/elbow_example_controller.cpp'

No code style divergence in file 'src/gravity_compensation_example_controller.cpp'

No code style divergence in file 'src/joint_impedance_example_controller.cpp'

No code style divergence in file 'src/joint_impedance_with_ik_example_controller.cpp'

No code style divergence in file 'src/joint_position_example_controller.cpp'

No code style divergence in file 'src/joint_velocity_example_controller.cpp'

No code style divergence in file 'src/model_example_controller.cpp'

No code style divergence in file 'src/motion_generator.cpp'

No code style divergence in file 'src/move_to_start_example_controller.cpp'

No code style divergence in file 'include/franka_example_controllers/cartesian_elbow_example_controller.hpp'

No code style divergence in file 'include/franka_example_controllers/cartesian_orientation_example_controller.hpp'

No code style divergence in file 'include/franka_example_controllers/cartesian_pose_example_controller.hpp'

No code style divergence in file 'include/franka_example_controllers/cartesian_velocity_example_controller.hpp'

No code style divergence in file 'include/franka_example_controllers/default_robot_behavior_utils.hpp'

No code style divergence in file 'include/franka_example_controllers/elbow_example_controller.hpp'

No code style divergence in file 'include/franka_example_controllers/gravity_compensation_example_controller.hpp'

No code style divergence in file 'include/franka_example_controllers/joint_impedance_example_controller.hpp'

No code style divergence in file 'include/franka_example_controllers/joint_impedance_with_ik_example_controller.hpp'

No code style divergence in file 'include/franka_example_controllers/joint_position_example_controller.hpp'

No code style divergence in file 'include/franka_example_controllers/joint_velocity_example_controller.hpp'

No code style divergence in file 'include/franka_example_controllers/model_example_controller.hpp'

No code style divergence in file 'include/franka_example_controllers/motion_generator.hpp'

No code style divergence in file 'include/franka_example_controllers/move_to_start_example_controller.hpp'

No code style divergence in file 'include/franka_example_controllers/robot_utils.hpp'

No code style divergence in file 'include/franka_example_controllers/visibility_control.h'

No problems found
-- run_test.py: return code 0
-- run_test.py: verify result file '/home/zac/franka_ws/build/franka_example_controllers/test_results/franka_example_controllers/clang_format.xunit.xml'
</Value>
				</Measurement>
			</Results>
			<Labels>
				<Label>clang_format</Label>
				<Label>linter</Label>
			</Labels>
		</Test>
		<Test Status="passed">
			<Name>copyright</Name>
			<Path>.</Path>
			<FullName>./copyright</FullName>
			<FullCommandLine>/usr/bin/python3 "-u" "/opt/ros/humble/share/ament_cmake_test/cmake/run_test.py" "/home/zac/franka_ws/build/franka_example_controllers/test_results/franka_example_controllers/copyright.xunit.xml" "--package-name" "franka_example_controllers" "--output-file" "/home/zac/franka_ws/build/franka_example_controllers/ament_copyright/copyright.txt" "--command" "/opt/ros/humble/bin/ament_copyright" "--xunit-file" "/home/zac/franka_ws/build/franka_example_controllers/test_results/franka_example_controllers/copyright.xunit.xml" "src" "src" "include" "package.xml"</FullCommandLine>
			<Results>
				<NamedMeasurement type="numeric/double" name="Execution Time">
					<Value>1.1534</Value>
				</NamedMeasurement>
				<NamedMeasurement type="numeric/double" name="Processors">
					<Value>1</Value>
				</NamedMeasurement>
				<NamedMeasurement type="text/string" name="Completion Status">
					<Value>Completed</Value>
				</NamedMeasurement>
				<NamedMeasurement type="text/string" name="Command Line">
					<Value>/usr/bin/python3 "-u" "/opt/ros/humble/share/ament_cmake_test/cmake/run_test.py" "/home/zac/franka_ws/build/franka_example_controllers/test_results/franka_example_controllers/copyright.xunit.xml" "--package-name" "franka_example_controllers" "--output-file" "/home/zac/franka_ws/build/franka_example_controllers/ament_copyright/copyright.txt" "--command" "/opt/ros/humble/bin/ament_copyright" "--xunit-file" "/home/zac/franka_ws/build/franka_example_controllers/test_results/franka_example_controllers/copyright.xunit.xml" "src" "src" "include" "package.xml"</Value>
				</NamedMeasurement>
				<NamedMeasurement type="text/string" name="Environment">
					<Value>#CTEST_RESOURCE_GROUP_COUNT=</Value>
				</NamedMeasurement>
				<Measurement>
					<Value>-- run_test.py: invoking following command in '/home/zac/franka_ws/src/franka_ros2/franka_example_controllers':
 - /opt/ros/humble/bin/ament_copyright --xunit-file /home/zac/franka_ws/build/franka_example_controllers/test_results/franka_example_controllers/copyright.xunit.xml src src include package.xml
No problems found, checked 29 files
-- run_test.py: return code 0
-- run_test.py: verify result file '/home/zac/franka_ws/build/franka_example_controllers/test_results/franka_example_controllers/copyright.xunit.xml'
</Value>
				</Measurement>
			</Results>
			<Labels>
				<Label>copyright</Label>
				<Label>linter</Label>
			</Labels>
		</Test>
		<Test Status="passed">
			<Name>cppcheck</Name>
			<Path>.</Path>
			<FullName>./cppcheck</FullName>
			<FullCommandLine>/usr/bin/python3 "-u" "/opt/ros/humble/share/ament_cmake_test/cmake/run_test.py" "/home/zac/franka_ws/build/franka_example_controllers/test_results/franka_example_controllers/cppcheck.xunit.xml" "--package-name" "franka_example_controllers" "--output-file" "/home/zac/franka_ws/build/franka_example_controllers/ament_cppcheck/cppcheck.txt" "--command" "/opt/ros/humble/bin/ament_cppcheck" "--xunit-file" "/home/zac/franka_ws/build/franka_example_controllers/test_results/franka_example_controllers/cppcheck.xunit.xml" "src" "include"</FullCommandLine>
			<Results>
				<NamedMeasurement type="numeric/double" name="Execution Time">
					<Value>0.176332</Value>
				</NamedMeasurement>
				<NamedMeasurement type="numeric/double" name="Processors">
					<Value>1</Value>
				</NamedMeasurement>
				<NamedMeasurement type="text/string" name="Completion Status">
					<Value>Completed</Value>
				</NamedMeasurement>
				<NamedMeasurement type="text/string" name="Command Line">
					<Value>/usr/bin/python3 "-u" "/opt/ros/humble/share/ament_cmake_test/cmake/run_test.py" "/home/zac/franka_ws/build/franka_example_controllers/test_results/franka_example_controllers/cppcheck.xunit.xml" "--package-name" "franka_example_controllers" "--output-file" "/home/zac/franka_ws/build/franka_example_controllers/ament_cppcheck/cppcheck.txt" "--command" "/opt/ros/humble/bin/ament_cppcheck" "--xunit-file" "/home/zac/franka_ws/build/franka_example_controllers/test_results/franka_example_controllers/cppcheck.xunit.xml" "src" "include"</Value>
				</NamedMeasurement>
				<NamedMeasurement type="text/string" name="Environment">
					<Value>#CTEST_RESOURCE_GROUP_COUNT=</Value>
				</NamedMeasurement>
				<Measurement>
					<Value>-- run_test.py: invoking following command in '/home/zac/franka_ws/src/franka_ros2/franka_example_controllers':
 - /opt/ros/humble/bin/ament_cppcheck --xunit-file /home/zac/franka_ws/build/franka_example_controllers/test_results/franka_example_controllers/cppcheck.xunit.xml src include
cppcheck 2.7 has known performance issues and therefore will not be used, set the AMENT_CPPCHECK_ALLOW_SLOW_VERSIONS environment variable to override this.
-- run_test.py: return code 0
-- run_test.py: verify result file '/home/zac/franka_ws/build/franka_example_controllers/test_results/franka_example_controllers/cppcheck.xunit.xml'
</Value>
				</Measurement>
			</Results>
			<Labels>
				<Label>cppcheck</Label>
				<Label>linter</Label>
			</Labels>
		</Test>
		<Test Status="passed">
			<Name>lint_cmake</Name>
			<Path>.</Path>
			<FullName>./lint_cmake</FullName>
			<FullCommandLine>/usr/bin/python3 "-u" "/opt/ros/humble/share/ament_cmake_test/cmake/run_test.py" "/home/zac/franka_ws/build/franka_example_controllers/test_results/franka_example_controllers/lint_cmake.xunit.xml" "--package-name" "franka_example_controllers" "--output-file" "/home/zac/franka_ws/build/franka_example_controllers/ament_lint_cmake/lint_cmake.txt" "--command" "/opt/ros/humble/bin/ament_lint_cmake" "--xunit-file" "/home/zac/franka_ws/build/franka_example_controllers/test_results/franka_example_controllers/lint_cmake.xunit.xml" "CMakeLists.txt"</FullCommandLine>
			<Results>
				<NamedMeasurement type="numeric/double" name="Execution Time">
					<Value>0.157117</Value>
				</NamedMeasurement>
				<NamedMeasurement type="numeric/double" name="Processors">
					<Value>1</Value>
				</NamedMeasurement>
				<NamedMeasurement type="text/string" name="Completion Status">
					<Value>Completed</Value>
				</NamedMeasurement>
				<NamedMeasurement type="text/string" name="Command Line">
					<Value>/usr/bin/python3 "-u" "/opt/ros/humble/share/ament_cmake_test/cmake/run_test.py" "/home/zac/franka_ws/build/franka_example_controllers/test_results/franka_example_controllers/lint_cmake.xunit.xml" "--package-name" "franka_example_controllers" "--output-file" "/home/zac/franka_ws/build/franka_example_controllers/ament_lint_cmake/lint_cmake.txt" "--command" "/opt/ros/humble/bin/ament_lint_cmake" "--xunit-file" "/home/zac/franka_ws/build/franka_example_controllers/test_results/franka_example_controllers/lint_cmake.xunit.xml" "CMakeLists.txt"</Value>
				</NamedMeasurement>
				<NamedMeasurement type="text/string" name="Environment">
					<Value>#CTEST_RESOURCE_GROUP_COUNT=</Value>
				</NamedMeasurement>
				<Measurement>
					<Value>-- run_test.py: invoking following command in '/home/zac/franka_ws/src/franka_ros2/franka_example_controllers':
 - /opt/ros/humble/bin/ament_lint_cmake --xunit-file /home/zac/franka_ws/build/franka_example_controllers/test_results/franka_example_controllers/lint_cmake.xunit.xml CMakeLists.txt

No problems found
-- run_test.py: return code 0
-- run_test.py: verify result file '/home/zac/franka_ws/build/franka_example_controllers/test_results/franka_example_controllers/lint_cmake.xunit.xml'
</Value>
				</Measurement>
			</Results>
			<Labels>
				<Label>lint_cmake</Label>
				<Label>linter</Label>
			</Labels>
		</Test>
		<Test Status="passed">
			<Name>flake8</Name>
			<Path>.</Path>
			<FullName>./flake8</FullName>
			<FullCommandLine>/usr/bin/python3 "-u" "/opt/ros/humble/share/ament_cmake_test/cmake/run_test.py" "/home/zac/franka_ws/build/franka_example_controllers/test_results/franka_example_controllers/flake8.xunit.xml" "--package-name" "franka_example_controllers" "--output-file" "/home/zac/franka_ws/build/franka_example_controllers/ament_flake8/flake8.txt" "--command" "/opt/ros/humble/bin/ament_flake8" "--xunit-file" "/home/zac/franka_ws/build/franka_example_controllers/test_results/franka_example_controllers/flake8.xunit.xml"</FullCommandLine>
			<Results>
				<NamedMeasurement type="numeric/double" name="Execution Time">
					<Value>0.255193</Value>
				</NamedMeasurement>
				<NamedMeasurement type="numeric/double" name="Processors">
					<Value>1</Value>
				</NamedMeasurement>
				<NamedMeasurement type="text/string" name="Completion Status">
					<Value>Completed</Value>
				</NamedMeasurement>
				<NamedMeasurement type="text/string" name="Command Line">
					<Value>/usr/bin/python3 "-u" "/opt/ros/humble/share/ament_cmake_test/cmake/run_test.py" "/home/zac/franka_ws/build/franka_example_controllers/test_results/franka_example_controllers/flake8.xunit.xml" "--package-name" "franka_example_controllers" "--output-file" "/home/zac/franka_ws/build/franka_example_controllers/ament_flake8/flake8.txt" "--command" "/opt/ros/humble/bin/ament_flake8" "--xunit-file" "/home/zac/franka_ws/build/franka_example_controllers/test_results/franka_example_controllers/flake8.xunit.xml"</Value>
				</NamedMeasurement>
				<NamedMeasurement type="text/string" name="Environment">
					<Value>#CTEST_RESOURCE_GROUP_COUNT=</Value>
				</NamedMeasurement>
				<Measurement>
					<Value>-- run_test.py: invoking following command in '/home/zac/franka_ws/src/franka_ros2/franka_example_controllers':
 - /opt/ros/humble/bin/ament_flake8 --xunit-file /home/zac/franka_ws/build/franka_example_controllers/test_results/franka_example_controllers/flake8.xunit.xml

0 files checked
No problems found

Checked files:

-- run_test.py: return code 0
-- run_test.py: verify result file '/home/zac/franka_ws/build/franka_example_controllers/test_results/franka_example_controllers/flake8.xunit.xml'
</Value>
				</Measurement>
			</Results>
			<Labels>
				<Label>flake8</Label>
				<Label>linter</Label>
			</Labels>
		</Test>
		<Test Status="passed">
			<Name>pep257</Name>
			<Path>.</Path>
			<FullName>./pep257</FullName>
			<FullCommandLine>/usr/bin/python3 "-u" "/opt/ros/humble/share/ament_cmake_test/cmake/run_test.py" "/home/zac/franka_ws/build/franka_example_controllers/test_results/franka_example_controllers/pep257.xunit.xml" "--package-name" "franka_example_controllers" "--output-file" "/home/zac/franka_ws/build/franka_example_controllers/ament_pep257/pep257.txt" "--command" "/opt/ros/humble/bin/ament_pep257" "--xunit-file" "/home/zac/franka_ws/build/franka_example_controllers/test_results/franka_example_controllers/pep257.xunit.xml"</FullCommandLine>
			<Results>
				<NamedMeasurement type="numeric/double" name="Execution Time">
					<Value>0.207615</Value>
				</NamedMeasurement>
				<NamedMeasurement type="numeric/double" name="Processors">
					<Value>1</Value>
				</NamedMeasurement>
				<NamedMeasurement type="text/string" name="Completion Status">
					<Value>Completed</Value>
				</NamedMeasurement>
				<NamedMeasurement type="text/string" name="Command Line">
					<Value>/usr/bin/python3 "-u" "/opt/ros/humble/share/ament_cmake_test/cmake/run_test.py" "/home/zac/franka_ws/build/franka_example_controllers/test_results/franka_example_controllers/pep257.xunit.xml" "--package-name" "franka_example_controllers" "--output-file" "/home/zac/franka_ws/build/franka_example_controllers/ament_pep257/pep257.txt" "--command" "/opt/ros/humble/bin/ament_pep257" "--xunit-file" "/home/zac/franka_ws/build/franka_example_controllers/test_results/franka_example_controllers/pep257.xunit.xml"</Value>
				</NamedMeasurement>
				<NamedMeasurement type="text/string" name="Environment">
					<Value>#CTEST_RESOURCE_GROUP_COUNT=</Value>
				</NamedMeasurement>
				<Measurement>
					<Value>-- run_test.py: invoking following command in '/home/zac/franka_ws/src/franka_ros2/franka_example_controllers':
 - /opt/ros/humble/bin/ament_pep257 --xunit-file /home/zac/franka_ws/build/franka_example_controllers/test_results/franka_example_controllers/pep257.xunit.xml
No problems found
-- run_test.py: return code 0
-- run_test.py: verify result file '/home/zac/franka_ws/build/franka_example_controllers/test_results/franka_example_controllers/pep257.xunit.xml'
</Value>
				</Measurement>
			</Results>
			<Labels>
				<Label>linter</Label>
				<Label>pep257</Label>
			</Labels>
		</Test>
		<Test Status="passed">
			<Name>xmllint</Name>
			<Path>.</Path>
			<FullName>./xmllint</FullName>
			<FullCommandLine>/usr/bin/python3 "-u" "/opt/ros/humble/share/ament_cmake_test/cmake/run_test.py" "/home/zac/franka_ws/build/franka_example_controllers/test_results/franka_example_controllers/xmllint.xunit.xml" "--package-name" "franka_example_controllers" "--output-file" "/home/zac/franka_ws/build/franka_example_controllers/ament_xmllint/xmllint.txt" "--command" "/opt/ros/humble/bin/ament_xmllint" "--xunit-file" "/home/zac/franka_ws/build/franka_example_controllers/test_results/franka_example_controllers/xmllint.xunit.xml"</FullCommandLine>
			<Results>
				<NamedMeasurement type="numeric/double" name="Execution Time">
					<Value>0.339979</Value>
				</NamedMeasurement>
				<NamedMeasurement type="numeric/double" name="Processors">
					<Value>1</Value>
				</NamedMeasurement>
				<NamedMeasurement type="text/string" name="Completion Status">
					<Value>Completed</Value>
				</NamedMeasurement>
				<NamedMeasurement type="text/string" name="Command Line">
					<Value>/usr/bin/python3 "-u" "/opt/ros/humble/share/ament_cmake_test/cmake/run_test.py" "/home/zac/franka_ws/build/franka_example_controllers/test_results/franka_example_controllers/xmllint.xunit.xml" "--package-name" "franka_example_controllers" "--output-file" "/home/zac/franka_ws/build/franka_example_controllers/ament_xmllint/xmllint.txt" "--command" "/opt/ros/humble/bin/ament_xmllint" "--xunit-file" "/home/zac/franka_ws/build/franka_example_controllers/test_results/franka_example_controllers/xmllint.xunit.xml"</Value>
				</NamedMeasurement>
				<NamedMeasurement type="text/string" name="Environment">
					<Value>#CTEST_RESOURCE_GROUP_COUNT=</Value>
				</NamedMeasurement>
				<Measurement>
					<Value>-- run_test.py: invoking following command in '/home/zac/franka_ws/src/franka_ros2/franka_example_controllers':
 - /opt/ros/humble/bin/ament_xmllint --xunit-file /home/zac/franka_ws/build/franka_example_controllers/test_results/franka_example_controllers/xmllint.xunit.xml
File 'franka_example_controllers.xml' is valid

File 'package.xml' is valid

No problems found
-- run_test.py: return code 0
-- run_test.py: verify result file '/home/zac/franka_ws/build/franka_example_controllers/test_results/franka_example_controllers/xmllint.xunit.xml'
</Value>
				</Measurement>
			</Results>
			<Labels>
				<Label>linter</Label>
				<Label>xmllint</Label>
			</Labels>
		</Test>
		<Test Status="failed">
			<Name>franka_example_controllers_test</Name>
			<Path>.</Path>
			<FullName>./franka_example_controllers_test</FullName>
			<FullCommandLine>/usr/bin/python3 "-u" "/opt/ros/humble/share/ament_cmake_test/cmake/run_test.py" "/home/zac/franka_ws/build/franka_example_controllers/test_results/franka_example_controllers/franka_example_controllers_test.gtest.xml" "--package-name" "franka_example_controllers" "--output-file" "/home/zac/franka_ws/build/franka_example_controllers/ament_cmake_gmock/franka_example_controllers_test.txt" "--command" "/home/zac/franka_ws/build/franka_example_controllers/franka_example_controllers_test" "--gtest_output=xml:/home/zac/franka_ws/build/franka_example_controllers/test_results/franka_example_controllers/franka_example_controllers_test.gtest.xml"</FullCommandLine>
			<Results>
				<NamedMeasurement type="text/string" name="Exit Code">
					<Value>Failed</Value>
				</NamedMeasurement>
				<NamedMeasurement type="text/string" name="Exit Value">
					<Value>1</Value>
				</NamedMeasurement>
				<NamedMeasurement type="numeric/double" name="Execution Time">
					<Value>0.0919579</Value>
				</NamedMeasurement>
				<NamedMeasurement type="numeric/double" name="Processors">
					<Value>1</Value>
				</NamedMeasurement>
				<NamedMeasurement type="text/string" name="Completion Status">
					<Value>Completed</Value>
				</NamedMeasurement>
				<NamedMeasurement type="text/string" name="Command Line">
					<Value>/usr/bin/python3 "-u" "/opt/ros/humble/share/ament_cmake_test/cmake/run_test.py" "/home/zac/franka_ws/build/franka_example_controllers/test_results/franka_example_controllers/franka_example_controllers_test.gtest.xml" "--package-name" "franka_example_controllers" "--output-file" "/home/zac/franka_ws/build/franka_example_controllers/ament_cmake_gmock/franka_example_controllers_test.txt" "--command" "/home/zac/franka_ws/build/franka_example_controllers/franka_example_controllers_test" "--gtest_output=xml:/home/zac/franka_ws/build/franka_example_controllers/test_results/franka_example_controllers/franka_example_controllers_test.gtest.xml"</Value>
				</NamedMeasurement>
				<NamedMeasurement type="text/string" name="Environment">
					<Value>#CTEST_RESOURCE_GROUP_COUNT=</Value>
				</NamedMeasurement>
				<Measurement>
					<Value>-- run_test.py: invoking following command in '/home/zac/franka_ws/build/franka_example_controllers':
 - /home/zac/franka_ws/build/franka_example_controllers/franka_example_controllers_test --gtest_output=xml:/home/zac/franka_ws/build/franka_example_controllers/test_results/franka_example_controllers/franka_example_controllers_test.gtest.xml
Running main() from gmock_main.cc
[==========] Running 1 test from 1 test suite.
[----------] Global test environment set-up.
[----------] 1 test from TestLoadGravityCompensationExampleController
[ RUN      ] TestLoadGravityCompensationExampleController.load_controller
[INFO] [1723715668.386988016] [resource_manager]: Loading hardware 'TestActuatorHardware' 
unknown file: Failure
C++ exception with description "According to the loaded plugin descriptions the class test_actuator with base class type hardware_interface::ActuatorInterface does not exist. Declared types are  test_hardware_components/TestSingleJointActuator" thrown in the test body.
[  FAILED  ] TestLoadGravityCompensationExampleController.load_controller (9 ms)
[----------] 1 test from TestLoadGravityCompensationExampleController (9 ms total)

[----------] Global test environment tear-down
[==========] 1 test from 1 test suite ran. (9 ms total)
[  PASSED  ] 0 tests.
[  FAILED  ] 1 test, listed below:
[  FAILED  ] TestLoadGravityCompensationExampleController.load_controller

 1 FAILED TEST
-- run_test.py: return code 1
-- run_test.py: inject classname prefix into gtest result file '/home/zac/franka_ws/build/franka_example_controllers/test_results/franka_example_controllers/franka_example_controllers_test.gtest.xml'
-- run_test.py: verify result file '/home/zac/franka_ws/build/franka_example_controllers/test_results/franka_example_controllers/franka_example_controllers_test.gtest.xml'
</Value>
				</Measurement>
			</Results>
			<Labels>
				<Label>gmock</Label>
			</Labels>
		</Test>
		<Test Status="failed">
			<Name>franka_example_controllers_test_load_move_to_start</Name>
			<Path>.</Path>
			<FullName>./franka_example_controllers_test_load_move_to_start</FullName>
			<FullCommandLine>/usr/bin/python3 "-u" "/opt/ros/humble/share/ament_cmake_test/cmake/run_test.py" "/home/zac/franka_ws/build/franka_example_controllers/test_results/franka_example_controllers/franka_example_controllers_test_load_move_to_start.gtest.xml" "--package-name" "franka_example_controllers" "--output-file" "/home/zac/franka_ws/build/franka_example_controllers/ament_cmake_gmock/franka_example_controllers_test_load_move_to_start.txt" "--command" "/home/zac/franka_ws/build/franka_example_controllers/franka_example_controllers_test_load_move_to_start" "--gtest_output=xml:/home/zac/franka_ws/build/franka_example_controllers/test_results/franka_example_controllers/franka_example_controllers_test_load_move_to_start.gtest.xml"</FullCommandLine>
			<Results>
				<NamedMeasurement type="text/string" name="Exit Code">
					<Value>Failed</Value>
				</NamedMeasurement>
				<NamedMeasurement type="text/string" name="Exit Value">
					<Value>1</Value>
				</NamedMeasurement>
				<NamedMeasurement type="numeric/double" name="Execution Time">
					<Value>0.0913561</Value>
				</NamedMeasurement>
				<NamedMeasurement type="numeric/double" name="Processors">
					<Value>1</Value>
				</NamedMeasurement>
				<NamedMeasurement type="text/string" name="Completion Status">
					<Value>Completed</Value>
				</NamedMeasurement>
				<NamedMeasurement type="text/string" name="Command Line">
					<Value>/usr/bin/python3 "-u" "/opt/ros/humble/share/ament_cmake_test/cmake/run_test.py" "/home/zac/franka_ws/build/franka_example_controllers/test_results/franka_example_controllers/franka_example_controllers_test_load_move_to_start.gtest.xml" "--package-name" "franka_example_controllers" "--output-file" "/home/zac/franka_ws/build/franka_example_controllers/ament_cmake_gmock/franka_example_controllers_test_load_move_to_start.txt" "--command" "/home/zac/franka_ws/build/franka_example_controllers/franka_example_controllers_test_load_move_to_start" "--gtest_output=xml:/home/zac/franka_ws/build/franka_example_controllers/test_results/franka_example_controllers/franka_example_controllers_test_load_move_to_start.gtest.xml"</Value>
				</NamedMeasurement>
				<NamedMeasurement type="text/string" name="Environment">
					<Value>#CTEST_RESOURCE_GROUP_COUNT=</Value>
				</NamedMeasurement>
				<Measurement>
					<Value>-- run_test.py: invoking following command in '/home/zac/franka_ws/build/franka_example_controllers':
 - /home/zac/franka_ws/build/franka_example_controllers/franka_example_controllers_test_load_move_to_start --gtest_output=xml:/home/zac/franka_ws/build/franka_example_controllers/test_results/franka_example_controllers/franka_example_controllers_test_load_move_to_start.gtest.xml
Running main() from gmock_main.cc
[==========] Running 1 test from 1 test suite.
[----------] Global test environment set-up.
[----------] 1 test from TestLoadMoveToStartExampleController
[ RUN      ] TestLoadMoveToStartExampleController.load_controller
[INFO] [1723715668.478358265] [resource_manager]: Loading hardware 'TestActuatorHardware' 
unknown file: Failure
C++ exception with description "According to the loaded plugin descriptions the class test_actuator with base class type hardware_interface::ActuatorInterface does not exist. Declared types are  test_hardware_components/TestSingleJointActuator" thrown in the test body.
[  FAILED  ] TestLoadMoveToStartExampleController.load_controller (8 ms)
[----------] 1 test from TestLoadMoveToStartExampleController (8 ms total)

[----------] Global test environment tear-down
[==========] 1 test from 1 test suite ran. (8 ms total)
[  PASSED  ] 0 tests.
[  FAILED  ] 1 test, listed below:
[  FAILED  ] TestLoadMoveToStartExampleController.load_controller

 1 FAILED TEST
-- run_test.py: return code 1
-- run_test.py: inject classname prefix into gtest result file '/home/zac/franka_ws/build/franka_example_controllers/test_results/franka_example_controllers/franka_example_controllers_test_load_move_to_start.gtest.xml'
-- run_test.py: verify result file '/home/zac/franka_ws/build/franka_example_controllers/test_results/franka_example_controllers/franka_example_controllers_test_load_move_to_start.gtest.xml'
</Value>
				</Measurement>
			</Results>
			<Labels>
				<Label>gmock</Label>
			</Labels>
		</Test>
		<Test Status="passed">
			<Name>franka_example_controllers_gravity_test</Name>
			<Path>.</Path>
			<FullName>./franka_example_controllers_gravity_test</FullName>
			<FullCommandLine>/usr/bin/python3 "-u" "/opt/ros/humble/share/ament_cmake_test/cmake/run_test.py" "/home/zac/franka_ws/build/franka_example_controllers/test_results/franka_example_controllers/franka_example_controllers_gravity_test.gtest.xml" "--package-name" "franka_example_controllers" "--output-file" "/home/zac/franka_ws/build/franka_example_controllers/ament_cmake_gmock/franka_example_controllers_gravity_test.txt" "--command" "/home/zac/franka_ws/build/franka_example_controllers/franka_example_controllers_gravity_test" "--gtest_output=xml:/home/zac/franka_ws/build/franka_example_controllers/test_results/franka_example_controllers/franka_example_controllers_gravity_test.gtest.xml"</FullCommandLine>
			<Results>
				<NamedMeasurement type="numeric/double" name="Execution Time">
					<Value>0.251985</Value>
				</NamedMeasurement>
				<NamedMeasurement type="numeric/double" name="Processors">
					<Value>1</Value>
				</NamedMeasurement>
				<NamedMeasurement type="text/string" name="Completion Status">
					<Value>Completed</Value>
				</NamedMeasurement>
				<NamedMeasurement type="text/string" name="Command Line">
					<Value>/usr/bin/python3 "-u" "/opt/ros/humble/share/ament_cmake_test/cmake/run_test.py" "/home/zac/franka_ws/build/franka_example_controllers/test_results/franka_example_controllers/franka_example_controllers_gravity_test.gtest.xml" "--package-name" "franka_example_controllers" "--output-file" "/home/zac/franka_ws/build/franka_example_controllers/ament_cmake_gmock/franka_example_controllers_gravity_test.txt" "--command" "/home/zac/franka_ws/build/franka_example_controllers/franka_example_controllers_gravity_test" "--gtest_output=xml:/home/zac/franka_ws/build/franka_example_controllers/test_results/franka_example_controllers/franka_example_controllers_gravity_test.gtest.xml"</Value>
				</NamedMeasurement>
				<NamedMeasurement type="text/string" name="Environment">
					<Value>#CTEST_RESOURCE_GROUP_COUNT=</Value>
				</NamedMeasurement>
				<Measurement>
					<Value>-- run_test.py: invoking following command in '/home/zac/franka_ws/build/franka_example_controllers':
 - /home/zac/franka_ws/build/franka_example_controllers/franka_example_controllers_gravity_test --gtest_output=xml:/home/zac/franka_ws/build/franka_example_controllers/test_results/franka_example_controllers/franka_example_controllers_gravity_test.gtest.xml
Running main() from gmock_main.cc
[==========] Running 4 tests from 1 test suite.
[----------] Global test environment set-up.
[----------] 4 tests from TestGravityCompensationExample
[ RUN      ] TestGravityCompensationExample.JointsParameterNotSet
[  SKIPPED ] TestGravityCompensationExample.JointsParameterNotSet (0 ms)
[ RUN      ] TestGravityCompensationExample.JointsParameterIsEmpty
[  SKIPPED ] TestGravityCompensationExample.JointsParameterIsEmpty (0 ms)
[ RUN      ] TestGravityCompensationExample.given_correct_number_of_joints_configure_returns_success
[       OK ] TestGravityCompensationExample.given_correct_number_of_joints_configure_returns_success (18 ms)
[ RUN      ] TestGravityCompensationExample.given_joints_and_interface_when_update_expect_zero_values
[       OK ] TestGravityCompensationExample.given_joints_and_interface_when_update_expect_zero_values (10 ms)
[----------] 4 tests from TestGravityCompensationExample (28 ms total)

[----------] Global test environment tear-down
[==========] 4 tests from 1 test suite ran. (37 ms total)
[  PASSED  ] 2 tests.
[  SKIPPED ] 2 tests, listed below:
[  SKIPPED ] TestGravityCompensationExample.JointsParameterNotSet
[  SKIPPED ] TestGravityCompensationExample.JointsParameterIsEmpty
-- run_test.py: return code 0
-- run_test.py: inject classname prefix into gtest result file '/home/zac/franka_ws/build/franka_example_controllers/test_results/franka_example_controllers/franka_example_controllers_gravity_test.gtest.xml'
-- run_test.py: verify result file '/home/zac/franka_ws/build/franka_example_controllers/test_results/franka_example_controllers/franka_example_controllers_gravity_test.gtest.xml'
</Value>
				</Measurement>
			</Results>
			<Labels>
				<Label>gmock</Label>
			</Labels>
		</Test>
		<Test Status="passed">
			<Name>franka_example_controllers_move_to_start_test</Name>
			<Path>.</Path>
			<FullName>./franka_example_controllers_move_to_start_test</FullName>
			<FullCommandLine>/usr/bin/python3 "-u" "/opt/ros/humble/share/ament_cmake_test/cmake/run_test.py" "/home/zac/franka_ws/build/franka_example_controllers/test_results/franka_example_controllers/franka_example_controllers_move_to_start_test.gtest.xml" "--package-name" "franka_example_controllers" "--output-file" "/home/zac/franka_ws/build/franka_example_controllers/ament_cmake_gmock/franka_example_controllers_move_to_start_test.txt" "--command" "/home/zac/franka_ws/build/franka_example_controllers/franka_example_controllers_move_to_start_test" "--gtest_output=xml:/home/zac/franka_ws/build/franka_example_controllers/test_results/franka_example_controllers/franka_example_controllers_move_to_start_test.gtest.xml"</FullCommandLine>
			<Results>
				<NamedMeasurement type="numeric/double" name="Execution Time">
					<Value>0.251647</Value>
				</NamedMeasurement>
				<NamedMeasurement type="numeric/double" name="Processors">
					<Value>1</Value>
				</NamedMeasurement>
				<NamedMeasurement type="text/string" name="Completion Status">
					<Value>Completed</Value>
				</NamedMeasurement>
				<NamedMeasurement type="text/string" name="Command Line">
					<Value>/usr/bin/python3 "-u" "/opt/ros/humble/share/ament_cmake_test/cmake/run_test.py" "/home/zac/franka_ws/build/franka_example_controllers/test_results/franka_example_controllers/franka_example_controllers_move_to_start_test.gtest.xml" "--package-name" "franka_example_controllers" "--output-file" "/home/zac/franka_ws/build/franka_example_controllers/ament_cmake_gmock/franka_example_controllers_move_to_start_test.txt" "--command" "/home/zac/franka_ws/build/franka_example_controllers/franka_example_controllers_move_to_start_test" "--gtest_output=xml:/home/zac/franka_ws/build/franka_example_controllers/test_results/franka_example_controllers/franka_example_controllers_move_to_start_test.gtest.xml"</Value>
				</NamedMeasurement>
				<NamedMeasurement type="text/string" name="Environment">
					<Value>#CTEST_RESOURCE_GROUP_COUNT=</Value>
				</NamedMeasurement>
				<Measurement>
					<Value>-- run_test.py: invoking following command in '/home/zac/franka_ws/build/franka_example_controllers':
 - /home/zac/franka_ws/build/franka_example_controllers/franka_example_controllers_move_to_start_test --gtest_output=xml:/home/zac/franka_ws/build/franka_example_controllers/test_results/franka_example_controllers/franka_example_controllers_move_to_start_test.gtest.xml
Running main() from gmock_main.cc
[==========] Running 6 tests from 1 test suite.
[----------] Global test environment set-up.
[----------] 6 tests from MoveToStartExampleControllerTest
[ RUN      ] MoveToStartExampleControllerTest.controller_gains_not_set_failure
[FATAL] [1723715668.836307575] [test_move_to_start_example]: k_gains parameter not set
[       OK ] MoveToStartExampleControllerTest.controller_gains_not_set_failure (15 ms)
[ RUN      ] MoveToStartExampleControllerTest.contoller_gain_empty
[FATAL] [1723715668.844903947] [test_move_to_start_example]: k_gains parameter not set
[       OK ] MoveToStartExampleControllerTest.contoller_gain_empty (9 ms)
[ RUN      ] MoveToStartExampleControllerTest.contoller_damping_gain_empty
[FATAL] [1723715668.853383855] [test_move_to_start_example]: d_gains parameter not set
[       OK ] MoveToStartExampleControllerTest.contoller_damping_gain_empty (8 ms)
[ RUN      ] MoveToStartExampleControllerTest.correct_controller_gains_success
[       OK ] MoveToStartExampleControllerTest.correct_controller_gains_success (7 ms)
[ RUN      ] MoveToStartExampleControllerTest.correct_setup_on_activate_expect_success
[       OK ] MoveToStartExampleControllerTest.correct_setup_on_activate_expect_success (9 ms)
[ RUN      ] MoveToStartExampleControllerTest.correct_setup_on_update_expect_ok
[       OK ] MoveToStartExampleControllerTest.correct_setup_on_update_expect_ok (6 ms)
[----------] 6 tests from MoveToStartExampleControllerTest (54 ms total)

[----------] Global test environment tear-down
[==========] 6 tests from 1 test suite ran. (60 ms total)
[  PASSED  ] 6 tests.
-- run_test.py: return code 0
-- run_test.py: inject classname prefix into gtest result file '/home/zac/franka_ws/build/franka_example_controllers/test_results/franka_example_controllers/franka_example_controllers_move_to_start_test.gtest.xml'
-- run_test.py: verify result file '/home/zac/franka_ws/build/franka_example_controllers/test_results/franka_example_controllers/franka_example_controllers_move_to_start_test.gtest.xml'
</Value>
				</Measurement>
			</Results>
			<Labels>
				<Label>gmock</Label>
			</Labels>
		</Test>
		<EndDateTime>Aug 15 02:54 PDT</EndDateTime>
		<EndTestTime>1723715668</EndTestTime>
		<ElapsedMinutes>0</ElapsedMinutes>
	</Testing>
</Site>
