<?xml version="1.0" encoding="UTF-8"?>
<Site BuildName="(empty)"
	BuildStamp="20240815-0954-Experimental"
	Name="CHARISMA-Predator-571"
	Generator="ctest-3.22.1"
	CompilerName="/usr/bin/c++"
	CompilerVersion="11.4.0"
	OSName="Linux"
	Hostname="CHARISMA-Predator-571"
	OSRelease="5.15.0-1068-realtime"
	OSVersion="#76-Ubuntu SMP PREEMPT_RT Thu Jul 25 11:57:39 UTC 2024"
	OSPlatform="x86_64"
	Is64Bits="1"
	VendorString="GenuineIntel"
	VendorID="Intel Corporation"
	FamilyID="6"
	ModelID="158"
	ProcessorCacheSize="6144"
	NumberOfLogicalCPU="8"
	NumberOfPhysicalCPU="4"
	TotalVirtualMemory="2047"
	TotalPhysicalMemory="15869"
	LogicalProcessorsPerPhysical="2"
	ProcessorClockFrequency="2800"
	>
	<Testing>
		<StartDateTime>Aug 15 02:54 PDT</StartDateTime>
		<StartTestTime>1723715654</StartTestTime>
		<TestList>
			<Test>./clang_format</Test>
			<Test>./copyright</Test>
			<Test>./cppcheck</Test>
			<Test>./lint_cmake</Test>
			<Test>./flake8</Test>
			<Test>./pep257</Test>
			<Test>./xmllint</Test>
		</TestList>
		<Test Status="passed">
			<Name>clang_format</Name>
			<Path>.</Path>
			<FullName>./clang_format</FullName>
			<FullCommandLine>/usr/bin/python3 "-u" "/opt/ros/humble/share/ament_cmake_test/cmake/run_test.py" "/home/zac/franka_ws/build/franka_gripper/test_results/franka_gripper/clang_format.xunit.xml" "--package-name" "franka_gripper" "--output-file" "/home/zac/franka_ws/build/franka_gripper/ament_clang_format/clang_format.txt" "--command" "/opt/ros/humble/bin/ament_clang_format" "--xunit-file" "/home/zac/franka_ws/build/franka_gripper/test_results/franka_gripper/clang_format.xunit.xml" "src" "include" "--config" "../.clang-format"</FullCommandLine>
			<Results>
				<NamedMeasurement type="numeric/double" name="Execution Time">
					<Value>0.266872</Value>
				</NamedMeasurement>
				<NamedMeasurement type="numeric/double" name="Processors">
					<Value>1</Value>
				</NamedMeasurement>
				<NamedMeasurement type="text/string" name="Completion Status">
					<Value>Completed</Value>
				</NamedMeasurement>
				<NamedMeasurement type="text/string" name="Command Line">
					<Value>/usr/bin/python3 "-u" "/opt/ros/humble/share/ament_cmake_test/cmake/run_test.py" "/home/zac/franka_ws/build/franka_gripper/test_results/franka_gripper/clang_format.xunit.xml" "--package-name" "franka_gripper" "--output-file" "/home/zac/franka_ws/build/franka_gripper/ament_clang_format/clang_format.txt" "--command" "/opt/ros/humble/bin/ament_clang_format" "--xunit-file" "/home/zac/franka_ws/build/franka_gripper/test_results/franka_gripper/clang_format.xunit.xml" "src" "include" "--config" "../.clang-format"</Value>
				</NamedMeasurement>
				<NamedMeasurement type="text/string" name="Environment">
					<Value>#CTEST_RESOURCE_GROUP_COUNT=</Value>
				</NamedMeasurement>
				<Measurement>
					<Value>-- run_test.py: invoking following command in '/home/zac/franka_ws/src/franka_ros2/franka_gripper':
 - /opt/ros/humble/bin/ament_clang_format --xunit-file /home/zac/franka_ws/build/franka_gripper/test_results/franka_gripper/clang_format.xunit.xml src include --config ../.clang-format
No code style divergence in file 'src/gripper_action_server.cpp'

No code style divergence in file 'include/franka_gripper/gripper_action_server.hpp'

No problems found
-- run_test.py: return code 0
-- run_test.py: verify result file '/home/zac/franka_ws/build/franka_gripper/test_results/franka_gripper/clang_format.xunit.xml'
</Value>
				</Measurement>
			</Results>
			<Labels>
				<Label>clang_format</Label>
				<Label>linter</Label>
			</Labels>
		</Test>
		<Test Status="passed">
			<Name>copyright</Name>
			<Path>.</Path>
			<FullName>./copyright</FullName>
			<FullCommandLine>/usr/bin/python3 "-u" "/opt/ros/humble/share/ament_cmake_test/cmake/run_test.py" "/home/zac/franka_ws/build/franka_gripper/test_results/franka_gripper/copyright.xunit.xml" "--package-name" "franka_gripper" "--output-file" "/home/zac/franka_ws/build/franka_gripper/ament_copyright/copyright.txt" "--command" "/opt/ros/humble/bin/ament_copyright" "--xunit-file" "/home/zac/franka_ws/build/franka_gripper/test_results/franka_gripper/copyright.xunit.xml" "launch" "src" "include" "package.xml"</FullCommandLine>
			<Results>
				<NamedMeasurement type="numeric/double" name="Execution Time">
					<Value>0.391075</Value>
				</NamedMeasurement>
				<NamedMeasurement type="numeric/double" name="Processors">
					<Value>1</Value>
				</NamedMeasurement>
				<NamedMeasurement type="text/string" name="Completion Status">
					<Value>Completed</Value>
				</NamedMeasurement>
				<NamedMeasurement type="text/string" name="Command Line">
					<Value>/usr/bin/python3 "-u" "/opt/ros/humble/share/ament_cmake_test/cmake/run_test.py" "/home/zac/franka_ws/build/franka_gripper/test_results/franka_gripper/copyright.xunit.xml" "--package-name" "franka_gripper" "--output-file" "/home/zac/franka_ws/build/franka_gripper/ament_copyright/copyright.txt" "--command" "/opt/ros/humble/bin/ament_copyright" "--xunit-file" "/home/zac/franka_ws/build/franka_gripper/test_results/franka_gripper/copyright.xunit.xml" "launch" "src" "include" "package.xml"</Value>
				</NamedMeasurement>
				<NamedMeasurement type="text/string" name="Environment">
					<Value>#CTEST_RESOURCE_GROUP_COUNT=</Value>
				</NamedMeasurement>
				<Measurement>
					<Value>-- run_test.py: invoking following command in '/home/zac/franka_ws/src/franka_ros2/franka_gripper':
 - /opt/ros/humble/bin/ament_copyright --xunit-file /home/zac/franka_ws/build/franka_gripper/test_results/franka_gripper/copyright.xunit.xml launch src include package.xml
No problems found, checked 3 files
-- run_test.py: return code 0
-- run_test.py: verify result file '/home/zac/franka_ws/build/franka_gripper/test_results/franka_gripper/copyright.xunit.xml'
</Value>
				</Measurement>
			</Results>
			<Labels>
				<Label>copyright</Label>
				<Label>linter</Label>
			</Labels>
		</Test>
		<Test Status="passed">
			<Name>cppcheck</Name>
			<Path>.</Path>
			<FullName>./cppcheck</FullName>
			<FullCommandLine>/usr/bin/python3 "-u" "/opt/ros/humble/share/ament_cmake_test/cmake/run_test.py" "/home/zac/franka_ws/build/franka_gripper/test_results/franka_gripper/cppcheck.xunit.xml" "--package-name" "franka_gripper" "--output-file" "/home/zac/franka_ws/build/franka_gripper/ament_cppcheck/cppcheck.txt" "--command" "/opt/ros/humble/bin/ament_cppcheck" "--xunit-file" "/home/zac/franka_ws/build/franka_gripper/test_results/franka_gripper/cppcheck.xunit.xml" "src" "include"</FullCommandLine>
			<Results>
				<NamedMeasurement type="numeric/double" name="Execution Time">
					<Value>0.205848</Value>
				</NamedMeasurement>
				<NamedMeasurement type="numeric/double" name="Processors">
					<Value>1</Value>
				</NamedMeasurement>
				<NamedMeasurement type="text/string" name="Completion Status">
					<Value>Completed</Value>
				</NamedMeasurement>
				<NamedMeasurement type="text/string" name="Command Line">
					<Value>/usr/bin/python3 "-u" "/opt/ros/humble/share/ament_cmake_test/cmake/run_test.py" "/home/zac/franka_ws/build/franka_gripper/test_results/franka_gripper/cppcheck.xunit.xml" "--package-name" "franka_gripper" "--output-file" "/home/zac/franka_ws/build/franka_gripper/ament_cppcheck/cppcheck.txt" "--command" "/opt/ros/humble/bin/ament_cppcheck" "--xunit-file" "/home/zac/franka_ws/build/franka_gripper/test_results/franka_gripper/cppcheck.xunit.xml" "src" "include"</Value>
				</NamedMeasurement>
				<NamedMeasurement type="text/string" name="Environment">
					<Value>#CTEST_RESOURCE_GROUP_COUNT=</Value>
				</NamedMeasurement>
				<Measurement>
					<Value>-- run_test.py: invoking following command in '/home/zac/franka_ws/src/franka_ros2/franka_gripper':
 - /opt/ros/humble/bin/ament_cppcheck --xunit-file /home/zac/franka_ws/build/franka_gripper/test_results/franka_gripper/cppcheck.xunit.xml src include
cppcheck 2.7 has known performance issues and therefore will not be used, set the AMENT_CPPCHECK_ALLOW_SLOW_VERSIONS environment variable to override this.
-- run_test.py: return code 0
-- run_test.py: verify result file '/home/zac/franka_ws/build/franka_gripper/test_results/franka_gripper/cppcheck.xunit.xml'
</Value>
				</Measurement>
			</Results>
			<Labels>
				<Label>cppcheck</Label>
				<Label>linter</Label>
			</Labels>
		</Test>
		<Test Status="passed">
			<Name>lint_cmake</Name>
			<Path>.</Path>
			<FullName>./lint_cmake</FullName>
			<FullCommandLine>/usr/bin/python3 "-u" "/opt/ros/humble/share/ament_cmake_test/cmake/run_test.py" "/home/zac/franka_ws/build/franka_gripper/test_results/franka_gripper/lint_cmake.xunit.xml" "--package-name" "franka_gripper" "--output-file" "/home/zac/franka_ws/build/franka_gripper/ament_lint_cmake/lint_cmake.txt" "--command" "/opt/ros/humble/bin/ament_lint_cmake" "--xunit-file" "/home/zac/franka_ws/build/franka_gripper/test_results/franka_gripper/lint_cmake.xunit.xml" "CMakeLists.txt"</FullCommandLine>
			<Results>
				<NamedMeasurement type="numeric/double" name="Execution Time">
					<Value>0.169705</Value>
				</NamedMeasurement>
				<NamedMeasurement type="numeric/double" name="Processors">
					<Value>1</Value>
				</NamedMeasurement>
				<NamedMeasurement type="text/string" name="Completion Status">
					<Value>Completed</Value>
				</NamedMeasurement>
				<NamedMeasurement type="text/string" name="Command Line">
					<Value>/usr/bin/python3 "-u" "/opt/ros/humble/share/ament_cmake_test/cmake/run_test.py" "/home/zac/franka_ws/build/franka_gripper/test_results/franka_gripper/lint_cmake.xunit.xml" "--package-name" "franka_gripper" "--output-file" "/home/zac/franka_ws/build/franka_gripper/ament_lint_cmake/lint_cmake.txt" "--command" "/opt/ros/humble/bin/ament_lint_cmake" "--xunit-file" "/home/zac/franka_ws/build/franka_gripper/test_results/franka_gripper/lint_cmake.xunit.xml" "CMakeLists.txt"</Value>
				</NamedMeasurement>
				<NamedMeasurement type="text/string" name="Environment">
					<Value>#CTEST_RESOURCE_GROUP_COUNT=</Value>
				</NamedMeasurement>
				<Measurement>
					<Value>-- run_test.py: invoking following command in '/home/zac/franka_ws/src/franka_ros2/franka_gripper':
 - /opt/ros/humble/bin/ament_lint_cmake --xunit-file /home/zac/franka_ws/build/franka_gripper/test_results/franka_gripper/lint_cmake.xunit.xml CMakeLists.txt

No problems found
-- run_test.py: return code 0
-- run_test.py: verify result file '/home/zac/franka_ws/build/franka_gripper/test_results/franka_gripper/lint_cmake.xunit.xml'
</Value>
				</Measurement>
			</Results>
			<Labels>
				<Label>lint_cmake</Label>
				<Label>linter</Label>
			</Labels>
		</Test>
		<Test Status="passed">
			<Name>flake8</Name>
			<Path>.</Path>
			<FullName>./flake8</FullName>
			<FullCommandLine>/usr/bin/python3 "-u" "/opt/ros/humble/share/ament_cmake_test/cmake/run_test.py" "/home/zac/franka_ws/build/franka_gripper/test_results/franka_gripper/flake8.xunit.xml" "--package-name" "franka_gripper" "--output-file" "/home/zac/franka_ws/build/franka_gripper/ament_flake8/flake8.txt" "--command" "/opt/ros/humble/bin/ament_flake8" "--xunit-file" "/home/zac/franka_ws/build/franka_gripper/test_results/franka_gripper/flake8.xunit.xml"</FullCommandLine>
			<Results>
				<NamedMeasurement type="numeric/double" name="Execution Time">
					<Value>0.356329</Value>
				</NamedMeasurement>
				<NamedMeasurement type="numeric/double" name="Processors">
					<Value>1</Value>
				</NamedMeasurement>
				<NamedMeasurement type="text/string" name="Completion Status">
					<Value>Completed</Value>
				</NamedMeasurement>
				<NamedMeasurement type="text/string" name="Command Line">
					<Value>/usr/bin/python3 "-u" "/opt/ros/humble/share/ament_cmake_test/cmake/run_test.py" "/home/zac/franka_ws/build/franka_gripper/test_results/franka_gripper/flake8.xunit.xml" "--package-name" "franka_gripper" "--output-file" "/home/zac/franka_ws/build/franka_gripper/ament_flake8/flake8.txt" "--command" "/opt/ros/humble/bin/ament_flake8" "--xunit-file" "/home/zac/franka_ws/build/franka_gripper/test_results/franka_gripper/flake8.xunit.xml"</Value>
				</NamedMeasurement>
				<NamedMeasurement type="text/string" name="Environment">
					<Value>#CTEST_RESOURCE_GROUP_COUNT=</Value>
				</NamedMeasurement>
				<Measurement>
					<Value>-- run_test.py: invoking following command in '/home/zac/franka_ws/src/franka_ros2/franka_gripper':
 - /opt/ros/humble/bin/ament_flake8 --xunit-file /home/zac/franka_ws/build/franka_gripper/test_results/franka_gripper/flake8.xunit.xml

3 files checked
No problems found

Checked files:

* ./launch/gripper.launch.py
* ./franka_gripper/__init__.py
* ./scripts/fake_gripper_state_publisher.py
-- run_test.py: return code 0
-- run_test.py: verify result file '/home/zac/franka_ws/build/franka_gripper/test_results/franka_gripper/flake8.xunit.xml'
</Value>
				</Measurement>
			</Results>
			<Labels>
				<Label>flake8</Label>
				<Label>linter</Label>
			</Labels>
		</Test>
		<Test Status="passed">
			<Name>pep257</Name>
			<Path>.</Path>
			<FullName>./pep257</FullName>
			<FullCommandLine>/usr/bin/python3 "-u" "/opt/ros/humble/share/ament_cmake_test/cmake/run_test.py" "/home/zac/franka_ws/build/franka_gripper/test_results/franka_gripper/pep257.xunit.xml" "--package-name" "franka_gripper" "--output-file" "/home/zac/franka_ws/build/franka_gripper/ament_pep257/pep257.txt" "--command" "/opt/ros/humble/bin/ament_pep257" "--xunit-file" "/home/zac/franka_ws/build/franka_gripper/test_results/franka_gripper/pep257.xunit.xml"</FullCommandLine>
			<Results>
				<NamedMeasurement type="numeric/double" name="Execution Time">
					<Value>0.259235</Value>
				</NamedMeasurement>
				<NamedMeasurement type="numeric/double" name="Processors">
					<Value>1</Value>
				</NamedMeasurement>
				<NamedMeasurement type="text/string" name="Completion Status">
					<Value>Completed</Value>
				</NamedMeasurement>
				<NamedMeasurement type="text/string" name="Command Line">
					<Value>/usr/bin/python3 "-u" "/opt/ros/humble/share/ament_cmake_test/cmake/run_test.py" "/home/zac/franka_ws/build/franka_gripper/test_results/franka_gripper/pep257.xunit.xml" "--package-name" "franka_gripper" "--output-file" "/home/zac/franka_ws/build/franka_gripper/ament_pep257/pep257.txt" "--command" "/opt/ros/humble/bin/ament_pep257" "--xunit-file" "/home/zac/franka_ws/build/franka_gripper/test_results/franka_gripper/pep257.xunit.xml"</Value>
				</NamedMeasurement>
				<NamedMeasurement type="text/string" name="Environment">
					<Value>#CTEST_RESOURCE_GROUP_COUNT=</Value>
				</NamedMeasurement>
				<Measurement>
					<Value>-- run_test.py: invoking following command in '/home/zac/franka_ws/src/franka_ros2/franka_gripper':
 - /opt/ros/humble/bin/ament_pep257 --xunit-file /home/zac/franka_ws/build/franka_gripper/test_results/franka_gripper/pep257.xunit.xml
checking ./franka_gripper/__init__.py
checking ./launch/gripper.launch.py
checking ./scripts/fake_gripper_state_publisher.py
No problems found
-- run_test.py: return code 0
-- run_test.py: verify result file '/home/zac/franka_ws/build/franka_gripper/test_results/franka_gripper/pep257.xunit.xml'
</Value>
				</Measurement>
			</Results>
			<Labels>
				<Label>linter</Label>
				<Label>pep257</Label>
			</Labels>
		</Test>
		<Test Status="passed">
			<Name>xmllint</Name>
			<Path>.</Path>
			<FullName>./xmllint</FullName>
			<FullCommandLine>/usr/bin/python3 "-u" "/opt/ros/humble/share/ament_cmake_test/cmake/run_test.py" "/home/zac/franka_ws/build/franka_gripper/test_results/franka_gripper/xmllint.xunit.xml" "--package-name" "franka_gripper" "--output-file" "/home/zac/franka_ws/build/franka_gripper/ament_xmllint/xmllint.txt" "--command" "/opt/ros/humble/bin/ament_xmllint" "--xunit-file" "/home/zac/franka_ws/build/franka_gripper/test_results/franka_gripper/xmllint.xunit.xml"</FullCommandLine>
			<Results>
				<NamedMeasurement type="numeric/double" name="Execution Time">
					<Value>0.376894</Value>
				</NamedMeasurement>
				<NamedMeasurement type="numeric/double" name="Processors">
					<Value>1</Value>
				</NamedMeasurement>
				<NamedMeasurement type="text/string" name="Completion Status">
					<Value>Completed</Value>
				</NamedMeasurement>
				<NamedMeasurement type="text/string" name="Command Line">
					<Value>/usr/bin/python3 "-u" "/opt/ros/humble/share/ament_cmake_test/cmake/run_test.py" "/home/zac/franka_ws/build/franka_gripper/test_results/franka_gripper/xmllint.xunit.xml" "--package-name" "franka_gripper" "--output-file" "/home/zac/franka_ws/build/franka_gripper/ament_xmllint/xmllint.txt" "--command" "/opt/ros/humble/bin/ament_xmllint" "--xunit-file" "/home/zac/franka_ws/build/franka_gripper/test_results/franka_gripper/xmllint.xunit.xml"</Value>
				</NamedMeasurement>
				<NamedMeasurement type="text/string" name="Environment">
					<Value>#CTEST_RESOURCE_GROUP_COUNT=</Value>
				</NamedMeasurement>
				<Measurement>
					<Value>-- run_test.py: invoking following command in '/home/zac/franka_ws/src/franka_ros2/franka_gripper':
 - /opt/ros/humble/bin/ament_xmllint --xunit-file /home/zac/franka_ws/build/franka_gripper/test_results/franka_gripper/xmllint.xunit.xml
File 'package.xml' is valid

No problems found
-- run_test.py: return code 0
-- run_test.py: verify result file '/home/zac/franka_ws/build/franka_gripper/test_results/franka_gripper/xmllint.xunit.xml'
</Value>
				</Measurement>
			</Results>
			<Labels>
				<Label>linter</Label>
				<Label>xmllint</Label>
			</Labels>
		</Test>
		<EndDateTime>Aug 15 02:54 PDT</EndDateTime>
		<EndTestTime>1723715656</EndTestTime>
		<ElapsedMinutes>0</ElapsedMinutes>
	</Testing>
</Site>
