<?xml version="1.0" encoding="UTF-8"?>
<testsuites tests="22" failures="0" disabled="0" errors="0" time="0.002" timestamp="2024-08-15T02:54:22" name="AllTests">
  <testsuite name="FrankaCartesianCommandInterfaceTest" tests="10" failures="0" disabled="0" errors="0" time="0.001" timestamp="2024-08-15T02:54:22">
    <testcase name="cartesian_command_interface_number_is_setup_correctly" status="run" result="completed" time="0" timestamp="2024-08-15T02:54:22" classname="franka_hardware.FrankaCartesianCommandInterfaceTest" />
    <testcase name="given_read_is_not_called_when_write_is_called_expect_robot_writeOnce_is_not_called" status="run" result="completed" time="0.001" timestamp="2024-08-15T02:54:22" classname="franka_hardware.FrankaCartesianCommandInterfaceTest" />
    <testcase name="given_cartesian_velocity_and_elbow_set_when_read_and_write_called_expect_success" status="run" result="completed" time="0" timestamp="2024-08-15T02:54:22" classname="franka_hardware.FrankaCartesianCommandInterfaceTest" />
    <testcase name="given_cartesian_velocity_and_elbow_set_and_elbow_has_infinite_values_when_write_called_expect_error" status="run" result="completed" time="0" timestamp="2024-08-15T02:54:22" classname="franka_hardware.FrankaCartesianCommandInterfaceTest" />
    <testcase name="given_cartesian_velocity_is_claimed_when_perform_mode_switch_is_called_expect_success" status="run" result="completed" time="0" timestamp="2024-08-15T02:54:22" classname="franka_hardware.FrankaCartesianCommandInterfaceTest" />
    <testcase name="given_only_elbow_command_is_claimed_without_cartesian_velocity_when_perform_mode_switch_is_called_expect_error" status="run" result="completed" time="0" timestamp="2024-08-15T02:54:22" classname="franka_hardware.FrankaCartesianCommandInterfaceTest" />
    <testcase name="given_cartesian_pose_interface_is_ready_when_write_called_without_read_robot_write_once_will_not_be_called" status="run" result="completed" time="0" timestamp="2024-08-15T02:54:22" classname="franka_hardware.FrankaCartesianCommandInterfaceTest" />
    <testcase name="given_cartesian_pose_interface_is_ready_when_write_called_with_read_robot_write_once_will_be_called" status="run" result="completed" time="0" timestamp="2024-08-15T02:54:22" classname="franka_hardware.FrankaCartesianCommandInterfaceTest" />
    <testcase name="given_cartesian_pose_and_elbow_set_and_elbow_has_infinite_values_when_write_called_expect_error" status="run" result="completed" time="0" timestamp="2024-08-15T02:54:22" classname="franka_hardware.FrankaCartesianCommandInterfaceTest" />
    <testcase name="given_cartesian_pose_interface_is_ready_with_elbow_when_read_and_write_called_expect_correct_elbow_and_cartesian_pose" status="run" result="completed" time="0" timestamp="2024-08-15T02:54:22" classname="franka_hardware.FrankaCartesianCommandInterfaceTest" />
  </testsuite>
  <testsuite name="FrankaCartesianCommandTest/FrankaCartesianCommandInterfaceTest" tests="12" failures="0" disabled="0" errors="0" time="0.001" timestamp="2024-08-15T02:54:22">
    <testcase name="given_correct_number_of_start_cartesian_command_interface_when_prepare_command_mode_interface_is_called_expect_success/0" value_param="({ &quot;vx&quot;, &quot;vy&quot;, &quot;vz&quot;, &quot;wx&quot;, &quot;wy&quot;, &quot;wz&quot; }, &quot;cartesian_velocity&quot;)" status="run" result="completed" time="0" timestamp="2024-08-15T02:54:22" classname="franka_hardware.FrankaCartesianCommandTest/FrankaCartesianCommandInterfaceTest" />
    <testcase name="given_correct_number_of_start_cartesian_command_interface_when_prepare_command_mode_interface_is_called_expect_success/1" value_param="({ &quot;0&quot;, &quot;1&quot;, &quot;2&quot;, &quot;3&quot;, &quot;4&quot;, &quot;5&quot;, &quot;6&quot;, &quot;7&quot;, &quot;8&quot;, &quot;9&quot;, &quot;10&quot;, &quot;11&quot;, &quot;12&quot;, &quot;13&quot;, &quot;14&quot;, &quot;15&quot; }, &quot;cartesian_pose&quot;)" status="run" result="completed" time="0" timestamp="2024-08-15T02:54:22" classname="franka_hardware.FrankaCartesianCommandTest/FrankaCartesianCommandInterfaceTest" />
    <testcase name="given_correct_number_of_start_cartesian_command_interface_when_prepare_command_mode_interface_is_called_expect_success/2" value_param="({ &quot;joint_3_position&quot;, &quot;joint_4_sign&quot; }, &quot;elbow_command&quot;)" status="run" result="completed" time="0" timestamp="2024-08-15T02:54:22" classname="franka_hardware.FrankaCartesianCommandTest/FrankaCartesianCommandInterfaceTest" />
    <testcase name="given_correct_number_of_start_cartesian_command_and_elbow_command_interface_when_prepare_command_mode_interface_is_called_expect_success/0" value_param="({ &quot;vx&quot;, &quot;vy&quot;, &quot;vz&quot;, &quot;wx&quot;, &quot;wy&quot;, &quot;wz&quot; }, &quot;cartesian_velocity&quot;)" status="run" result="completed" time="0" timestamp="2024-08-15T02:54:22" classname="franka_hardware.FrankaCartesianCommandTest/FrankaCartesianCommandInterfaceTest" />
    <testcase name="given_correct_number_of_start_cartesian_command_and_elbow_command_interface_when_prepare_command_mode_interface_is_called_expect_success/1" value_param="({ &quot;0&quot;, &quot;1&quot;, &quot;2&quot;, &quot;3&quot;, &quot;4&quot;, &quot;5&quot;, &quot;6&quot;, &quot;7&quot;, &quot;8&quot;, &quot;9&quot;, &quot;10&quot;, &quot;11&quot;, &quot;12&quot;, &quot;13&quot;, &quot;14&quot;, &quot;15&quot; }, &quot;cartesian_pose&quot;)" status="run" result="completed" time="0" timestamp="2024-08-15T02:54:22" classname="franka_hardware.FrankaCartesianCommandTest/FrankaCartesianCommandInterfaceTest" />
    <testcase name="given_correct_number_of_start_cartesian_command_and_elbow_command_interface_when_prepare_command_mode_interface_is_called_expect_success/2" value_param="({ &quot;joint_3_position&quot;, &quot;joint_4_sign&quot; }, &quot;elbow_command&quot;)" status="run" result="completed" time="0" timestamp="2024-08-15T02:54:22" classname="franka_hardware.FrankaCartesianCommandTest/FrankaCartesianCommandInterfaceTest" />
    <testcase name="when_prepare_command_mode_interface_is_called_with_invalid_start_interface_number_expect_throw/0" value_param="({ &quot;vx&quot;, &quot;vy&quot;, &quot;vz&quot;, &quot;wx&quot;, &quot;wy&quot;, &quot;wz&quot; }, &quot;cartesian_velocity&quot;)" status="run" result="completed" time="0" timestamp="2024-08-15T02:54:22" classname="franka_hardware.FrankaCartesianCommandTest/FrankaCartesianCommandInterfaceTest" />
    <testcase name="when_prepare_command_mode_interface_is_called_with_invalid_start_interface_number_expect_throw/1" value_param="({ &quot;0&quot;, &quot;1&quot;, &quot;2&quot;, &quot;3&quot;, &quot;4&quot;, &quot;5&quot;, &quot;6&quot;, &quot;7&quot;, &quot;8&quot;, &quot;9&quot;, &quot;10&quot;, &quot;11&quot;, &quot;12&quot;, &quot;13&quot;, &quot;14&quot;, &quot;15&quot; }, &quot;cartesian_pose&quot;)" status="run" result="completed" time="0" timestamp="2024-08-15T02:54:22" classname="franka_hardware.FrankaCartesianCommandTest/FrankaCartesianCommandInterfaceTest" />
    <testcase name="when_prepare_command_mode_interface_is_called_with_invalid_start_interface_number_expect_throw/2" value_param="({ &quot;joint_3_position&quot;, &quot;joint_4_sign&quot; }, &quot;elbow_command&quot;)" status="run" result="completed" time="0" timestamp="2024-08-15T02:54:22" classname="franka_hardware.FrankaCartesianCommandTest/FrankaCartesianCommandInterfaceTest" />
    <testcase name="when_prepare_command_mode_interface_is_called_with_invalid_stop_interface_number_expect_throw/0" value_param="({ &quot;vx&quot;, &quot;vy&quot;, &quot;vz&quot;, &quot;wx&quot;, &quot;wy&quot;, &quot;wz&quot; }, &quot;cartesian_velocity&quot;)" status="run" result="completed" time="0" timestamp="2024-08-15T02:54:22" classname="franka_hardware.FrankaCartesianCommandTest/FrankaCartesianCommandInterfaceTest" />
    <testcase name="when_prepare_command_mode_interface_is_called_with_invalid_stop_interface_number_expect_throw/1" value_param="({ &quot;0&quot;, &quot;1&quot;, &quot;2&quot;, &quot;3&quot;, &quot;4&quot;, &quot;5&quot;, &quot;6&quot;, &quot;7&quot;, &quot;8&quot;, &quot;9&quot;, &quot;10&quot;, &quot;11&quot;, &quot;12&quot;, &quot;13&quot;, &quot;14&quot;, &quot;15&quot; }, &quot;cartesian_pose&quot;)" status="run" result="completed" time="0.001" timestamp="2024-08-15T02:54:22" classname="franka_hardware.FrankaCartesianCommandTest/FrankaCartesianCommandInterfaceTest" />
    <testcase name="when_prepare_command_mode_interface_is_called_with_invalid_stop_interface_number_expect_throw/2" value_param="({ &quot;joint_3_position&quot;, &quot;joint_4_sign&quot; }, &quot;elbow_command&quot;)" status="run" result="completed" time="0" timestamp="2024-08-15T02:54:22" classname="franka_hardware.FrankaCartesianCommandTest/FrankaCartesianCommandInterfaceTest" />
  </testsuite>
</testsuites>
