<?xml version="1.0" encoding="UTF-8"?>
<testsuites tests="47" failures="0" disabled="0" errors="0" time="6.084" timestamp="2024-08-15T02:54:16" name="AllTests">
  <testsuite name="FrankaHardwareInterfaceTest" tests="23" failures="0" disabled="0" errors="0" time="2.704" timestamp="2024-08-15T02:54:16">
    <testcase name="when_on_init_called_expect_success" status="run" result="completed" time="0.134" timestamp="2024-08-15T02:54:16" classname="franka_hardware.FrankaHardwareInterfaceTest" />
    <testcase name="given_that_the_robot_interfaces_set_when_read_called_return_ok" status="run" result="completed" time="0" timestamp="2024-08-15T02:54:16" classname="franka_hardware.FrankaHardwareInterfaceTest" />
    <testcase name="given_that_the_robot_interfaces_are_set_when_call_export_state_return_zero_values_and_correct_interface_names" status="run" result="completed" time="0.13" timestamp="2024-08-15T02:54:16" classname="franka_hardware.FrankaHardwareInterfaceTest" />
    <testcase name="given_that_the_robot_interfaces_are_set_when_call_export_state_interface_robot_model_interface_exists" status="run" result="completed" time="0.121" timestamp="2024-08-15T02:54:16" classname="franka_hardware.FrankaHardwareInterfaceTest" />
    <testcase name="given_that_the_robot_interfaces_are_set_when_call_export_state_interface_robot_state_interface_exists" status="run" result="completed" time="0.122" timestamp="2024-08-15T02:54:17" classname="franka_hardware.FrankaHardwareInterfaceTest" />
    <testcase name="when_write_called_with_inifite_command_expect_error" status="run" result="completed" time="0.122" timestamp="2024-08-15T02:54:17" classname="franka_hardware.FrankaHardwareInterfaceTest" />
    <testcase name="given_position_joint_command_interface_initialized_if_write_called_without_read_expect_write_once_not_to_called" status="run" result="completed" time="0.128" timestamp="2024-08-15T02:54:17" classname="franka_hardware.FrankaHardwareInterfaceTest" />
    <testcase name="when_on_activate_called_expect_success" status="run" result="completed" time="0" timestamp="2024-08-15T02:54:17" classname="franka_hardware.FrankaHardwareInterfaceTest" />
    <testcase name="when_on_deactivate_called_expect_success" status="run" result="completed" time="0" timestamp="2024-08-15T02:54:17" classname="franka_hardware.FrankaHardwareInterfaceTest" />
    <testcase name="given_param_service_server_setup_when_set_joint_stiffness_service_called_expect_robot_set_joint_stiffness_to_be_called" status="run" result="completed" time="0.125" timestamp="2024-08-15T02:54:17" classname="franka_hardware.FrankaHardwareInterfaceTest" />
    <testcase name="given_param_service_server_setup_when_set_joint_cartesian_service_called_expect_robot_set_joint_cartesian_to_be_called" status="run" result="completed" time="0.134" timestamp="2024-08-15T02:54:17" classname="franka_hardware.FrankaHardwareInterfaceTest" />
    <testcase name="given_param_service_server_setup_when_set_load_service_called_expect_robot_set_load_to_be_called" status="run" result="completed" time="0.136" timestamp="2024-08-15T02:54:17" classname="franka_hardware.FrankaHardwareInterfaceTest" />
    <testcase name="given_param_service_server_setup_when_set_tcp_frame_service_called_expect_robot_set_tcp_frame_to_be_called" status="run" result="completed" time="0.123" timestamp="2024-08-15T02:54:17" classname="franka_hardware.FrankaHardwareInterfaceTest" />
    <testcase name="given_param_service_server_setup_when_set_stiffness_frame_service_called_expect_robot_set_stiffness_frame_to_be_called" status="run" result="completed" time="0.127" timestamp="2024-08-15T02:54:17" classname="franka_hardware.FrankaHardwareInterfaceTest" />
    <testcase name="given_param_service_server_setup_when_set_force_torque_collision_behavior_service_called_expect_same_function_in_robot_class_to_be_called" status="run" result="completed" time="0.118" timestamp="2024-08-15T02:54:18" classname="franka_hardware.FrankaHardwareInterfaceTest" />
    <testcase name="given_param_service_server_setup_when_set_full_collision_behavior_service_called_expect_same_function_in_robot_class_to_be_called" status="run" result="completed" time="0.14" timestamp="2024-08-15T02:54:18" classname="franka_hardware.FrankaHardwareInterfaceTest" />
    <testcase name="set_joint_stiffness_throws_error" status="run" result="completed" time="0.146" timestamp="2024-08-15T02:54:18" classname="franka_hardware.FrankaHardwareInterfaceTest" />
    <testcase name="set_cartesian_stiffness_throws_error" status="run" result="completed" time="0.15" timestamp="2024-08-15T02:54:18" classname="franka_hardware.FrankaHardwareInterfaceTest" />
    <testcase name="set_load_throws_error" status="run" result="completed" time="0.148" timestamp="2024-08-15T02:54:18" classname="franka_hardware.FrankaHardwareInterfaceTest" />
    <testcase name="set_EE_frame_throws_error" status="run" result="completed" time="0.146" timestamp="2024-08-15T02:54:18" classname="franka_hardware.FrankaHardwareInterfaceTest" />
    <testcase name="set_K_frame_throws_error" status="run" result="completed" time="0.147" timestamp="2024-08-15T02:54:18" classname="franka_hardware.FrankaHardwareInterfaceTest" />
    <testcase name="set_force_torque_collision_behavior_throws_error" status="run" result="completed" time="0.155" timestamp="2024-08-15T02:54:19" classname="franka_hardware.FrankaHardwareInterfaceTest" />
    <testcase name="set_full_collision_behavior_throws_error" status="run" result="completed" time="0.152" timestamp="2024-08-15T02:54:19" classname="franka_hardware.FrankaHardwareInterfaceTest" />
  </testsuite>
  <testsuite name="FrankaHardwareTests/FrankaHardwareInterfaceTest" tests="21" failures="0" disabled="0" errors="0" time="2.943" timestamp="2024-08-15T02:54:19">
    <testcase name="when_prepare_command_mode_interface_for_stop_effort_interfaces_expect_ok/0" value_param="&quot;velocity&quot;" status="run" result="completed" time="0.133" timestamp="2024-08-15T02:54:19" classname="franka_hardware.FrankaHardwareTests/FrankaHardwareInterfaceTest" />
    <testcase name="when_prepare_command_mode_interface_for_stop_effort_interfaces_expect_ok/1" value_param="&quot;effort&quot;" status="run" result="completed" time="0.141" timestamp="2024-08-15T02:54:19" classname="franka_hardware.FrankaHardwareTests/FrankaHardwareInterfaceTest" />
    <testcase name="when_prepare_command_mode_interface_for_stop_effort_interfaces_expect_ok/2" value_param="&quot;position&quot;" status="run" result="completed" time="0.138" timestamp="2024-08-15T02:54:19" classname="franka_hardware.FrankaHardwareTests/FrankaHardwareInterfaceTest" />
    <testcase name="when_prepare_command_mode_interface_is_called_with_invalid_start_interface_number_expect_throw/0" value_param="&quot;velocity&quot;" status="run" result="completed" time="0.144" timestamp="2024-08-15T02:54:19" classname="franka_hardware.FrankaHardwareTests/FrankaHardwareInterfaceTest" />
    <testcase name="when_prepare_command_mode_interface_is_called_with_invalid_start_interface_number_expect_throw/1" value_param="&quot;effort&quot;" status="run" result="completed" time="0.141" timestamp="2024-08-15T02:54:19" classname="franka_hardware.FrankaHardwareTests/FrankaHardwareInterfaceTest" />
    <testcase name="when_prepare_command_mode_interface_is_called_with_invalid_start_interface_number_expect_throw/2" value_param="&quot;position&quot;" status="run" result="completed" time="0.138" timestamp="2024-08-15T02:54:20" classname="franka_hardware.FrankaHardwareTests/FrankaHardwareInterfaceTest" />
    <testcase name="when_prepare_command_mode_interface_for_start_effort_interfaces_expect_ok/0" value_param="&quot;velocity&quot;" status="run" result="completed" time="0.146" timestamp="2024-08-15T02:54:20" classname="franka_hardware.FrankaHardwareTests/FrankaHardwareInterfaceTest" />
    <testcase name="when_prepare_command_mode_interface_for_start_effort_interfaces_expect_ok/1" value_param="&quot;effort&quot;" status="run" result="completed" time="0.134" timestamp="2024-08-15T02:54:20" classname="franka_hardware.FrankaHardwareTests/FrankaHardwareInterfaceTest" />
    <testcase name="when_prepare_command_mode_interface_for_start_effort_interfaces_expect_ok/2" value_param="&quot;position&quot;" status="run" result="completed" time="0.142" timestamp="2024-08-15T02:54:20" classname="franka_hardware.FrankaHardwareTests/FrankaHardwareInterfaceTest" />
    <testcase name="when_prepare_command_mode_interface_is_called_with_invalid_stop_interface_number_expect_throw/0" value_param="&quot;velocity&quot;" status="run" result="completed" time="0.137" timestamp="2024-08-15T02:54:20" classname="franka_hardware.FrankaHardwareTests/FrankaHardwareInterfaceTest" />
    <testcase name="when_prepare_command_mode_interface_is_called_with_invalid_stop_interface_number_expect_throw/1" value_param="&quot;effort&quot;" status="run" result="completed" time="0.142" timestamp="2024-08-15T02:54:20" classname="franka_hardware.FrankaHardwareTests/FrankaHardwareInterfaceTest" />
    <testcase name="when_prepare_command_mode_interface_is_called_with_invalid_stop_interface_number_expect_throw/2" value_param="&quot;position&quot;" status="run" result="completed" time="0.143" timestamp="2024-08-15T02:54:20" classname="franka_hardware.FrankaHardwareTests/FrankaHardwareInterfaceTest" />
    <testcase name="when_write_called_expect_ok/0" value_param="&quot;velocity&quot;" status="run" result="completed" time="0.138" timestamp="2024-08-15T02:54:21" classname="franka_hardware.FrankaHardwareTests/FrankaHardwareInterfaceTest" />
    <testcase name="when_write_called_expect_ok/1" value_param="&quot;effort&quot;" status="run" result="completed" time="0.138" timestamp="2024-08-15T02:54:21" classname="franka_hardware.FrankaHardwareTests/FrankaHardwareInterfaceTest" />
    <testcase name="when_write_called_expect_ok/2" value_param="&quot;position&quot;" status="run" result="completed" time="0.146" timestamp="2024-08-15T02:54:21" classname="franka_hardware.FrankaHardwareTests/FrankaHardwareInterfaceTest" />
    <testcase name="given_start_effort_interface_prepared_when_perform_command_mode_switch_called_expect_ok/0" value_param="&quot;velocity&quot;" status="run" result="completed" time="0.139" timestamp="2024-08-15T02:54:21" classname="franka_hardware.FrankaHardwareTests/FrankaHardwareInterfaceTest" />
    <testcase name="given_start_effort_interface_prepared_when_perform_command_mode_switch_called_expect_ok/1" value_param="&quot;effort&quot;" status="run" result="completed" time="0.143" timestamp="2024-08-15T02:54:21" classname="franka_hardware.FrankaHardwareTests/FrankaHardwareInterfaceTest" />
    <testcase name="given_start_effort_interface_prepared_when_perform_command_mode_switch_called_expect_ok/2" value_param="&quot;position&quot;" status="run" result="completed" time="0.135" timestamp="2024-08-15T02:54:21" classname="franka_hardware.FrankaHardwareTests/FrankaHardwareInterfaceTest" />
    <testcase name="given_that_effort_control_started_perform_command_mode_switch_stop_expect_ok/0" value_param="&quot;velocity&quot;" status="run" result="completed" time="0.145" timestamp="2024-08-15T02:54:21" classname="franka_hardware.FrankaHardwareTests/FrankaHardwareInterfaceTest" />
    <testcase name="given_that_effort_control_started_perform_command_mode_switch_stop_expect_ok/1" value_param="&quot;effort&quot;" status="run" result="completed" time="0.14" timestamp="2024-08-15T02:54:22" classname="franka_hardware.FrankaHardwareTests/FrankaHardwareInterfaceTest" />
    <testcase name="given_that_effort_control_started_perform_command_mode_switch_stop_expect_ok/2" value_param="&quot;position&quot;" status="run" result="completed" time="0.138" timestamp="2024-08-15T02:54:22" classname="franka_hardware.FrankaHardwareTests/FrankaHardwareInterfaceTest" />
  </testsuite>
  <testsuite name="FrankaActionServerTestsInstantiation/FrankaActionServerTests" tests="3" failures="0" disabled="0" errors="0" time="0.437" timestamp="2024-08-15T02:54:22">
    <testcase name="whenErrorRecoveryActionTriggered_thenErrorRecoveryServiceCallExecuted/0" value_param="(32-byte object &lt;50-D5 99-40 40-56 00-00 00-00 00-00 00-00 00-00 20-E6 2C-40 40-56 00-00 F0-FE 2C-40 40-56 00-00&gt;, 1-byte object &lt;04&gt;)" status="run" result="completed" time="0.158" timestamp="2024-08-15T02:54:22" classname="franka_hardware.FrankaActionServerTestsInstantiation/FrankaActionServerTests" />
    <testcase name="whenErrorRecoveryActionTriggered_thenErrorRecoveryServiceCallExecuted/1" value_param="(32-byte object &lt;50-D5 99-40 40-56 00-00 00-00 00-00 00-00 00-00 B0-E5 2C-40 40-56 00-00 10-FC 2C-40 40-56 00-00&gt;, 1-byte object &lt;06&gt;)" status="run" result="completed" time="0.131" timestamp="2024-08-15T02:54:22" classname="franka_hardware.FrankaActionServerTestsInstantiation/FrankaActionServerTests" />
    <testcase name="whenErrorRecoveryActionTriggered_thenErrorRecoveryServiceCallExecuted/2" value_param="(32-byte object &lt;50-D5 99-40 40-56 00-00 00-00 00-00 00-00 00-00 40-E5 2C-40 40-56 00-00 30-F9 2C-40 40-56 00-00&gt;, 1-byte object &lt;06&gt;)" status="run" result="completed" time="0.148" timestamp="2024-08-15T02:54:22" classname="franka_hardware.FrankaActionServerTestsInstantiation/FrankaActionServerTests" />
  </testsuite>
</testsuites>
