Start testing: Aug 15 02:54 PDT
----------------------------------------------------------
1/3 Testing: copyright
1/3 Test: copyright
Command: "/usr/bin/python3" "-u" "/opt/ros/humble/share/ament_cmake_test/cmake/run_test.py" "/home/zac/franka_ws/build/franka_msgs/test_results/franka_msgs/copyright.xunit.xml" "--package-name" "franka_msgs" "--output-file" "/home/zac/franka_ws/build/franka_msgs/ament_copyright/copyright.txt" "--command" "/opt/ros/humble/bin/ament_copyright" "--xunit-file" "/home/zac/franka_ws/build/franka_msgs/test_results/franka_msgs/copyright.xunit.xml"
Directory: /home/zac/franka_ws/src/franka_ros2/franka_msgs
"copyright" start time: Aug 15 02:54 PDT
Output:
----------------------------------------------------------
-- run_test.py: invoking following command in '/home/zac/franka_ws/src/franka_ros2/franka_msgs':
 - /opt/ros/humble/bin/ament_copyright --xunit-file /home/zac/franka_ws/build/franka_msgs/test_results/franka_msgs/copyright.xunit.xml
No repository roots and files found
No problems found, checked 0 files
-- run_test.py: return code 0
-- run_test.py: verify result file '/home/zac/franka_ws/build/franka_msgs/test_results/franka_msgs/copyright.xunit.xml'
<end of output>
Test time =   0.21 sec
----------------------------------------------------------
Test Passed.
"copyright" end time: Aug 15 02:54 PDT
"copyright" time elapsed: 00:00:00
----------------------------------------------------------

2/3 Testing: lint_cmake
2/3 Test: lint_cmake
Command: "/usr/bin/python3" "-u" "/opt/ros/humble/share/ament_cmake_test/cmake/run_test.py" "/home/zac/franka_ws/build/franka_msgs/test_results/franka_msgs/lint_cmake.xunit.xml" "--package-name" "franka_msgs" "--output-file" "/home/zac/franka_ws/build/franka_msgs/ament_lint_cmake/lint_cmake.txt" "--command" "/opt/ros/humble/bin/ament_lint_cmake" "--xunit-file" "/home/zac/franka_ws/build/franka_msgs/test_results/franka_msgs/lint_cmake.xunit.xml"
Directory: /home/zac/franka_ws/src/franka_ros2/franka_msgs
"lint_cmake" start time: Aug 15 02:54 PDT
Output:
----------------------------------------------------------
-- run_test.py: invoking following command in '/home/zac/franka_ws/src/franka_ros2/franka_msgs':
 - /opt/ros/humble/bin/ament_lint_cmake --xunit-file /home/zac/franka_ws/build/franka_msgs/test_results/franka_msgs/lint_cmake.xunit.xml

No problems found
-- run_test.py: return code 0
-- run_test.py: verify result file '/home/zac/franka_ws/build/franka_msgs/test_results/franka_msgs/lint_cmake.xunit.xml'
<end of output>
Test time =   0.21 sec
----------------------------------------------------------
Test Passed.
"lint_cmake" end time: Aug 15 02:54 PDT
"lint_cmake" time elapsed: 00:00:00
----------------------------------------------------------

3/3 Testing: xmllint
3/3 Test: xmllint
Command: "/usr/bin/python3" "-u" "/opt/ros/humble/share/ament_cmake_test/cmake/run_test.py" "/home/zac/franka_ws/build/franka_msgs/test_results/franka_msgs/xmllint.xunit.xml" "--package-name" "franka_msgs" "--output-file" "/home/zac/franka_ws/build/franka_msgs/ament_xmllint/xmllint.txt" "--command" "/opt/ros/humble/bin/ament_xmllint" "--xunit-file" "/home/zac/franka_ws/build/franka_msgs/test_results/franka_msgs/xmllint.xunit.xml"
Directory: /home/zac/franka_ws/src/franka_ros2/franka_msgs
"xmllint" start time: Aug 15 02:54 PDT
Output:
----------------------------------------------------------
-- run_test.py: invoking following command in '/home/zac/franka_ws/src/franka_ros2/franka_msgs':
 - /opt/ros/humble/bin/ament_xmllint --xunit-file /home/zac/franka_ws/build/franka_msgs/test_results/franka_msgs/xmllint.xunit.xml
File 'package.xml' is valid

No problems found
-- run_test.py: return code 0
-- run_test.py: verify result file '/home/zac/franka_ws/build/franka_msgs/test_results/franka_msgs/xmllint.xunit.xml'
<end of output>
Test time =   0.44 sec
----------------------------------------------------------
Test Passed.
"xmllint" end time: Aug 15 02:54 PDT
"xmllint" time elapsed: 00:00:00
----------------------------------------------------------

End testing: Aug 15 02:54 PDT

copyright =   0.21 sec*proc

lint_cmake =   0.21 sec*proc

linter =   0.85 sec*proc

xmllint =   0.44 sec*proc

