UpdateCTestConfiguration  from :/home/zac/franka_ws/build/franka_semantic_components/CTestConfiguration.ini
Parse Config file:/home/zac/franka_ws/build/franka_semantic_components/CTestConfiguration.ini
   Site: CHARISMA-Predator-571
   Build name: (empty)
 Add coverage exclude regular expressions.
Create new tag: 20240815-0954 - Experimental
UpdateCTestConfiguration  from :/home/zac/franka_ws/build/franka_semantic_components/CTestConfiguration.ini
Parse Config file:/home/zac/franka_ws/build/franka_semantic_components/CTestConfiguration.ini
Test project /home/zac/franka_ws/build/franka_semantic_components
Constructing a list of tests
Done constructing a list of tests
Updating test list for fixtures
Added 0 tests to meet fixture requirements
Checking test dependency graph...
Checking test dependency graph end
test 1
      Start  1: clang_format

1: Test command: /usr/bin/python3 "-u" "/opt/ros/humble/share/ament_cmake_test/cmake/run_test.py" "/home/zac/franka_ws/build/franka_semantic_components/test_results/franka_semantic_components/clang_format.xunit.xml" "--package-name" "franka_semantic_components" "--output-file" "/home/zac/franka_ws/build/franka_semantic_components/ament_clang_format/clang_format.txt" "--command" "/opt/ros/humble/bin/ament_clang_format" "--xunit-file" "/home/zac/franka_ws/build/franka_semantic_components/test_results/franka_semantic_components/clang_format.xunit.xml" "src" "include" "--config" "../.clang-format"
1: Test timeout computed to be: 60
1: -- run_test.py: invoking following command in '/home/zac/franka_ws/src/franka_ros2/franka_semantic_components':
1:  - /opt/ros/humble/bin/ament_clang_format --xunit-file /home/zac/franka_ws/build/franka_semantic_components/test_results/franka_semantic_components/clang_format.xunit.xml src include --config ../.clang-format
1: No code style divergence in file 'src/franka_cartesian_pose_interface.cpp'
1: 
1: No code style divergence in file 'src/franka_cartesian_velocity_interface.cpp'
1: 
1: No code style divergence in file 'src/franka_robot_model.cpp'
1: 
1: No code style divergence in file 'src/franka_robot_state.cpp'
1: 
1: No code style divergence in file 'src/franka_semantic_component_interface.cpp'
1: 
1: No code style divergence in file 'src/translation_utils.cpp'
1: 
1: No code style divergence in file 'src/translation_utils.hpp'
1: 
1: No code style divergence in file 'include/franka_semantic_components/franka_cartesian_pose_interface.hpp'
1: 
1: No code style divergence in file 'include/franka_semantic_components/franka_cartesian_velocity_interface.hpp'
1: 
1: No code style divergence in file 'include/franka_semantic_components/franka_robot_model.hpp'
1: 
1: No code style divergence in file 'include/franka_semantic_components/franka_robot_state.hpp'
1: 
1: No code style divergence in file 'include/franka_semantic_components/franka_semantic_component_interface.hpp'
1: 
1: No problems found
1: -- run_test.py: return code 0
1: -- run_test.py: verify result file '/home/zac/franka_ws/build/franka_semantic_components/test_results/franka_semantic_components/clang_format.xunit.xml'
 1/12 Test  #1: clang_format ...............................   Passed    0.25 sec
test 2
      Start  2: copyright

2: Test command: /usr/bin/python3 "-u" "/opt/ros/humble/share/ament_cmake_test/cmake/run_test.py" "/home/zac/franka_ws/build/franka_semantic_components/test_results/franka_semantic_components/copyright.xunit.xml" "--package-name" "franka_semantic_components" "--output-file" "/home/zac/franka_ws/build/franka_semantic_components/ament_copyright/copyright.txt" "--command" "/opt/ros/humble/bin/ament_copyright" "--xunit-file" "/home/zac/franka_ws/build/franka_semantic_components/test_results/franka_semantic_components/copyright.xunit.xml" "src" "include" "package.xml"
2: Test timeout computed to be: 200
2: -- run_test.py: invoking following command in '/home/zac/franka_ws/src/franka_ros2/franka_semantic_components':
2:  - /opt/ros/humble/bin/ament_copyright --xunit-file /home/zac/franka_ws/build/franka_semantic_components/test_results/franka_semantic_components/copyright.xunit.xml src include package.xml
2: No problems found, checked 12 files
2: -- run_test.py: return code 0
2: -- run_test.py: verify result file '/home/zac/franka_ws/build/franka_semantic_components/test_results/franka_semantic_components/copyright.xunit.xml'
 2/12 Test  #2: copyright ..................................   Passed    0.59 sec
test 3
      Start  3: cppcheck

3: Test command: /usr/bin/python3 "-u" "/opt/ros/humble/share/ament_cmake_test/cmake/run_test.py" "/home/zac/franka_ws/build/franka_semantic_components/test_results/franka_semantic_components/cppcheck.xunit.xml" "--package-name" "franka_semantic_components" "--output-file" "/home/zac/franka_ws/build/franka_semantic_components/ament_cppcheck/cppcheck.txt" "--command" "/opt/ros/humble/bin/ament_cppcheck" "--xunit-file" "/home/zac/franka_ws/build/franka_semantic_components/test_results/franka_semantic_components/cppcheck.xunit.xml" "src" "include"
3: Test timeout computed to be: 300
3: -- run_test.py: invoking following command in '/home/zac/franka_ws/src/franka_ros2/franka_semantic_components':
3:  - /opt/ros/humble/bin/ament_cppcheck --xunit-file /home/zac/franka_ws/build/franka_semantic_components/test_results/franka_semantic_components/cppcheck.xunit.xml src include
3: cppcheck 2.7 has known performance issues and therefore will not be used, set the AMENT_CPPCHECK_ALLOW_SLOW_VERSIONS environment variable to override this.
3: -- run_test.py: return code 0
3: -- run_test.py: verify result file '/home/zac/franka_ws/build/franka_semantic_components/test_results/franka_semantic_components/cppcheck.xunit.xml'
 3/12 Test  #3: cppcheck ...................................   Passed    0.18 sec
test 4
      Start  4: lint_cmake

4: Test command: /usr/bin/python3 "-u" "/opt/ros/humble/share/ament_cmake_test/cmake/run_test.py" "/home/zac/franka_ws/build/franka_semantic_components/test_results/franka_semantic_components/lint_cmake.xunit.xml" "--package-name" "franka_semantic_components" "--output-file" "/home/zac/franka_ws/build/franka_semantic_components/ament_lint_cmake/lint_cmake.txt" "--command" "/opt/ros/humble/bin/ament_lint_cmake" "--xunit-file" "/home/zac/franka_ws/build/franka_semantic_components/test_results/franka_semantic_components/lint_cmake.xunit.xml" "CMakeLists.txt"
4: Test timeout computed to be: 60
4: -- run_test.py: invoking following command in '/home/zac/franka_ws/src/franka_ros2/franka_semantic_components':
4:  - /opt/ros/humble/bin/ament_lint_cmake --xunit-file /home/zac/franka_ws/build/franka_semantic_components/test_results/franka_semantic_components/lint_cmake.xunit.xml CMakeLists.txt
4: 
4: No problems found
4: -- run_test.py: return code 0
4: -- run_test.py: verify result file '/home/zac/franka_ws/build/franka_semantic_components/test_results/franka_semantic_components/lint_cmake.xunit.xml'
 4/12 Test  #4: lint_cmake .................................   Passed    0.16 sec
test 5
      Start  5: flake8

5: Test command: /usr/bin/python3 "-u" "/opt/ros/humble/share/ament_cmake_test/cmake/run_test.py" "/home/zac/franka_ws/build/franka_semantic_components/test_results/franka_semantic_components/flake8.xunit.xml" "--package-name" "franka_semantic_components" "--output-file" "/home/zac/franka_ws/build/franka_semantic_components/ament_flake8/flake8.txt" "--command" "/opt/ros/humble/bin/ament_flake8" "--xunit-file" "/home/zac/franka_ws/build/franka_semantic_components/test_results/franka_semantic_components/flake8.xunit.xml"
5: Test timeout computed to be: 60
5: -- run_test.py: invoking following command in '/home/zac/franka_ws/src/franka_ros2/franka_semantic_components':
5:  - /opt/ros/humble/bin/ament_flake8 --xunit-file /home/zac/franka_ws/build/franka_semantic_components/test_results/franka_semantic_components/flake8.xunit.xml
5: 
5: 0 files checked
5: No problems found
5: 
5: Checked files:
5: 
5: -- run_test.py: return code 0
5: -- run_test.py: verify result file '/home/zac/franka_ws/build/franka_semantic_components/test_results/franka_semantic_components/flake8.xunit.xml'
 5/12 Test  #5: flake8 .....................................   Passed    0.26 sec
test 6
      Start  6: pep257

6: Test command: /usr/bin/python3 "-u" "/opt/ros/humble/share/ament_cmake_test/cmake/run_test.py" "/home/zac/franka_ws/build/franka_semantic_components/test_results/franka_semantic_components/pep257.xunit.xml" "--package-name" "franka_semantic_components" "--output-file" "/home/zac/franka_ws/build/franka_semantic_components/ament_pep257/pep257.txt" "--command" "/opt/ros/humble/bin/ament_pep257" "--xunit-file" "/home/zac/franka_ws/build/franka_semantic_components/test_results/franka_semantic_components/pep257.xunit.xml"
6: Test timeout computed to be: 60
6: -- run_test.py: invoking following command in '/home/zac/franka_ws/src/franka_ros2/franka_semantic_components':
6:  - /opt/ros/humble/bin/ament_pep257 --xunit-file /home/zac/franka_ws/build/franka_semantic_components/test_results/franka_semantic_components/pep257.xunit.xml
6: No problems found
6: -- run_test.py: return code 0
6: -- run_test.py: verify result file '/home/zac/franka_ws/build/franka_semantic_components/test_results/franka_semantic_components/pep257.xunit.xml'
 6/12 Test  #6: pep257 .....................................   Passed    0.22 sec
test 7
      Start  7: xmllint

7: Test command: /usr/bin/python3 "-u" "/opt/ros/humble/share/ament_cmake_test/cmake/run_test.py" "/home/zac/franka_ws/build/franka_semantic_components/test_results/franka_semantic_components/xmllint.xunit.xml" "--package-name" "franka_semantic_components" "--output-file" "/home/zac/franka_ws/build/franka_semantic_components/ament_xmllint/xmllint.txt" "--command" "/opt/ros/humble/bin/ament_xmllint" "--xunit-file" "/home/zac/franka_ws/build/franka_semantic_components/test_results/franka_semantic_components/xmllint.xunit.xml"
7: Test timeout computed to be: 60
7: -- run_test.py: invoking following command in '/home/zac/franka_ws/src/franka_ros2/franka_semantic_components':
7:  - /opt/ros/humble/bin/ament_xmllint --xunit-file /home/zac/franka_ws/build/franka_semantic_components/test_results/franka_semantic_components/xmllint.xunit.xml
7: File 'package.xml' is valid
7: 
7: No problems found
7: -- run_test.py: return code 0
7: -- run_test.py: verify result file '/home/zac/franka_ws/build/franka_semantic_components/test_results/franka_semantic_components/xmllint.xunit.xml'
 7/12 Test  #7: xmllint ....................................   Passed    0.35 sec
test 8
      Start  8: test_franka_robot_state

8: Test command: /usr/bin/python3 "-u" "/opt/ros/humble/share/ament_cmake_test/cmake/run_test.py" "/home/zac/franka_ws/build/franka_semantic_components/test_results/franka_semantic_components/test_franka_robot_state.gtest.xml" "--package-name" "franka_semantic_components" "--output-file" "/home/zac/franka_ws/build/franka_semantic_components/ament_cmake_gmock/test_franka_robot_state.txt" "--command" "/home/zac/franka_ws/build/franka_semantic_components/test_franka_robot_state" "--gtest_output=xml:/home/zac/franka_ws/build/franka_semantic_components/test_results/franka_semantic_components/test_franka_robot_state.gtest.xml"
8: Test timeout computed to be: 60
8: -- run_test.py: invoking following command in '/home/zac/franka_ws/build/franka_semantic_components':
8:  - /home/zac/franka_ws/build/franka_semantic_components/test_franka_robot_state --gtest_output=xml:/home/zac/franka_ws/build/franka_semantic_components/test_results/franka_semantic_components/test_franka_robot_state.gtest.xml
8: Running main() from gmock_main.cc
8: [==========] Running 4 tests from 1 test suite.
8: [----------] Global test environment set-up.
8: [----------] 4 tests from FrankaRobotStateTest
8: [ RUN      ] FrankaRobotStateTest.validate_state_names_and_size
8: [       OK ] FrankaRobotStateTest.validate_state_names_and_size (34 ms)
8: [ RUN      ] FrankaRobotStateTest.robot_state_ptr_uncasted_correctly
8: [       OK ] FrankaRobotStateTest.robot_state_ptr_uncasted_correctly (33 ms)
8: [ RUN      ] FrankaRobotStateTest.givenFrankaSemanticStateInitialized_whenMessageReturnedExpectsCorrectValues
8: [       OK ] FrankaRobotStateTest.givenFrankaSemanticStateInitialized_whenMessageReturnedExpectsCorrectValues (33 ms)
8: [ RUN      ] FrankaRobotStateTest.givenInitializedRobotStateMsg_thenCorrectFrameIDs
8: [       OK ] FrankaRobotStateTest.givenInitializedRobotStateMsg_thenCorrectFrameIDs (32 ms)
8: [----------] 4 tests from FrankaRobotStateTest (132 ms total)
8: 
8: [----------] Global test environment tear-down
8: [==========] 4 tests from 1 test suite ran. (132 ms total)
8: [  PASSED  ] 4 tests.
8: -- run_test.py: return code 0
8: -- run_test.py: inject classname prefix into gtest result file '/home/zac/franka_ws/build/franka_semantic_components/test_results/franka_semantic_components/test_franka_robot_state.gtest.xml'
8: -- run_test.py: verify result file '/home/zac/franka_ws/build/franka_semantic_components/test_results/franka_semantic_components/test_franka_robot_state.gtest.xml'
 8/12 Test  #8: test_franka_robot_state ....................   Passed    0.22 sec
test 9
      Start  9: test_franka_robot_model

9: Test command: /usr/bin/python3 "-u" "/opt/ros/humble/share/ament_cmake_test/cmake/run_test.py" "/home/zac/franka_ws/build/franka_semantic_components/test_results/franka_semantic_components/test_franka_robot_model.gtest.xml" "--package-name" "franka_semantic_components" "--output-file" "/home/zac/franka_ws/build/franka_semantic_components/ament_cmake_gmock/test_franka_robot_model.txt" "--command" "/home/zac/franka_ws/build/franka_semantic_components/test_franka_robot_model" "--gtest_output=xml:/home/zac/franka_ws/build/franka_semantic_components/test_results/franka_semantic_components/test_franka_robot_model.gtest.xml"
9: Test timeout computed to be: 60
9: -- run_test.py: invoking following command in '/home/zac/franka_ws/build/franka_semantic_components':
9:  - /home/zac/franka_ws/build/franka_semantic_components/test_franka_robot_model --gtest_output=xml:/home/zac/franka_ws/build/franka_semantic_components/test_results/franka_semantic_components/test_franka_robot_model.gtest.xml
9: Running main() from gmock_main.cc
9: [==========] Running 10 tests from 1 test suite.
9: [----------] Global test environment set-up.
9: [----------] 10 tests from FrankaRobotModelTest
9: [ RUN      ] FrankaRobotModelTest.given_franka_semantic_model_initialized_when_get_coriolis_expect_one
9: [       OK ] FrankaRobotModelTest.given_franka_semantic_model_initialized_when_get_coriolis_expect_one (0 ms)
9: [ RUN      ] FrankaRobotModelTest.validate_state_names_and_size
9: [       OK ] FrankaRobotModelTest.validate_state_names_and_size (0 ms)
9: [ RUN      ] FrankaRobotModelTest.given_franka_semantic_model_initialized_when_get_gravity_expect_one
9: [       OK ] FrankaRobotModelTest.given_franka_semantic_model_initialized_when_get_gravity_expect_one (0 ms)
9: [ RUN      ] FrankaRobotModelTest.given_franka_semantic_model_initialized_when_get_pose_expect_one
9: [       OK ] FrankaRobotModelTest.given_franka_semantic_model_initialized_when_get_pose_expect_one (0 ms)
9: [ RUN      ] FrankaRobotModelTest.given_franka_semantic_model_initialized_when_get_mass_expect_correct
9: [       OK ] FrankaRobotModelTest.given_franka_semantic_model_initialized_when_get_mass_expect_correct (0 ms)
9: [ RUN      ] FrankaRobotModelTest.given_franka_semantic_model_not_initialized_expect_exception
9: [ERROR] [1723715665.422722269] [franka_model_semantic_component]: Franka interface does not exist! Did you assign the loaned state in the controller?
9: [       OK ] FrankaRobotModelTest.given_franka_semantic_model_not_initialized_expect_exception (0 ms)
9: [ RUN      ] FrankaRobotModelTest.given_franka_semantic_model_not_initialized_when_get_gravity_called_expect_exception
9: [ERROR] [1723715665.422794712] [franka_model_semantic_component]: Franka interface does not exist! Did you assign the loaned state in the controller?
9: [       OK ] FrankaRobotModelTest.given_franka_semantic_model_not_initialized_when_get_gravity_called_expect_exception (0 ms)
9: [ RUN      ] FrankaRobotModelTest.given_franka_semantic_model_not_initialized_when_get_pose_called_expect_exception
9: [ERROR] [1723715665.422808388] [franka_model_semantic_component]: Franka interface does not exist! Did you assign the loaned state in the controller?
9: [       OK ] FrankaRobotModelTest.given_franka_semantic_model_not_initialized_when_get_pose_called_expect_exception (0 ms)
9: [ RUN      ] FrankaRobotModelTest.given_franka_semantic_model_not_initialized_when_get_body_jacobian_called_expect_exception
9: [ERROR] [1723715665.422819149] [franka_model_semantic_component]: Franka interface does not exist! Did you assign the loaned state in the controller?
9: [       OK ] FrankaRobotModelTest.given_franka_semantic_model_not_initialized_when_get_body_jacobian_called_expect_exception (0 ms)
9: [ RUN      ] FrankaRobotModelTest.given_franka_semantic_model_not_initialized_when_get_zero_jacobian_called_expect_exception
9: [ERROR] [1723715665.422829831] [franka_model_semantic_component]: Franka interface does not exist! Did you assign the loaned state in the controller?
9: [       OK ] FrankaRobotModelTest.given_franka_semantic_model_not_initialized_when_get_zero_jacobian_called_expect_exception (0 ms)
9: [----------] 10 tests from FrankaRobotModelTest (0 ms total)
9: 
9: [----------] Global test environment tear-down
9: [==========] 10 tests from 1 test suite ran. (0 ms total)
9: [  PASSED  ] 10 tests.
9: -- run_test.py: return code 0
9: -- run_test.py: inject classname prefix into gtest result file '/home/zac/franka_ws/build/franka_semantic_components/test_results/franka_semantic_components/test_franka_robot_model.gtest.xml'
9: -- run_test.py: verify result file '/home/zac/franka_ws/build/franka_semantic_components/test_results/franka_semantic_components/test_franka_robot_model.gtest.xml'
 9/12 Test  #9: test_franka_robot_model ....................   Passed    0.08 sec
test 10
      Start 10: franka_semantic_component_interface_test

10: Test command: /usr/bin/python3 "-u" "/opt/ros/humble/share/ament_cmake_test/cmake/run_test.py" "/home/zac/franka_ws/build/franka_semantic_components/test_results/franka_semantic_components/franka_semantic_component_interface_test.gtest.xml" "--package-name" "franka_semantic_components" "--output-file" "/home/zac/franka_ws/build/franka_semantic_components/ament_cmake_gmock/franka_semantic_component_interface_test.txt" "--command" "/home/zac/franka_ws/build/franka_semantic_components/franka_semantic_component_interface_test" "--gtest_output=xml:/home/zac/franka_ws/build/franka_semantic_components/test_results/franka_semantic_components/franka_semantic_component_interface_test.gtest.xml"
10: Test timeout computed to be: 60
10: -- run_test.py: invoking following command in '/home/zac/franka_ws/build/franka_semantic_components':
10:  - /home/zac/franka_ws/build/franka_semantic_components/franka_semantic_component_interface_test --gtest_output=xml:/home/zac/franka_ws/build/franka_semantic_components/test_results/franka_semantic_components/franka_semantic_component_interface_test.gtest.xml
10: Running main() from gmock_main.cc
10: [==========] Running 6 tests from 1 test suite.
10: [----------] Global test environment set-up.
10: [----------] 6 tests from SemanticComponentInterfaceTest
10: [ RUN      ] SemanticComponentInterfaceTest.validate_default_names
10: [       OK ] SemanticComponentInterfaceTest.validate_default_names (0 ms)
10: [ RUN      ] SemanticComponentInterfaceTest.validate_command_interface_default_names
10: [       OK ] SemanticComponentInterfaceTest.validate_command_interface_default_names (0 ms)
10: [ RUN      ] SemanticComponentInterfaceTest.validate_custom_state_interface_names
10: [       OK ] SemanticComponentInterfaceTest.validate_custom_state_interface_names (0 ms)
10: [ RUN      ] SemanticComponentInterfaceTest.validate_custom_command_interface_names
10: [       OK ] SemanticComponentInterfaceTest.validate_custom_command_interface_names (0 ms)
10: [ RUN      ] SemanticComponentInterfaceTest.validate_state_interfaces
10: [       OK ] SemanticComponentInterfaceTest.validate_state_interfaces (0 ms)
10: [ RUN      ] SemanticComponentInterfaceTest.validate_command_interfaces
10: [       OK ] SemanticComponentInterfaceTest.validate_command_interfaces (0 ms)
10: [----------] 6 tests from SemanticComponentInterfaceTest (0 ms total)
10: 
10: [----------] Global test environment tear-down
10: [==========] 6 tests from 1 test suite ran. (0 ms total)
10: [  PASSED  ] 6 tests.
10: -- run_test.py: return code 0
10: -- run_test.py: inject classname prefix into gtest result file '/home/zac/franka_ws/build/franka_semantic_components/test_results/franka_semantic_components/franka_semantic_component_interface_test.gtest.xml'
10: -- run_test.py: verify result file '/home/zac/franka_ws/build/franka_semantic_components/test_results/franka_semantic_components/franka_semantic_component_interface_test.gtest.xml'
10/12 Test #10: franka_semantic_component_interface_test ...   Passed    0.08 sec
test 11
      Start 11: franka_cartesian_velocity_interface_test

11: Test command: /usr/bin/python3 "-u" "/opt/ros/humble/share/ament_cmake_test/cmake/run_test.py" "/home/zac/franka_ws/build/franka_semantic_components/test_results/franka_semantic_components/franka_cartesian_velocity_interface_test.gtest.xml" "--package-name" "franka_semantic_components" "--output-file" "/home/zac/franka_ws/build/franka_semantic_components/ament_cmake_gmock/franka_cartesian_velocity_interface_test.txt" "--command" "/home/zac/franka_ws/build/franka_semantic_components/franka_cartesian_velocity_interface_test" "--gtest_output=xml:/home/zac/franka_ws/build/franka_semantic_components/test_results/franka_semantic_components/franka_cartesian_velocity_interface_test.gtest.xml"
11: Test timeout computed to be: 60
11: -- run_test.py: invoking following command in '/home/zac/franka_ws/build/franka_semantic_components':
11:  - /home/zac/franka_ws/build/franka_semantic_components/franka_cartesian_velocity_interface_test --gtest_output=xml:/home/zac/franka_ws/build/franka_semantic_components/test_results/franka_semantic_components/franka_cartesian_velocity_interface_test.gtest.xml
11: Running main() from gmock_main.cc
11: [==========] Running 8 tests from 1 test suite.
11: [----------] Global test environment set-up.
11: [----------] 8 tests from FrankaCartesianVelocityTest
11: [ RUN      ] FrankaCartesianVelocityTest.given_correct_interfaces_set_velocity_with_elbow_command_expect_successful
11: [       OK ] FrankaCartesianVelocityTest.given_correct_interfaces_set_velocity_with_elbow_command_expect_successful (0 ms)
11: [ RUN      ] FrankaCartesianVelocityTest.given_correct_interfaces_when_get_elbow_command_values_called_expect_successful
11: [       OK ] FrankaCartesianVelocityTest.given_correct_interfaces_when_get_elbow_command_values_called_expect_successful (0 ms)
11: [ RUN      ] FrankaCartesianVelocityTest.given_elbow_is_not_activated_when_elbow_command_get_value_is_called_expect_throw
11: [       OK ] FrankaCartesianVelocityTest.given_elbow_is_not_activated_when_elbow_command_get_value_is_called_expect_throw (0 ms)
11: [ RUN      ] FrankaCartesianVelocityTest.given_elbow_and_cartesian_velocity_claimed_when_set_velocity_command_without_elbow_expect_failure
11: [ERROR] [1723715665.587033461] [franka_cartesian_velocity_interface]: Elbow command interface must not claimed, if elbow is not commanded.
11: [       OK ] FrankaCartesianVelocityTest.given_elbow_and_cartesian_velocity_claimed_when_set_velocity_command_without_elbow_expect_failure (1 ms)
11: [ RUN      ] FrankaCartesianVelocityTest.given_only_cartesian_velocity_claimed_without_elbow_when_set_velocity_command_cartesian_vel_expect_successful
11: [ERROR] [1723715665.587101035] [franka_cartesian_velocity_interface]: Elbow command interface must be claimed to command elbow.
11: [       OK ] FrankaCartesianVelocityTest.given_only_cartesian_velocity_claimed_without_elbow_when_set_velocity_command_cartesian_vel_expect_successful (0 ms)
11: [ RUN      ] FrankaCartesianVelocityTest.given_incorrect_command_interfaces_set_velocity_expect_unsuccesful
11: [ERROR] [1723715665.587152998] [franka_cartesian_velocity_interface]: Elbow command interface must not claimed, if elbow is not commanded.
11: [       OK ] FrankaCartesianVelocityTest.given_incorrect_command_interfaces_set_velocity_expect_unsuccesful (0 ms)
11: [ RUN      ] FrankaCartesianVelocityTest.given_correct_interface_when_initial_elbow_state_requested_expect_correct
11: [       OK ] FrankaCartesianVelocityTest.given_correct_interface_when_initial_elbow_state_requested_expect_correct (0 ms)
11: [ RUN      ] FrankaCartesianVelocityTest.given_correct_interface_when_initial_elbow_state_requested_expect_throw
11: [       OK ] FrankaCartesianVelocityTest.given_correct_interface_when_initial_elbow_state_requested_expect_throw (0 ms)
11: [----------] 8 tests from FrankaCartesianVelocityTest (1 ms total)
11: 
11: [----------] Global test environment tear-down
11: [==========] 8 tests from 1 test suite ran. (1 ms total)
11: [  PASSED  ] 8 tests.
11: -- run_test.py: return code 0
11: -- run_test.py: inject classname prefix into gtest result file '/home/zac/franka_ws/build/franka_semantic_components/test_results/franka_semantic_components/franka_cartesian_velocity_interface_test.gtest.xml'
11: -- run_test.py: verify result file '/home/zac/franka_ws/build/franka_semantic_components/test_results/franka_semantic_components/franka_cartesian_velocity_interface_test.gtest.xml'
11/12 Test #11: franka_cartesian_velocity_interface_test ...   Passed    0.08 sec
test 12
      Start 12: franka_cartesian_pose_interface_test

12: Test command: /usr/bin/python3 "-u" "/opt/ros/humble/share/ament_cmake_test/cmake/run_test.py" "/home/zac/franka_ws/build/franka_semantic_components/test_results/franka_semantic_components/franka_cartesian_pose_interface_test.gtest.xml" "--package-name" "franka_semantic_components" "--output-file" "/home/zac/franka_ws/build/franka_semantic_components/ament_cmake_gmock/franka_cartesian_pose_interface_test.txt" "--command" "/home/zac/franka_ws/build/franka_semantic_components/franka_cartesian_pose_interface_test" "--gtest_output=xml:/home/zac/franka_ws/build/franka_semantic_components/test_results/franka_semantic_components/franka_cartesian_pose_interface_test.gtest.xml"
12: Test timeout computed to be: 60
12: -- run_test.py: invoking following command in '/home/zac/franka_ws/build/franka_semantic_components':
12:  - /home/zac/franka_ws/build/franka_semantic_components/franka_cartesian_pose_interface_test --gtest_output=xml:/home/zac/franka_ws/build/franka_semantic_components/test_results/franka_semantic_components/franka_cartesian_pose_interface_test.gtest.xml
12: Running main() from gmock_main.cc
12: [==========] Running 14 tests from 1 test suite.
12: [----------] Global test environment set-up.
12: [----------] 14 tests from FrankaCartesianPoseTest
12: [ RUN      ] FrankaCartesianPoseTest.given_correct_interfaces_set_carte_with_elbow_command_expect_successful
12: [       OK ] FrankaCartesianPoseTest.given_correct_interfaces_set_carte_with_elbow_command_expect_successful (1 ms)
12: [ RUN      ] FrankaCartesianPoseTest.given_correct_interfaces_when_get_elbow_command_values_called_expect_successful
12: [       OK ] FrankaCartesianPoseTest.given_correct_interfaces_when_get_elbow_command_values_called_expect_successful (0 ms)
12: [ RUN      ] FrankaCartesianPoseTest.given_elbow_is_not_activated_when_elbow_command_get_value_is_called_expect_throw
12: [       OK ] FrankaCartesianPoseTest.given_elbow_is_not_activated_when_elbow_command_get_value_is_called_expect_throw (0 ms)
12: [ RUN      ] FrankaCartesianPoseTest.given_elbow_and_cartesian_pose_claimed_when_set_pose_command_without_elbow_expect_failure
12: [ERROR] [1723715665.667261369] [franka_cartesian_velocity_interface]: Elbow command interface must not claimed, if elbow is not commanded. If elbow is activated, Use setCommand(pose_command, elbow_command) interface.
12: [       OK ] FrankaCartesianPoseTest.given_elbow_and_cartesian_pose_claimed_when_set_pose_command_without_elbow_expect_failure (0 ms)
12: [ RUN      ] FrankaCartesianPoseTest.given_only_cartesian_velocity_claimed_without_elbow_when_set_velocity_command_cartesian_vel_expect_successful
12: [ERROR] [1723715665.667351270] [franka_cartesian_pose_interface]: Elbow command interface must be claimed to command elbow.
12: [       OK ] FrankaCartesianPoseTest.given_only_cartesian_velocity_claimed_without_elbow_when_set_velocity_command_cartesian_vel_expect_successful (0 ms)
12: [ RUN      ] FrankaCartesianPoseTest.given_incorrect_command_interfaces_set_velocity_expect_unsuccesful
12: [ERROR] [1723715665.667365711] [franka_cartesian_velocity_interface]: Elbow command interface must not claimed, if elbow is not commanded. If elbow is activated, Use setCommand(pose_command, elbow_command) interface.
12: [       OK ] FrankaCartesianPoseTest.given_incorrect_command_interfaces_set_velocity_expect_unsuccesful (0 ms)
12: [ RUN      ] FrankaCartesianPoseTest.given_correct_interfaces_when_set_command_called_with_quaternion_and_translation_expect_the_correct_pose
12: [       OK ] FrankaCartesianPoseTest.given_correct_interfaces_when_set_command_called_with_quaternion_and_translation_expect_the_correct_pose (0 ms)
12: [ RUN      ] FrankaCartesianPoseTest.given_correct_interfaces_when_set_command_called_with_quaternion_and_translation_and_elbow_expect_the_correct_pose
12: [       OK ] FrankaCartesianPoseTest.given_correct_interfaces_when_set_command_called_with_quaternion_and_translation_and_elbow_expect_the_correct_pose (0 ms)
12: [ RUN      ] FrankaCartesianPoseTest.given_correct_interfaces_when_get_commanded_pose_called_expect_the_correct_pose
12: [       OK ] FrankaCartesianPoseTest.given_correct_interfaces_when_get_commanded_pose_called_expect_the_correct_pose (0 ms)
12: [ RUN      ] FrankaCartesianPoseTest.given_correct_interfaces_when_get_elbow_commanded_called_expect_the_correct_elbow
12: [       OK ] FrankaCartesianPoseTest.given_correct_interfaces_when_get_elbow_commanded_called_expect_the_correct_elbow (0 ms)
12: [ RUN      ] FrankaCartesianPoseTest.given_correct_interfaces_when_initial_elbow_request_expect_correct_state
12: [       OK ] FrankaCartesianPoseTest.given_correct_interfaces_when_initial_elbow_request_expect_correct_state (0 ms)
12: [ RUN      ] FrankaCartesianPoseTest.given_elbow_not_activated_when_initial_elbow_requested_expect_throw
12: [       OK ] FrankaCartesianPoseTest.given_elbow_not_activated_when_initial_elbow_requested_expect_throw (0 ms)
12: [ RUN      ] FrankaCartesianPoseTest.given_correct_interfaces_when_initial_orientation_request_expect_correct_pose
12: [       OK ] FrankaCartesianPoseTest.given_correct_interfaces_when_initial_orientation_request_expect_correct_pose (0 ms)
12: [ RUN      ] FrankaCartesianPoseTest.given_correct_interfaces_when_pose_requested_expect_correct_pose
12: [       OK ] FrankaCartesianPoseTest.given_correct_interfaces_when_pose_requested_expect_correct_pose (0 ms)
12: [----------] 14 tests from FrankaCartesianPoseTest (1 ms total)
12: 
12: [----------] Global test environment tear-down
12: [==========] 14 tests from 1 test suite ran. (1 ms total)
12: [  PASSED  ] 14 tests.
12: -- run_test.py: return code 0
12: -- run_test.py: inject classname prefix into gtest result file '/home/zac/franka_ws/build/franka_semantic_components/test_results/franka_semantic_components/franka_cartesian_pose_interface_test.gtest.xml'
12: -- run_test.py: verify result file '/home/zac/franka_ws/build/franka_semantic_components/test_results/franka_semantic_components/franka_cartesian_pose_interface_test.gtest.xml'
12/12 Test #12: franka_cartesian_pose_interface_test .......   Passed    0.09 sec

[0;32m100% tests passed[0;0m, 0 tests failed[0;0m out of 12

Label Time Summary:
clang_format    =   0.25 sec*proc (1 test)
copyright       =   0.59 sec*proc (1 test)
cppcheck        =   0.18 sec*proc (1 test)
flake8          =   0.26 sec*proc (1 test)
gmock           =   0.55 sec*proc (5 tests)
lint_cmake      =   0.16 sec*proc (1 test)
linter          =   2.01 sec*proc (7 tests)
pep257          =   0.22 sec*proc (1 test)
xmllint         =   0.35 sec*proc (1 test)

Total Test time (real) =   2.56 sec
