[0.039s] Invoking command in '/home/zac/franka_ws/build/franka_semantic_components': CMAKE_PREFIX_PATH=/home/zac/franka_ws/install/franka_semantic_components:/home/zac/franka_ws/install/franka_hardware:/home/zac/franka_ws/install/franka_msgs:/home/zac/franka_ws/install/joint_trajectory_controller:/home/zac/franka_ws/install/integration_launch_testing:/home/zac/franka_ws/install/franka_bringup:/home/zac/franka_ws/install/franka_robot_state_broadcaster:/home/zac/franka_ws/install/franka_example_controllers:/home/zac/franka_ws/install/franka_gazebo_bringup:/home/zac/franka_ws/install/franka_ign_ros2_control:/home/zac/franka_ws/install/franka_fr3_moveit_config:/home/zac/franka_ws/install/franka_gripper:/home/zac/franka_ws/install/franka_description LD_LIBRARY_PATH=/home/zac/franka_ws/install/franka_semantic_components/lib:/home/zac/franka_ws/install/franka_hardware/lib:/home/zac/franka_ws/install/franka_msgs/lib:/home/zac/franka_ws/install/joint_trajectory_controller/lib:/home/zac/franka_ws/install/integration_launch_testing/lib:/home/zac/franka_ws/install/franka_robot_state_broadcaster/lib:/home/zac/franka_ws/install/franka_example_controllers/lib:/home/zac/franka_ws/install/franka_ign_ros2_control/lib:/home/zac/franka_ws/install/franka_gripper/lib:/opt/ros/humble/opt/rviz_ogre_vendor/lib:/opt/ros/humble/lib/x86_64-linux-gnu:/opt/ros/humble/lib /usr/bin/ctest -C Release -D ExperimentalTest --no-compress-output -V --force-new-ctest-process
[0.047s] UpdateCTestConfiguration  from :/home/zac/franka_ws/build/franka_semantic_components/CTestConfiguration.ini
[0.048s] Parse Config file:/home/zac/franka_ws/build/franka_semantic_components/CTestConfiguration.ini
[0.048s]    Site: CHARISMA-Predator-571
[0.048s]    Build name: (empty)
[0.048s]  Add coverage exclude regular expressions.
[0.048s] Create new tag: 20240815-0954 - Experimental
[0.048s] UpdateCTestConfiguration  from :/home/zac/franka_ws/build/franka_semantic_components/CTestConfiguration.ini
[0.049s] Parse Config file:/home/zac/franka_ws/build/franka_semantic_components/CTestConfiguration.ini
[0.049s] Test project /home/zac/franka_ws/build/franka_semantic_components
[0.049s] Constructing a list of tests
[0.050s] Done constructing a list of tests
[0.050s] Updating test list for fixtures
[0.051s] Added 0 tests to meet fixture requirements
[0.051s] Checking test dependency graph...
[0.052s] Checking test dependency graph end
[0.052s] test 1
[0.052s]       Start  1: clang_format
[0.052s] 
[0.052s] 1: Test command: /usr/bin/python3 "-u" "/opt/ros/humble/share/ament_cmake_test/cmake/run_test.py" "/home/zac/franka_ws/build/franka_semantic_components/test_results/franka_semantic_components/clang_format.xunit.xml" "--package-name" "franka_semantic_components" "--output-file" "/home/zac/franka_ws/build/franka_semantic_components/ament_clang_format/clang_format.txt" "--command" "/opt/ros/humble/bin/ament_clang_format" "--xunit-file" "/home/zac/franka_ws/build/franka_semantic_components/test_results/franka_semantic_components/clang_format.xunit.xml" "src" "include" "--config" "../.clang-format"
[0.052s] 1: Test timeout computed to be: 60
[0.117s] 1: -- run_test.py: invoking following command in '/home/zac/franka_ws/src/franka_ros2/franka_semantic_components':
[0.117s] 1:  - /opt/ros/humble/bin/ament_clang_format --xunit-file /home/zac/franka_ws/build/franka_semantic_components/test_results/franka_semantic_components/clang_format.xunit.xml src include --config ../.clang-format
[0.281s] 1: No code style divergence in file 'src/franka_cartesian_pose_interface.cpp'
[0.281s] 1: 
[0.281s] 1: No code style divergence in file 'src/franka_cartesian_velocity_interface.cpp'
[0.282s] 1: 
[0.282s] 1: No code style divergence in file 'src/franka_robot_model.cpp'
[0.282s] 1: 
[0.282s] 1: No code style divergence in file 'src/franka_robot_state.cpp'
[0.282s] 1: 
[0.282s] 1: No code style divergence in file 'src/franka_semantic_component_interface.cpp'
[0.282s] 1: 
[0.282s] 1: No code style divergence in file 'src/translation_utils.cpp'
[0.282s] 1: 
[0.282s] 1: No code style divergence in file 'src/translation_utils.hpp'
[0.282s] 1: 
[0.282s] 1: No code style divergence in file 'include/franka_semantic_components/franka_cartesian_pose_interface.hpp'
[0.282s] 1: 
[0.282s] 1: No code style divergence in file 'include/franka_semantic_components/franka_cartesian_velocity_interface.hpp'
[0.282s] 1: 
[0.283s] 1: No code style divergence in file 'include/franka_semantic_components/franka_robot_model.hpp'
[0.283s] 1: 
[0.283s] 1: No code style divergence in file 'include/franka_semantic_components/franka_robot_state.hpp'
[0.283s] 1: 
[0.283s] 1: No code style divergence in file 'include/franka_semantic_components/franka_semantic_component_interface.hpp'
[0.283s] 1: 
[0.283s] 1: No problems found
[0.293s] 1: -- run_test.py: return code 0
[0.293s] 1: -- run_test.py: verify result file '/home/zac/franka_ws/build/franka_semantic_components/test_results/franka_semantic_components/clang_format.xunit.xml'
[0.302s]  1/12 Test  #1: clang_format ...............................   Passed    0.25 sec
[0.303s] test 2
[0.303s]       Start  2: copyright
[0.303s] 
[0.303s] 2: Test command: /usr/bin/python3 "-u" "/opt/ros/humble/share/ament_cmake_test/cmake/run_test.py" "/home/zac/franka_ws/build/franka_semantic_components/test_results/franka_semantic_components/copyright.xunit.xml" "--package-name" "franka_semantic_components" "--output-file" "/home/zac/franka_ws/build/franka_semantic_components/ament_copyright/copyright.txt" "--command" "/opt/ros/humble/bin/ament_copyright" "--xunit-file" "/home/zac/franka_ws/build/franka_semantic_components/test_results/franka_semantic_components/copyright.xunit.xml" "src" "include" "package.xml"
[0.303s] 2: Test timeout computed to be: 200
[0.367s] 2: -- run_test.py: invoking following command in '/home/zac/franka_ws/src/franka_ros2/franka_semantic_components':
[0.367s] 2:  - /opt/ros/humble/bin/ament_copyright --xunit-file /home/zac/franka_ws/build/franka_semantic_components/test_results/franka_semantic_components/copyright.xunit.xml src include package.xml
[0.873s] 2: No problems found, checked 12 files
[0.884s] 2: -- run_test.py: return code 0
[0.885s] 2: -- run_test.py: verify result file '/home/zac/franka_ws/build/franka_semantic_components/test_results/franka_semantic_components/copyright.xunit.xml'
[0.895s]  2/12 Test  #2: copyright ..................................   Passed    0.59 sec
[0.895s] test 3
[0.895s]       Start  3: cppcheck
[0.895s] 
[0.895s] 3: Test command: /usr/bin/python3 "-u" "/opt/ros/humble/share/ament_cmake_test/cmake/run_test.py" "/home/zac/franka_ws/build/franka_semantic_components/test_results/franka_semantic_components/cppcheck.xunit.xml" "--package-name" "franka_semantic_components" "--output-file" "/home/zac/franka_ws/build/franka_semantic_components/ament_cppcheck/cppcheck.txt" "--command" "/opt/ros/humble/bin/ament_cppcheck" "--xunit-file" "/home/zac/franka_ws/build/franka_semantic_components/test_results/franka_semantic_components/cppcheck.xunit.xml" "src" "include"
[0.895s] 3: Test timeout computed to be: 300
[0.959s] 3: -- run_test.py: invoking following command in '/home/zac/franka_ws/src/franka_ros2/franka_semantic_components':
[0.959s] 3:  - /opt/ros/humble/bin/ament_cppcheck --xunit-file /home/zac/franka_ws/build/franka_semantic_components/test_results/franka_semantic_components/cppcheck.xunit.xml src include
[1.044s] 3: cppcheck 2.7 has known performance issues and therefore will not be used, set the AMENT_CPPCHECK_ALLOW_SLOW_VERSIONS environment variable to override this.
[1.057s] 3: -- run_test.py: return code 0
[1.057s] 3: -- run_test.py: verify result file '/home/zac/franka_ws/build/franka_semantic_components/test_results/franka_semantic_components/cppcheck.xunit.xml'
[1.071s]  3/12 Test  #3: cppcheck ...................................   Passed    0.18 sec
[1.071s] test 4
[1.071s]       Start  4: lint_cmake
[1.071s] 
[1.071s] 4: Test command: /usr/bin/python3 "-u" "/opt/ros/humble/share/ament_cmake_test/cmake/run_test.py" "/home/zac/franka_ws/build/franka_semantic_components/test_results/franka_semantic_components/lint_cmake.xunit.xml" "--package-name" "franka_semantic_components" "--output-file" "/home/zac/franka_ws/build/franka_semantic_components/ament_lint_cmake/lint_cmake.txt" "--command" "/opt/ros/humble/bin/ament_lint_cmake" "--xunit-file" "/home/zac/franka_ws/build/franka_semantic_components/test_results/franka_semantic_components/lint_cmake.xunit.xml" "CMakeLists.txt"
[1.071s] 4: Test timeout computed to be: 60
[1.136s] 4: -- run_test.py: invoking following command in '/home/zac/franka_ws/src/franka_ros2/franka_semantic_components':
[1.136s] 4:  - /opt/ros/humble/bin/ament_lint_cmake --xunit-file /home/zac/franka_ws/build/franka_semantic_components/test_results/franka_semantic_components/lint_cmake.xunit.xml CMakeLists.txt
[1.209s] 4: 
[1.209s] 4: No problems found
[1.219s] 4: -- run_test.py: return code 0
[1.220s] 4: -- run_test.py: verify result file '/home/zac/franka_ws/build/franka_semantic_components/test_results/franka_semantic_components/lint_cmake.xunit.xml'
[1.229s]  4/12 Test  #4: lint_cmake .................................   Passed    0.16 sec
[1.229s] test 5
[1.229s]       Start  5: flake8
[1.229s] 
[1.229s] 5: Test command: /usr/bin/python3 "-u" "/opt/ros/humble/share/ament_cmake_test/cmake/run_test.py" "/home/zac/franka_ws/build/franka_semantic_components/test_results/franka_semantic_components/flake8.xunit.xml" "--package-name" "franka_semantic_components" "--output-file" "/home/zac/franka_ws/build/franka_semantic_components/ament_flake8/flake8.txt" "--command" "/opt/ros/humble/bin/ament_flake8" "--xunit-file" "/home/zac/franka_ws/build/franka_semantic_components/test_results/franka_semantic_components/flake8.xunit.xml"
[1.229s] 5: Test timeout computed to be: 60
[1.295s] 5: -- run_test.py: invoking following command in '/home/zac/franka_ws/src/franka_ros2/franka_semantic_components':
[1.295s] 5:  - /opt/ros/humble/bin/ament_flake8 --xunit-file /home/zac/franka_ws/build/franka_semantic_components/test_results/franka_semantic_components/flake8.xunit.xml
[1.462s] 5: 
[1.462s] 5: 0 files checked
[1.463s] 5: No problems found
[1.463s] 5: 
[1.463s] 5: Checked files:
[1.463s] 5: 
[1.483s] 5: -- run_test.py: return code 0
[1.483s] 5: -- run_test.py: verify result file '/home/zac/franka_ws/build/franka_semantic_components/test_results/franka_semantic_components/flake8.xunit.xml'
[1.493s]  5/12 Test  #5: flake8 .....................................   Passed    0.26 sec
[1.493s] test 6
[1.493s]       Start  6: pep257
[1.493s] 
[1.493s] 6: Test command: /usr/bin/python3 "-u" "/opt/ros/humble/share/ament_cmake_test/cmake/run_test.py" "/home/zac/franka_ws/build/franka_semantic_components/test_results/franka_semantic_components/pep257.xunit.xml" "--package-name" "franka_semantic_components" "--output-file" "/home/zac/franka_ws/build/franka_semantic_components/ament_pep257/pep257.txt" "--command" "/opt/ros/humble/bin/ament_pep257" "--xunit-file" "/home/zac/franka_ws/build/franka_semantic_components/test_results/franka_semantic_components/pep257.xunit.xml"
[1.493s] 6: Test timeout computed to be: 60
[1.559s] 6: -- run_test.py: invoking following command in '/home/zac/franka_ws/src/franka_ros2/franka_semantic_components':
[1.559s] 6:  - /opt/ros/humble/bin/ament_pep257 --xunit-file /home/zac/franka_ws/build/franka_semantic_components/test_results/franka_semantic_components/pep257.xunit.xml
[1.678s] 6: No problems found
[1.698s] 6: -- run_test.py: return code 0
[1.698s] 6: -- run_test.py: verify result file '/home/zac/franka_ws/build/franka_semantic_components/test_results/franka_semantic_components/pep257.xunit.xml'
[1.712s]  6/12 Test  #6: pep257 .....................................   Passed    0.22 sec
[1.712s] test 7
[1.712s]       Start  7: xmllint
[1.712s] 
[1.712s] 7: Test command: /usr/bin/python3 "-u" "/opt/ros/humble/share/ament_cmake_test/cmake/run_test.py" "/home/zac/franka_ws/build/franka_semantic_components/test_results/franka_semantic_components/xmllint.xunit.xml" "--package-name" "franka_semantic_components" "--output-file" "/home/zac/franka_ws/build/franka_semantic_components/ament_xmllint/xmllint.txt" "--command" "/opt/ros/humble/bin/ament_xmllint" "--xunit-file" "/home/zac/franka_ws/build/franka_semantic_components/test_results/franka_semantic_components/xmllint.xunit.xml"
[1.712s] 7: Test timeout computed to be: 60
[1.779s] 7: -- run_test.py: invoking following command in '/home/zac/franka_ws/src/franka_ros2/franka_semantic_components':
[1.779s] 7:  - /opt/ros/humble/bin/ament_xmllint --xunit-file /home/zac/franka_ws/build/franka_semantic_components/test_results/franka_semantic_components/xmllint.xunit.xml
[2.037s] 7: File 'package.xml' is valid
[2.037s] 7: 
[2.038s] 7: No problems found
[2.050s] 7: -- run_test.py: return code 0
[2.051s] 7: -- run_test.py: verify result file '/home/zac/franka_ws/build/franka_semantic_components/test_results/franka_semantic_components/xmllint.xunit.xml'
[2.061s]  7/12 Test  #7: xmllint ....................................   Passed    0.35 sec
[2.061s] test 8
[2.061s]       Start  8: test_franka_robot_state
[2.062s] 
[2.062s] 8: Test command: /usr/bin/python3 "-u" "/opt/ros/humble/share/ament_cmake_test/cmake/run_test.py" "/home/zac/franka_ws/build/franka_semantic_components/test_results/franka_semantic_components/test_franka_robot_state.gtest.xml" "--package-name" "franka_semantic_components" "--output-file" "/home/zac/franka_ws/build/franka_semantic_components/ament_cmake_gmock/test_franka_robot_state.txt" "--command" "/home/zac/franka_ws/build/franka_semantic_components/test_franka_robot_state" "--gtest_output=xml:/home/zac/franka_ws/build/franka_semantic_components/test_results/franka_semantic_components/test_franka_robot_state.gtest.xml"
[2.062s] 8: Test timeout computed to be: 60
[2.128s] 8: -- run_test.py: invoking following command in '/home/zac/franka_ws/build/franka_semantic_components':
[2.128s] 8:  - /home/zac/franka_ws/build/franka_semantic_components/test_franka_robot_state --gtest_output=xml:/home/zac/franka_ws/build/franka_semantic_components/test_results/franka_semantic_components/test_franka_robot_state.gtest.xml
[2.136s] 8: Running main() from gmock_main.cc
[2.136s] 8: [==========] Running 4 tests from 1 test suite.
[2.136s] 8: [----------] Global test environment set-up.
[2.136s] 8: [----------] 4 tests from FrankaRobotStateTest
[2.136s] 8: [ RUN      ] FrankaRobotStateTest.validate_state_names_and_size
[2.169s] 8: [       OK ] FrankaRobotStateTest.validate_state_names_and_size (34 ms)
[2.169s] 8: [ RUN      ] FrankaRobotStateTest.robot_state_ptr_uncasted_correctly
[2.202s] 8: [       OK ] FrankaRobotStateTest.robot_state_ptr_uncasted_correctly (33 ms)
[2.202s] 8: [ RUN      ] FrankaRobotStateTest.givenFrankaSemanticStateInitialized_whenMessageReturnedExpectsCorrectValues
[2.235s] 8: [       OK ] FrankaRobotStateTest.givenFrankaSemanticStateInitialized_whenMessageReturnedExpectsCorrectValues (33 ms)
[2.235s] 8: [ RUN      ] FrankaRobotStateTest.givenInitializedRobotStateMsg_thenCorrectFrameIDs
[2.267s] 8: [       OK ] FrankaRobotStateTest.givenInitializedRobotStateMsg_thenCorrectFrameIDs (32 ms)
[2.267s] 8: [----------] 4 tests from FrankaRobotStateTest (132 ms total)
[2.267s] 8: 
[2.267s] 8: [----------] Global test environment tear-down
[2.268s] 8: [==========] 4 tests from 1 test suite ran. (132 ms total)
[2.268s] 8: [  PASSED  ] 4 tests.
[2.268s] 8: -- run_test.py: return code 0
[2.269s] 8: -- run_test.py: inject classname prefix into gtest result file '/home/zac/franka_ws/build/franka_semantic_components/test_results/franka_semantic_components/test_franka_robot_state.gtest.xml'
[2.269s] 8: -- run_test.py: verify result file '/home/zac/franka_ws/build/franka_semantic_components/test_results/franka_semantic_components/test_franka_robot_state.gtest.xml'
[2.279s]  8/12 Test  #8: test_franka_robot_state ....................   Passed    0.22 sec
[2.279s] test 9
[2.279s]       Start  9: test_franka_robot_model
[2.279s] 
[2.279s] 9: Test command: /usr/bin/python3 "-u" "/opt/ros/humble/share/ament_cmake_test/cmake/run_test.py" "/home/zac/franka_ws/build/franka_semantic_components/test_results/franka_semantic_components/test_franka_robot_model.gtest.xml" "--package-name" "franka_semantic_components" "--output-file" "/home/zac/franka_ws/build/franka_semantic_components/ament_cmake_gmock/test_franka_robot_model.txt" "--command" "/home/zac/franka_ws/build/franka_semantic_components/test_franka_robot_model" "--gtest_output=xml:/home/zac/franka_ws/build/franka_semantic_components/test_results/franka_semantic_components/test_franka_robot_model.gtest.xml"
[2.279s] 9: Test timeout computed to be: 60
[2.340s] 9: -- run_test.py: invoking following command in '/home/zac/franka_ws/build/franka_semantic_components':
[2.340s] 9:  - /home/zac/franka_ws/build/franka_semantic_components/test_franka_robot_model --gtest_output=xml:/home/zac/franka_ws/build/franka_semantic_components/test_results/franka_semantic_components/test_franka_robot_model.gtest.xml
[2.348s] 9: Running main() from gmock_main.cc
[2.348s] 9: [==========] Running 10 tests from 1 test suite.
[2.348s] 9: [----------] Global test environment set-up.
[2.348s] 9: [----------] 10 tests from FrankaRobotModelTest
[2.348s] 9: [ RUN      ] FrankaRobotModelTest.given_franka_semantic_model_initialized_when_get_coriolis_expect_one
[2.348s] 9: [       OK ] FrankaRobotModelTest.given_franka_semantic_model_initialized_when_get_coriolis_expect_one (0 ms)
[2.348s] 9: [ RUN      ] FrankaRobotModelTest.validate_state_names_and_size
[2.348s] 9: [       OK ] FrankaRobotModelTest.validate_state_names_and_size (0 ms)
[2.348s] 9: [ RUN      ] FrankaRobotModelTest.given_franka_semantic_model_initialized_when_get_gravity_expect_one
[2.348s] 9: [       OK ] FrankaRobotModelTest.given_franka_semantic_model_initialized_when_get_gravity_expect_one (0 ms)
[2.348s] 9: [ RUN      ] FrankaRobotModelTest.given_franka_semantic_model_initialized_when_get_pose_expect_one
[2.349s] 9: [       OK ] FrankaRobotModelTest.given_franka_semantic_model_initialized_when_get_pose_expect_one (0 ms)
[2.349s] 9: [ RUN      ] FrankaRobotModelTest.given_franka_semantic_model_initialized_when_get_mass_expect_correct
[2.349s] 9: [       OK ] FrankaRobotModelTest.given_franka_semantic_model_initialized_when_get_mass_expect_correct (0 ms)
[2.349s] 9: [ RUN      ] FrankaRobotModelTest.given_franka_semantic_model_not_initialized_expect_exception
[2.349s] 9: [ERROR] [1723715665.422722269] [franka_model_semantic_component]: Franka interface does not exist! Did you assign the loaned state in the controller?
[2.349s] 9: [       OK ] FrankaRobotModelTest.given_franka_semantic_model_not_initialized_expect_exception (0 ms)
[2.349s] 9: [ RUN      ] FrankaRobotModelTest.given_franka_semantic_model_not_initialized_when_get_gravity_called_expect_exception
[2.349s] 9: [ERROR] [1723715665.422794712] [franka_model_semantic_component]: Franka interface does not exist! Did you assign the loaned state in the controller?
[2.349s] 9: [       OK ] FrankaRobotModelTest.given_franka_semantic_model_not_initialized_when_get_gravity_called_expect_exception (0 ms)
[2.349s] 9: [ RUN      ] FrankaRobotModelTest.given_franka_semantic_model_not_initialized_when_get_pose_called_expect_exception
[2.350s] 9: [ERROR] [1723715665.422808388] [franka_model_semantic_component]: Franka interface does not exist! Did you assign the loaned state in the controller?
[2.350s] 9: [       OK ] FrankaRobotModelTest.given_franka_semantic_model_not_initialized_when_get_pose_called_expect_exception (0 ms)
[2.350s] 9: [ RUN      ] FrankaRobotModelTest.given_franka_semantic_model_not_initialized_when_get_body_jacobian_called_expect_exception
[2.350s] 9: [ERROR] [1723715665.422819149] [franka_model_semantic_component]: Franka interface does not exist! Did you assign the loaned state in the controller?
[2.350s] 9: [       OK ] FrankaRobotModelTest.given_franka_semantic_model_not_initialized_when_get_body_jacobian_called_expect_exception (0 ms)
[2.350s] 9: [ RUN      ] FrankaRobotModelTest.given_franka_semantic_model_not_initialized_when_get_zero_jacobian_called_expect_exception
[2.350s] 9: [ERROR] [1723715665.422829831] [franka_model_semantic_component]: Franka interface does not exist! Did you assign the loaned state in the controller?
[2.350s] 9: [       OK ] FrankaRobotModelTest.given_franka_semantic_model_not_initialized_when_get_zero_jacobian_called_expect_exception (0 ms)
[2.350s] 9: [----------] 10 tests from FrankaRobotModelTest (0 ms total)
[2.350s] 9: 
[2.350s] 9: [----------] Global test environment tear-down
[2.350s] 9: [==========] 10 tests from 1 test suite ran. (0 ms total)
[2.350s] 9: [  PASSED  ] 10 tests.
[2.350s] 9: -- run_test.py: return code 0
[2.350s] 9: -- run_test.py: inject classname prefix into gtest result file '/home/zac/franka_ws/build/franka_semantic_components/test_results/franka_semantic_components/test_franka_robot_model.gtest.xml'
[2.354s] 9: -- run_test.py: verify result file '/home/zac/franka_ws/build/franka_semantic_components/test_results/franka_semantic_components/test_franka_robot_model.gtest.xml'
[2.363s]  9/12 Test  #9: test_franka_robot_model ....................   Passed    0.08 sec
[2.363s] test 10
[2.363s]       Start 10: franka_semantic_component_interface_test
[2.364s] 
[2.364s] 10: Test command: /usr/bin/python3 "-u" "/opt/ros/humble/share/ament_cmake_test/cmake/run_test.py" "/home/zac/franka_ws/build/franka_semantic_components/test_results/franka_semantic_components/franka_semantic_component_interface_test.gtest.xml" "--package-name" "franka_semantic_components" "--output-file" "/home/zac/franka_ws/build/franka_semantic_components/ament_cmake_gmock/franka_semantic_component_interface_test.txt" "--command" "/home/zac/franka_ws/build/franka_semantic_components/franka_semantic_component_interface_test" "--gtest_output=xml:/home/zac/franka_ws/build/franka_semantic_components/test_results/franka_semantic_components/franka_semantic_component_interface_test.gtest.xml"
[2.364s] 10: Test timeout computed to be: 60
[2.423s] 10: -- run_test.py: invoking following command in '/home/zac/franka_ws/build/franka_semantic_components':
[2.423s] 10:  - /home/zac/franka_ws/build/franka_semantic_components/franka_semantic_component_interface_test --gtest_output=xml:/home/zac/franka_ws/build/franka_semantic_components/test_results/franka_semantic_components/franka_semantic_component_interface_test.gtest.xml
[2.431s] 10: Running main() from gmock_main.cc
[2.431s] 10: [==========] Running 6 tests from 1 test suite.
[2.431s] 10: [----------] Global test environment set-up.
[2.431s] 10: [----------] 6 tests from SemanticComponentInterfaceTest
[2.431s] 10: [ RUN      ] SemanticComponentInterfaceTest.validate_default_names
[2.431s] 10: [       OK ] SemanticComponentInterfaceTest.validate_default_names (0 ms)
[2.431s] 10: [ RUN      ] SemanticComponentInterfaceTest.validate_command_interface_default_names
[2.431s] 10: [       OK ] SemanticComponentInterfaceTest.validate_command_interface_default_names (0 ms)
[2.431s] 10: [ RUN      ] SemanticComponentInterfaceTest.validate_custom_state_interface_names
[2.431s] 10: [       OK ] SemanticComponentInterfaceTest.validate_custom_state_interface_names (0 ms)
[2.431s] 10: [ RUN      ] SemanticComponentInterfaceTest.validate_custom_command_interface_names
[2.431s] 10: [       OK ] SemanticComponentInterfaceTest.validate_custom_command_interface_names (0 ms)
[2.431s] 10: [ RUN      ] SemanticComponentInterfaceTest.validate_state_interfaces
[2.432s] 10: [       OK ] SemanticComponentInterfaceTest.validate_state_interfaces (0 ms)
[2.432s] 10: [ RUN      ] SemanticComponentInterfaceTest.validate_command_interfaces
[2.432s] 10: [       OK ] SemanticComponentInterfaceTest.validate_command_interfaces (0 ms)
[2.432s] 10: [----------] 6 tests from SemanticComponentInterfaceTest (0 ms total)
[2.432s] 10: 
[2.432s] 10: [----------] Global test environment tear-down
[2.432s] 10: [==========] 6 tests from 1 test suite ran. (0 ms total)
[2.432s] 10: [  PASSED  ] 6 tests.
[2.432s] 10: -- run_test.py: return code 0
[2.432s] 10: -- run_test.py: inject classname prefix into gtest result file '/home/zac/franka_ws/build/franka_semantic_components/test_results/franka_semantic_components/franka_semantic_component_interface_test.gtest.xml'
[2.435s] 10: -- run_test.py: verify result file '/home/zac/franka_ws/build/franka_semantic_components/test_results/franka_semantic_components/franka_semantic_component_interface_test.gtest.xml'
[2.444s] 10/12 Test #10: franka_semantic_component_interface_test ...   Passed    0.08 sec
[2.444s] test 11
[2.444s]       Start 11: franka_cartesian_velocity_interface_test
[2.444s] 
[2.444s] 11: Test command: /usr/bin/python3 "-u" "/opt/ros/humble/share/ament_cmake_test/cmake/run_test.py" "/home/zac/franka_ws/build/franka_semantic_components/test_results/franka_semantic_components/franka_cartesian_velocity_interface_test.gtest.xml" "--package-name" "franka_semantic_components" "--output-file" "/home/zac/franka_ws/build/franka_semantic_components/ament_cmake_gmock/franka_cartesian_velocity_interface_test.txt" "--command" "/home/zac/franka_ws/build/franka_semantic_components/franka_cartesian_velocity_interface_test" "--gtest_output=xml:/home/zac/franka_ws/build/franka_semantic_components/test_results/franka_semantic_components/franka_cartesian_velocity_interface_test.gtest.xml"
[2.445s] 11: Test timeout computed to be: 60
[2.504s] 11: -- run_test.py: invoking following command in '/home/zac/franka_ws/build/franka_semantic_components':
[2.504s] 11:  - /home/zac/franka_ws/build/franka_semantic_components/franka_cartesian_velocity_interface_test --gtest_output=xml:/home/zac/franka_ws/build/franka_semantic_components/test_results/franka_semantic_components/franka_cartesian_velocity_interface_test.gtest.xml
[2.512s] 11: Running main() from gmock_main.cc
[2.512s] 11: [==========] Running 8 tests from 1 test suite.
[2.512s] 11: [----------] Global test environment set-up.
[2.513s] 11: [----------] 8 tests from FrankaCartesianVelocityTest
[2.513s] 11: [ RUN      ] FrankaCartesianVelocityTest.given_correct_interfaces_set_velocity_with_elbow_command_expect_successful
[2.513s] 11: [       OK ] FrankaCartesianVelocityTest.given_correct_interfaces_set_velocity_with_elbow_command_expect_successful (0 ms)
[2.513s] 11: [ RUN      ] FrankaCartesianVelocityTest.given_correct_interfaces_when_get_elbow_command_values_called_expect_successful
[2.513s] 11: [       OK ] FrankaCartesianVelocityTest.given_correct_interfaces_when_get_elbow_command_values_called_expect_successful (0 ms)
[2.513s] 11: [ RUN      ] FrankaCartesianVelocityTest.given_elbow_is_not_activated_when_elbow_command_get_value_is_called_expect_throw
[2.513s] 11: [       OK ] FrankaCartesianVelocityTest.given_elbow_is_not_activated_when_elbow_command_get_value_is_called_expect_throw (0 ms)
[2.513s] 11: [ RUN      ] FrankaCartesianVelocityTest.given_elbow_and_cartesian_velocity_claimed_when_set_velocity_command_without_elbow_expect_failure
[2.513s] 11: [ERROR] [1723715665.587033461] [franka_cartesian_velocity_interface]: Elbow command interface must not claimed, if elbow is not commanded.
[2.513s] 11: [       OK ] FrankaCartesianVelocityTest.given_elbow_and_cartesian_velocity_claimed_when_set_velocity_command_without_elbow_expect_failure (1 ms)
[2.513s] 11: [ RUN      ] FrankaCartesianVelocityTest.given_only_cartesian_velocity_claimed_without_elbow_when_set_velocity_command_cartesian_vel_expect_successful
[2.513s] 11: [ERROR] [1723715665.587101035] [franka_cartesian_velocity_interface]: Elbow command interface must be claimed to command elbow.
[2.513s] 11: [       OK ] FrankaCartesianVelocityTest.given_only_cartesian_velocity_claimed_without_elbow_when_set_velocity_command_cartesian_vel_expect_successful (0 ms)
[2.514s] 11: [ RUN      ] FrankaCartesianVelocityTest.given_incorrect_command_interfaces_set_velocity_expect_unsuccesful
[2.514s] 11: [ERROR] [1723715665.587152998] [franka_cartesian_velocity_interface]: Elbow command interface must not claimed, if elbow is not commanded.
[2.514s] 11: [       OK ] FrankaCartesianVelocityTest.given_incorrect_command_interfaces_set_velocity_expect_unsuccesful (0 ms)
[2.514s] 11: [ RUN      ] FrankaCartesianVelocityTest.given_correct_interface_when_initial_elbow_state_requested_expect_correct
[2.514s] 11: [       OK ] FrankaCartesianVelocityTest.given_correct_interface_when_initial_elbow_state_requested_expect_correct (0 ms)
[2.514s] 11: [ RUN      ] FrankaCartesianVelocityTest.given_correct_interface_when_initial_elbow_state_requested_expect_throw
[2.514s] 11: [       OK ] FrankaCartesianVelocityTest.given_correct_interface_when_initial_elbow_state_requested_expect_throw (0 ms)
[2.514s] 11: [----------] 8 tests from FrankaCartesianVelocityTest (1 ms total)
[2.514s] 11: 
[2.514s] 11: [----------] Global test environment tear-down
[2.515s] 11: [==========] 8 tests from 1 test suite ran. (1 ms total)
[2.515s] 11: [  PASSED  ] 8 tests.
[2.515s] 11: -- run_test.py: return code 0
[2.515s] 11: -- run_test.py: inject classname prefix into gtest result file '/home/zac/franka_ws/build/franka_semantic_components/test_results/franka_semantic_components/franka_cartesian_velocity_interface_test.gtest.xml'
[2.515s] 11: -- run_test.py: verify result file '/home/zac/franka_ws/build/franka_semantic_components/test_results/franka_semantic_components/franka_cartesian_velocity_interface_test.gtest.xml'
[2.523s] 11/12 Test #11: franka_cartesian_velocity_interface_test ...   Passed    0.08 sec
[2.523s] test 12
[2.523s]       Start 12: franka_cartesian_pose_interface_test
[2.523s] 
[2.523s] 12: Test command: /usr/bin/python3 "-u" "/opt/ros/humble/share/ament_cmake_test/cmake/run_test.py" "/home/zac/franka_ws/build/franka_semantic_components/test_results/franka_semantic_components/franka_cartesian_pose_interface_test.gtest.xml" "--package-name" "franka_semantic_components" "--output-file" "/home/zac/franka_ws/build/franka_semantic_components/ament_cmake_gmock/franka_cartesian_pose_interface_test.txt" "--command" "/home/zac/franka_ws/build/franka_semantic_components/franka_cartesian_pose_interface_test" "--gtest_output=xml:/home/zac/franka_ws/build/franka_semantic_components/test_results/franka_semantic_components/franka_cartesian_pose_interface_test.gtest.xml"
[2.523s] 12: Test timeout computed to be: 60
[2.585s] 12: -- run_test.py: invoking following command in '/home/zac/franka_ws/build/franka_semantic_components':
[2.585s] 12:  - /home/zac/franka_ws/build/franka_semantic_components/franka_cartesian_pose_interface_test --gtest_output=xml:/home/zac/franka_ws/build/franka_semantic_components/test_results/franka_semantic_components/franka_cartesian_pose_interface_test.gtest.xml
[2.592s] 12: Running main() from gmock_main.cc
[2.592s] 12: [==========] Running 14 tests from 1 test suite.
[2.593s] 12: [----------] Global test environment set-up.
[2.593s] 12: [----------] 14 tests from FrankaCartesianPoseTest
[2.593s] 12: [ RUN      ] FrankaCartesianPoseTest.given_correct_interfaces_set_carte_with_elbow_command_expect_successful
[2.593s] 12: [       OK ] FrankaCartesianPoseTest.given_correct_interfaces_set_carte_with_elbow_command_expect_successful (1 ms)
[2.593s] 12: [ RUN      ] FrankaCartesianPoseTest.given_correct_interfaces_when_get_elbow_command_values_called_expect_successful
[2.593s] 12: [       OK ] FrankaCartesianPoseTest.given_correct_interfaces_when_get_elbow_command_values_called_expect_successful (0 ms)
[2.593s] 12: [ RUN      ] FrankaCartesianPoseTest.given_elbow_is_not_activated_when_elbow_command_get_value_is_called_expect_throw
[2.594s] 12: [       OK ] FrankaCartesianPoseTest.given_elbow_is_not_activated_when_elbow_command_get_value_is_called_expect_throw (0 ms)
[2.594s] 12: [ RUN      ] FrankaCartesianPoseTest.given_elbow_and_cartesian_pose_claimed_when_set_pose_command_without_elbow_expect_failure
[2.594s] 12: [ERROR] [1723715665.667261369] [franka_cartesian_velocity_interface]: Elbow command interface must not claimed, if elbow is not commanded. If elbow is activated, Use setCommand(pose_command, elbow_command) interface.
[2.594s] 12: [       OK ] FrankaCartesianPoseTest.given_elbow_and_cartesian_pose_claimed_when_set_pose_command_without_elbow_expect_failure (0 ms)
[2.594s] 12: [ RUN      ] FrankaCartesianPoseTest.given_only_cartesian_velocity_claimed_without_elbow_when_set_velocity_command_cartesian_vel_expect_successful
[2.594s] 12: [ERROR] [1723715665.667351270] [franka_cartesian_pose_interface]: Elbow command interface must be claimed to command elbow.
[2.594s] 12: [       OK ] FrankaCartesianPoseTest.given_only_cartesian_velocity_claimed_without_elbow_when_set_velocity_command_cartesian_vel_expect_successful (0 ms)
[2.594s] 12: [ RUN      ] FrankaCartesianPoseTest.given_incorrect_command_interfaces_set_velocity_expect_unsuccesful
[2.595s] 12: [ERROR] [1723715665.667365711] [franka_cartesian_velocity_interface]: Elbow command interface must not claimed, if elbow is not commanded. If elbow is activated, Use setCommand(pose_command, elbow_command) interface.
[2.595s] 12: [       OK ] FrankaCartesianPoseTest.given_incorrect_command_interfaces_set_velocity_expect_unsuccesful (0 ms)
[2.595s] 12: [ RUN      ] FrankaCartesianPoseTest.given_correct_interfaces_when_set_command_called_with_quaternion_and_translation_expect_the_correct_pose
[2.595s] 12: [       OK ] FrankaCartesianPoseTest.given_correct_interfaces_when_set_command_called_with_quaternion_and_translation_expect_the_correct_pose (0 ms)
[2.595s] 12: [ RUN      ] FrankaCartesianPoseTest.given_correct_interfaces_when_set_command_called_with_quaternion_and_translation_and_elbow_expect_the_correct_pose
[2.595s] 12: [       OK ] FrankaCartesianPoseTest.given_correct_interfaces_when_set_command_called_with_quaternion_and_translation_and_elbow_expect_the_correct_pose (0 ms)
[2.595s] 12: [ RUN      ] FrankaCartesianPoseTest.given_correct_interfaces_when_get_commanded_pose_called_expect_the_correct_pose
[2.595s] 12: [       OK ] FrankaCartesianPoseTest.given_correct_interfaces_when_get_commanded_pose_called_expect_the_correct_pose (0 ms)
[2.595s] 12: [ RUN      ] FrankaCartesianPoseTest.given_correct_interfaces_when_get_elbow_commanded_called_expect_the_correct_elbow
[2.595s] 12: [       OK ] FrankaCartesianPoseTest.given_correct_interfaces_when_get_elbow_commanded_called_expect_the_correct_elbow (0 ms)
[2.595s] 12: [ RUN      ] FrankaCartesianPoseTest.given_correct_interfaces_when_initial_elbow_request_expect_correct_state
[2.596s] 12: [       OK ] FrankaCartesianPoseTest.given_correct_interfaces_when_initial_elbow_request_expect_correct_state (0 ms)
[2.596s] 12: [ RUN      ] FrankaCartesianPoseTest.given_elbow_not_activated_when_initial_elbow_requested_expect_throw
[2.596s] 12: [       OK ] FrankaCartesianPoseTest.given_elbow_not_activated_when_initial_elbow_requested_expect_throw (0 ms)
[2.596s] 12: [ RUN      ] FrankaCartesianPoseTest.given_correct_interfaces_when_initial_orientation_request_expect_correct_pose
[2.596s] 12: [       OK ] FrankaCartesianPoseTest.given_correct_interfaces_when_initial_orientation_request_expect_correct_pose (0 ms)
[2.596s] 12: [ RUN      ] FrankaCartesianPoseTest.given_correct_interfaces_when_pose_requested_expect_correct_pose
[2.596s] 12: [       OK ] FrankaCartesianPoseTest.given_correct_interfaces_when_pose_requested_expect_correct_pose (0 ms)
[2.596s] 12: [----------] 14 tests from FrankaCartesianPoseTest (1 ms total)
[2.596s] 12: 
[2.596s] 12: [----------] Global test environment tear-down
[2.597s] 12: [==========] 14 tests from 1 test suite ran. (1 ms total)
[2.597s] 12: [  PASSED  ] 14 tests.
[2.597s] 12: -- run_test.py: return code 0
[2.597s] 12: -- run_test.py: inject classname prefix into gtest result file '/home/zac/franka_ws/build/franka_semantic_components/test_results/franka_semantic_components/franka_cartesian_pose_interface_test.gtest.xml'
[2.603s] 12: -- run_test.py: verify result file '/home/zac/franka_ws/build/franka_semantic_components/test_results/franka_semantic_components/franka_cartesian_pose_interface_test.gtest.xml'
[2.612s] 12/12 Test #12: franka_cartesian_pose_interface_test .......   Passed    0.09 sec
[2.612s] 
[2.613s] [0;32m100% tests passed[0;0m, 0 tests failed[0;0m out of 12
[2.613s] 
[2.613s] Label Time Summary:
[2.613s] clang_format    =   0.25 sec*proc (1 test)
[2.613s] copyright       =   0.59 sec*proc (1 test)
[2.613s] cppcheck        =   0.18 sec*proc (1 test)
[2.613s] flake8          =   0.26 sec*proc (1 test)
[2.614s] gmock           =   0.55 sec*proc (5 tests)
[2.614s] lint_cmake      =   0.16 sec*proc (1 test)
[2.614s] linter          =   2.01 sec*proc (7 tests)
[2.614s] pep257          =   0.22 sec*proc (1 test)
[2.614s] xmllint         =   0.35 sec*proc (1 test)
[2.614s] 
[2.614s] Total Test time (real) =   2.56 sec
[2.621s] Invoked command in '/home/zac/franka_ws/build/franka_semantic_components' returned '0': CMAKE_PREFIX_PATH=/home/zac/franka_ws/install/franka_semantic_components:/home/zac/franka_ws/install/franka_hardware:/home/zac/franka_ws/install/franka_msgs:/home/zac/franka_ws/install/joint_trajectory_controller:/home/zac/franka_ws/install/integration_launch_testing:/home/zac/franka_ws/install/franka_bringup:/home/zac/franka_ws/install/franka_robot_state_broadcaster:/home/zac/franka_ws/install/franka_example_controllers:/home/zac/franka_ws/install/franka_gazebo_bringup:/home/zac/franka_ws/install/franka_ign_ros2_control:/home/zac/franka_ws/install/franka_fr3_moveit_config:/home/zac/franka_ws/install/franka_gripper:/home/zac/franka_ws/install/franka_description LD_LIBRARY_PATH=/home/zac/franka_ws/install/franka_semantic_components/lib:/home/zac/franka_ws/install/franka_hardware/lib:/home/zac/franka_ws/install/franka_msgs/lib:/home/zac/franka_ws/install/joint_trajectory_controller/lib:/home/zac/franka_ws/install/integration_launch_testing/lib:/home/zac/franka_ws/install/franka_robot_state_broadcaster/lib:/home/zac/franka_ws/install/franka_example_controllers/lib:/home/zac/franka_ws/install/franka_ign_ros2_control/lib:/home/zac/franka_ws/install/franka_gripper/lib:/opt/ros/humble/opt/rviz_ogre_vendor/lib:/opt/ros/humble/lib/x86_64-linux-gnu:/opt/ros/humble/lib /usr/bin/ctest -C Release -D ExperimentalTest --no-compress-output -V --force-new-ctest-process
