<?xml version="1.0" encoding="UTF-8"?>
<testsuites tests="1" failures="1" disabled="0" errors="0" time="0.008" timestamp="2024-08-15T02:54:28" name="AllTests">
  <testsuite name="TestLoadMoveToStartExampleController" tests="1" failures="1" disabled="0" errors="0" time="0.008" timestamp="2024-08-15T02:54:28">
    <testcase name="load_controller" status="run" result="completed" time="0.008" timestamp="2024-08-15T02:54:28" classname="franka_example_controllers.TestLoadMoveToStartExampleController">
      <failure message="unknown file&#x0A;C++ exception with description &quot;According to the loaded plugin descriptions the class test_actuator with base class type hardware_interface::ActuatorInterface does not exist. Declared types are  test_hardware_components/TestSingleJointActuator&quot; thrown in the test body." type=""><![CDATA[unknown file
C++ exception with description "According to the loaded plugin descriptions the class test_actuator with base class type hardware_interface::ActuatorInterface does not exist. Declared types are  test_hardware_components/TestSingleJointActuator" thrown in the test body.]]></failure>
    </testcase>
  </testsuite>
</testsuites>
