<?xml version="1.0" encoding="UTF-8"?>
<testsuites tests="4" failures="0" disabled="0" errors="0" time="0.037" timestamp="2024-08-15T02:54:28" name="AllTests">
  <testsuite name="TestGravityCompensationExample" tests="4" failures="0" disabled="0" errors="0" time="0.028" timestamp="2024-08-15T02:54:28">
    <testcase name="JointsParameterNotSet" status="run" result="skipped" time="0" timestamp="2024-08-15T02:54:28" classname="franka_example_controllers.TestGravityCompensationExample" />
    <testcase name="JointsParameterIsEmpty" status="run" result="skipped" time="0" timestamp="2024-08-15T02:54:28" classname="franka_example_controllers.TestGravityCompensationExample" />
    <testcase name="given_correct_number_of_joints_configure_returns_success" status="run" result="completed" time="0.018" timestamp="2024-08-15T02:54:28" classname="franka_example_controllers.TestGravityCompensationExample" />
    <testcase name="given_joints_and_interface_when_update_expect_zero_values" status="run" result="completed" time="0.01" timestamp="2024-08-15T02:54:28" classname="franka_example_controllers.TestGravityCompensationExample" />
  </testsuite>
</testsuites>
