<?xml version="1.0" encoding="UTF-8"?>
<Site BuildName="(empty)"
	BuildStamp="20240815-0954-Experimental"
	Name="CHARISMA-Predator-571"
	Generator="ctest-3.22.1"
	CompilerName="/usr/bin/c++"
	CompilerVersion="11.4.0"
	OSName="Linux"
	Hostname="CHARISMA-Predator-571"
	OSRelease="5.15.0-1068-realtime"
	OSVersion="#76-Ubuntu SMP PREEMPT_RT Thu Jul 25 11:57:39 UTC 2024"
	OSPlatform="x86_64"
	Is64Bits="1"
	VendorString="GenuineIntel"
	VendorID="Intel Corporation"
	FamilyID="6"
	ModelID="158"
	ProcessorCacheSize="6144"
	NumberOfLogicalCPU="8"
	NumberOfPhysicalCPU="4"
	TotalVirtualMemory="2047"
	TotalPhysicalMemory="15869"
	LogicalProcessorsPerPhysical="2"
	ProcessorClockFrequency="2800"
	>
	<Testing>
		<StartDateTime>Aug 15 02:54 PDT</StartDateTime>
		<StartTestTime>1723715653</StartTestTime>
		<TestList>
			<Test>./franka_description_urdf_tests</Test>
			<Test>./copyright</Test>
			<Test>./flake8</Test>
			<Test>./lint_cmake</Test>
			<Test>./pep257</Test>
			<Test>./xmllint</Test>
		</TestList>
		<Test Status="failed">
			<Name>franka_description_urdf_tests</Name>
			<Path>.</Path>
			<FullName>./franka_description_urdf_tests</FullName>
			<FullCommandLine>/usr/bin/python3 "-u" "/opt/ros/humble/share/ament_cmake_test/cmake/run_test.py" "/home/zac/franka_ws/build/franka_description/test_results/franka_description/franka_description_urdf_tests.xunit.xml" "--package-name" "franka_description" "--output-file" "/home/zac/franka_ws/build/franka_description/ament_cmake_pytest/franka_description_urdf_tests.txt" "--command" "/usr/bin/python3" "-u" "-m" "pytest" "/home/zac/franka_ws/src/franka_description/test/urdf_tests.py" "-o" "cache_dir=/home/zac/franka_ws/build/franka_description/ament_cmake_pytest/franka_description_urdf_tests/.cache" "--junit-xml=/home/zac/franka_ws/build/franka_description/test_results/franka_description/franka_description_urdf_tests.xunit.xml" "--junit-prefix=franka_description"</FullCommandLine>
			<Results>
				<NamedMeasurement type="text/string" name="Exit Code">
					<Value>Failed</Value>
				</NamedMeasurement>
				<NamedMeasurement type="text/string" name="Exit Value">
					<Value>1</Value>
				</NamedMeasurement>
				<NamedMeasurement type="numeric/double" name="Execution Time">
					<Value>1.33952</Value>
				</NamedMeasurement>
				<NamedMeasurement type="numeric/double" name="Processors">
					<Value>1</Value>
				</NamedMeasurement>
				<NamedMeasurement type="text/string" name="Completion Status">
					<Value>Completed</Value>
				</NamedMeasurement>
				<NamedMeasurement type="text/string" name="Command Line">
					<Value>/usr/bin/python3 "-u" "/opt/ros/humble/share/ament_cmake_test/cmake/run_test.py" "/home/zac/franka_ws/build/franka_description/test_results/franka_description/franka_description_urdf_tests.xunit.xml" "--package-name" "franka_description" "--output-file" "/home/zac/franka_ws/build/franka_description/ament_cmake_pytest/franka_description_urdf_tests.txt" "--command" "/usr/bin/python3" "-u" "-m" "pytest" "/home/zac/franka_ws/src/franka_description/test/urdf_tests.py" "-o" "cache_dir=/home/zac/franka_ws/build/franka_description/ament_cmake_pytest/franka_description_urdf_tests/.cache" "--junit-xml=/home/zac/franka_ws/build/franka_description/test_results/franka_description/franka_description_urdf_tests.xunit.xml" "--junit-prefix=franka_description"</Value>
				</NamedMeasurement>
				<NamedMeasurement type="text/string" name="Environment">
					<Value>#CTEST_RESOURCE_GROUP_COUNT=</Value>
				</NamedMeasurement>
				<Measurement>
					<Value>-- run_test.py: invoking following command in '/home/zac/franka_ws/build/franka_description':
 - /usr/bin/python3 -u -m pytest /home/zac/franka_ws/src/franka_description/test/urdf_tests.py -o cache_dir=/home/zac/franka_ws/build/franka_description/ament_cmake_pytest/franka_description_urdf_tests/.cache --junit-xml=/home/zac/franka_ws/build/franka_description/test_results/franka_description/franka_description_urdf_tests.xunit.xml --junit-prefix=franka_description
============================= test session starts ==============================
platform linux -- Python 3.10.12, pytest-6.2.5, py-1.10.0, pluggy-0.13.0
cachedir: build/franka_description/ament_cmake_pytest/franka_description_urdf_tests/.cache
rootdir: /home/zac/franka_ws
plugins: launch-testing-ros-0.19.7, ament-flake8-0.12.11, ament-pep257-0.12.11, ament-lint-0.12.11, launch-testing-1.0.6, ament-copyright-0.12.11, ament-xmllint-0.12.11, cov-3.0.0, colcon-core-0.17.0
collected 5 items

../../src/franka_description/test/urdf_tests.py FFFFF                    [100%]

=================================== FAILURES ===================================
__________________________________ test_load ___________________________________

    def test_load():
        """Test of hand parameter equal to none."""
&gt;       urdf = xacro.process_file(
            xacro_file_name,
            mappings={
                "arm_id": "fer",
                "ee_id": "none",
            },
        ).toxml()

../../src/franka_description/test/urdf_tests.py:32: 
_ _ _ _ _ _ _ _ _ _ _ _ _ _ _ _ _ _ _ _ _ _ _ _ _ _ _ _ _ _ _ _ _ _ _ _ _ _ _ _ 
/opt/ros/humble/local/lib/python3.10/dist-packages/xacro/__init__.py:1096: in process_file
    doc = parse(None, input_file_name)
/opt/ros/humble/local/lib/python3.10/dist-packages/xacro/__init__.py:1022: in parse
    return xml.dom.minidom.parse(inp)
/usr/lib/python3.10/xml/dom/minidom.py:1990: in parse
    return expatbuilder.parse(file)
/usr/lib/python3.10/xml/dom/expatbuilder.py:913: in parse
    result = builder.parseFile(file)
_ _ _ _ _ _ _ _ _ _ _ _ _ _ _ _ _ _ _ _ _ _ _ _ _ _ _ _ _ _ _ _ _ _ _ _ _ _ _ _ 

self = &lt;xml.dom.expatbuilder.ExpatBuilderNS object at 0x7fe15360ccd0&gt;
file = &lt;_io.TextIOWrapper name='/home/zac/franka_ws/install/franka_description/share/franka_description/robots/fer/fer.urdf.xacro' mode='r' encoding='UTF-8'&gt;

    def parseFile(self, file):
        """Parse a document from a file object, returning the document
        node."""
        parser = self.getParser()
        first_buffer = True
        try:
            while 1:
                buffer = file.read(16*1024)
                if not buffer:
                    break
&gt;               parser.Parse(buffer, False)
E               xml.parsers.expat.ExpatError: mismatched tag: line 52, column 2

/usr/lib/python3.10/xml/dom/expatbuilder.py:207: ExpatError
____________________________ test_load_with_gripper ____________________________

    def test_load_with_gripper():
        """Test of hand parameter equal to a value."""
&gt;       urdf = xacro.process_file(
            xacro_file_name, mappings={"arm_id": "fer", "ee_id": "franka_hand"}
        ).toxml()

../../src/franka_description/test/urdf_tests.py:44: 
_ _ _ _ _ _ _ _ _ _ _ _ _ _ _ _ _ _ _ _ _ _ _ _ _ _ _ _ _ _ _ _ _ _ _ _ _ _ _ _ 
/opt/ros/humble/local/lib/python3.10/dist-packages/xacro/__init__.py:1096: in process_file
    doc = parse(None, input_file_name)
/opt/ros/humble/local/lib/python3.10/dist-packages/xacro/__init__.py:1022: in parse
    return xml.dom.minidom.parse(inp)
/usr/lib/python3.10/xml/dom/minidom.py:1990: in parse
    return expatbuilder.parse(file)
/usr/lib/python3.10/xml/dom/expatbuilder.py:913: in parse
    result = builder.parseFile(file)
_ _ _ _ _ _ _ _ _ _ _ _ _ _ _ _ _ _ _ _ _ _ _ _ _ _ _ _ _ _ _ _ _ _ _ _ _ _ _ _ 

self = &lt;xml.dom.expatbuilder.ExpatBuilderNS object at 0x7fe1532ff7c0&gt;
file = &lt;_io.TextIOWrapper name='/home/zac/franka_ws/install/franka_description/share/franka_description/robots/fer/fer.urdf.xacro' mode='r' encoding='UTF-8'&gt;

    def parseFile(self, file):
        """Parse a document from a file object, returning the document
        node."""
        parser = self.getParser()
        first_buffer = True
        try:
            while 1:
                buffer = file.read(16*1024)
                if not buffer:
                    break
&gt;               parser.Parse(buffer, False)
E               xml.parsers.expat.ExpatError: mismatched tag: line 52, column 2

/usr/lib/python3.10/xml/dom/expatbuilder.py:207: ExpatError
____________________________ test_check_interfaces _____________________________

    def test_check_interfaces():
        """Test of the parameters for ros2_control hardware interface."""
&gt;       urdf = xacro.process_file(
            xacro_file_name, mappings={"ros2_control": "true"}
        ).toxml()

../../src/franka_description/test/urdf_tests.py:52: 
_ _ _ _ _ _ _ _ _ _ _ _ _ _ _ _ _ _ _ _ _ _ _ _ _ _ _ _ _ _ _ _ _ _ _ _ _ _ _ _ 
/opt/ros/humble/local/lib/python3.10/dist-packages/xacro/__init__.py:1096: in process_file
    doc = parse(None, input_file_name)
/opt/ros/humble/local/lib/python3.10/dist-packages/xacro/__init__.py:1022: in parse
    return xml.dom.minidom.parse(inp)
/usr/lib/python3.10/xml/dom/minidom.py:1990: in parse
    return expatbuilder.parse(file)
/usr/lib/python3.10/xml/dom/expatbuilder.py:913: in parse
    result = builder.parseFile(file)
_ _ _ _ _ _ _ _ _ _ _ _ _ _ _ _ _ _ _ _ _ _ _ _ _ _ _ _ _ _ _ _ _ _ _ _ _ _ _ _ 

self = &lt;xml.dom.expatbuilder.ExpatBuilderNS object at 0x7fe153263b50&gt;
file = &lt;_io.TextIOWrapper name='/home/zac/franka_ws/install/franka_description/share/franka_description/robots/fer/fer.urdf.xacro' mode='r' encoding='UTF-8'&gt;

    def parseFile(self, file):
        """Parse a document from a file object, returning the document
        node."""
        parser = self.getParser()
        first_buffer = True
        try:
            while 1:
                buffer = file.read(16*1024)
                if not buffer:
                    break
&gt;               parser.Parse(buffer, False)
E               xml.parsers.expat.ExpatError: mismatched tag: line 52, column 2

/usr/lib/python3.10/xml/dom/expatbuilder.py:207: ExpatError
_________________________ test_load_with_fake_hardware _________________________

    def test_load_with_fake_hardware():
        """Test of use_fake_hardware parameter for ros2_control hardware interface."""
&gt;       urdf = xacro.process_file(
            xacro_file_name, mappings={"ros2_control": "true", "use_fake_hardware": "true"}
        ).toxml()

../../src/franka_description/test/urdf_tests.py:64: 
_ _ _ _ _ _ _ _ _ _ _ _ _ _ _ _ _ _ _ _ _ _ _ _ _ _ _ _ _ _ _ _ _ _ _ _ _ _ _ _ 
/opt/ros/humble/local/lib/python3.10/dist-packages/xacro/__init__.py:1096: in process_file
    doc = parse(None, input_file_name)
/opt/ros/humble/local/lib/python3.10/dist-packages/xacro/__init__.py:1022: in parse
    return xml.dom.minidom.parse(inp)
/usr/lib/python3.10/xml/dom/minidom.py:1990: in parse
    return expatbuilder.parse(file)
/usr/lib/python3.10/xml/dom/expatbuilder.py:913: in parse
    result = builder.parseFile(file)
_ _ _ _ _ _ _ _ _ _ _ _ _ _ _ _ _ _ _ _ _ _ _ _ _ _ _ _ _ _ _ _ _ _ _ _ _ _ _ _ 

self = &lt;xml.dom.expatbuilder.ExpatBuilderNS object at 0x7fe1532ffb50&gt;
file = &lt;_io.TextIOWrapper name='/home/zac/franka_ws/install/franka_description/share/franka_description/robots/fer/fer.urdf.xacro' mode='r' encoding='UTF-8'&gt;

    def parseFile(self, file):
        """Parse a document from a file object, returning the document
        node."""
        parser = self.getParser()
        first_buffer = True
        try:
            while 1:
                buffer = file.read(16*1024)
                if not buffer:
                    break
&gt;               parser.Parse(buffer, False)
E               xml.parsers.expat.ExpatError: mismatched tag: line 52, column 2

/usr/lib/python3.10/xml/dom/expatbuilder.py:207: ExpatError
___________________________ test_load_with_robot_ip ____________________________

    def test_load_with_robot_ip():
        """Test of robot_ip parameter for ros2_control hardware interface."""
&gt;       urdf = xacro.process_file(
            xacro_file_name,
            mappings={"ros2_control": "true", "robot_ip": "franka_ip_address"},
        ).toxml()

../../src/franka_description/test/urdf_tests.py:72: 
_ _ _ _ _ _ _ _ _ _ _ _ _ _ _ _ _ _ _ _ _ _ _ _ _ _ _ _ _ _ _ _ _ _ _ _ _ _ _ _ 
/opt/ros/humble/local/lib/python3.10/dist-packages/xacro/__init__.py:1096: in process_file
    doc = parse(None, input_file_name)
/opt/ros/humble/local/lib/python3.10/dist-packages/xacro/__init__.py:1022: in parse
    return xml.dom.minidom.parse(inp)
/usr/lib/python3.10/xml/dom/minidom.py:1990: in parse
    return expatbuilder.parse(file)
/usr/lib/python3.10/xml/dom/expatbuilder.py:913: in parse
    result = builder.parseFile(file)
_ _ _ _ _ _ _ _ _ _ _ _ _ _ _ _ _ _ _ _ _ _ _ _ _ _ _ _ _ _ _ _ _ _ _ _ _ _ _ _ 

self = &lt;xml.dom.expatbuilder.ExpatBuilderNS object at 0x7fe1532636a0&gt;
file = &lt;_io.TextIOWrapper name='/home/zac/franka_ws/install/franka_description/share/franka_description/robots/fer/fer.urdf.xacro' mode='r' encoding='UTF-8'&gt;

    def parseFile(self, file):
        """Parse a document from a file object, returning the document
        node."""
        parser = self.getParser()
        first_buffer = True
        try:
            while 1:
                buffer = file.read(16*1024)
                if not buffer:
                    break
&gt;               parser.Parse(buffer, False)
E               xml.parsers.expat.ExpatError: mismatched tag: line 52, column 2

/usr/lib/python3.10/xml/dom/expatbuilder.py:207: ExpatError
=============================== warnings summary ===============================
../../../../../opt/ros/humble/local/lib/python3.10/dist-packages/xacro/__init__.py:558
  Warning: invalid escape sequence '\$'

../../../../../opt/ros/humble/local/lib/python3.10/dist-packages/xacro/__init__.py:559
  Warning: invalid escape sequence '\s'

-- Docs: https://docs.pytest.org/en/stable/warnings.html
- generated xml file: /home/zac/franka_ws/build/franka_description/test_results/franka_description/franka_description_urdf_tests.xunit.xml -
=========================== short test summary info ============================
FAILED ../../src/franka_description/test/urdf_tests.py::test_load - xml.parse...
FAILED ../../src/franka_description/test/urdf_tests.py::test_load_with_gripper
FAILED ../../src/franka_description/test/urdf_tests.py::test_check_interfaces
FAILED ../../src/franka_description/test/urdf_tests.py::test_load_with_fake_hardware
FAILED ../../src/franka_description/test/urdf_tests.py::test_load_with_robot_ip
======================== 5 failed, 2 warnings in 0.77s =========================
-- run_test.py: return code 1
-- run_test.py: verify result file '/home/zac/franka_ws/build/franka_description/test_results/franka_description/franka_description_urdf_tests.xunit.xml'
</Value>
				</Measurement>
			</Results>
			<Labels>
				<Label>pytest</Label>
			</Labels>
		</Test>
		<Test Status="passed">
			<Name>copyright</Name>
			<Path>.</Path>
			<FullName>./copyright</FullName>
			<FullCommandLine>/usr/bin/python3 "-u" "/opt/ros/humble/share/ament_cmake_test/cmake/run_test.py" "/home/zac/franka_ws/build/franka_description/test_results/franka_description/copyright.xunit.xml" "--package-name" "franka_description" "--output-file" "/home/zac/franka_ws/build/franka_description/ament_copyright/copyright.txt" "--command" "/opt/ros/humble/bin/ament_copyright" "--xunit-file" "/home/zac/franka_ws/build/franka_description/test_results/franka_description/copyright.xunit.xml"</FullCommandLine>
			<Results>
				<NamedMeasurement type="numeric/double" name="Execution Time">
					<Value>0.543738</Value>
				</NamedMeasurement>
				<NamedMeasurement type="numeric/double" name="Processors">
					<Value>1</Value>
				</NamedMeasurement>
				<NamedMeasurement type="text/string" name="Completion Status">
					<Value>Completed</Value>
				</NamedMeasurement>
				<NamedMeasurement type="text/string" name="Command Line">
					<Value>/usr/bin/python3 "-u" "/opt/ros/humble/share/ament_cmake_test/cmake/run_test.py" "/home/zac/franka_ws/build/franka_description/test_results/franka_description/copyright.xunit.xml" "--package-name" "franka_description" "--output-file" "/home/zac/franka_ws/build/franka_description/ament_copyright/copyright.txt" "--command" "/opt/ros/humble/bin/ament_copyright" "--xunit-file" "/home/zac/franka_ws/build/franka_description/test_results/franka_description/copyright.xunit.xml"</Value>
				</NamedMeasurement>
				<NamedMeasurement type="text/string" name="Environment">
					<Value>#CTEST_RESOURCE_GROUP_COUNT=</Value>
				</NamedMeasurement>
				<Measurement>
					<Value>-- run_test.py: invoking following command in '/home/zac/franka_ws/src/franka_description':
 - /opt/ros/humble/bin/ament_copyright --xunit-file /home/zac/franka_ws/build/franka_description/test_results/franka_description/copyright.xunit.xml
No problems found, checked 5 files
-- run_test.py: return code 0
-- run_test.py: verify result file '/home/zac/franka_ws/build/franka_description/test_results/franka_description/copyright.xunit.xml'
</Value>
				</Measurement>
			</Results>
			<Labels>
				<Label>copyright</Label>
				<Label>linter</Label>
			</Labels>
		</Test>
		<Test Status="failed">
			<Name>flake8</Name>
			<Path>.</Path>
			<FullName>./flake8</FullName>
			<FullCommandLine>/usr/bin/python3 "-u" "/opt/ros/humble/share/ament_cmake_test/cmake/run_test.py" "/home/zac/franka_ws/build/franka_description/test_results/franka_description/flake8.xunit.xml" "--package-name" "franka_description" "--output-file" "/home/zac/franka_ws/build/franka_description/ament_flake8/flake8.txt" "--command" "/opt/ros/humble/bin/ament_flake8" "--xunit-file" "/home/zac/franka_ws/build/franka_description/test_results/franka_description/flake8.xunit.xml"</FullCommandLine>
			<Results>
				<NamedMeasurement type="text/string" name="Exit Code">
					<Value>Failed</Value>
				</NamedMeasurement>
				<NamedMeasurement type="text/string" name="Exit Value">
					<Value>1</Value>
				</NamedMeasurement>
				<NamedMeasurement type="numeric/double" name="Execution Time">
					<Value>0.370693</Value>
				</NamedMeasurement>
				<NamedMeasurement type="numeric/double" name="Processors">
					<Value>1</Value>
				</NamedMeasurement>
				<NamedMeasurement type="text/string" name="Completion Status">
					<Value>Completed</Value>
				</NamedMeasurement>
				<NamedMeasurement type="text/string" name="Command Line">
					<Value>/usr/bin/python3 "-u" "/opt/ros/humble/share/ament_cmake_test/cmake/run_test.py" "/home/zac/franka_ws/build/franka_description/test_results/franka_description/flake8.xunit.xml" "--package-name" "franka_description" "--output-file" "/home/zac/franka_ws/build/franka_description/ament_flake8/flake8.txt" "--command" "/opt/ros/humble/bin/ament_flake8" "--xunit-file" "/home/zac/franka_ws/build/franka_description/test_results/franka_description/flake8.xunit.xml"</Value>
				</NamedMeasurement>
				<NamedMeasurement type="text/string" name="Environment">
					<Value>#CTEST_RESOURCE_GROUP_COUNT=</Value>
				</NamedMeasurement>
				<Measurement>
					<Value>-- run_test.py: invoking following command in '/home/zac/franka_ws/src/franka_description':
 - /opt/ros/humble/bin/ament_flake8 --xunit-file /home/zac/franka_ws/build/franka_description/test_results/franka_description/flake8.xunit.xml
                if HAND != False and EE != "none":
                        ^
1     E712 comparison to False should be 'if cond is not False:' or 'if cond:'

./scripts/create_urdf.py:155:25: E712 comparison to False should be 'if cond is not False:' or 'if cond:'


3 files checked
1 errors

'E'-type errors: 1

Checked files:

* ./launch/visualize_franka.launch.py
* ./test/urdf_tests.py
* ./scripts/create_urdf.py
-- run_test.py: return code 1
-- run_test.py: verify result file '/home/zac/franka_ws/build/franka_description/test_results/franka_description/flake8.xunit.xml'
</Value>
				</Measurement>
			</Results>
			<Labels>
				<Label>flake8</Label>
				<Label>linter</Label>
			</Labels>
		</Test>
		<Test Status="passed">
			<Name>lint_cmake</Name>
			<Path>.</Path>
			<FullName>./lint_cmake</FullName>
			<FullCommandLine>/usr/bin/python3 "-u" "/opt/ros/humble/share/ament_cmake_test/cmake/run_test.py" "/home/zac/franka_ws/build/franka_description/test_results/franka_description/lint_cmake.xunit.xml" "--package-name" "franka_description" "--output-file" "/home/zac/franka_ws/build/franka_description/ament_lint_cmake/lint_cmake.txt" "--command" "/opt/ros/humble/bin/ament_lint_cmake" "--xunit-file" "/home/zac/franka_ws/build/franka_description/test_results/franka_description/lint_cmake.xunit.xml"</FullCommandLine>
			<Results>
				<NamedMeasurement type="numeric/double" name="Execution Time">
					<Value>0.196763</Value>
				</NamedMeasurement>
				<NamedMeasurement type="numeric/double" name="Processors">
					<Value>1</Value>
				</NamedMeasurement>
				<NamedMeasurement type="text/string" name="Completion Status">
					<Value>Completed</Value>
				</NamedMeasurement>
				<NamedMeasurement type="text/string" name="Command Line">
					<Value>/usr/bin/python3 "-u" "/opt/ros/humble/share/ament_cmake_test/cmake/run_test.py" "/home/zac/franka_ws/build/franka_description/test_results/franka_description/lint_cmake.xunit.xml" "--package-name" "franka_description" "--output-file" "/home/zac/franka_ws/build/franka_description/ament_lint_cmake/lint_cmake.txt" "--command" "/opt/ros/humble/bin/ament_lint_cmake" "--xunit-file" "/home/zac/franka_ws/build/franka_description/test_results/franka_description/lint_cmake.xunit.xml"</Value>
				</NamedMeasurement>
				<NamedMeasurement type="text/string" name="Environment">
					<Value>#CTEST_RESOURCE_GROUP_COUNT=</Value>
				</NamedMeasurement>
				<Measurement>
					<Value>-- run_test.py: invoking following command in '/home/zac/franka_ws/src/franka_description':
 - /opt/ros/humble/bin/ament_lint_cmake --xunit-file /home/zac/franka_ws/build/franka_description/test_results/franka_description/lint_cmake.xunit.xml

No problems found
-- run_test.py: return code 0
-- run_test.py: verify result file '/home/zac/franka_ws/build/franka_description/test_results/franka_description/lint_cmake.xunit.xml'
</Value>
				</Measurement>
			</Results>
			<Labels>
				<Label>lint_cmake</Label>
				<Label>linter</Label>
			</Labels>
		</Test>
		<Test Status="passed">
			<Name>pep257</Name>
			<Path>.</Path>
			<FullName>./pep257</FullName>
			<FullCommandLine>/usr/bin/python3 "-u" "/opt/ros/humble/share/ament_cmake_test/cmake/run_test.py" "/home/zac/franka_ws/build/franka_description/test_results/franka_description/pep257.xunit.xml" "--package-name" "franka_description" "--output-file" "/home/zac/franka_ws/build/franka_description/ament_pep257/pep257.txt" "--command" "/opt/ros/humble/bin/ament_pep257" "--xunit-file" "/home/zac/franka_ws/build/franka_description/test_results/franka_description/pep257.xunit.xml"</FullCommandLine>
			<Results>
				<NamedMeasurement type="numeric/double" name="Execution Time">
					<Value>0.310924</Value>
				</NamedMeasurement>
				<NamedMeasurement type="numeric/double" name="Processors">
					<Value>1</Value>
				</NamedMeasurement>
				<NamedMeasurement type="text/string" name="Completion Status">
					<Value>Completed</Value>
				</NamedMeasurement>
				<NamedMeasurement type="text/string" name="Command Line">
					<Value>/usr/bin/python3 "-u" "/opt/ros/humble/share/ament_cmake_test/cmake/run_test.py" "/home/zac/franka_ws/build/franka_description/test_results/franka_description/pep257.xunit.xml" "--package-name" "franka_description" "--output-file" "/home/zac/franka_ws/build/franka_description/ament_pep257/pep257.txt" "--command" "/opt/ros/humble/bin/ament_pep257" "--xunit-file" "/home/zac/franka_ws/build/franka_description/test_results/franka_description/pep257.xunit.xml"</Value>
				</NamedMeasurement>
				<NamedMeasurement type="text/string" name="Environment">
					<Value>#CTEST_RESOURCE_GROUP_COUNT=</Value>
				</NamedMeasurement>
				<Measurement>
					<Value>-- run_test.py: invoking following command in '/home/zac/franka_ws/src/franka_description':
 - /opt/ros/humble/bin/ament_pep257 --xunit-file /home/zac/franka_ws/build/franka_description/test_results/franka_description/pep257.xunit.xml
checking ./launch/visualize_franka.launch.py
checking ./scripts/create_urdf.py
checking ./test/urdf_tests.py
No problems found
-- run_test.py: return code 0
-- run_test.py: verify result file '/home/zac/franka_ws/build/franka_description/test_results/franka_description/pep257.xunit.xml'
</Value>
				</Measurement>
			</Results>
			<Labels>
				<Label>linter</Label>
				<Label>pep257</Label>
			</Labels>
		</Test>
		<Test Status="passed">
			<Name>xmllint</Name>
			<Path>.</Path>
			<FullName>./xmllint</FullName>
			<FullCommandLine>/usr/bin/python3 "-u" "/opt/ros/humble/share/ament_cmake_test/cmake/run_test.py" "/home/zac/franka_ws/build/franka_description/test_results/franka_description/xmllint.xunit.xml" "--package-name" "franka_description" "--output-file" "/home/zac/franka_ws/build/franka_description/ament_xmllint/xmllint.txt" "--command" "/opt/ros/humble/bin/ament_xmllint" "--xunit-file" "/home/zac/franka_ws/build/franka_description/test_results/franka_description/xmllint.xunit.xml"</FullCommandLine>
			<Results>
				<NamedMeasurement type="numeric/double" name="Execution Time">
					<Value>0.345431</Value>
				</NamedMeasurement>
				<NamedMeasurement type="numeric/double" name="Processors">
					<Value>1</Value>
				</NamedMeasurement>
				<NamedMeasurement type="text/string" name="Completion Status">
					<Value>Completed</Value>
				</NamedMeasurement>
				<NamedMeasurement type="text/string" name="Command Line">
					<Value>/usr/bin/python3 "-u" "/opt/ros/humble/share/ament_cmake_test/cmake/run_test.py" "/home/zac/franka_ws/build/franka_description/test_results/franka_description/xmllint.xunit.xml" "--package-name" "franka_description" "--output-file" "/home/zac/franka_ws/build/franka_description/ament_xmllint/xmllint.txt" "--command" "/opt/ros/humble/bin/ament_xmllint" "--xunit-file" "/home/zac/franka_ws/build/franka_description/test_results/franka_description/xmllint.xunit.xml"</Value>
				</NamedMeasurement>
				<NamedMeasurement type="text/string" name="Environment">
					<Value>#CTEST_RESOURCE_GROUP_COUNT=</Value>
				</NamedMeasurement>
				<Measurement>
					<Value>-- run_test.py: invoking following command in '/home/zac/franka_ws/src/franka_description':
 - /opt/ros/humble/bin/ament_xmllint --xunit-file /home/zac/franka_ws/build/franka_description/test_results/franka_description/xmllint.xunit.xml
File 'package.xml' is valid

No problems found
-- run_test.py: return code 0
-- run_test.py: verify result file '/home/zac/franka_ws/build/franka_description/test_results/franka_description/xmllint.xunit.xml'
</Value>
				</Measurement>
			</Results>
			<Labels>
				<Label>linter</Label>
				<Label>xmllint</Label>
			</Labels>
		</Test>
		<EndDateTime>Aug 15 02:54 PDT</EndDateTime>
		<EndTestTime>1723715656</EndTestTime>
		<ElapsedMinutes>0</ElapsedMinutes>
	</Testing>
</Site>
