Start testing: Aug 15 02:54 PDT
----------------------------------------------------------
1/5 Testing: copyright
1/5 Test: copyright
Command: "/usr/bin/python3" "-u" "/opt/ros/humble/share/ament_cmake_test/cmake/run_test.py" "/home/zac/franka_ws/build/integration_launch_testing/test_results/integration_launch_testing/copyright.xunit.xml" "--package-name" "integration_launch_testing" "--output-file" "/home/zac/franka_ws/build/integration_launch_testing/ament_copyright/copyright.txt" "--command" "/opt/ros/humble/bin/ament_copyright" "--xunit-file" "/home/zac/franka_ws/build/integration_launch_testing/test_results/integration_launch_testing/copyright.xunit.xml" "package.xml"
Directory: /home/zac/franka_ws/src/franka_ros2/integration_launch_testing
"copyright" start time: Aug 15 02:54 PDT
Output:
----------------------------------------------------------
-- run_test.py: invoking following command in '/home/zac/franka_ws/src/franka_ros2/integration_launch_testing':
 - /opt/ros/humble/bin/ament_copyright --xunit-file /home/zac/franka_ws/build/integration_launch_testing/test_results/integration_launch_testing/copyright.xunit.xml package.xml
No repository roots and files found
No problems found, checked 0 files
-- run_test.py: return code 0
-- run_test.py: verify result file '/home/zac/franka_ws/build/integration_launch_testing/test_results/integration_launch_testing/copyright.xunit.xml'
<end of output>
Test time =   0.24 sec
----------------------------------------------------------
Test Passed.
"copyright" end time: Aug 15 02:54 PDT
"copyright" time elapsed: 00:00:00
----------------------------------------------------------

2/5 Testing: lint_cmake
2/5 Test: lint_cmake
Command: "/usr/bin/python3" "-u" "/opt/ros/humble/share/ament_cmake_test/cmake/run_test.py" "/home/zac/franka_ws/build/integration_launch_testing/test_results/integration_launch_testing/lint_cmake.xunit.xml" "--package-name" "integration_launch_testing" "--output-file" "/home/zac/franka_ws/build/integration_launch_testing/ament_lint_cmake/lint_cmake.txt" "--command" "/opt/ros/humble/bin/ament_lint_cmake" "--xunit-file" "/home/zac/franka_ws/build/integration_launch_testing/test_results/integration_launch_testing/lint_cmake.xunit.xml" "CMakeLists.txt"
Directory: /home/zac/franka_ws/src/franka_ros2/integration_launch_testing
"lint_cmake" start time: Aug 15 02:54 PDT
Output:
----------------------------------------------------------
-- run_test.py: invoking following command in '/home/zac/franka_ws/src/franka_ros2/integration_launch_testing':
 - /opt/ros/humble/bin/ament_lint_cmake --xunit-file /home/zac/franka_ws/build/integration_launch_testing/test_results/integration_launch_testing/lint_cmake.xunit.xml CMakeLists.txt

No problems found
-- run_test.py: return code 0
-- run_test.py: verify result file '/home/zac/franka_ws/build/integration_launch_testing/test_results/integration_launch_testing/lint_cmake.xunit.xml'
<end of output>
Test time =   0.22 sec
----------------------------------------------------------
Test Passed.
"lint_cmake" end time: Aug 15 02:54 PDT
"lint_cmake" time elapsed: 00:00:00
----------------------------------------------------------

3/5 Testing: flake8
3/5 Test: flake8
Command: "/usr/bin/python3" "-u" "/opt/ros/humble/share/ament_cmake_test/cmake/run_test.py" "/home/zac/franka_ws/build/integration_launch_testing/test_results/integration_launch_testing/flake8.xunit.xml" "--package-name" "integration_launch_testing" "--output-file" "/home/zac/franka_ws/build/integration_launch_testing/ament_flake8/flake8.txt" "--command" "/opt/ros/humble/bin/ament_flake8" "--xunit-file" "/home/zac/franka_ws/build/integration_launch_testing/test_results/integration_launch_testing/flake8.xunit.xml"
Directory: /home/zac/franka_ws/src/franka_ros2/integration_launch_testing
"flake8" start time: Aug 15 02:54 PDT
Output:
----------------------------------------------------------
-- run_test.py: invoking following command in '/home/zac/franka_ws/src/franka_ros2/integration_launch_testing':
 - /opt/ros/humble/bin/ament_flake8 --xunit-file /home/zac/franka_ws/build/integration_launch_testing/test_results/integration_launch_testing/flake8.xunit.xml

2 files checked
No problems found

Checked files:

* ./test/test_franka_gripper_position.py
* ./test/test_move_to_start_example_controller.py
-- run_test.py: return code 0
-- run_test.py: verify result file '/home/zac/franka_ws/build/integration_launch_testing/test_results/integration_launch_testing/flake8.xunit.xml'
<end of output>
Test time =   0.34 sec
----------------------------------------------------------
Test Passed.
"flake8" end time: Aug 15 02:54 PDT
"flake8" time elapsed: 00:00:00
----------------------------------------------------------

4/5 Testing: pep257
4/5 Test: pep257
Command: "/usr/bin/python3" "-u" "/opt/ros/humble/share/ament_cmake_test/cmake/run_test.py" "/home/zac/franka_ws/build/integration_launch_testing/test_results/integration_launch_testing/pep257.xunit.xml" "--package-name" "integration_launch_testing" "--output-file" "/home/zac/franka_ws/build/integration_launch_testing/ament_pep257/pep257.txt" "--command" "/opt/ros/humble/bin/ament_pep257" "--xunit-file" "/home/zac/franka_ws/build/integration_launch_testing/test_results/integration_launch_testing/pep257.xunit.xml"
Directory: /home/zac/franka_ws/src/franka_ros2/integration_launch_testing
"pep257" start time: Aug 15 02:54 PDT
Output:
----------------------------------------------------------
-- run_test.py: invoking following command in '/home/zac/franka_ws/src/franka_ros2/integration_launch_testing':
 - /opt/ros/humble/bin/ament_pep257 --xunit-file /home/zac/franka_ws/build/integration_launch_testing/test_results/integration_launch_testing/pep257.xunit.xml
checking ./test/test_franka_gripper_position.py
checking ./test/test_move_to_start_example_controller.py
No problems found
-- run_test.py: return code 0
-- run_test.py: verify result file '/home/zac/franka_ws/build/integration_launch_testing/test_results/integration_launch_testing/pep257.xunit.xml'
<end of output>
Test time =   0.30 sec
----------------------------------------------------------
Test Passed.
"pep257" end time: Aug 15 02:54 PDT
"pep257" time elapsed: 00:00:00
----------------------------------------------------------

5/5 Testing: xmllint
5/5 Test: xmllint
Command: "/usr/bin/python3" "-u" "/opt/ros/humble/share/ament_cmake_test/cmake/run_test.py" "/home/zac/franka_ws/build/integration_launch_testing/test_results/integration_launch_testing/xmllint.xunit.xml" "--package-name" "integration_launch_testing" "--output-file" "/home/zac/franka_ws/build/integration_launch_testing/ament_xmllint/xmllint.txt" "--command" "/opt/ros/humble/bin/ament_xmllint" "--xunit-file" "/home/zac/franka_ws/build/integration_launch_testing/test_results/integration_launch_testing/xmllint.xunit.xml"
Directory: /home/zac/franka_ws/src/franka_ros2/integration_launch_testing
"xmllint" start time: Aug 15 02:54 PDT
Output:
----------------------------------------------------------
-- run_test.py: invoking following command in '/home/zac/franka_ws/src/franka_ros2/integration_launch_testing':
 - /opt/ros/humble/bin/ament_xmllint --xunit-file /home/zac/franka_ws/build/integration_launch_testing/test_results/integration_launch_testing/xmllint.xunit.xml
File 'package.xml' is valid

No problems found
-- run_test.py: return code 0
-- run_test.py: verify result file '/home/zac/franka_ws/build/integration_launch_testing/test_results/integration_launch_testing/xmllint.xunit.xml'
<end of output>
Test time =   0.35 sec
----------------------------------------------------------
Test Passed.
"xmllint" end time: Aug 15 02:54 PDT
"xmllint" time elapsed: 00:00:00
----------------------------------------------------------

End testing: Aug 15 02:54 PDT

copyright =   0.24 sec*proc

flake8 =   0.34 sec*proc

lint_cmake =   0.22 sec*proc

linter =   1.44 sec*proc

pep257 =   0.30 sec*proc

xmllint =   0.35 sec*proc

